[2023-07-26T23:58:55.238-0300] {processor.py:157} INFO - Started process (PID=9652) to work on /home/gabi/Documentos/Gabi/Indicium/code-challenge-indicium/ind_env/lib/python3.10/site-packages/airflow/example_dags/plugins/event_listener.py
[2023-07-26T23:58:55.239-0300] {processor.py:826} INFO - Processing file /home/gabi/Documentos/Gabi/Indicium/code-challenge-indicium/ind_env/lib/python3.10/site-packages/airflow/example_dags/plugins/event_listener.py for tasks to queue
[2023-07-26T23:58:55.240-0300] {logging_mixin.py:150} INFO - [2023-07-26T23:58:55.240-0300] {dagbag.py:541} INFO - Filling up the DagBag from /home/gabi/Documentos/Gabi/Indicium/code-challenge-indicium/ind_env/lib/python3.10/site-packages/airflow/example_dags/plugins/event_listener.py
[2023-07-26T23:58:55.244-0300] {processor.py:838} WARNING - No viable dags retrieved from /home/gabi/Documentos/Gabi/Indicium/code-challenge-indicium/ind_env/lib/python3.10/site-packages/airflow/example_dags/plugins/event_listener.py
[2023-07-26T23:58:55.260-0300] {processor.py:179} INFO - Processing /home/gabi/Documentos/Gabi/Indicium/code-challenge-indicium/ind_env/lib/python3.10/site-packages/airflow/example_dags/plugins/event_listener.py took 0.028 seconds
[2023-07-26T23:59:49.889-0300] {processor.py:157} INFO - Started process (PID=10020) to work on /home/gabi/Documentos/Gabi/Indicium/code-challenge-indicium/ind_env/lib/python3.10/site-packages/airflow/example_dags/plugins/event_listener.py
[2023-07-26T23:59:49.891-0300] {processor.py:826} INFO - Processing file /home/gabi/Documentos/Gabi/Indicium/code-challenge-indicium/ind_env/lib/python3.10/site-packages/airflow/example_dags/plugins/event_listener.py for tasks to queue
[2023-07-26T23:59:49.892-0300] {logging_mixin.py:150} INFO - [2023-07-26T23:59:49.891-0300] {dagbag.py:541} INFO - Filling up the DagBag from /home/gabi/Documentos/Gabi/Indicium/code-challenge-indicium/ind_env/lib/python3.10/site-packages/airflow/example_dags/plugins/event_listener.py
[2023-07-26T23:59:49.895-0300] {processor.py:838} WARNING - No viable dags retrieved from /home/gabi/Documentos/Gabi/Indicium/code-challenge-indicium/ind_env/lib/python3.10/site-packages/airflow/example_dags/plugins/event_listener.py
[2023-07-26T23:59:49.908-0300] {processor.py:179} INFO - Processing /home/gabi/Documentos/Gabi/Indicium/code-challenge-indicium/ind_env/lib/python3.10/site-packages/airflow/example_dags/plugins/event_listener.py took 0.024 seconds
[2023-07-27T00:00:36.548-0300] {processor.py:157} INFO - Started process (PID=10315) to work on /home/gabi/Documentos/Gabi/Indicium/code-challenge-indicium/ind_env/lib/python3.10/site-packages/airflow/example_dags/plugins/event_listener.py
[2023-07-27T00:00:36.551-0300] {processor.py:826} INFO - Processing file /home/gabi/Documentos/Gabi/Indicium/code-challenge-indicium/ind_env/lib/python3.10/site-packages/airflow/example_dags/plugins/event_listener.py for tasks to queue
[2023-07-27T00:00:36.552-0300] {logging_mixin.py:150} INFO - [2023-07-27T00:00:36.551-0300] {dagbag.py:541} INFO - Filling up the DagBag from /home/gabi/Documentos/Gabi/Indicium/code-challenge-indicium/ind_env/lib/python3.10/site-packages/airflow/example_dags/plugins/event_listener.py
[2023-07-27T00:00:36.555-0300] {processor.py:838} WARNING - No viable dags retrieved from /home/gabi/Documentos/Gabi/Indicium/code-challenge-indicium/ind_env/lib/python3.10/site-packages/airflow/example_dags/plugins/event_listener.py
[2023-07-27T00:00:36.570-0300] {processor.py:179} INFO - Processing /home/gabi/Documentos/Gabi/Indicium/code-challenge-indicium/ind_env/lib/python3.10/site-packages/airflow/example_dags/plugins/event_listener.py took 0.026 seconds
[2023-07-27T00:01:22.177-0300] {processor.py:157} INFO - Started process (PID=10462) to work on /home/gabi/Documentos/Gabi/Indicium/code-challenge-indicium/ind_env/lib/python3.10/site-packages/airflow/example_dags/plugins/event_listener.py
[2023-07-27T00:01:22.179-0300] {processor.py:826} INFO - Processing file /home/gabi/Documentos/Gabi/Indicium/code-challenge-indicium/ind_env/lib/python3.10/site-packages/airflow/example_dags/plugins/event_listener.py for tasks to queue
[2023-07-27T00:01:22.180-0300] {logging_mixin.py:150} INFO - [2023-07-27T00:01:22.180-0300] {dagbag.py:541} INFO - Filling up the DagBag from /home/gabi/Documentos/Gabi/Indicium/code-challenge-indicium/ind_env/lib/python3.10/site-packages/airflow/example_dags/plugins/event_listener.py
[2023-07-27T00:01:22.183-0300] {processor.py:838} WARNING - No viable dags retrieved from /home/gabi/Documentos/Gabi/Indicium/code-challenge-indicium/ind_env/lib/python3.10/site-packages/airflow/example_dags/plugins/event_listener.py
[2023-07-27T00:01:22.196-0300] {processor.py:179} INFO - Processing /home/gabi/Documentos/Gabi/Indicium/code-challenge-indicium/ind_env/lib/python3.10/site-packages/airflow/example_dags/plugins/event_listener.py took 0.024 seconds
[2023-07-27T00:02:05.800-0300] {processor.py:157} INFO - Started process (PID=10589) to work on /home/gabi/Documentos/Gabi/Indicium/code-challenge-indicium/ind_env/lib/python3.10/site-packages/airflow/example_dags/plugins/event_listener.py
[2023-07-27T00:02:05.801-0300] {processor.py:826} INFO - Processing file /home/gabi/Documentos/Gabi/Indicium/code-challenge-indicium/ind_env/lib/python3.10/site-packages/airflow/example_dags/plugins/event_listener.py for tasks to queue
[2023-07-27T00:02:05.802-0300] {logging_mixin.py:150} INFO - [2023-07-27T00:02:05.802-0300] {dagbag.py:541} INFO - Filling up the DagBag from /home/gabi/Documentos/Gabi/Indicium/code-challenge-indicium/ind_env/lib/python3.10/site-packages/airflow/example_dags/plugins/event_listener.py
[2023-07-27T00:02:05.805-0300] {processor.py:838} WARNING - No viable dags retrieved from /home/gabi/Documentos/Gabi/Indicium/code-challenge-indicium/ind_env/lib/python3.10/site-packages/airflow/example_dags/plugins/event_listener.py
[2023-07-27T00:02:05.819-0300] {processor.py:179} INFO - Processing /home/gabi/Documentos/Gabi/Indicium/code-challenge-indicium/ind_env/lib/python3.10/site-packages/airflow/example_dags/plugins/event_listener.py took 0.023 seconds
[2023-07-27T00:02:50.376-0300] {processor.py:157} INFO - Started process (PID=10711) to work on /home/gabi/Documentos/Gabi/Indicium/code-challenge-indicium/ind_env/lib/python3.10/site-packages/airflow/example_dags/plugins/event_listener.py
[2023-07-27T00:02:50.381-0300] {processor.py:826} INFO - Processing file /home/gabi/Documentos/Gabi/Indicium/code-challenge-indicium/ind_env/lib/python3.10/site-packages/airflow/example_dags/plugins/event_listener.py for tasks to queue
[2023-07-27T00:02:50.382-0300] {logging_mixin.py:150} INFO - [2023-07-27T00:02:50.382-0300] {dagbag.py:541} INFO - Filling up the DagBag from /home/gabi/Documentos/Gabi/Indicium/code-challenge-indicium/ind_env/lib/python3.10/site-packages/airflow/example_dags/plugins/event_listener.py
[2023-07-27T00:02:50.385-0300] {processor.py:838} WARNING - No viable dags retrieved from /home/gabi/Documentos/Gabi/Indicium/code-challenge-indicium/ind_env/lib/python3.10/site-packages/airflow/example_dags/plugins/event_listener.py
[2023-07-27T00:02:50.399-0300] {processor.py:179} INFO - Processing /home/gabi/Documentos/Gabi/Indicium/code-challenge-indicium/ind_env/lib/python3.10/site-packages/airflow/example_dags/plugins/event_listener.py took 0.027 seconds
[2023-07-27T00:03:40.193-0300] {processor.py:157} INFO - Started process (PID=10864) to work on /home/gabi/Documentos/Gabi/Indicium/code-challenge-indicium/ind_env/lib/python3.10/site-packages/airflow/example_dags/plugins/event_listener.py
[2023-07-27T00:03:40.195-0300] {processor.py:826} INFO - Processing file /home/gabi/Documentos/Gabi/Indicium/code-challenge-indicium/ind_env/lib/python3.10/site-packages/airflow/example_dags/plugins/event_listener.py for tasks to queue
[2023-07-27T00:03:40.196-0300] {logging_mixin.py:150} INFO - [2023-07-27T00:03:40.196-0300] {dagbag.py:541} INFO - Filling up the DagBag from /home/gabi/Documentos/Gabi/Indicium/code-challenge-indicium/ind_env/lib/python3.10/site-packages/airflow/example_dags/plugins/event_listener.py
[2023-07-27T00:03:40.199-0300] {processor.py:838} WARNING - No viable dags retrieved from /home/gabi/Documentos/Gabi/Indicium/code-challenge-indicium/ind_env/lib/python3.10/site-packages/airflow/example_dags/plugins/event_listener.py
[2023-07-27T00:03:40.212-0300] {processor.py:179} INFO - Processing /home/gabi/Documentos/Gabi/Indicium/code-challenge-indicium/ind_env/lib/python3.10/site-packages/airflow/example_dags/plugins/event_listener.py took 0.024 seconds
[2023-07-27T20:29:59.188-0300] {processor.py:157} INFO - Started process (PID=13383) to work on /home/gabi/Documentos/Gabi/Indicium/code-challenge-indicium/ind_env/lib/python3.10/site-packages/airflow/example_dags/plugins/event_listener.py
[2023-07-27T20:29:59.191-0300] {processor.py:826} INFO - Processing file /home/gabi/Documentos/Gabi/Indicium/code-challenge-indicium/ind_env/lib/python3.10/site-packages/airflow/example_dags/plugins/event_listener.py for tasks to queue
[2023-07-27T20:29:59.192-0300] {logging_mixin.py:150} INFO - [2023-07-27T20:29:59.192-0300] {dagbag.py:541} INFO - Filling up the DagBag from /home/gabi/Documentos/Gabi/Indicium/code-challenge-indicium/ind_env/lib/python3.10/site-packages/airflow/example_dags/plugins/event_listener.py
[2023-07-27T20:29:59.198-0300] {processor.py:838} WARNING - No viable dags retrieved from /home/gabi/Documentos/Gabi/Indicium/code-challenge-indicium/ind_env/lib/python3.10/site-packages/airflow/example_dags/plugins/event_listener.py
[2023-07-27T20:29:59.217-0300] {processor.py:179} INFO - Processing /home/gabi/Documentos/Gabi/Indicium/code-challenge-indicium/ind_env/lib/python3.10/site-packages/airflow/example_dags/plugins/event_listener.py took 0.035 seconds
