[2023-07-26T23:58:56.412-0300] {processor.py:157} INFO - Started process (PID=9739) to work on /home/gabi/Documentos/Gabi/Indicium/code-challenge-indicium/ind_env/lib/python3.10/site-packages/airflow/example_dags/plugins/workday.py
[2023-07-26T23:58:56.417-0300] {processor.py:826} INFO - Processing file /home/gabi/Documentos/Gabi/Indicium/code-challenge-indicium/ind_env/lib/python3.10/site-packages/airflow/example_dags/plugins/workday.py for tasks to queue
[2023-07-26T23:58:56.419-0300] {logging_mixin.py:150} INFO - [2023-07-26T23:58:56.418-0300] {dagbag.py:541} INFO - Filling up the DagBag from /home/gabi/Documentos/Gabi/Indicium/code-challenge-indicium/ind_env/lib/python3.10/site-packages/airflow/example_dags/plugins/workday.py
[2023-07-26T23:58:57.244-0300] {processor.py:838} WARNING - No viable dags retrieved from /home/gabi/Documentos/Gabi/Indicium/code-challenge-indicium/ind_env/lib/python3.10/site-packages/airflow/example_dags/plugins/workday.py
[2023-07-26T23:58:57.256-0300] {processor.py:179} INFO - Processing /home/gabi/Documentos/Gabi/Indicium/code-challenge-indicium/ind_env/lib/python3.10/site-packages/airflow/example_dags/plugins/workday.py took 0.849 seconds
[2023-07-26T23:59:51.089-0300] {processor.py:157} INFO - Started process (PID=10021) to work on /home/gabi/Documentos/Gabi/Indicium/code-challenge-indicium/ind_env/lib/python3.10/site-packages/airflow/example_dags/plugins/workday.py
[2023-07-26T23:59:51.092-0300] {processor.py:826} INFO - Processing file /home/gabi/Documentos/Gabi/Indicium/code-challenge-indicium/ind_env/lib/python3.10/site-packages/airflow/example_dags/plugins/workday.py for tasks to queue
[2023-07-26T23:59:51.093-0300] {logging_mixin.py:150} INFO - [2023-07-26T23:59:51.093-0300] {dagbag.py:541} INFO - Filling up the DagBag from /home/gabi/Documentos/Gabi/Indicium/code-challenge-indicium/ind_env/lib/python3.10/site-packages/airflow/example_dags/plugins/workday.py
[2023-07-26T23:59:51.441-0300] {processor.py:838} WARNING - No viable dags retrieved from /home/gabi/Documentos/Gabi/Indicium/code-challenge-indicium/ind_env/lib/python3.10/site-packages/airflow/example_dags/plugins/workday.py
[2023-07-26T23:59:51.452-0300] {processor.py:179} INFO - Processing /home/gabi/Documentos/Gabi/Indicium/code-challenge-indicium/ind_env/lib/python3.10/site-packages/airflow/example_dags/plugins/workday.py took 0.367 seconds
[2023-07-27T00:00:37.743-0300] {processor.py:157} INFO - Started process (PID=10317) to work on /home/gabi/Documentos/Gabi/Indicium/code-challenge-indicium/ind_env/lib/python3.10/site-packages/airflow/example_dags/plugins/workday.py
[2023-07-27T00:00:37.744-0300] {processor.py:826} INFO - Processing file /home/gabi/Documentos/Gabi/Indicium/code-challenge-indicium/ind_env/lib/python3.10/site-packages/airflow/example_dags/plugins/workday.py for tasks to queue
[2023-07-27T00:00:37.746-0300] {logging_mixin.py:150} INFO - [2023-07-27T00:00:37.745-0300] {dagbag.py:541} INFO - Filling up the DagBag from /home/gabi/Documentos/Gabi/Indicium/code-challenge-indicium/ind_env/lib/python3.10/site-packages/airflow/example_dags/plugins/workday.py
[2023-07-27T00:00:38.123-0300] {processor.py:838} WARNING - No viable dags retrieved from /home/gabi/Documentos/Gabi/Indicium/code-challenge-indicium/ind_env/lib/python3.10/site-packages/airflow/example_dags/plugins/workday.py
[2023-07-27T00:00:38.143-0300] {processor.py:179} INFO - Processing /home/gabi/Documentos/Gabi/Indicium/code-challenge-indicium/ind_env/lib/python3.10/site-packages/airflow/example_dags/plugins/workday.py took 0.404 seconds
[2023-07-27T00:01:23.364-0300] {processor.py:157} INFO - Started process (PID=10463) to work on /home/gabi/Documentos/Gabi/Indicium/code-challenge-indicium/ind_env/lib/python3.10/site-packages/airflow/example_dags/plugins/workday.py
[2023-07-27T00:01:23.367-0300] {processor.py:826} INFO - Processing file /home/gabi/Documentos/Gabi/Indicium/code-challenge-indicium/ind_env/lib/python3.10/site-packages/airflow/example_dags/plugins/workday.py for tasks to queue
[2023-07-27T00:01:23.368-0300] {logging_mixin.py:150} INFO - [2023-07-27T00:01:23.368-0300] {dagbag.py:541} INFO - Filling up the DagBag from /home/gabi/Documentos/Gabi/Indicium/code-challenge-indicium/ind_env/lib/python3.10/site-packages/airflow/example_dags/plugins/workday.py
[2023-07-27T00:01:23.756-0300] {processor.py:838} WARNING - No viable dags retrieved from /home/gabi/Documentos/Gabi/Indicium/code-challenge-indicium/ind_env/lib/python3.10/site-packages/airflow/example_dags/plugins/workday.py
[2023-07-27T00:01:23.767-0300] {processor.py:179} INFO - Processing /home/gabi/Documentos/Gabi/Indicium/code-challenge-indicium/ind_env/lib/python3.10/site-packages/airflow/example_dags/plugins/workday.py took 0.407 seconds
[2023-07-27T00:02:06.997-0300] {processor.py:157} INFO - Started process (PID=10590) to work on /home/gabi/Documentos/Gabi/Indicium/code-challenge-indicium/ind_env/lib/python3.10/site-packages/airflow/example_dags/plugins/workday.py
[2023-07-27T00:02:06.999-0300] {processor.py:826} INFO - Processing file /home/gabi/Documentos/Gabi/Indicium/code-challenge-indicium/ind_env/lib/python3.10/site-packages/airflow/example_dags/plugins/workday.py for tasks to queue
[2023-07-27T00:02:07.000-0300] {logging_mixin.py:150} INFO - [2023-07-27T00:02:07.000-0300] {dagbag.py:541} INFO - Filling up the DagBag from /home/gabi/Documentos/Gabi/Indicium/code-challenge-indicium/ind_env/lib/python3.10/site-packages/airflow/example_dags/plugins/workday.py
[2023-07-27T00:02:07.389-0300] {processor.py:838} WARNING - No viable dags retrieved from /home/gabi/Documentos/Gabi/Indicium/code-challenge-indicium/ind_env/lib/python3.10/site-packages/airflow/example_dags/plugins/workday.py
[2023-07-27T00:02:07.403-0300] {processor.py:179} INFO - Processing /home/gabi/Documentos/Gabi/Indicium/code-challenge-indicium/ind_env/lib/python3.10/site-packages/airflow/example_dags/plugins/workday.py took 0.410 seconds
[2023-07-27T00:02:51.568-0300] {processor.py:157} INFO - Started process (PID=10712) to work on /home/gabi/Documentos/Gabi/Indicium/code-challenge-indicium/ind_env/lib/python3.10/site-packages/airflow/example_dags/plugins/workday.py
[2023-07-27T00:02:51.571-0300] {processor.py:826} INFO - Processing file /home/gabi/Documentos/Gabi/Indicium/code-challenge-indicium/ind_env/lib/python3.10/site-packages/airflow/example_dags/plugins/workday.py for tasks to queue
[2023-07-27T00:02:51.572-0300] {logging_mixin.py:150} INFO - [2023-07-27T00:02:51.572-0300] {dagbag.py:541} INFO - Filling up the DagBag from /home/gabi/Documentos/Gabi/Indicium/code-challenge-indicium/ind_env/lib/python3.10/site-packages/airflow/example_dags/plugins/workday.py
[2023-07-27T00:02:52.012-0300] {processor.py:838} WARNING - No viable dags retrieved from /home/gabi/Documentos/Gabi/Indicium/code-challenge-indicium/ind_env/lib/python3.10/site-packages/airflow/example_dags/plugins/workday.py
[2023-07-27T00:02:52.024-0300] {processor.py:179} INFO - Processing /home/gabi/Documentos/Gabi/Indicium/code-challenge-indicium/ind_env/lib/python3.10/site-packages/airflow/example_dags/plugins/workday.py took 0.460 seconds
[2023-07-27T00:03:41.387-0300] {processor.py:157} INFO - Started process (PID=10865) to work on /home/gabi/Documentos/Gabi/Indicium/code-challenge-indicium/ind_env/lib/python3.10/site-packages/airflow/example_dags/plugins/workday.py
[2023-07-27T00:03:41.393-0300] {processor.py:826} INFO - Processing file /home/gabi/Documentos/Gabi/Indicium/code-challenge-indicium/ind_env/lib/python3.10/site-packages/airflow/example_dags/plugins/workday.py for tasks to queue
[2023-07-27T00:03:41.394-0300] {logging_mixin.py:150} INFO - [2023-07-27T00:03:41.393-0300] {dagbag.py:541} INFO - Filling up the DagBag from /home/gabi/Documentos/Gabi/Indicium/code-challenge-indicium/ind_env/lib/python3.10/site-packages/airflow/example_dags/plugins/workday.py
[2023-07-27T00:03:41.773-0300] {processor.py:838} WARNING - No viable dags retrieved from /home/gabi/Documentos/Gabi/Indicium/code-challenge-indicium/ind_env/lib/python3.10/site-packages/airflow/example_dags/plugins/workday.py
[2023-07-27T00:03:41.786-0300] {processor.py:179} INFO - Processing /home/gabi/Documentos/Gabi/Indicium/code-challenge-indicium/ind_env/lib/python3.10/site-packages/airflow/example_dags/plugins/workday.py took 0.402 seconds
