[2023-07-25T23:46:43.178-0300] {taskinstance.py:1103} INFO - Dependencies all met for dep_context=non-requeueable deps ti=<TaskInstance: LH_ED_GABRIELLEMUNIZ.extract_write_local scheduled__2023-07-25T13:45:00+00:00 [queued]>
[2023-07-25T23:46:43.185-0300] {taskinstance.py:1103} INFO - Dependencies all met for dep_context=requeueable deps ti=<TaskInstance: LH_ED_GABRIELLEMUNIZ.extract_write_local scheduled__2023-07-25T13:45:00+00:00 [queued]>
[2023-07-25T23:46:43.185-0300] {taskinstance.py:1308} INFO - Starting attempt 86 of 89
[2023-07-25T23:46:43.215-0300] {taskinstance.py:1327} INFO - Executing <Task(PythonOperator): extract_write_local> on 2023-07-25 13:45:00+00:00
[2023-07-25T23:46:43.220-0300] {standard_task_runner.py:57} INFO - Started process 199672 to run task
[2023-07-25T23:46:43.223-0300] {standard_task_runner.py:84} INFO - Running: ['airflow', 'tasks', 'run', 'LH_ED_GABRIELLEMUNIZ', 'extract_write_local', 'scheduled__2023-07-25T13:45:00+00:00', '--job-id', '343', '--raw', '--subdir', 'DAGS_FOLDER/LH_ED_GABRIELLEMUNIZ.py', '--cfg-path', '/tmp/tmpygexqecu']
[2023-07-25T23:46:43.224-0300] {standard_task_runner.py:85} INFO - Job 343: Subtask extract_write_local
[2023-07-25T23:46:43.291-0300] {task_command.py:410} INFO - Running <TaskInstance: LH_ED_GABRIELLEMUNIZ.extract_write_local scheduled__2023-07-25T13:45:00+00:00 [running]> on host ubuntu
[2023-07-25T23:46:43.397-0300] {taskinstance.py:1545} INFO - Exporting env vars: AIRFLOW_CTX_DAG_OWNER='gabi' AIRFLOW_CTX_DAG_ID='LH_ED_GABRIELLEMUNIZ' AIRFLOW_CTX_TASK_ID='extract_write_local' AIRFLOW_CTX_EXECUTION_DATE='2023-07-25T13:45:00+00:00' AIRFLOW_CTX_TRY_NUMBER='86' AIRFLOW_CTX_DAG_RUN_ID='scheduled__2023-07-25T13:45:00+00:00'
[2023-07-25T23:46:43.400-0300] {taskinstance.py:1824} ERROR - Task failed with exception
Traceback (most recent call last):
  File "/home/gabi/Documentos/Gabi/Indicium/code-challenge-indicium/ind_env/lib/python3.10/site-packages/airflow/operators/python.py", line 181, in execute
    return_value = self.execute_callable()
  File "/home/gabi/Documentos/Gabi/Indicium/code-challenge-indicium/ind_env/lib/python3.10/site-packages/airflow/operators/python.py", line 198, in execute_callable
    return self.python_callable(*self.op_args, **self.op_kwargs)
  File "/home/gabi/Documentos/Gabi/Indicium/code-challenge-indicium/dags/LH_ED_GABRIELLEMUNIZ.py", line 70, in extract_write_local
    extract_write_postgres(date)
  File "/home/gabi/Documentos/Gabi/Indicium/code-challenge-indicium/dags/LH_ED_GABRIELLEMUNIZ.py", line 41, in extract_write_postgres
    con = psycopg2.connect(
  File "/home/gabi/Documentos/Gabi/Indicium/code-challenge-indicium/ind_env/lib/python3.10/site-packages/psycopg2/__init__.py", line 122, in connect
    conn = _connect(dsn, connection_factory=connection_factory, **kwasync)
psycopg2.OperationalError: connection to server at "localhost" (127.0.0.1), port 5432 failed: Connection refused
	Is the server running on that host and accepting TCP/IP connections?

[2023-07-25T23:46:43.406-0300] {taskinstance.py:1345} INFO - Marking task as UP_FOR_RETRY. dag_id=LH_ED_GABRIELLEMUNIZ, task_id=extract_write_local, execution_date=20230725T134500, start_date=20230726T024643, end_date=20230726T024643
[2023-07-25T23:46:43.433-0300] {standard_task_runner.py:104} ERROR - Failed to execute job 343 for task extract_write_local (connection to server at "localhost" (127.0.0.1), port 5432 failed: Connection refused
	Is the server running on that host and accepting TCP/IP connections?
; 199672)
[2023-07-25T23:46:43.475-0300] {local_task_job_runner.py:225} INFO - Task exited with return code 1
[2023-07-25T23:46:43.532-0300] {taskinstance.py:2653} INFO - 0 downstream tasks scheduled from follow-on schedule check
