[2023-07-26T23:59:30.972-0300] {processor.py:157} INFO - Started process (PID=9960) to work on /home/gabi/Documentos/Gabi/Indicium/code-challenge-indicium/ind_env/lib/python3.10/site-packages/airflow/example_dags/example_dag_decorator.py
[2023-07-26T23:59:30.974-0300] {processor.py:826} INFO - Processing file /home/gabi/Documentos/Gabi/Indicium/code-challenge-indicium/ind_env/lib/python3.10/site-packages/airflow/example_dags/example_dag_decorator.py for tasks to queue
[2023-07-26T23:59:30.975-0300] {logging_mixin.py:150} INFO - [2023-07-26T23:59:30.974-0300] {dagbag.py:541} INFO - Filling up the DagBag from /home/gabi/Documentos/Gabi/Indicium/code-challenge-indicium/ind_env/lib/python3.10/site-packages/airflow/example_dags/example_dag_decorator.py
[2023-07-26T23:59:30.992-0300] {processor.py:836} INFO - DAG(s) dict_keys(['example_dag_decorator']) retrieved from /home/gabi/Documentos/Gabi/Indicium/code-challenge-indicium/ind_env/lib/python3.10/site-packages/airflow/example_dags/example_dag_decorator.py
[2023-07-26T23:59:31.116-0300] {logging_mixin.py:150} INFO - [2023-07-26T23:59:31.116-0300] {dag.py:2742} INFO - Sync 1 DAGs
[2023-07-26T23:59:31.137-0300] {logging_mixin.py:150} INFO - [2023-07-26T23:59:31.137-0300] {dag.py:3504} INFO - Setting next_dagrun for example_dag_decorator to None, run_after=None
[2023-07-26T23:59:31.162-0300] {processor.py:179} INFO - Processing /home/gabi/Documentos/Gabi/Indicium/code-challenge-indicium/ind_env/lib/python3.10/site-packages/airflow/example_dags/example_dag_decorator.py took 0.194 seconds
[2023-07-27T00:00:23.821-0300] {processor.py:157} INFO - Started process (PID=10270) to work on /home/gabi/Documentos/Gabi/Indicium/code-challenge-indicium/ind_env/lib/python3.10/site-packages/airflow/example_dags/example_dag_decorator.py
[2023-07-27T00:00:23.823-0300] {processor.py:826} INFO - Processing file /home/gabi/Documentos/Gabi/Indicium/code-challenge-indicium/ind_env/lib/python3.10/site-packages/airflow/example_dags/example_dag_decorator.py for tasks to queue
[2023-07-27T00:00:23.824-0300] {logging_mixin.py:150} INFO - [2023-07-27T00:00:23.824-0300] {dagbag.py:541} INFO - Filling up the DagBag from /home/gabi/Documentos/Gabi/Indicium/code-challenge-indicium/ind_env/lib/python3.10/site-packages/airflow/example_dags/example_dag_decorator.py
[2023-07-27T00:00:23.840-0300] {processor.py:836} INFO - DAG(s) dict_keys(['example_dag_decorator']) retrieved from /home/gabi/Documentos/Gabi/Indicium/code-challenge-indicium/ind_env/lib/python3.10/site-packages/airflow/example_dags/example_dag_decorator.py
[2023-07-27T00:00:23.964-0300] {logging_mixin.py:150} INFO - [2023-07-27T00:00:23.964-0300] {dag.py:2742} INFO - Sync 1 DAGs
[2023-07-27T00:00:23.988-0300] {logging_mixin.py:150} INFO - [2023-07-27T00:00:23.988-0300] {dag.py:3504} INFO - Setting next_dagrun for example_dag_decorator to None, run_after=None
[2023-07-27T00:00:24.015-0300] {processor.py:179} INFO - Processing /home/gabi/Documentos/Gabi/Indicium/code-challenge-indicium/ind_env/lib/python3.10/site-packages/airflow/example_dags/example_dag_decorator.py took 0.199 seconds
[2023-07-27T00:01:31.388-0300] {processor.py:157} INFO - Started process (PID=10490) to work on /home/gabi/Documentos/Gabi/Indicium/code-challenge-indicium/ind_env/lib/python3.10/site-packages/airflow/example_dags/example_dag_decorator.py
[2023-07-27T00:01:31.393-0300] {processor.py:826} INFO - Processing file /home/gabi/Documentos/Gabi/Indicium/code-challenge-indicium/ind_env/lib/python3.10/site-packages/airflow/example_dags/example_dag_decorator.py for tasks to queue
[2023-07-27T00:01:31.394-0300] {logging_mixin.py:150} INFO - [2023-07-27T00:01:31.394-0300] {dagbag.py:541} INFO - Filling up the DagBag from /home/gabi/Documentos/Gabi/Indicium/code-challenge-indicium/ind_env/lib/python3.10/site-packages/airflow/example_dags/example_dag_decorator.py
[2023-07-27T00:01:31.410-0300] {processor.py:836} INFO - DAG(s) dict_keys(['example_dag_decorator']) retrieved from /home/gabi/Documentos/Gabi/Indicium/code-challenge-indicium/ind_env/lib/python3.10/site-packages/airflow/example_dags/example_dag_decorator.py
[2023-07-27T00:01:31.528-0300] {logging_mixin.py:150} INFO - [2023-07-27T00:01:31.528-0300] {dag.py:2742} INFO - Sync 1 DAGs
[2023-07-27T00:01:31.548-0300] {logging_mixin.py:150} INFO - [2023-07-27T00:01:31.548-0300] {dag.py:3504} INFO - Setting next_dagrun for example_dag_decorator to None, run_after=None
[2023-07-27T00:01:31.575-0300] {processor.py:179} INFO - Processing /home/gabi/Documentos/Gabi/Indicium/code-challenge-indicium/ind_env/lib/python3.10/site-packages/airflow/example_dags/example_dag_decorator.py took 0.191 seconds
[2023-07-27T00:02:37.405-0300] {processor.py:157} INFO - Started process (PID=10674) to work on /home/gabi/Documentos/Gabi/Indicium/code-challenge-indicium/ind_env/lib/python3.10/site-packages/airflow/example_dags/example_dag_decorator.py
[2023-07-27T00:02:37.410-0300] {processor.py:826} INFO - Processing file /home/gabi/Documentos/Gabi/Indicium/code-challenge-indicium/ind_env/lib/python3.10/site-packages/airflow/example_dags/example_dag_decorator.py for tasks to queue
[2023-07-27T00:02:37.411-0300] {logging_mixin.py:150} INFO - [2023-07-27T00:02:37.410-0300] {dagbag.py:541} INFO - Filling up the DagBag from /home/gabi/Documentos/Gabi/Indicium/code-challenge-indicium/ind_env/lib/python3.10/site-packages/airflow/example_dags/example_dag_decorator.py
[2023-07-27T00:02:37.428-0300] {processor.py:836} INFO - DAG(s) dict_keys(['example_dag_decorator']) retrieved from /home/gabi/Documentos/Gabi/Indicium/code-challenge-indicium/ind_env/lib/python3.10/site-packages/airflow/example_dags/example_dag_decorator.py
[2023-07-27T00:02:37.560-0300] {logging_mixin.py:150} INFO - [2023-07-27T00:02:37.560-0300] {dag.py:2742} INFO - Sync 1 DAGs
[2023-07-27T00:02:37.581-0300] {logging_mixin.py:150} INFO - [2023-07-27T00:02:37.580-0300] {dag.py:3504} INFO - Setting next_dagrun for example_dag_decorator to None, run_after=None
[2023-07-27T00:02:37.607-0300] {processor.py:179} INFO - Processing /home/gabi/Documentos/Gabi/Indicium/code-challenge-indicium/ind_env/lib/python3.10/site-packages/airflow/example_dags/example_dag_decorator.py took 0.207 seconds
