[2023-07-26T23:58:59.235-0300] {processor.py:157} INFO - Started process (PID=9824) to work on /home/gabi/Documentos/Gabi/Indicium/code-challenge-indicium/ind_env/lib/python3.10/site-packages/airflow/example_dags/example_time_delta_sensor_async.py
[2023-07-26T23:58:59.243-0300] {processor.py:826} INFO - Processing file /home/gabi/Documentos/Gabi/Indicium/code-challenge-indicium/ind_env/lib/python3.10/site-packages/airflow/example_dags/example_time_delta_sensor_async.py for tasks to queue
[2023-07-26T23:58:59.245-0300] {logging_mixin.py:150} INFO - [2023-07-26T23:58:59.244-0300] {dagbag.py:541} INFO - Filling up the DagBag from /home/gabi/Documentos/Gabi/Indicium/code-challenge-indicium/ind_env/lib/python3.10/site-packages/airflow/example_dags/example_time_delta_sensor_async.py
[2023-07-26T23:58:59.447-0300] {processor.py:836} INFO - DAG(s) dict_keys(['example_time_delta_sensor_async']) retrieved from /home/gabi/Documentos/Gabi/Indicium/code-challenge-indicium/ind_env/lib/python3.10/site-packages/airflow/example_dags/example_time_delta_sensor_async.py
[2023-07-26T23:58:59.481-0300] {logging_mixin.py:150} INFO - [2023-07-26T23:58:59.481-0300] {dag.py:2742} INFO - Sync 1 DAGs
[2023-07-26T23:58:59.519-0300] {logging_mixin.py:150} INFO - [2023-07-26T23:58:59.518-0300] {dag.py:3504} INFO - Setting next_dagrun for example_time_delta_sensor_async to None, run_after=None
[2023-07-26T23:58:59.575-0300] {processor.py:179} INFO - Processing /home/gabi/Documentos/Gabi/Indicium/code-challenge-indicium/ind_env/lib/python3.10/site-packages/airflow/example_dags/example_time_delta_sensor_async.py took 0.345 seconds
[2023-07-26T23:59:55.044-0300] {processor.py:157} INFO - Started process (PID=10043) to work on /home/gabi/Documentos/Gabi/Indicium/code-challenge-indicium/ind_env/lib/python3.10/site-packages/airflow/example_dags/example_time_delta_sensor_async.py
[2023-07-26T23:59:55.047-0300] {processor.py:826} INFO - Processing file /home/gabi/Documentos/Gabi/Indicium/code-challenge-indicium/ind_env/lib/python3.10/site-packages/airflow/example_dags/example_time_delta_sensor_async.py for tasks to queue
[2023-07-26T23:59:55.048-0300] {logging_mixin.py:150} INFO - [2023-07-26T23:59:55.047-0300] {dagbag.py:541} INFO - Filling up the DagBag from /home/gabi/Documentos/Gabi/Indicium/code-challenge-indicium/ind_env/lib/python3.10/site-packages/airflow/example_dags/example_time_delta_sensor_async.py
[2023-07-26T23:59:55.054-0300] {processor.py:836} INFO - DAG(s) dict_keys(['example_time_delta_sensor_async']) retrieved from /home/gabi/Documentos/Gabi/Indicium/code-challenge-indicium/ind_env/lib/python3.10/site-packages/airflow/example_dags/example_time_delta_sensor_async.py
[2023-07-26T23:59:55.077-0300] {logging_mixin.py:150} INFO - [2023-07-26T23:59:55.077-0300] {dag.py:2742} INFO - Sync 1 DAGs
[2023-07-26T23:59:55.101-0300] {logging_mixin.py:150} INFO - [2023-07-26T23:59:55.101-0300] {dag.py:3504} INFO - Setting next_dagrun for example_time_delta_sensor_async to None, run_after=None
[2023-07-26T23:59:55.128-0300] {processor.py:179} INFO - Processing /home/gabi/Documentos/Gabi/Indicium/code-challenge-indicium/ind_env/lib/python3.10/site-packages/airflow/example_dags/example_time_delta_sensor_async.py took 0.088 seconds
[2023-07-27T00:00:41.674-0300] {processor.py:157} INFO - Started process (PID=10343) to work on /home/gabi/Documentos/Gabi/Indicium/code-challenge-indicium/ind_env/lib/python3.10/site-packages/airflow/example_dags/example_time_delta_sensor_async.py
[2023-07-27T00:00:41.677-0300] {processor.py:826} INFO - Processing file /home/gabi/Documentos/Gabi/Indicium/code-challenge-indicium/ind_env/lib/python3.10/site-packages/airflow/example_dags/example_time_delta_sensor_async.py for tasks to queue
[2023-07-27T00:00:41.678-0300] {logging_mixin.py:150} INFO - [2023-07-27T00:00:41.678-0300] {dagbag.py:541} INFO - Filling up the DagBag from /home/gabi/Documentos/Gabi/Indicium/code-challenge-indicium/ind_env/lib/python3.10/site-packages/airflow/example_dags/example_time_delta_sensor_async.py
[2023-07-27T00:00:41.686-0300] {processor.py:836} INFO - DAG(s) dict_keys(['example_time_delta_sensor_async']) retrieved from /home/gabi/Documentos/Gabi/Indicium/code-challenge-indicium/ind_env/lib/python3.10/site-packages/airflow/example_dags/example_time_delta_sensor_async.py
[2023-07-27T00:00:41.714-0300] {logging_mixin.py:150} INFO - [2023-07-27T00:00:41.714-0300] {dag.py:2742} INFO - Sync 1 DAGs
[2023-07-27T00:00:41.746-0300] {logging_mixin.py:150} INFO - [2023-07-27T00:00:41.746-0300] {dag.py:3504} INFO - Setting next_dagrun for example_time_delta_sensor_async to None, run_after=None
[2023-07-27T00:00:41.775-0300] {processor.py:179} INFO - Processing /home/gabi/Documentos/Gabi/Indicium/code-challenge-indicium/ind_env/lib/python3.10/site-packages/airflow/example_dags/example_time_delta_sensor_async.py took 0.106 seconds
[2023-07-27T00:01:33.997-0300] {processor.py:157} INFO - Started process (PID=10492) to work on /home/gabi/Documentos/Gabi/Indicium/code-challenge-indicium/ind_env/lib/python3.10/site-packages/airflow/example_dags/example_time_delta_sensor_async.py
[2023-07-27T00:01:33.999-0300] {processor.py:826} INFO - Processing file /home/gabi/Documentos/Gabi/Indicium/code-challenge-indicium/ind_env/lib/python3.10/site-packages/airflow/example_dags/example_time_delta_sensor_async.py for tasks to queue
[2023-07-27T00:01:34.000-0300] {logging_mixin.py:150} INFO - [2023-07-27T00:01:34.000-0300] {dagbag.py:541} INFO - Filling up the DagBag from /home/gabi/Documentos/Gabi/Indicium/code-challenge-indicium/ind_env/lib/python3.10/site-packages/airflow/example_dags/example_time_delta_sensor_async.py
[2023-07-27T00:01:34.007-0300] {processor.py:836} INFO - DAG(s) dict_keys(['example_time_delta_sensor_async']) retrieved from /home/gabi/Documentos/Gabi/Indicium/code-challenge-indicium/ind_env/lib/python3.10/site-packages/airflow/example_dags/example_time_delta_sensor_async.py
[2023-07-27T00:01:34.030-0300] {logging_mixin.py:150} INFO - [2023-07-27T00:01:34.029-0300] {dag.py:2742} INFO - Sync 1 DAGs
[2023-07-27T00:01:34.056-0300] {logging_mixin.py:150} INFO - [2023-07-27T00:01:34.056-0300] {dag.py:3504} INFO - Setting next_dagrun for example_time_delta_sensor_async to None, run_after=None
[2023-07-27T00:01:34.084-0300] {processor.py:179} INFO - Processing /home/gabi/Documentos/Gabi/Indicium/code-challenge-indicium/ind_env/lib/python3.10/site-packages/airflow/example_dags/example_time_delta_sensor_async.py took 0.091 seconds
[2023-07-27T00:02:17.797-0300] {processor.py:157} INFO - Started process (PID=10620) to work on /home/gabi/Documentos/Gabi/Indicium/code-challenge-indicium/ind_env/lib/python3.10/site-packages/airflow/example_dags/example_time_delta_sensor_async.py
[2023-07-27T00:02:17.803-0300] {processor.py:826} INFO - Processing file /home/gabi/Documentos/Gabi/Indicium/code-challenge-indicium/ind_env/lib/python3.10/site-packages/airflow/example_dags/example_time_delta_sensor_async.py for tasks to queue
[2023-07-27T00:02:17.804-0300] {logging_mixin.py:150} INFO - [2023-07-27T00:02:17.804-0300] {dagbag.py:541} INFO - Filling up the DagBag from /home/gabi/Documentos/Gabi/Indicium/code-challenge-indicium/ind_env/lib/python3.10/site-packages/airflow/example_dags/example_time_delta_sensor_async.py
[2023-07-27T00:02:17.810-0300] {processor.py:836} INFO - DAG(s) dict_keys(['example_time_delta_sensor_async']) retrieved from /home/gabi/Documentos/Gabi/Indicium/code-challenge-indicium/ind_env/lib/python3.10/site-packages/airflow/example_dags/example_time_delta_sensor_async.py
[2023-07-27T00:02:17.834-0300] {logging_mixin.py:150} INFO - [2023-07-27T00:02:17.833-0300] {dag.py:2742} INFO - Sync 1 DAGs
[2023-07-27T00:02:17.858-0300] {logging_mixin.py:150} INFO - [2023-07-27T00:02:17.858-0300] {dag.py:3504} INFO - Setting next_dagrun for example_time_delta_sensor_async to None, run_after=None
[2023-07-27T00:02:18.164-0300] {processor.py:179} INFO - Processing /home/gabi/Documentos/Gabi/Indicium/code-challenge-indicium/ind_env/lib/python3.10/site-packages/airflow/example_dags/example_time_delta_sensor_async.py took 0.371 seconds
[2023-07-27T00:03:06.244-0300] {processor.py:157} INFO - Started process (PID=10761) to work on /home/gabi/Documentos/Gabi/Indicium/code-challenge-indicium/ind_env/lib/python3.10/site-packages/airflow/example_dags/example_time_delta_sensor_async.py
[2023-07-27T00:03:06.246-0300] {processor.py:826} INFO - Processing file /home/gabi/Documentos/Gabi/Indicium/code-challenge-indicium/ind_env/lib/python3.10/site-packages/airflow/example_dags/example_time_delta_sensor_async.py for tasks to queue
[2023-07-27T00:03:06.247-0300] {logging_mixin.py:150} INFO - [2023-07-27T00:03:06.247-0300] {dagbag.py:541} INFO - Filling up the DagBag from /home/gabi/Documentos/Gabi/Indicium/code-challenge-indicium/ind_env/lib/python3.10/site-packages/airflow/example_dags/example_time_delta_sensor_async.py
[2023-07-27T00:03:06.254-0300] {processor.py:836} INFO - DAG(s) dict_keys(['example_time_delta_sensor_async']) retrieved from /home/gabi/Documentos/Gabi/Indicium/code-challenge-indicium/ind_env/lib/python3.10/site-packages/airflow/example_dags/example_time_delta_sensor_async.py
[2023-07-27T00:03:06.276-0300] {logging_mixin.py:150} INFO - [2023-07-27T00:03:06.276-0300] {dag.py:2742} INFO - Sync 1 DAGs
[2023-07-27T00:03:06.299-0300] {logging_mixin.py:150} INFO - [2023-07-27T00:03:06.299-0300] {dag.py:3504} INFO - Setting next_dagrun for example_time_delta_sensor_async to None, run_after=None
[2023-07-27T00:03:06.325-0300] {processor.py:179} INFO - Processing /home/gabi/Documentos/Gabi/Indicium/code-challenge-indicium/ind_env/lib/python3.10/site-packages/airflow/example_dags/example_time_delta_sensor_async.py took 0.085 seconds
