[2023-07-26T23:59:10.090-0300] {processor.py:157} INFO - Started process (PID=9906) to work on /home/gabi/Documentos/Gabi/Indicium/code-challenge-indicium/ind_env/lib/python3.10/site-packages/airflow/example_dags/example_trigger_controller_dag.py
[2023-07-26T23:59:10.091-0300] {processor.py:826} INFO - Processing file /home/gabi/Documentos/Gabi/Indicium/code-challenge-indicium/ind_env/lib/python3.10/site-packages/airflow/example_dags/example_trigger_controller_dag.py for tasks to queue
[2023-07-26T23:59:10.092-0300] {logging_mixin.py:150} INFO - [2023-07-26T23:59:10.091-0300] {dagbag.py:541} INFO - Filling up the DagBag from /home/gabi/Documentos/Gabi/Indicium/code-challenge-indicium/ind_env/lib/python3.10/site-packages/airflow/example_dags/example_trigger_controller_dag.py
[2023-07-26T23:59:10.102-0300] {processor.py:836} INFO - DAG(s) dict_keys(['example_trigger_controller_dag']) retrieved from /home/gabi/Documentos/Gabi/Indicium/code-challenge-indicium/ind_env/lib/python3.10/site-packages/airflow/example_dags/example_trigger_controller_dag.py
[2023-07-26T23:59:10.131-0300] {logging_mixin.py:150} INFO - [2023-07-26T23:59:10.131-0300] {dag.py:2742} INFO - Sync 1 DAGs
[2023-07-26T23:59:10.162-0300] {logging_mixin.py:150} INFO - [2023-07-26T23:59:10.161-0300] {dag.py:3504} INFO - Setting next_dagrun for example_trigger_controller_dag to 2021-01-01T00:00:00+00:00, run_after=2021-01-01T00:00:00+00:00
[2023-07-26T23:59:10.209-0300] {processor.py:179} INFO - Processing /home/gabi/Documentos/Gabi/Indicium/code-challenge-indicium/ind_env/lib/python3.10/site-packages/airflow/example_dags/example_trigger_controller_dag.py took 0.125 seconds
[2023-07-27T00:00:03.080-0300] {processor.py:157} INFO - Started process (PID=10077) to work on /home/gabi/Documentos/Gabi/Indicium/code-challenge-indicium/ind_env/lib/python3.10/site-packages/airflow/example_dags/example_trigger_controller_dag.py
[2023-07-27T00:00:03.083-0300] {processor.py:826} INFO - Processing file /home/gabi/Documentos/Gabi/Indicium/code-challenge-indicium/ind_env/lib/python3.10/site-packages/airflow/example_dags/example_trigger_controller_dag.py for tasks to queue
[2023-07-27T00:00:03.084-0300] {logging_mixin.py:150} INFO - [2023-07-27T00:00:03.084-0300] {dagbag.py:541} INFO - Filling up the DagBag from /home/gabi/Documentos/Gabi/Indicium/code-challenge-indicium/ind_env/lib/python3.10/site-packages/airflow/example_dags/example_trigger_controller_dag.py
[2023-07-27T00:00:03.092-0300] {processor.py:836} INFO - DAG(s) dict_keys(['example_trigger_controller_dag']) retrieved from /home/gabi/Documentos/Gabi/Indicium/code-challenge-indicium/ind_env/lib/python3.10/site-packages/airflow/example_dags/example_trigger_controller_dag.py
[2023-07-27T00:00:03.114-0300] {logging_mixin.py:150} INFO - [2023-07-27T00:00:03.114-0300] {dag.py:2742} INFO - Sync 1 DAGs
[2023-07-27T00:00:03.138-0300] {logging_mixin.py:150} INFO - [2023-07-27T00:00:03.138-0300] {dag.py:3504} INFO - Setting next_dagrun for example_trigger_controller_dag to 2021-01-01T00:00:00+00:00, run_after=2021-01-01T00:00:00+00:00
[2023-07-27T00:00:03.164-0300] {processor.py:179} INFO - Processing /home/gabi/Documentos/Gabi/Indicium/code-challenge-indicium/ind_env/lib/python3.10/site-packages/airflow/example_dags/example_trigger_controller_dag.py took 0.088 seconds
[2023-07-27T00:00:55.978-0300] {processor.py:157} INFO - Started process (PID=10390) to work on /home/gabi/Documentos/Gabi/Indicium/code-challenge-indicium/ind_env/lib/python3.10/site-packages/airflow/example_dags/example_trigger_controller_dag.py
[2023-07-27T00:00:55.980-0300] {processor.py:826} INFO - Processing file /home/gabi/Documentos/Gabi/Indicium/code-challenge-indicium/ind_env/lib/python3.10/site-packages/airflow/example_dags/example_trigger_controller_dag.py for tasks to queue
[2023-07-27T00:00:55.981-0300] {logging_mixin.py:150} INFO - [2023-07-27T00:00:55.980-0300] {dagbag.py:541} INFO - Filling up the DagBag from /home/gabi/Documentos/Gabi/Indicium/code-challenge-indicium/ind_env/lib/python3.10/site-packages/airflow/example_dags/example_trigger_controller_dag.py
[2023-07-27T00:00:55.987-0300] {processor.py:836} INFO - DAG(s) dict_keys(['example_trigger_controller_dag']) retrieved from /home/gabi/Documentos/Gabi/Indicium/code-challenge-indicium/ind_env/lib/python3.10/site-packages/airflow/example_dags/example_trigger_controller_dag.py
[2023-07-27T00:00:56.011-0300] {logging_mixin.py:150} INFO - [2023-07-27T00:00:56.011-0300] {dag.py:2742} INFO - Sync 1 DAGs
[2023-07-27T00:00:56.057-0300] {logging_mixin.py:150} INFO - [2023-07-27T00:00:56.057-0300] {dag.py:3504} INFO - Setting next_dagrun for example_trigger_controller_dag to 2021-01-01T00:00:00+00:00, run_after=2021-01-01T00:00:00+00:00
[2023-07-27T00:00:56.241-0300] {processor.py:179} INFO - Processing /home/gabi/Documentos/Gabi/Indicium/code-challenge-indicium/ind_env/lib/python3.10/site-packages/airflow/example_dags/example_trigger_controller_dag.py took 0.267 seconds
[2023-07-27T00:01:43.032-0300] {processor.py:157} INFO - Started process (PID=10515) to work on /home/gabi/Documentos/Gabi/Indicium/code-challenge-indicium/ind_env/lib/python3.10/site-packages/airflow/example_dags/example_trigger_controller_dag.py
[2023-07-27T00:01:43.035-0300] {processor.py:826} INFO - Processing file /home/gabi/Documentos/Gabi/Indicium/code-challenge-indicium/ind_env/lib/python3.10/site-packages/airflow/example_dags/example_trigger_controller_dag.py for tasks to queue
[2023-07-27T00:01:43.036-0300] {logging_mixin.py:150} INFO - [2023-07-27T00:01:43.036-0300] {dagbag.py:541} INFO - Filling up the DagBag from /home/gabi/Documentos/Gabi/Indicium/code-challenge-indicium/ind_env/lib/python3.10/site-packages/airflow/example_dags/example_trigger_controller_dag.py
[2023-07-27T00:01:43.042-0300] {processor.py:836} INFO - DAG(s) dict_keys(['example_trigger_controller_dag']) retrieved from /home/gabi/Documentos/Gabi/Indicium/code-challenge-indicium/ind_env/lib/python3.10/site-packages/airflow/example_dags/example_trigger_controller_dag.py
[2023-07-27T00:01:43.066-0300] {logging_mixin.py:150} INFO - [2023-07-27T00:01:43.066-0300] {dag.py:2742} INFO - Sync 1 DAGs
[2023-07-27T00:01:43.090-0300] {logging_mixin.py:150} INFO - [2023-07-27T00:01:43.090-0300] {dag.py:3504} INFO - Setting next_dagrun for example_trigger_controller_dag to 2021-01-01T00:00:00+00:00, run_after=2021-01-01T00:00:00+00:00
[2023-07-27T00:01:43.117-0300] {processor.py:179} INFO - Processing /home/gabi/Documentos/Gabi/Indicium/code-challenge-indicium/ind_env/lib/python3.10/site-packages/airflow/example_dags/example_trigger_controller_dag.py took 0.089 seconds
[2023-07-27T00:02:28.183-0300] {processor.py:157} INFO - Started process (PID=10645) to work on /home/gabi/Documentos/Gabi/Indicium/code-challenge-indicium/ind_env/lib/python3.10/site-packages/airflow/example_dags/example_trigger_controller_dag.py
[2023-07-27T00:02:28.185-0300] {processor.py:826} INFO - Processing file /home/gabi/Documentos/Gabi/Indicium/code-challenge-indicium/ind_env/lib/python3.10/site-packages/airflow/example_dags/example_trigger_controller_dag.py for tasks to queue
[2023-07-27T00:02:28.186-0300] {logging_mixin.py:150} INFO - [2023-07-27T00:02:28.186-0300] {dagbag.py:541} INFO - Filling up the DagBag from /home/gabi/Documentos/Gabi/Indicium/code-challenge-indicium/ind_env/lib/python3.10/site-packages/airflow/example_dags/example_trigger_controller_dag.py
[2023-07-27T00:02:28.192-0300] {processor.py:836} INFO - DAG(s) dict_keys(['example_trigger_controller_dag']) retrieved from /home/gabi/Documentos/Gabi/Indicium/code-challenge-indicium/ind_env/lib/python3.10/site-packages/airflow/example_dags/example_trigger_controller_dag.py
[2023-07-27T00:02:28.216-0300] {logging_mixin.py:150} INFO - [2023-07-27T00:02:28.215-0300] {dag.py:2742} INFO - Sync 1 DAGs
[2023-07-27T00:02:28.247-0300] {logging_mixin.py:150} INFO - [2023-07-27T00:02:28.247-0300] {dag.py:3504} INFO - Setting next_dagrun for example_trigger_controller_dag to 2021-01-01T00:00:00+00:00, run_after=2021-01-01T00:00:00+00:00
[2023-07-27T00:02:28.279-0300] {processor.py:179} INFO - Processing /home/gabi/Documentos/Gabi/Indicium/code-challenge-indicium/ind_env/lib/python3.10/site-packages/airflow/example_dags/example_trigger_controller_dag.py took 0.100 seconds
[2023-07-27T00:03:15.309-0300] {processor.py:157} INFO - Started process (PID=10786) to work on /home/gabi/Documentos/Gabi/Indicium/code-challenge-indicium/ind_env/lib/python3.10/site-packages/airflow/example_dags/example_trigger_controller_dag.py
[2023-07-27T00:03:15.314-0300] {processor.py:826} INFO - Processing file /home/gabi/Documentos/Gabi/Indicium/code-challenge-indicium/ind_env/lib/python3.10/site-packages/airflow/example_dags/example_trigger_controller_dag.py for tasks to queue
[2023-07-27T00:03:15.315-0300] {logging_mixin.py:150} INFO - [2023-07-27T00:03:15.314-0300] {dagbag.py:541} INFO - Filling up the DagBag from /home/gabi/Documentos/Gabi/Indicium/code-challenge-indicium/ind_env/lib/python3.10/site-packages/airflow/example_dags/example_trigger_controller_dag.py
[2023-07-27T00:03:15.321-0300] {processor.py:836} INFO - DAG(s) dict_keys(['example_trigger_controller_dag']) retrieved from /home/gabi/Documentos/Gabi/Indicium/code-challenge-indicium/ind_env/lib/python3.10/site-packages/airflow/example_dags/example_trigger_controller_dag.py
[2023-07-27T00:03:15.344-0300] {logging_mixin.py:150} INFO - [2023-07-27T00:03:15.343-0300] {dag.py:2742} INFO - Sync 1 DAGs
[2023-07-27T00:03:15.367-0300] {logging_mixin.py:150} INFO - [2023-07-27T00:03:15.367-0300] {dag.py:3504} INFO - Setting next_dagrun for example_trigger_controller_dag to 2021-01-01T00:00:00+00:00, run_after=2021-01-01T00:00:00+00:00
[2023-07-27T00:03:15.392-0300] {processor.py:179} INFO - Processing /home/gabi/Documentos/Gabi/Indicium/code-challenge-indicium/ind_env/lib/python3.10/site-packages/airflow/example_dags/example_trigger_controller_dag.py took 0.088 seconds
[2023-07-27T20:30:15.101-0300] {processor.py:157} INFO - Started process (PID=13427) to work on /home/gabi/Documentos/Gabi/Indicium/code-challenge-indicium/ind_env/lib/python3.10/site-packages/airflow/example_dags/example_trigger_controller_dag.py
[2023-07-27T20:30:15.104-0300] {processor.py:826} INFO - Processing file /home/gabi/Documentos/Gabi/Indicium/code-challenge-indicium/ind_env/lib/python3.10/site-packages/airflow/example_dags/example_trigger_controller_dag.py for tasks to queue
[2023-07-27T20:30:15.105-0300] {logging_mixin.py:150} INFO - [2023-07-27T20:30:15.105-0300] {dagbag.py:541} INFO - Filling up the DagBag from /home/gabi/Documentos/Gabi/Indicium/code-challenge-indicium/ind_env/lib/python3.10/site-packages/airflow/example_dags/example_trigger_controller_dag.py
[2023-07-27T20:30:15.112-0300] {processor.py:836} INFO - DAG(s) dict_keys(['example_trigger_controller_dag']) retrieved from /home/gabi/Documentos/Gabi/Indicium/code-challenge-indicium/ind_env/lib/python3.10/site-packages/airflow/example_dags/example_trigger_controller_dag.py
[2023-07-27T20:30:15.137-0300] {logging_mixin.py:150} INFO - [2023-07-27T20:30:15.137-0300] {dag.py:2742} INFO - Sync 1 DAGs
[2023-07-27T20:30:15.165-0300] {logging_mixin.py:150} INFO - [2023-07-27T20:30:15.164-0300] {dag.py:3504} INFO - Setting next_dagrun for example_trigger_controller_dag to 2021-01-01T00:00:00+00:00, run_after=2021-01-01T00:00:00+00:00
[2023-07-27T20:30:15.195-0300] {processor.py:179} INFO - Processing /home/gabi/Documentos/Gabi/Indicium/code-challenge-indicium/ind_env/lib/python3.10/site-packages/airflow/example_dags/example_trigger_controller_dag.py took 0.100 seconds
