[2023-07-26T23:59:36.009-0300] {processor.py:157} INFO - Started process (PID=9980) to work on /home/gabi/Documentos/Gabi/Indicium/code-challenge-indicium/ind_env/lib/python3.10/site-packages/airflow/example_dags/example_bash_operator.py
[2023-07-26T23:59:36.010-0300] {processor.py:826} INFO - Processing file /home/gabi/Documentos/Gabi/Indicium/code-challenge-indicium/ind_env/lib/python3.10/site-packages/airflow/example_dags/example_bash_operator.py for tasks to queue
[2023-07-26T23:59:36.011-0300] {logging_mixin.py:150} INFO - [2023-07-26T23:59:36.010-0300] {dagbag.py:541} INFO - Filling up the DagBag from /home/gabi/Documentos/Gabi/Indicium/code-challenge-indicium/ind_env/lib/python3.10/site-packages/airflow/example_dags/example_bash_operator.py
[2023-07-26T23:59:36.028-0300] {processor.py:836} INFO - DAG(s) dict_keys(['example_bash_operator']) retrieved from /home/gabi/Documentos/Gabi/Indicium/code-challenge-indicium/ind_env/lib/python3.10/site-packages/airflow/example_dags/example_bash_operator.py
[2023-07-26T23:59:36.064-0300] {logging_mixin.py:150} INFO - [2023-07-26T23:59:36.064-0300] {dag.py:2742} INFO - Sync 1 DAGs
[2023-07-26T23:59:36.090-0300] {logging_mixin.py:150} INFO - [2023-07-26T23:59:36.090-0300] {dag.py:3504} INFO - Setting next_dagrun for example_bash_operator to 2023-07-26T00:00:00+00:00, run_after=2023-07-27T00:00:00+00:00
[2023-07-26T23:59:36.117-0300] {processor.py:179} INFO - Processing /home/gabi/Documentos/Gabi/Indicium/code-challenge-indicium/ind_env/lib/python3.10/site-packages/airflow/example_dags/example_bash_operator.py took 0.113 seconds
[2023-07-27T00:00:45.644-0300] {processor.py:157} INFO - Started process (PID=10365) to work on /home/gabi/Documentos/Gabi/Indicium/code-challenge-indicium/ind_env/lib/python3.10/site-packages/airflow/example_dags/example_bash_operator.py
[2023-07-27T00:00:45.647-0300] {processor.py:826} INFO - Processing file /home/gabi/Documentos/Gabi/Indicium/code-challenge-indicium/ind_env/lib/python3.10/site-packages/airflow/example_dags/example_bash_operator.py for tasks to queue
[2023-07-27T00:00:45.649-0300] {logging_mixin.py:150} INFO - [2023-07-27T00:00:45.649-0300] {dagbag.py:541} INFO - Filling up the DagBag from /home/gabi/Documentos/Gabi/Indicium/code-challenge-indicium/ind_env/lib/python3.10/site-packages/airflow/example_dags/example_bash_operator.py
[2023-07-27T00:00:45.669-0300] {processor.py:836} INFO - DAG(s) dict_keys(['example_bash_operator']) retrieved from /home/gabi/Documentos/Gabi/Indicium/code-challenge-indicium/ind_env/lib/python3.10/site-packages/airflow/example_dags/example_bash_operator.py
[2023-07-27T00:00:45.703-0300] {logging_mixin.py:150} INFO - [2023-07-27T00:00:45.702-0300] {dag.py:2742} INFO - Sync 1 DAGs
[2023-07-27T00:00:45.738-0300] {logging_mixin.py:150} INFO - [2023-07-27T00:00:45.738-0300] {dag.py:3504} INFO - Setting next_dagrun for example_bash_operator to 2023-07-26T00:00:00+00:00, run_after=2023-07-27T00:00:00+00:00
[2023-07-27T00:00:45.766-0300] {processor.py:179} INFO - Processing /home/gabi/Documentos/Gabi/Indicium/code-challenge-indicium/ind_env/lib/python3.10/site-packages/airflow/example_dags/example_bash_operator.py took 0.128 seconds
[2023-07-27T00:01:53.452-0300] {processor.py:157} INFO - Started process (PID=10540) to work on /home/gabi/Documentos/Gabi/Indicium/code-challenge-indicium/ind_env/lib/python3.10/site-packages/airflow/example_dags/example_bash_operator.py
[2023-07-27T00:01:53.456-0300] {processor.py:826} INFO - Processing file /home/gabi/Documentos/Gabi/Indicium/code-challenge-indicium/ind_env/lib/python3.10/site-packages/airflow/example_dags/example_bash_operator.py for tasks to queue
[2023-07-27T00:01:53.458-0300] {logging_mixin.py:150} INFO - [2023-07-27T00:01:53.457-0300] {dagbag.py:541} INFO - Filling up the DagBag from /home/gabi/Documentos/Gabi/Indicium/code-challenge-indicium/ind_env/lib/python3.10/site-packages/airflow/example_dags/example_bash_operator.py
[2023-07-27T00:01:53.473-0300] {processor.py:836} INFO - DAG(s) dict_keys(['example_bash_operator']) retrieved from /home/gabi/Documentos/Gabi/Indicium/code-challenge-indicium/ind_env/lib/python3.10/site-packages/airflow/example_dags/example_bash_operator.py
[2023-07-27T00:01:53.505-0300] {logging_mixin.py:150} INFO - [2023-07-27T00:01:53.505-0300] {dag.py:2742} INFO - Sync 1 DAGs
[2023-07-27T00:01:53.531-0300] {logging_mixin.py:150} INFO - [2023-07-27T00:01:53.530-0300] {dag.py:3504} INFO - Setting next_dagrun for example_bash_operator to 2023-07-26T00:00:00+00:00, run_after=2023-07-27T00:00:00+00:00
[2023-07-27T00:01:53.560-0300] {processor.py:179} INFO - Processing /home/gabi/Documentos/Gabi/Indicium/code-challenge-indicium/ind_env/lib/python3.10/site-packages/airflow/example_dags/example_bash_operator.py took 0.112 seconds
[2023-07-27T00:03:01.839-0300] {processor.py:157} INFO - Started process (PID=10740) to work on /home/gabi/Documentos/Gabi/Indicium/code-challenge-indicium/ind_env/lib/python3.10/site-packages/airflow/example_dags/example_bash_operator.py
[2023-07-27T00:03:01.842-0300] {processor.py:826} INFO - Processing file /home/gabi/Documentos/Gabi/Indicium/code-challenge-indicium/ind_env/lib/python3.10/site-packages/airflow/example_dags/example_bash_operator.py for tasks to queue
[2023-07-27T00:03:01.843-0300] {logging_mixin.py:150} INFO - [2023-07-27T00:03:01.843-0300] {dagbag.py:541} INFO - Filling up the DagBag from /home/gabi/Documentos/Gabi/Indicium/code-challenge-indicium/ind_env/lib/python3.10/site-packages/airflow/example_dags/example_bash_operator.py
[2023-07-27T00:03:01.867-0300] {processor.py:836} INFO - DAG(s) dict_keys(['example_bash_operator']) retrieved from /home/gabi/Documentos/Gabi/Indicium/code-challenge-indicium/ind_env/lib/python3.10/site-packages/airflow/example_dags/example_bash_operator.py
[2023-07-27T00:03:01.928-0300] {logging_mixin.py:150} INFO - [2023-07-27T00:03:01.927-0300] {dag.py:2742} INFO - Sync 1 DAGs
[2023-07-27T00:03:01.979-0300] {logging_mixin.py:150} INFO - [2023-07-27T00:03:01.979-0300] {dag.py:3504} INFO - Setting next_dagrun for example_bash_operator to 2023-07-26T00:00:00+00:00, run_after=2023-07-27T00:00:00+00:00
[2023-07-27T00:03:02.022-0300] {processor.py:179} INFO - Processing /home/gabi/Documentos/Gabi/Indicium/code-challenge-indicium/ind_env/lib/python3.10/site-packages/airflow/example_dags/example_bash_operator.py took 0.190 seconds
