[2023-07-26T23:59:04.755-0300] {processor.py:157} INFO - Started process (PID=9879) to work on /home/gabi/Documentos/Gabi/Indicium/code-challenge-indicium/ind_env/lib/python3.10/site-packages/airflow/example_dags/example_subdag_operator.py
[2023-07-26T23:59:04.757-0300] {processor.py:826} INFO - Processing file /home/gabi/Documentos/Gabi/Indicium/code-challenge-indicium/ind_env/lib/python3.10/site-packages/airflow/example_dags/example_subdag_operator.py for tasks to queue
[2023-07-26T23:59:04.758-0300] {logging_mixin.py:150} INFO - [2023-07-26T23:59:04.758-0300] {dagbag.py:541} INFO - Filling up the DagBag from /home/gabi/Documentos/Gabi/Indicium/code-challenge-indicium/ind_env/lib/python3.10/site-packages/airflow/example_dags/example_subdag_operator.py
[2023-07-26T23:59:04.831-0300] {processor.py:836} INFO - DAG(s) dict_keys(['example_subdag_operator.section-1', 'example_subdag_operator.section-2', 'example_subdag_operator']) retrieved from /home/gabi/Documentos/Gabi/Indicium/code-challenge-indicium/ind_env/lib/python3.10/site-packages/airflow/example_dags/example_subdag_operator.py
[2023-07-26T23:59:04.902-0300] {logging_mixin.py:150} INFO - [2023-07-26T23:59:04.901-0300] {dag.py:2742} INFO - Sync 3 DAGs
[2023-07-26T23:59:04.943-0300] {logging_mixin.py:150} INFO - [2023-07-26T23:59:04.943-0300] {dag.py:3504} INFO - Setting next_dagrun for example_subdag_operator to 2022-01-01T03:00:00+00:00, run_after=2022-01-01T03:00:00+00:00
[2023-07-26T23:59:04.950-0300] {logging_mixin.py:150} INFO - [2023-07-26T23:59:04.950-0300] {dag.py:3504} INFO - Setting next_dagrun for example_subdag_operator.section-1 to None, run_after=None
[2023-07-26T23:59:04.952-0300] {logging_mixin.py:150} INFO - [2023-07-26T23:59:04.952-0300] {dag.py:3504} INFO - Setting next_dagrun for example_subdag_operator.section-2 to None, run_after=None
[2023-07-26T23:59:04.969-0300] {logging_mixin.py:150} INFO - [2023-07-26T23:59:04.969-0300] {dag.py:2742} INFO - Sync 2 DAGs
[2023-07-26T23:59:04.979-0300] {logging_mixin.py:150} INFO - [2023-07-26T23:59:04.979-0300] {dag.py:3504} INFO - Setting next_dagrun for example_subdag_operator.section-1 to None, run_after=None
[2023-07-26T23:59:04.980-0300] {logging_mixin.py:150} INFO - [2023-07-26T23:59:04.980-0300] {dag.py:3504} INFO - Setting next_dagrun for example_subdag_operator.section-2 to None, run_after=None
[2023-07-26T23:59:05.015-0300] {processor.py:179} INFO - Processing /home/gabi/Documentos/Gabi/Indicium/code-challenge-indicium/ind_env/lib/python3.10/site-packages/airflow/example_dags/example_subdag_operator.py took 0.269 seconds
[2023-07-26T23:59:59.125-0300] {processor.py:157} INFO - Started process (PID=10058) to work on /home/gabi/Documentos/Gabi/Indicium/code-challenge-indicium/ind_env/lib/python3.10/site-packages/airflow/example_dags/example_subdag_operator.py
[2023-07-26T23:59:59.128-0300] {processor.py:826} INFO - Processing file /home/gabi/Documentos/Gabi/Indicium/code-challenge-indicium/ind_env/lib/python3.10/site-packages/airflow/example_dags/example_subdag_operator.py for tasks to queue
[2023-07-26T23:59:59.129-0300] {logging_mixin.py:150} INFO - [2023-07-26T23:59:59.129-0300] {dagbag.py:541} INFO - Filling up the DagBag from /home/gabi/Documentos/Gabi/Indicium/code-challenge-indicium/ind_env/lib/python3.10/site-packages/airflow/example_dags/example_subdag_operator.py
[2023-07-26T23:59:59.159-0300] {processor.py:836} INFO - DAG(s) dict_keys(['example_subdag_operator.section-1', 'example_subdag_operator.section-2', 'example_subdag_operator']) retrieved from /home/gabi/Documentos/Gabi/Indicium/code-challenge-indicium/ind_env/lib/python3.10/site-packages/airflow/example_dags/example_subdag_operator.py
[2023-07-26T23:59:59.184-0300] {logging_mixin.py:150} INFO - [2023-07-26T23:59:59.183-0300] {dag.py:2742} INFO - Sync 3 DAGs
[2023-07-26T23:59:59.207-0300] {logging_mixin.py:150} INFO - [2023-07-26T23:59:59.207-0300] {dag.py:3504} INFO - Setting next_dagrun for example_subdag_operator to 2022-01-01T03:00:00+00:00, run_after=2022-01-01T03:00:00+00:00
[2023-07-26T23:59:59.210-0300] {logging_mixin.py:150} INFO - [2023-07-26T23:59:59.210-0300] {dag.py:3504} INFO - Setting next_dagrun for example_subdag_operator.section-1 to None, run_after=None
[2023-07-26T23:59:59.211-0300] {logging_mixin.py:150} INFO - [2023-07-26T23:59:59.211-0300] {dag.py:3504} INFO - Setting next_dagrun for example_subdag_operator.section-2 to None, run_after=None
[2023-07-26T23:59:59.218-0300] {logging_mixin.py:150} INFO - [2023-07-26T23:59:59.218-0300] {dag.py:2742} INFO - Sync 2 DAGs
[2023-07-26T23:59:59.223-0300] {logging_mixin.py:150} INFO - [2023-07-26T23:59:59.223-0300] {dag.py:3504} INFO - Setting next_dagrun for example_subdag_operator.section-1 to None, run_after=None
[2023-07-26T23:59:59.223-0300] {logging_mixin.py:150} INFO - [2023-07-26T23:59:59.223-0300] {dag.py:3504} INFO - Setting next_dagrun for example_subdag_operator.section-2 to None, run_after=None
[2023-07-26T23:59:59.242-0300] {processor.py:179} INFO - Processing /home/gabi/Documentos/Gabi/Indicium/code-challenge-indicium/ind_env/lib/python3.10/site-packages/airflow/example_dags/example_subdag_operator.py took 0.121 seconds
[2023-07-27T00:00:50.930-0300] {processor.py:157} INFO - Started process (PID=10371) to work on /home/gabi/Documentos/Gabi/Indicium/code-challenge-indicium/ind_env/lib/python3.10/site-packages/airflow/example_dags/example_subdag_operator.py
[2023-07-27T00:00:50.932-0300] {processor.py:826} INFO - Processing file /home/gabi/Documentos/Gabi/Indicium/code-challenge-indicium/ind_env/lib/python3.10/site-packages/airflow/example_dags/example_subdag_operator.py for tasks to queue
[2023-07-27T00:00:50.934-0300] {logging_mixin.py:150} INFO - [2023-07-27T00:00:50.933-0300] {dagbag.py:541} INFO - Filling up the DagBag from /home/gabi/Documentos/Gabi/Indicium/code-challenge-indicium/ind_env/lib/python3.10/site-packages/airflow/example_dags/example_subdag_operator.py
[2023-07-27T00:00:50.975-0300] {processor.py:836} INFO - DAG(s) dict_keys(['example_subdag_operator.section-1', 'example_subdag_operator.section-2', 'example_subdag_operator']) retrieved from /home/gabi/Documentos/Gabi/Indicium/code-challenge-indicium/ind_env/lib/python3.10/site-packages/airflow/example_dags/example_subdag_operator.py
[2023-07-27T00:00:51.005-0300] {logging_mixin.py:150} INFO - [2023-07-27T00:00:51.004-0300] {dag.py:2742} INFO - Sync 3 DAGs
[2023-07-27T00:00:51.034-0300] {logging_mixin.py:150} INFO - [2023-07-27T00:00:51.034-0300] {dag.py:3504} INFO - Setting next_dagrun for example_subdag_operator to 2022-01-01T03:00:00+00:00, run_after=2022-01-01T03:00:00+00:00
[2023-07-27T00:00:51.041-0300] {logging_mixin.py:150} INFO - [2023-07-27T00:00:51.041-0300] {dag.py:3504} INFO - Setting next_dagrun for example_subdag_operator.section-1 to None, run_after=None
[2023-07-27T00:00:51.042-0300] {logging_mixin.py:150} INFO - [2023-07-27T00:00:51.042-0300] {dag.py:3504} INFO - Setting next_dagrun for example_subdag_operator.section-2 to None, run_after=None
[2023-07-27T00:00:51.050-0300] {logging_mixin.py:150} INFO - [2023-07-27T00:00:51.049-0300] {dag.py:2742} INFO - Sync 2 DAGs
[2023-07-27T00:00:51.055-0300] {logging_mixin.py:150} INFO - [2023-07-27T00:00:51.055-0300] {dag.py:3504} INFO - Setting next_dagrun for example_subdag_operator.section-1 to None, run_after=None
[2023-07-27T00:00:51.056-0300] {logging_mixin.py:150} INFO - [2023-07-27T00:00:51.055-0300] {dag.py:3504} INFO - Setting next_dagrun for example_subdag_operator.section-2 to None, run_after=None
[2023-07-27T00:00:51.083-0300] {processor.py:179} INFO - Processing /home/gabi/Documentos/Gabi/Indicium/code-challenge-indicium/ind_env/lib/python3.10/site-packages/airflow/example_dags/example_subdag_operator.py took 0.158 seconds
[2023-07-27T00:01:38.145-0300] {processor.py:157} INFO - Started process (PID=10511) to work on /home/gabi/Documentos/Gabi/Indicium/code-challenge-indicium/ind_env/lib/python3.10/site-packages/airflow/example_dags/example_subdag_operator.py
[2023-07-27T00:01:38.147-0300] {processor.py:826} INFO - Processing file /home/gabi/Documentos/Gabi/Indicium/code-challenge-indicium/ind_env/lib/python3.10/site-packages/airflow/example_dags/example_subdag_operator.py for tasks to queue
[2023-07-27T00:01:38.148-0300] {logging_mixin.py:150} INFO - [2023-07-27T00:01:38.148-0300] {dagbag.py:541} INFO - Filling up the DagBag from /home/gabi/Documentos/Gabi/Indicium/code-challenge-indicium/ind_env/lib/python3.10/site-packages/airflow/example_dags/example_subdag_operator.py
[2023-07-27T00:01:38.174-0300] {processor.py:836} INFO - DAG(s) dict_keys(['example_subdag_operator.section-1', 'example_subdag_operator.section-2', 'example_subdag_operator']) retrieved from /home/gabi/Documentos/Gabi/Indicium/code-challenge-indicium/ind_env/lib/python3.10/site-packages/airflow/example_dags/example_subdag_operator.py
[2023-07-27T00:01:38.194-0300] {logging_mixin.py:150} INFO - [2023-07-27T00:01:38.194-0300] {dag.py:2742} INFO - Sync 3 DAGs
[2023-07-27T00:01:38.218-0300] {logging_mixin.py:150} INFO - [2023-07-27T00:01:38.217-0300] {dag.py:3504} INFO - Setting next_dagrun for example_subdag_operator to 2022-01-01T03:00:00+00:00, run_after=2022-01-01T03:00:00+00:00
[2023-07-27T00:01:38.221-0300] {logging_mixin.py:150} INFO - [2023-07-27T00:01:38.221-0300] {dag.py:3504} INFO - Setting next_dagrun for example_subdag_operator.section-1 to None, run_after=None
[2023-07-27T00:01:38.222-0300] {logging_mixin.py:150} INFO - [2023-07-27T00:01:38.222-0300] {dag.py:3504} INFO - Setting next_dagrun for example_subdag_operator.section-2 to None, run_after=None
[2023-07-27T00:01:38.229-0300] {logging_mixin.py:150} INFO - [2023-07-27T00:01:38.229-0300] {dag.py:2742} INFO - Sync 2 DAGs
[2023-07-27T00:01:38.234-0300] {logging_mixin.py:150} INFO - [2023-07-27T00:01:38.233-0300] {dag.py:3504} INFO - Setting next_dagrun for example_subdag_operator.section-1 to None, run_after=None
[2023-07-27T00:01:38.234-0300] {logging_mixin.py:150} INFO - [2023-07-27T00:01:38.234-0300] {dag.py:3504} INFO - Setting next_dagrun for example_subdag_operator.section-2 to None, run_after=None
[2023-07-27T00:01:38.255-0300] {processor.py:179} INFO - Processing /home/gabi/Documentos/Gabi/Indicium/code-challenge-indicium/ind_env/lib/python3.10/site-packages/airflow/example_dags/example_subdag_operator.py took 0.114 seconds
[2023-07-27T00:02:23.165-0300] {processor.py:157} INFO - Started process (PID=10625) to work on /home/gabi/Documentos/Gabi/Indicium/code-challenge-indicium/ind_env/lib/python3.10/site-packages/airflow/example_dags/example_subdag_operator.py
[2023-07-27T00:02:23.167-0300] {processor.py:826} INFO - Processing file /home/gabi/Documentos/Gabi/Indicium/code-challenge-indicium/ind_env/lib/python3.10/site-packages/airflow/example_dags/example_subdag_operator.py for tasks to queue
[2023-07-27T00:02:23.168-0300] {logging_mixin.py:150} INFO - [2023-07-27T00:02:23.168-0300] {dagbag.py:541} INFO - Filling up the DagBag from /home/gabi/Documentos/Gabi/Indicium/code-challenge-indicium/ind_env/lib/python3.10/site-packages/airflow/example_dags/example_subdag_operator.py
[2023-07-27T00:02:23.197-0300] {processor.py:836} INFO - DAG(s) dict_keys(['example_subdag_operator.section-1', 'example_subdag_operator.section-2', 'example_subdag_operator']) retrieved from /home/gabi/Documentos/Gabi/Indicium/code-challenge-indicium/ind_env/lib/python3.10/site-packages/airflow/example_dags/example_subdag_operator.py
[2023-07-27T00:02:23.217-0300] {logging_mixin.py:150} INFO - [2023-07-27T00:02:23.216-0300] {dag.py:2742} INFO - Sync 3 DAGs
[2023-07-27T00:02:23.240-0300] {logging_mixin.py:150} INFO - [2023-07-27T00:02:23.239-0300] {dag.py:3504} INFO - Setting next_dagrun for example_subdag_operator to 2022-01-01T03:00:00+00:00, run_after=2022-01-01T03:00:00+00:00
[2023-07-27T00:02:23.243-0300] {logging_mixin.py:150} INFO - [2023-07-27T00:02:23.243-0300] {dag.py:3504} INFO - Setting next_dagrun for example_subdag_operator.section-1 to None, run_after=None
[2023-07-27T00:02:23.244-0300] {logging_mixin.py:150} INFO - [2023-07-27T00:02:23.244-0300] {dag.py:3504} INFO - Setting next_dagrun for example_subdag_operator.section-2 to None, run_after=None
[2023-07-27T00:02:23.251-0300] {logging_mixin.py:150} INFO - [2023-07-27T00:02:23.251-0300] {dag.py:2742} INFO - Sync 2 DAGs
[2023-07-27T00:02:23.256-0300] {logging_mixin.py:150} INFO - [2023-07-27T00:02:23.255-0300] {dag.py:3504} INFO - Setting next_dagrun for example_subdag_operator.section-1 to None, run_after=None
[2023-07-27T00:02:23.256-0300] {logging_mixin.py:150} INFO - [2023-07-27T00:02:23.256-0300] {dag.py:3504} INFO - Setting next_dagrun for example_subdag_operator.section-2 to None, run_after=None
[2023-07-27T00:02:23.275-0300] {processor.py:179} INFO - Processing /home/gabi/Documentos/Gabi/Indicium/code-challenge-indicium/ind_env/lib/python3.10/site-packages/airflow/example_dags/example_subdag_operator.py took 0.114 seconds
[2023-07-27T00:03:10.849-0300] {processor.py:157} INFO - Started process (PID=10765) to work on /home/gabi/Documentos/Gabi/Indicium/code-challenge-indicium/ind_env/lib/python3.10/site-packages/airflow/example_dags/example_subdag_operator.py
[2023-07-27T00:03:10.854-0300] {processor.py:826} INFO - Processing file /home/gabi/Documentos/Gabi/Indicium/code-challenge-indicium/ind_env/lib/python3.10/site-packages/airflow/example_dags/example_subdag_operator.py for tasks to queue
[2023-07-27T00:03:10.855-0300] {logging_mixin.py:150} INFO - [2023-07-27T00:03:10.855-0300] {dagbag.py:541} INFO - Filling up the DagBag from /home/gabi/Documentos/Gabi/Indicium/code-challenge-indicium/ind_env/lib/python3.10/site-packages/airflow/example_dags/example_subdag_operator.py
[2023-07-27T00:03:10.884-0300] {processor.py:836} INFO - DAG(s) dict_keys(['example_subdag_operator.section-1', 'example_subdag_operator.section-2', 'example_subdag_operator']) retrieved from /home/gabi/Documentos/Gabi/Indicium/code-challenge-indicium/ind_env/lib/python3.10/site-packages/airflow/example_dags/example_subdag_operator.py
[2023-07-27T00:03:10.904-0300] {logging_mixin.py:150} INFO - [2023-07-27T00:03:10.903-0300] {dag.py:2742} INFO - Sync 3 DAGs
[2023-07-27T00:03:10.927-0300] {logging_mixin.py:150} INFO - [2023-07-27T00:03:10.926-0300] {dag.py:3504} INFO - Setting next_dagrun for example_subdag_operator to 2022-01-01T03:00:00+00:00, run_after=2022-01-01T03:00:00+00:00
[2023-07-27T00:03:10.930-0300] {logging_mixin.py:150} INFO - [2023-07-27T00:03:10.930-0300] {dag.py:3504} INFO - Setting next_dagrun for example_subdag_operator.section-1 to None, run_after=None
[2023-07-27T00:03:10.931-0300] {logging_mixin.py:150} INFO - [2023-07-27T00:03:10.931-0300] {dag.py:3504} INFO - Setting next_dagrun for example_subdag_operator.section-2 to None, run_after=None
[2023-07-27T00:03:10.938-0300] {logging_mixin.py:150} INFO - [2023-07-27T00:03:10.938-0300] {dag.py:2742} INFO - Sync 2 DAGs
[2023-07-27T00:03:10.943-0300] {logging_mixin.py:150} INFO - [2023-07-27T00:03:10.942-0300] {dag.py:3504} INFO - Setting next_dagrun for example_subdag_operator.section-1 to None, run_after=None
[2023-07-27T00:03:10.943-0300] {logging_mixin.py:150} INFO - [2023-07-27T00:03:10.943-0300] {dag.py:3504} INFO - Setting next_dagrun for example_subdag_operator.section-2 to None, run_after=None
[2023-07-27T00:03:10.961-0300] {processor.py:179} INFO - Processing /home/gabi/Documentos/Gabi/Indicium/code-challenge-indicium/ind_env/lib/python3.10/site-packages/airflow/example_dags/example_subdag_operator.py took 0.116 seconds
[2023-07-27T20:30:09.881-0300] {processor.py:157} INFO - Started process (PID=13420) to work on /home/gabi/Documentos/Gabi/Indicium/code-challenge-indicium/ind_env/lib/python3.10/site-packages/airflow/example_dags/example_subdag_operator.py
[2023-07-27T20:30:09.884-0300] {processor.py:826} INFO - Processing file /home/gabi/Documentos/Gabi/Indicium/code-challenge-indicium/ind_env/lib/python3.10/site-packages/airflow/example_dags/example_subdag_operator.py for tasks to queue
[2023-07-27T20:30:09.885-0300] {logging_mixin.py:150} INFO - [2023-07-27T20:30:09.885-0300] {dagbag.py:541} INFO - Filling up the DagBag from /home/gabi/Documentos/Gabi/Indicium/code-challenge-indicium/ind_env/lib/python3.10/site-packages/airflow/example_dags/example_subdag_operator.py
[2023-07-27T20:30:09.937-0300] {processor.py:836} INFO - DAG(s) dict_keys(['example_subdag_operator.section-1', 'example_subdag_operator.section-2', 'example_subdag_operator']) retrieved from /home/gabi/Documentos/Gabi/Indicium/code-challenge-indicium/ind_env/lib/python3.10/site-packages/airflow/example_dags/example_subdag_operator.py
[2023-07-27T20:30:10.001-0300] {logging_mixin.py:150} INFO - [2023-07-27T20:30:10.000-0300] {dag.py:2742} INFO - Sync 3 DAGs
[2023-07-27T20:30:10.039-0300] {logging_mixin.py:150} INFO - [2023-07-27T20:30:10.039-0300] {dag.py:3504} INFO - Setting next_dagrun for example_subdag_operator to 2022-01-01T03:00:00+00:00, run_after=2022-01-01T03:00:00+00:00
[2023-07-27T20:30:10.046-0300] {logging_mixin.py:150} INFO - [2023-07-27T20:30:10.045-0300] {dag.py:3504} INFO - Setting next_dagrun for example_subdag_operator.section-1 to None, run_after=None
[2023-07-27T20:30:10.102-0300] {logging_mixin.py:150} INFO - [2023-07-27T20:30:10.101-0300] {dag.py:3504} INFO - Setting next_dagrun for example_subdag_operator.section-2 to None, run_after=None
[2023-07-27T20:30:10.169-0300] {logging_mixin.py:150} INFO - [2023-07-27T20:30:10.169-0300] {dag.py:2742} INFO - Sync 2 DAGs
[2023-07-27T20:30:10.178-0300] {logging_mixin.py:150} INFO - [2023-07-27T20:30:10.178-0300] {dag.py:3504} INFO - Setting next_dagrun for example_subdag_operator.section-1 to None, run_after=None
[2023-07-27T20:30:10.179-0300] {logging_mixin.py:150} INFO - [2023-07-27T20:30:10.179-0300] {dag.py:3504} INFO - Setting next_dagrun for example_subdag_operator.section-2 to None, run_after=None
[2023-07-27T20:30:10.277-0300] {processor.py:179} INFO - Processing /home/gabi/Documentos/Gabi/Indicium/code-challenge-indicium/ind_env/lib/python3.10/site-packages/airflow/example_dags/example_subdag_operator.py took 0.401 seconds
