[2023-07-26T23:59:07.539-0300] {processor.py:157} INFO - Started process (PID=9892) to work on /home/gabi/Documentos/Gabi/Indicium/code-challenge-indicium/ind_env/lib/python3.10/site-packages/airflow/example_dags/example_short_circuit_operator.py
[2023-07-26T23:59:07.541-0300] {processor.py:826} INFO - Processing file /home/gabi/Documentos/Gabi/Indicium/code-challenge-indicium/ind_env/lib/python3.10/site-packages/airflow/example_dags/example_short_circuit_operator.py for tasks to queue
[2023-07-26T23:59:07.543-0300] {logging_mixin.py:150} INFO - [2023-07-26T23:59:07.542-0300] {dagbag.py:541} INFO - Filling up the DagBag from /home/gabi/Documentos/Gabi/Indicium/code-challenge-indicium/ind_env/lib/python3.10/site-packages/airflow/example_dags/example_short_circuit_operator.py
[2023-07-26T23:59:07.621-0300] {processor.py:836} INFO - DAG(s) dict_keys(['example_short_circuit_operator']) retrieved from /home/gabi/Documentos/Gabi/Indicium/code-challenge-indicium/ind_env/lib/python3.10/site-packages/airflow/example_dags/example_short_circuit_operator.py
[2023-07-26T23:59:07.679-0300] {logging_mixin.py:150} INFO - [2023-07-26T23:59:07.679-0300] {dag.py:2742} INFO - Sync 1 DAGs
[2023-07-26T23:59:07.729-0300] {logging_mixin.py:150} INFO - [2023-07-26T23:59:07.729-0300] {dag.py:3504} INFO - Setting next_dagrun for example_short_circuit_operator to 2023-07-26T02:59:07.729062+00:00, run_after=2023-07-27T02:59:07.729062+00:00
[2023-07-26T23:59:07.794-0300] {processor.py:179} INFO - Processing /home/gabi/Documentos/Gabi/Indicium/code-challenge-indicium/ind_env/lib/python3.10/site-packages/airflow/example_dags/example_short_circuit_operator.py took 0.261 seconds
[2023-07-27T00:00:01.176-0300] {processor.py:157} INFO - Started process (PID=10075) to work on /home/gabi/Documentos/Gabi/Indicium/code-challenge-indicium/ind_env/lib/python3.10/site-packages/airflow/example_dags/example_short_circuit_operator.py
[2023-07-27T00:00:01.179-0300] {processor.py:826} INFO - Processing file /home/gabi/Documentos/Gabi/Indicium/code-challenge-indicium/ind_env/lib/python3.10/site-packages/airflow/example_dags/example_short_circuit_operator.py for tasks to queue
[2023-07-27T00:00:01.180-0300] {logging_mixin.py:150} INFO - [2023-07-27T00:00:01.179-0300] {dagbag.py:541} INFO - Filling up the DagBag from /home/gabi/Documentos/Gabi/Indicium/code-challenge-indicium/ind_env/lib/python3.10/site-packages/airflow/example_dags/example_short_circuit_operator.py
[2023-07-27T00:00:01.193-0300] {processor.py:836} INFO - DAG(s) dict_keys(['example_short_circuit_operator']) retrieved from /home/gabi/Documentos/Gabi/Indicium/code-challenge-indicium/ind_env/lib/python3.10/site-packages/airflow/example_dags/example_short_circuit_operator.py
[2023-07-27T00:00:01.218-0300] {logging_mixin.py:150} INFO - [2023-07-27T00:00:01.218-0300] {dag.py:2742} INFO - Sync 1 DAGs
[2023-07-27T00:00:01.242-0300] {logging_mixin.py:150} INFO - [2023-07-27T00:00:01.242-0300] {dag.py:3504} INFO - Setting next_dagrun for example_short_circuit_operator to 2023-07-26T03:00:01.241787+00:00, run_after=2023-07-27T03:00:01.241787+00:00
[2023-07-27T00:00:01.269-0300] {processor.py:179} INFO - Processing /home/gabi/Documentos/Gabi/Indicium/code-challenge-indicium/ind_env/lib/python3.10/site-packages/airflow/example_dags/example_short_circuit_operator.py took 0.097 seconds
[2023-07-27T00:00:53.439-0300] {processor.py:157} INFO - Started process (PID=10373) to work on /home/gabi/Documentos/Gabi/Indicium/code-challenge-indicium/ind_env/lib/python3.10/site-packages/airflow/example_dags/example_short_circuit_operator.py
[2023-07-27T00:00:53.441-0300] {processor.py:826} INFO - Processing file /home/gabi/Documentos/Gabi/Indicium/code-challenge-indicium/ind_env/lib/python3.10/site-packages/airflow/example_dags/example_short_circuit_operator.py for tasks to queue
[2023-07-27T00:00:53.442-0300] {logging_mixin.py:150} INFO - [2023-07-27T00:00:53.442-0300] {dagbag.py:541} INFO - Filling up the DagBag from /home/gabi/Documentos/Gabi/Indicium/code-challenge-indicium/ind_env/lib/python3.10/site-packages/airflow/example_dags/example_short_circuit_operator.py
[2023-07-27T00:00:53.453-0300] {processor.py:836} INFO - DAG(s) dict_keys(['example_short_circuit_operator']) retrieved from /home/gabi/Documentos/Gabi/Indicium/code-challenge-indicium/ind_env/lib/python3.10/site-packages/airflow/example_dags/example_short_circuit_operator.py
[2023-07-27T00:00:53.479-0300] {logging_mixin.py:150} INFO - [2023-07-27T00:00:53.478-0300] {dag.py:2742} INFO - Sync 1 DAGs
[2023-07-27T00:00:53.509-0300] {logging_mixin.py:150} INFO - [2023-07-27T00:00:53.508-0300] {dag.py:3504} INFO - Setting next_dagrun for example_short_circuit_operator to 2023-07-26T03:00:53.508337+00:00, run_after=2023-07-27T03:00:53.508337+00:00
[2023-07-27T00:00:53.542-0300] {processor.py:179} INFO - Processing /home/gabi/Documentos/Gabi/Indicium/code-challenge-indicium/ind_env/lib/python3.10/site-packages/airflow/example_dags/example_short_circuit_operator.py took 0.108 seconds
[2023-07-27T00:01:40.542-0300] {processor.py:157} INFO - Started process (PID=10513) to work on /home/gabi/Documentos/Gabi/Indicium/code-challenge-indicium/ind_env/lib/python3.10/site-packages/airflow/example_dags/example_short_circuit_operator.py
[2023-07-27T00:01:40.545-0300] {processor.py:826} INFO - Processing file /home/gabi/Documentos/Gabi/Indicium/code-challenge-indicium/ind_env/lib/python3.10/site-packages/airflow/example_dags/example_short_circuit_operator.py for tasks to queue
[2023-07-27T00:01:40.546-0300] {logging_mixin.py:150} INFO - [2023-07-27T00:01:40.546-0300] {dagbag.py:541} INFO - Filling up the DagBag from /home/gabi/Documentos/Gabi/Indicium/code-challenge-indicium/ind_env/lib/python3.10/site-packages/airflow/example_dags/example_short_circuit_operator.py
[2023-07-27T00:01:40.558-0300] {processor.py:836} INFO - DAG(s) dict_keys(['example_short_circuit_operator']) retrieved from /home/gabi/Documentos/Gabi/Indicium/code-challenge-indicium/ind_env/lib/python3.10/site-packages/airflow/example_dags/example_short_circuit_operator.py
[2023-07-27T00:01:40.585-0300] {logging_mixin.py:150} INFO - [2023-07-27T00:01:40.585-0300] {dag.py:2742} INFO - Sync 1 DAGs
[2023-07-27T00:01:40.609-0300] {logging_mixin.py:150} INFO - [2023-07-27T00:01:40.609-0300] {dag.py:3504} INFO - Setting next_dagrun for example_short_circuit_operator to 2023-07-26T03:01:40.608989+00:00, run_after=2023-07-27T03:01:40.608989+00:00
[2023-07-27T00:01:40.635-0300] {processor.py:179} INFO - Processing /home/gabi/Documentos/Gabi/Indicium/code-challenge-indicium/ind_env/lib/python3.10/site-packages/airflow/example_dags/example_short_circuit_operator.py took 0.098 seconds
[2023-07-27T00:02:25.755-0300] {processor.py:157} INFO - Started process (PID=10643) to work on /home/gabi/Documentos/Gabi/Indicium/code-challenge-indicium/ind_env/lib/python3.10/site-packages/airflow/example_dags/example_short_circuit_operator.py
[2023-07-27T00:02:25.760-0300] {processor.py:826} INFO - Processing file /home/gabi/Documentos/Gabi/Indicium/code-challenge-indicium/ind_env/lib/python3.10/site-packages/airflow/example_dags/example_short_circuit_operator.py for tasks to queue
[2023-07-27T00:02:25.761-0300] {logging_mixin.py:150} INFO - [2023-07-27T00:02:25.761-0300] {dagbag.py:541} INFO - Filling up the DagBag from /home/gabi/Documentos/Gabi/Indicium/code-challenge-indicium/ind_env/lib/python3.10/site-packages/airflow/example_dags/example_short_circuit_operator.py
[2023-07-27T00:02:25.773-0300] {processor.py:836} INFO - DAG(s) dict_keys(['example_short_circuit_operator']) retrieved from /home/gabi/Documentos/Gabi/Indicium/code-challenge-indicium/ind_env/lib/python3.10/site-packages/airflow/example_dags/example_short_circuit_operator.py
[2023-07-27T00:02:25.798-0300] {logging_mixin.py:150} INFO - [2023-07-27T00:02:25.798-0300] {dag.py:2742} INFO - Sync 1 DAGs
[2023-07-27T00:02:25.822-0300] {logging_mixin.py:150} INFO - [2023-07-27T00:02:25.822-0300] {dag.py:3504} INFO - Setting next_dagrun for example_short_circuit_operator to 2023-07-26T03:02:25.822355+00:00, run_after=2023-07-27T03:02:25.822355+00:00
[2023-07-27T00:02:25.849-0300] {processor.py:179} INFO - Processing /home/gabi/Documentos/Gabi/Indicium/code-challenge-indicium/ind_env/lib/python3.10/site-packages/airflow/example_dags/example_short_circuit_operator.py took 0.100 seconds
[2023-07-27T00:03:13.453-0300] {processor.py:157} INFO - Started process (PID=10767) to work on /home/gabi/Documentos/Gabi/Indicium/code-challenge-indicium/ind_env/lib/python3.10/site-packages/airflow/example_dags/example_short_circuit_operator.py
[2023-07-27T00:03:13.455-0300] {processor.py:826} INFO - Processing file /home/gabi/Documentos/Gabi/Indicium/code-challenge-indicium/ind_env/lib/python3.10/site-packages/airflow/example_dags/example_short_circuit_operator.py for tasks to queue
[2023-07-27T00:03:13.456-0300] {logging_mixin.py:150} INFO - [2023-07-27T00:03:13.456-0300] {dagbag.py:541} INFO - Filling up the DagBag from /home/gabi/Documentos/Gabi/Indicium/code-challenge-indicium/ind_env/lib/python3.10/site-packages/airflow/example_dags/example_short_circuit_operator.py
[2023-07-27T00:03:13.468-0300] {processor.py:836} INFO - DAG(s) dict_keys(['example_short_circuit_operator']) retrieved from /home/gabi/Documentos/Gabi/Indicium/code-challenge-indicium/ind_env/lib/python3.10/site-packages/airflow/example_dags/example_short_circuit_operator.py
[2023-07-27T00:03:13.492-0300] {logging_mixin.py:150} INFO - [2023-07-27T00:03:13.492-0300] {dag.py:2742} INFO - Sync 1 DAGs
[2023-07-27T00:03:13.515-0300] {logging_mixin.py:150} INFO - [2023-07-27T00:03:13.515-0300] {dag.py:3504} INFO - Setting next_dagrun for example_short_circuit_operator to 2023-07-26T03:03:13.515462+00:00, run_after=2023-07-27T03:03:13.515462+00:00
[2023-07-27T00:03:13.541-0300] {processor.py:179} INFO - Processing /home/gabi/Documentos/Gabi/Indicium/code-challenge-indicium/ind_env/lib/python3.10/site-packages/airflow/example_dags/example_short_circuit_operator.py took 0.093 seconds
