[2023-07-26T23:59:25.759-0300] {processor.py:157} INFO - Started process (PID=9954) to work on /home/gabi/Documentos/Gabi/Indicium/code-challenge-indicium/ind_env/lib/python3.10/site-packages/airflow/example_dags/example_dynamic_task_mapping.py
[2023-07-26T23:59:25.760-0300] {processor.py:826} INFO - Processing file /home/gabi/Documentos/Gabi/Indicium/code-challenge-indicium/ind_env/lib/python3.10/site-packages/airflow/example_dags/example_dynamic_task_mapping.py for tasks to queue
[2023-07-26T23:59:25.761-0300] {logging_mixin.py:150} INFO - [2023-07-26T23:59:25.760-0300] {dagbag.py:541} INFO - Filling up the DagBag from /home/gabi/Documentos/Gabi/Indicium/code-challenge-indicium/ind_env/lib/python3.10/site-packages/airflow/example_dags/example_dynamic_task_mapping.py
[2023-07-26T23:59:25.773-0300] {processor.py:836} INFO - DAG(s) dict_keys(['example_dynamic_task_mapping']) retrieved from /home/gabi/Documentos/Gabi/Indicium/code-challenge-indicium/ind_env/lib/python3.10/site-packages/airflow/example_dags/example_dynamic_task_mapping.py
[2023-07-26T23:59:25.795-0300] {logging_mixin.py:150} INFO - [2023-07-26T23:59:25.794-0300] {dag.py:2742} INFO - Sync 1 DAGs
[2023-07-26T23:59:25.819-0300] {logging_mixin.py:150} INFO - [2023-07-26T23:59:25.819-0300] {dag.py:3504} INFO - Setting next_dagrun for example_dynamic_task_mapping to 2022-03-04T03:00:00+00:00, run_after=2022-03-05T03:00:00+00:00
[2023-07-26T23:59:25.845-0300] {processor.py:179} INFO - Processing /home/gabi/Documentos/Gabi/Indicium/code-challenge-indicium/ind_env/lib/python3.10/site-packages/airflow/example_dags/example_dynamic_task_mapping.py took 0.090 seconds
[2023-07-27T00:00:17.367-0300] {processor.py:157} INFO - Started process (PID=10253) to work on /home/gabi/Documentos/Gabi/Indicium/code-challenge-indicium/ind_env/lib/python3.10/site-packages/airflow/example_dags/example_dynamic_task_mapping.py
[2023-07-27T00:00:17.371-0300] {processor.py:826} INFO - Processing file /home/gabi/Documentos/Gabi/Indicium/code-challenge-indicium/ind_env/lib/python3.10/site-packages/airflow/example_dags/example_dynamic_task_mapping.py for tasks to queue
[2023-07-27T00:00:17.372-0300] {logging_mixin.py:150} INFO - [2023-07-27T00:00:17.371-0300] {dagbag.py:541} INFO - Filling up the DagBag from /home/gabi/Documentos/Gabi/Indicium/code-challenge-indicium/ind_env/lib/python3.10/site-packages/airflow/example_dags/example_dynamic_task_mapping.py
[2023-07-27T00:00:17.382-0300] {processor.py:836} INFO - DAG(s) dict_keys(['example_dynamic_task_mapping']) retrieved from /home/gabi/Documentos/Gabi/Indicium/code-challenge-indicium/ind_env/lib/python3.10/site-packages/airflow/example_dags/example_dynamic_task_mapping.py
[2023-07-27T00:00:17.402-0300] {logging_mixin.py:150} INFO - [2023-07-27T00:00:17.401-0300] {dag.py:2742} INFO - Sync 1 DAGs
[2023-07-27T00:00:17.440-0300] {logging_mixin.py:150} INFO - [2023-07-27T00:00:17.439-0300] {dag.py:3504} INFO - Setting next_dagrun for example_dynamic_task_mapping to 2022-03-04T03:00:00+00:00, run_after=2022-03-05T03:00:00+00:00
[2023-07-27T00:00:17.477-0300] {processor.py:179} INFO - Processing /home/gabi/Documentos/Gabi/Indicium/code-challenge-indicium/ind_env/lib/python3.10/site-packages/airflow/example_dags/example_dynamic_task_mapping.py took 0.114 seconds
[2023-07-27T00:01:10.518-0300] {processor.py:157} INFO - Started process (PID=10423) to work on /home/gabi/Documentos/Gabi/Indicium/code-challenge-indicium/ind_env/lib/python3.10/site-packages/airflow/example_dags/example_dynamic_task_mapping.py
[2023-07-27T00:01:10.520-0300] {processor.py:826} INFO - Processing file /home/gabi/Documentos/Gabi/Indicium/code-challenge-indicium/ind_env/lib/python3.10/site-packages/airflow/example_dags/example_dynamic_task_mapping.py for tasks to queue
[2023-07-27T00:01:10.521-0300] {logging_mixin.py:150} INFO - [2023-07-27T00:01:10.521-0300] {dagbag.py:541} INFO - Filling up the DagBag from /home/gabi/Documentos/Gabi/Indicium/code-challenge-indicium/ind_env/lib/python3.10/site-packages/airflow/example_dags/example_dynamic_task_mapping.py
[2023-07-27T00:01:10.533-0300] {processor.py:836} INFO - DAG(s) dict_keys(['example_dynamic_task_mapping']) retrieved from /home/gabi/Documentos/Gabi/Indicium/code-challenge-indicium/ind_env/lib/python3.10/site-packages/airflow/example_dags/example_dynamic_task_mapping.py
[2023-07-27T00:01:10.562-0300] {logging_mixin.py:150} INFO - [2023-07-27T00:01:10.561-0300] {dag.py:2742} INFO - Sync 1 DAGs
[2023-07-27T00:01:10.605-0300] {logging_mixin.py:150} INFO - [2023-07-27T00:01:10.605-0300] {dag.py:3504} INFO - Setting next_dagrun for example_dynamic_task_mapping to 2022-03-04T03:00:00+00:00, run_after=2022-03-05T03:00:00+00:00
[2023-07-27T00:01:10.638-0300] {processor.py:179} INFO - Processing /home/gabi/Documentos/Gabi/Indicium/code-challenge-indicium/ind_env/lib/python3.10/site-packages/airflow/example_dags/example_dynamic_task_mapping.py took 0.124 seconds
[2023-07-27T00:02:16.193-0300] {processor.py:157} INFO - Started process (PID=10618) to work on /home/gabi/Documentos/Gabi/Indicium/code-challenge-indicium/ind_env/lib/python3.10/site-packages/airflow/example_dags/example_dynamic_task_mapping.py
[2023-07-27T00:02:16.198-0300] {processor.py:826} INFO - Processing file /home/gabi/Documentos/Gabi/Indicium/code-challenge-indicium/ind_env/lib/python3.10/site-packages/airflow/example_dags/example_dynamic_task_mapping.py for tasks to queue
[2023-07-27T00:02:16.199-0300] {logging_mixin.py:150} INFO - [2023-07-27T00:02:16.199-0300] {dagbag.py:541} INFO - Filling up the DagBag from /home/gabi/Documentos/Gabi/Indicium/code-challenge-indicium/ind_env/lib/python3.10/site-packages/airflow/example_dags/example_dynamic_task_mapping.py
[2023-07-27T00:02:16.210-0300] {processor.py:836} INFO - DAG(s) dict_keys(['example_dynamic_task_mapping']) retrieved from /home/gabi/Documentos/Gabi/Indicium/code-challenge-indicium/ind_env/lib/python3.10/site-packages/airflow/example_dags/example_dynamic_task_mapping.py
[2023-07-27T00:02:16.230-0300] {logging_mixin.py:150} INFO - [2023-07-27T00:02:16.230-0300] {dag.py:2742} INFO - Sync 1 DAGs
[2023-07-27T00:02:16.255-0300] {logging_mixin.py:150} INFO - [2023-07-27T00:02:16.254-0300] {dag.py:3504} INFO - Setting next_dagrun for example_dynamic_task_mapping to 2022-03-04T03:00:00+00:00, run_after=2022-03-05T03:00:00+00:00
[2023-07-27T00:02:16.279-0300] {processor.py:179} INFO - Processing /home/gabi/Documentos/Gabi/Indicium/code-challenge-indicium/ind_env/lib/python3.10/site-packages/airflow/example_dags/example_dynamic_task_mapping.py took 0.090 seconds
[2023-07-27T00:03:25.826-0300] {processor.py:157} INFO - Started process (PID=10830) to work on /home/gabi/Documentos/Gabi/Indicium/code-challenge-indicium/ind_env/lib/python3.10/site-packages/airflow/example_dags/example_dynamic_task_mapping.py
[2023-07-27T00:03:25.828-0300] {processor.py:826} INFO - Processing file /home/gabi/Documentos/Gabi/Indicium/code-challenge-indicium/ind_env/lib/python3.10/site-packages/airflow/example_dags/example_dynamic_task_mapping.py for tasks to queue
[2023-07-27T00:03:25.830-0300] {logging_mixin.py:150} INFO - [2023-07-27T00:03:25.829-0300] {dagbag.py:541} INFO - Filling up the DagBag from /home/gabi/Documentos/Gabi/Indicium/code-challenge-indicium/ind_env/lib/python3.10/site-packages/airflow/example_dags/example_dynamic_task_mapping.py
[2023-07-27T00:03:25.844-0300] {processor.py:836} INFO - DAG(s) dict_keys(['example_dynamic_task_mapping']) retrieved from /home/gabi/Documentos/Gabi/Indicium/code-challenge-indicium/ind_env/lib/python3.10/site-packages/airflow/example_dags/example_dynamic_task_mapping.py
[2023-07-27T00:03:25.890-0300] {logging_mixin.py:150} INFO - [2023-07-27T00:03:25.889-0300] {dag.py:2742} INFO - Sync 1 DAGs
[2023-07-27T00:03:25.944-0300] {logging_mixin.py:150} INFO - [2023-07-27T00:03:25.943-0300] {dag.py:3504} INFO - Setting next_dagrun for example_dynamic_task_mapping to 2022-03-04T03:00:00+00:00, run_after=2022-03-05T03:00:00+00:00
[2023-07-27T00:03:26.031-0300] {processor.py:179} INFO - Processing /home/gabi/Documentos/Gabi/Indicium/code-challenge-indicium/ind_env/lib/python3.10/site-packages/airflow/example_dags/example_dynamic_task_mapping.py took 0.210 seconds
[2023-07-27T20:30:31.832-0300] {processor.py:157} INFO - Started process (PID=13474) to work on /home/gabi/Documentos/Gabi/Indicium/code-challenge-indicium/ind_env/lib/python3.10/site-packages/airflow/example_dags/example_dynamic_task_mapping.py
[2023-07-27T20:30:31.835-0300] {processor.py:826} INFO - Processing file /home/gabi/Documentos/Gabi/Indicium/code-challenge-indicium/ind_env/lib/python3.10/site-packages/airflow/example_dags/example_dynamic_task_mapping.py for tasks to queue
[2023-07-27T20:30:31.836-0300] {logging_mixin.py:150} INFO - [2023-07-27T20:30:31.836-0300] {dagbag.py:541} INFO - Filling up the DagBag from /home/gabi/Documentos/Gabi/Indicium/code-challenge-indicium/ind_env/lib/python3.10/site-packages/airflow/example_dags/example_dynamic_task_mapping.py
[2023-07-27T20:30:31.851-0300] {processor.py:836} INFO - DAG(s) dict_keys(['example_dynamic_task_mapping']) retrieved from /home/gabi/Documentos/Gabi/Indicium/code-challenge-indicium/ind_env/lib/python3.10/site-packages/airflow/example_dags/example_dynamic_task_mapping.py
[2023-07-27T20:30:31.876-0300] {logging_mixin.py:150} INFO - [2023-07-27T20:30:31.876-0300] {dag.py:2742} INFO - Sync 1 DAGs
[2023-07-27T20:30:31.906-0300] {logging_mixin.py:150} INFO - [2023-07-27T20:30:31.906-0300] {dag.py:3504} INFO - Setting next_dagrun for example_dynamic_task_mapping to 2022-03-04T03:00:00+00:00, run_after=2022-03-05T03:00:00+00:00
[2023-07-27T20:30:31.941-0300] {processor.py:179} INFO - Processing /home/gabi/Documentos/Gabi/Indicium/code-challenge-indicium/ind_env/lib/python3.10/site-packages/airflow/example_dags/example_dynamic_task_mapping.py took 0.116 seconds
