[2023-07-26T23:59:21.746-0300] {processor.py:157} INFO - Started process (PID=9934) to work on /home/gabi/Documentos/Gabi/Indicium/code-challenge-indicium/ind_env/lib/python3.10/site-packages/airflow/example_dags/example_datasets.py
[2023-07-26T23:59:21.747-0300] {processor.py:826} INFO - Processing file /home/gabi/Documentos/Gabi/Indicium/code-challenge-indicium/ind_env/lib/python3.10/site-packages/airflow/example_dags/example_datasets.py for tasks to queue
[2023-07-26T23:59:21.748-0300] {logging_mixin.py:150} INFO - [2023-07-26T23:59:21.747-0300] {dagbag.py:541} INFO - Filling up the DagBag from /home/gabi/Documentos/Gabi/Indicium/code-challenge-indicium/ind_env/lib/python3.10/site-packages/airflow/example_dags/example_datasets.py
[2023-07-26T23:59:21.760-0300] {processor.py:836} INFO - DAG(s) dict_keys(['dataset_produces_2', 'dataset_produces_1', 'dataset_consumes_1_and_2', 'dataset_consumes_1', 'dataset_consumes_unknown_never_scheduled', 'dataset_consumes_1_never_scheduled']) retrieved from /home/gabi/Documentos/Gabi/Indicium/code-challenge-indicium/ind_env/lib/python3.10/site-packages/airflow/example_dags/example_datasets.py
[2023-07-26T23:59:21.800-0300] {logging_mixin.py:150} INFO - [2023-07-26T23:59:21.800-0300] {dag.py:2742} INFO - Sync 6 DAGs
[2023-07-26T23:59:21.826-0300] {logging_mixin.py:150} INFO - [2023-07-26T23:59:21.825-0300] {dag.py:3504} INFO - Setting next_dagrun for dataset_consumes_1 to None, run_after=None
[2023-07-26T23:59:21.829-0300] {logging_mixin.py:150} INFO - [2023-07-26T23:59:21.829-0300] {dag.py:3504} INFO - Setting next_dagrun for dataset_consumes_1_and_2 to None, run_after=None
[2023-07-26T23:59:21.830-0300] {logging_mixin.py:150} INFO - [2023-07-26T23:59:21.830-0300] {dag.py:3504} INFO - Setting next_dagrun for dataset_consumes_1_never_scheduled to None, run_after=None
[2023-07-26T23:59:21.831-0300] {logging_mixin.py:150} INFO - [2023-07-26T23:59:21.831-0300] {dag.py:3504} INFO - Setting next_dagrun for dataset_consumes_unknown_never_scheduled to None, run_after=None
[2023-07-26T23:59:21.835-0300] {logging_mixin.py:150} INFO - [2023-07-26T23:59:21.835-0300] {dag.py:3504} INFO - Setting next_dagrun for dataset_produces_1 to 2023-07-26T00:00:00+00:00, run_after=2023-07-27T00:00:00+00:00
[2023-07-26T23:59:21.837-0300] {logging_mixin.py:150} INFO - [2023-07-26T23:59:21.837-0300] {dag.py:3504} INFO - Setting next_dagrun for dataset_produces_2 to None, run_after=None
[2023-07-26T23:59:21.877-0300] {processor.py:179} INFO - Processing /home/gabi/Documentos/Gabi/Indicium/code-challenge-indicium/ind_env/lib/python3.10/site-packages/airflow/example_dags/example_datasets.py took 0.135 seconds
[2023-07-27T00:00:14.673-0300] {processor.py:157} INFO - Started process (PID=10241) to work on /home/gabi/Documentos/Gabi/Indicium/code-challenge-indicium/ind_env/lib/python3.10/site-packages/airflow/example_dags/example_datasets.py
[2023-07-27T00:00:14.675-0300] {processor.py:826} INFO - Processing file /home/gabi/Documentos/Gabi/Indicium/code-challenge-indicium/ind_env/lib/python3.10/site-packages/airflow/example_dags/example_datasets.py for tasks to queue
[2023-07-27T00:00:14.676-0300] {logging_mixin.py:150} INFO - [2023-07-27T00:00:14.676-0300] {dagbag.py:541} INFO - Filling up the DagBag from /home/gabi/Documentos/Gabi/Indicium/code-challenge-indicium/ind_env/lib/python3.10/site-packages/airflow/example_dags/example_datasets.py
[2023-07-27T00:00:14.689-0300] {processor.py:836} INFO - DAG(s) dict_keys(['dataset_consumes_1_never_scheduled', 'dataset_produces_1', 'dataset_consumes_unknown_never_scheduled', 'dataset_consumes_1', 'dataset_consumes_1_and_2', 'dataset_produces_2']) retrieved from /home/gabi/Documentos/Gabi/Indicium/code-challenge-indicium/ind_env/lib/python3.10/site-packages/airflow/example_dags/example_datasets.py
[2023-07-27T00:00:14.736-0300] {logging_mixin.py:150} INFO - [2023-07-27T00:00:14.736-0300] {dag.py:2742} INFO - Sync 6 DAGs
[2023-07-27T00:00:14.760-0300] {logging_mixin.py:150} INFO - [2023-07-27T00:00:14.760-0300] {dag.py:3504} INFO - Setting next_dagrun for dataset_consumes_1 to None, run_after=None
[2023-07-27T00:00:14.766-0300] {logging_mixin.py:150} INFO - [2023-07-27T00:00:14.765-0300] {dag.py:3504} INFO - Setting next_dagrun for dataset_consumes_1_and_2 to None, run_after=None
[2023-07-27T00:00:14.767-0300] {logging_mixin.py:150} INFO - [2023-07-27T00:00:14.767-0300] {dag.py:3504} INFO - Setting next_dagrun for dataset_consumes_1_never_scheduled to None, run_after=None
[2023-07-27T00:00:14.769-0300] {logging_mixin.py:150} INFO - [2023-07-27T00:00:14.769-0300] {dag.py:3504} INFO - Setting next_dagrun for dataset_consumes_unknown_never_scheduled to None, run_after=None
[2023-07-27T00:00:14.772-0300] {logging_mixin.py:150} INFO - [2023-07-27T00:00:14.772-0300] {dag.py:3504} INFO - Setting next_dagrun for dataset_produces_1 to 2023-07-26T00:00:00+00:00, run_after=2023-07-27T00:00:00+00:00
[2023-07-27T00:00:14.773-0300] {logging_mixin.py:150} INFO - [2023-07-27T00:00:14.773-0300] {dag.py:3504} INFO - Setting next_dagrun for dataset_produces_2 to None, run_after=None
[2023-07-27T00:00:14.812-0300] {processor.py:179} INFO - Processing /home/gabi/Documentos/Gabi/Indicium/code-challenge-indicium/ind_env/lib/python3.10/site-packages/airflow/example_dags/example_datasets.py took 0.143 seconds
[2023-07-27T00:01:06.631-0300] {processor.py:157} INFO - Started process (PID=10418) to work on /home/gabi/Documentos/Gabi/Indicium/code-challenge-indicium/ind_env/lib/python3.10/site-packages/airflow/example_dags/example_datasets.py
[2023-07-27T00:01:06.636-0300] {processor.py:826} INFO - Processing file /home/gabi/Documentos/Gabi/Indicium/code-challenge-indicium/ind_env/lib/python3.10/site-packages/airflow/example_dags/example_datasets.py for tasks to queue
[2023-07-27T00:01:06.637-0300] {logging_mixin.py:150} INFO - [2023-07-27T00:01:06.637-0300] {dagbag.py:541} INFO - Filling up the DagBag from /home/gabi/Documentos/Gabi/Indicium/code-challenge-indicium/ind_env/lib/python3.10/site-packages/airflow/example_dags/example_datasets.py
[2023-07-27T00:01:06.650-0300] {processor.py:836} INFO - DAG(s) dict_keys(['dataset_consumes_unknown_never_scheduled', 'dataset_consumes_1_and_2', 'dataset_consumes_1', 'dataset_produces_2', 'dataset_consumes_1_never_scheduled', 'dataset_produces_1']) retrieved from /home/gabi/Documentos/Gabi/Indicium/code-challenge-indicium/ind_env/lib/python3.10/site-packages/airflow/example_dags/example_datasets.py
[2023-07-27T00:01:06.690-0300] {logging_mixin.py:150} INFO - [2023-07-27T00:01:06.690-0300] {dag.py:2742} INFO - Sync 6 DAGs
[2023-07-27T00:01:06.716-0300] {logging_mixin.py:150} INFO - [2023-07-27T00:01:06.716-0300] {dag.py:3504} INFO - Setting next_dagrun for dataset_consumes_1 to None, run_after=None
[2023-07-27T00:01:06.720-0300] {logging_mixin.py:150} INFO - [2023-07-27T00:01:06.720-0300] {dag.py:3504} INFO - Setting next_dagrun for dataset_consumes_1_and_2 to None, run_after=None
[2023-07-27T00:01:06.722-0300] {logging_mixin.py:150} INFO - [2023-07-27T00:01:06.721-0300] {dag.py:3504} INFO - Setting next_dagrun for dataset_consumes_1_never_scheduled to None, run_after=None
[2023-07-27T00:01:06.723-0300] {logging_mixin.py:150} INFO - [2023-07-27T00:01:06.722-0300] {dag.py:3504} INFO - Setting next_dagrun for dataset_consumes_unknown_never_scheduled to None, run_after=None
[2023-07-27T00:01:06.726-0300] {logging_mixin.py:150} INFO - [2023-07-27T00:01:06.726-0300] {dag.py:3504} INFO - Setting next_dagrun for dataset_produces_1 to 2023-07-26T00:00:00+00:00, run_after=2023-07-27T00:00:00+00:00
[2023-07-27T00:01:06.727-0300] {logging_mixin.py:150} INFO - [2023-07-27T00:01:06.727-0300] {dag.py:3504} INFO - Setting next_dagrun for dataset_produces_2 to None, run_after=None
[2023-07-27T00:01:06.764-0300] {processor.py:179} INFO - Processing /home/gabi/Documentos/Gabi/Indicium/code-challenge-indicium/ind_env/lib/python3.10/site-packages/airflow/example_dags/example_datasets.py took 0.137 seconds
[2023-07-27T00:02:11.509-0300] {processor.py:157} INFO - Started process (PID=10597) to work on /home/gabi/Documentos/Gabi/Indicium/code-challenge-indicium/ind_env/lib/python3.10/site-packages/airflow/example_dags/example_datasets.py
[2023-07-27T00:02:11.515-0300] {processor.py:826} INFO - Processing file /home/gabi/Documentos/Gabi/Indicium/code-challenge-indicium/ind_env/lib/python3.10/site-packages/airflow/example_dags/example_datasets.py for tasks to queue
[2023-07-27T00:02:11.516-0300] {logging_mixin.py:150} INFO - [2023-07-27T00:02:11.516-0300] {dagbag.py:541} INFO - Filling up the DagBag from /home/gabi/Documentos/Gabi/Indicium/code-challenge-indicium/ind_env/lib/python3.10/site-packages/airflow/example_dags/example_datasets.py
[2023-07-27T00:02:11.530-0300] {processor.py:836} INFO - DAG(s) dict_keys(['dataset_produces_1', 'dataset_consumes_unknown_never_scheduled', 'dataset_consumes_1_and_2', 'dataset_consumes_1_never_scheduled', 'dataset_produces_2', 'dataset_consumes_1']) retrieved from /home/gabi/Documentos/Gabi/Indicium/code-challenge-indicium/ind_env/lib/python3.10/site-packages/airflow/example_dags/example_datasets.py
[2023-07-27T00:02:11.568-0300] {logging_mixin.py:150} INFO - [2023-07-27T00:02:11.567-0300] {dag.py:2742} INFO - Sync 6 DAGs
[2023-07-27T00:02:11.593-0300] {logging_mixin.py:150} INFO - [2023-07-27T00:02:11.592-0300] {dag.py:3504} INFO - Setting next_dagrun for dataset_consumes_1 to None, run_after=None
[2023-07-27T00:02:11.596-0300] {logging_mixin.py:150} INFO - [2023-07-27T00:02:11.596-0300] {dag.py:3504} INFO - Setting next_dagrun for dataset_consumes_1_and_2 to None, run_after=None
[2023-07-27T00:02:11.598-0300] {logging_mixin.py:150} INFO - [2023-07-27T00:02:11.597-0300] {dag.py:3504} INFO - Setting next_dagrun for dataset_consumes_1_never_scheduled to None, run_after=None
[2023-07-27T00:02:11.599-0300] {logging_mixin.py:150} INFO - [2023-07-27T00:02:11.598-0300] {dag.py:3504} INFO - Setting next_dagrun for dataset_consumes_unknown_never_scheduled to None, run_after=None
[2023-07-27T00:02:11.602-0300] {logging_mixin.py:150} INFO - [2023-07-27T00:02:11.602-0300] {dag.py:3504} INFO - Setting next_dagrun for dataset_produces_1 to 2023-07-26T00:00:00+00:00, run_after=2023-07-27T00:00:00+00:00
[2023-07-27T00:02:11.603-0300] {logging_mixin.py:150} INFO - [2023-07-27T00:02:11.603-0300] {dag.py:3504} INFO - Setting next_dagrun for dataset_produces_2 to None, run_after=None
[2023-07-27T00:02:11.638-0300] {processor.py:179} INFO - Processing /home/gabi/Documentos/Gabi/Indicium/code-challenge-indicium/ind_env/lib/python3.10/site-packages/airflow/example_dags/example_datasets.py took 0.133 seconds
[2023-07-27T00:03:21.161-0300] {processor.py:157} INFO - Started process (PID=10792) to work on /home/gabi/Documentos/Gabi/Indicium/code-challenge-indicium/ind_env/lib/python3.10/site-packages/airflow/example_dags/example_datasets.py
[2023-07-27T00:03:21.164-0300] {processor.py:826} INFO - Processing file /home/gabi/Documentos/Gabi/Indicium/code-challenge-indicium/ind_env/lib/python3.10/site-packages/airflow/example_dags/example_datasets.py for tasks to queue
[2023-07-27T00:03:21.165-0300] {logging_mixin.py:150} INFO - [2023-07-27T00:03:21.164-0300] {dagbag.py:541} INFO - Filling up the DagBag from /home/gabi/Documentos/Gabi/Indicium/code-challenge-indicium/ind_env/lib/python3.10/site-packages/airflow/example_dags/example_datasets.py
[2023-07-27T00:03:21.178-0300] {processor.py:836} INFO - DAG(s) dict_keys(['dataset_consumes_1_never_scheduled', 'dataset_produces_1', 'dataset_consumes_unknown_never_scheduled', 'dataset_produces_2', 'dataset_consumes_1_and_2', 'dataset_consumes_1']) retrieved from /home/gabi/Documentos/Gabi/Indicium/code-challenge-indicium/ind_env/lib/python3.10/site-packages/airflow/example_dags/example_datasets.py
[2023-07-27T00:03:21.214-0300] {logging_mixin.py:150} INFO - [2023-07-27T00:03:21.214-0300] {dag.py:2742} INFO - Sync 6 DAGs
[2023-07-27T00:03:21.239-0300] {logging_mixin.py:150} INFO - [2023-07-27T00:03:21.239-0300] {dag.py:3504} INFO - Setting next_dagrun for dataset_consumes_1 to None, run_after=None
[2023-07-27T00:03:21.244-0300] {logging_mixin.py:150} INFO - [2023-07-27T00:03:21.244-0300] {dag.py:3504} INFO - Setting next_dagrun for dataset_consumes_1_and_2 to None, run_after=None
[2023-07-27T00:03:21.245-0300] {logging_mixin.py:150} INFO - [2023-07-27T00:03:21.245-0300] {dag.py:3504} INFO - Setting next_dagrun for dataset_consumes_1_never_scheduled to None, run_after=None
[2023-07-27T00:03:21.246-0300] {logging_mixin.py:150} INFO - [2023-07-27T00:03:21.246-0300] {dag.py:3504} INFO - Setting next_dagrun for dataset_consumes_unknown_never_scheduled to None, run_after=None
[2023-07-27T00:03:21.249-0300] {logging_mixin.py:150} INFO - [2023-07-27T00:03:21.249-0300] {dag.py:3504} INFO - Setting next_dagrun for dataset_produces_1 to 2023-07-26T00:00:00+00:00, run_after=2023-07-27T00:00:00+00:00
[2023-07-27T00:03:21.250-0300] {logging_mixin.py:150} INFO - [2023-07-27T00:03:21.250-0300] {dag.py:3504} INFO - Setting next_dagrun for dataset_produces_2 to None, run_after=None
[2023-07-27T00:03:21.287-0300] {processor.py:179} INFO - Processing /home/gabi/Documentos/Gabi/Indicium/code-challenge-indicium/ind_env/lib/python3.10/site-packages/airflow/example_dags/example_datasets.py took 0.130 seconds
