[2023-07-26T23:59:29.285-0300] {processor.py:157} INFO - Started process (PID=9958) to work on /home/gabi/Documentos/Gabi/Indicium/code-challenge-indicium/ind_env/lib/python3.10/site-packages/airflow/example_dags/example_branch_datetime_operator.py
[2023-07-26T23:59:29.287-0300] {processor.py:826} INFO - Processing file /home/gabi/Documentos/Gabi/Indicium/code-challenge-indicium/ind_env/lib/python3.10/site-packages/airflow/example_dags/example_branch_datetime_operator.py for tasks to queue
[2023-07-26T23:59:29.288-0300] {logging_mixin.py:150} INFO - [2023-07-26T23:59:29.287-0300] {dagbag.py:541} INFO - Filling up the DagBag from /home/gabi/Documentos/Gabi/Indicium/code-challenge-indicium/ind_env/lib/python3.10/site-packages/airflow/example_dags/example_branch_datetime_operator.py
[2023-07-26T23:59:29.304-0300] {processor.py:836} INFO - DAG(s) dict_keys(['example_branch_datetime_operator_3', 'example_branch_datetime_operator', 'example_branch_datetime_operator_2']) retrieved from /home/gabi/Documentos/Gabi/Indicium/code-challenge-indicium/ind_env/lib/python3.10/site-packages/airflow/example_dags/example_branch_datetime_operator.py
[2023-07-26T23:59:29.335-0300] {logging_mixin.py:150} INFO - [2023-07-26T23:59:29.335-0300] {dag.py:2742} INFO - Sync 3 DAGs
[2023-07-26T23:59:29.362-0300] {logging_mixin.py:150} INFO - [2023-07-26T23:59:29.361-0300] {dag.py:3504} INFO - Setting next_dagrun for example_branch_datetime_operator to 2023-07-26T00:00:00+00:00, run_after=2023-07-27T00:00:00+00:00
[2023-07-26T23:59:29.367-0300] {logging_mixin.py:150} INFO - [2023-07-26T23:59:29.367-0300] {dag.py:3504} INFO - Setting next_dagrun for example_branch_datetime_operator_2 to 2023-07-26T00:00:00+00:00, run_after=2023-07-27T00:00:00+00:00
[2023-07-26T23:59:29.370-0300] {logging_mixin.py:150} INFO - [2023-07-26T23:59:29.370-0300] {dag.py:3504} INFO - Setting next_dagrun for example_branch_datetime_operator_3 to 2023-07-26T00:00:00+00:00, run_after=2023-07-27T00:00:00+00:00
[2023-07-26T23:59:29.394-0300] {processor.py:179} INFO - Processing /home/gabi/Documentos/Gabi/Indicium/code-challenge-indicium/ind_env/lib/python3.10/site-packages/airflow/example_dags/example_branch_datetime_operator.py took 0.113 seconds
[2023-07-27T00:00:21.250-0300] {processor.py:157} INFO - Started process (PID=10265) to work on /home/gabi/Documentos/Gabi/Indicium/code-challenge-indicium/ind_env/lib/python3.10/site-packages/airflow/example_dags/example_branch_datetime_operator.py
[2023-07-27T00:00:21.252-0300] {processor.py:826} INFO - Processing file /home/gabi/Documentos/Gabi/Indicium/code-challenge-indicium/ind_env/lib/python3.10/site-packages/airflow/example_dags/example_branch_datetime_operator.py for tasks to queue
[2023-07-27T00:00:21.254-0300] {logging_mixin.py:150} INFO - [2023-07-27T00:00:21.253-0300] {dagbag.py:541} INFO - Filling up the DagBag from /home/gabi/Documentos/Gabi/Indicium/code-challenge-indicium/ind_env/lib/python3.10/site-packages/airflow/example_dags/example_branch_datetime_operator.py
[2023-07-27T00:00:21.269-0300] {processor.py:836} INFO - DAG(s) dict_keys(['example_branch_datetime_operator_3', 'example_branch_datetime_operator', 'example_branch_datetime_operator_2']) retrieved from /home/gabi/Documentos/Gabi/Indicium/code-challenge-indicium/ind_env/lib/python3.10/site-packages/airflow/example_dags/example_branch_datetime_operator.py
[2023-07-27T00:00:21.300-0300] {logging_mixin.py:150} INFO - [2023-07-27T00:00:21.300-0300] {dag.py:2742} INFO - Sync 3 DAGs
[2023-07-27T00:00:21.327-0300] {logging_mixin.py:150} INFO - [2023-07-27T00:00:21.326-0300] {dag.py:3504} INFO - Setting next_dagrun for example_branch_datetime_operator to 2023-07-26T00:00:00+00:00, run_after=2023-07-27T00:00:00+00:00
[2023-07-27T00:00:21.332-0300] {logging_mixin.py:150} INFO - [2023-07-27T00:00:21.332-0300] {dag.py:3504} INFO - Setting next_dagrun for example_branch_datetime_operator_2 to 2023-07-26T00:00:00+00:00, run_after=2023-07-27T00:00:00+00:00
[2023-07-27T00:00:21.335-0300] {logging_mixin.py:150} INFO - [2023-07-27T00:00:21.335-0300] {dag.py:3504} INFO - Setting next_dagrun for example_branch_datetime_operator_3 to 2023-07-26T00:00:00+00:00, run_after=2023-07-27T00:00:00+00:00
[2023-07-27T00:00:21.361-0300] {processor.py:179} INFO - Processing /home/gabi/Documentos/Gabi/Indicium/code-challenge-indicium/ind_env/lib/python3.10/site-packages/airflow/example_dags/example_branch_datetime_operator.py took 0.116 seconds
[2023-07-27T00:01:29.145-0300] {processor.py:157} INFO - Started process (PID=10488) to work on /home/gabi/Documentos/Gabi/Indicium/code-challenge-indicium/ind_env/lib/python3.10/site-packages/airflow/example_dags/example_branch_datetime_operator.py
[2023-07-27T00:01:29.148-0300] {processor.py:826} INFO - Processing file /home/gabi/Documentos/Gabi/Indicium/code-challenge-indicium/ind_env/lib/python3.10/site-packages/airflow/example_dags/example_branch_datetime_operator.py for tasks to queue
[2023-07-27T00:01:29.149-0300] {logging_mixin.py:150} INFO - [2023-07-27T00:01:29.148-0300] {dagbag.py:541} INFO - Filling up the DagBag from /home/gabi/Documentos/Gabi/Indicium/code-challenge-indicium/ind_env/lib/python3.10/site-packages/airflow/example_dags/example_branch_datetime_operator.py
[2023-07-27T00:01:29.163-0300] {processor.py:836} INFO - DAG(s) dict_keys(['example_branch_datetime_operator_3', 'example_branch_datetime_operator_2', 'example_branch_datetime_operator']) retrieved from /home/gabi/Documentos/Gabi/Indicium/code-challenge-indicium/ind_env/lib/python3.10/site-packages/airflow/example_dags/example_branch_datetime_operator.py
[2023-07-27T00:01:29.192-0300] {logging_mixin.py:150} INFO - [2023-07-27T00:01:29.191-0300] {dag.py:2742} INFO - Sync 3 DAGs
[2023-07-27T00:01:29.220-0300] {logging_mixin.py:150} INFO - [2023-07-27T00:01:29.220-0300] {dag.py:3504} INFO - Setting next_dagrun for example_branch_datetime_operator to 2023-07-26T00:00:00+00:00, run_after=2023-07-27T00:00:00+00:00
[2023-07-27T00:01:29.226-0300] {logging_mixin.py:150} INFO - [2023-07-27T00:01:29.226-0300] {dag.py:3504} INFO - Setting next_dagrun for example_branch_datetime_operator_2 to 2023-07-26T00:00:00+00:00, run_after=2023-07-27T00:00:00+00:00
[2023-07-27T00:01:29.229-0300] {logging_mixin.py:150} INFO - [2023-07-27T00:01:29.229-0300] {dag.py:3504} INFO - Setting next_dagrun for example_branch_datetime_operator_3 to 2023-07-26T00:00:00+00:00, run_after=2023-07-27T00:00:00+00:00
[2023-07-27T00:01:29.255-0300] {processor.py:179} INFO - Processing /home/gabi/Documentos/Gabi/Indicium/code-challenge-indicium/ind_env/lib/python3.10/site-packages/airflow/example_dags/example_branch_datetime_operator.py took 0.114 seconds
[2023-07-27T00:02:34.930-0300] {processor.py:157} INFO - Started process (PID=10671) to work on /home/gabi/Documentos/Gabi/Indicium/code-challenge-indicium/ind_env/lib/python3.10/site-packages/airflow/example_dags/example_branch_datetime_operator.py
[2023-07-27T00:02:34.933-0300] {processor.py:826} INFO - Processing file /home/gabi/Documentos/Gabi/Indicium/code-challenge-indicium/ind_env/lib/python3.10/site-packages/airflow/example_dags/example_branch_datetime_operator.py for tasks to queue
[2023-07-27T00:02:34.935-0300] {logging_mixin.py:150} INFO - [2023-07-27T00:02:34.934-0300] {dagbag.py:541} INFO - Filling up the DagBag from /home/gabi/Documentos/Gabi/Indicium/code-challenge-indicium/ind_env/lib/python3.10/site-packages/airflow/example_dags/example_branch_datetime_operator.py
[2023-07-27T00:02:34.952-0300] {processor.py:836} INFO - DAG(s) dict_keys(['example_branch_datetime_operator_3', 'example_branch_datetime_operator_2', 'example_branch_datetime_operator']) retrieved from /home/gabi/Documentos/Gabi/Indicium/code-challenge-indicium/ind_env/lib/python3.10/site-packages/airflow/example_dags/example_branch_datetime_operator.py
[2023-07-27T00:02:34.989-0300] {logging_mixin.py:150} INFO - [2023-07-27T00:02:34.989-0300] {dag.py:2742} INFO - Sync 3 DAGs
[2023-07-27T00:02:35.022-0300] {logging_mixin.py:150} INFO - [2023-07-27T00:02:35.022-0300] {dag.py:3504} INFO - Setting next_dagrun for example_branch_datetime_operator to 2023-07-26T00:00:00+00:00, run_after=2023-07-27T00:00:00+00:00
[2023-07-27T00:02:35.028-0300] {logging_mixin.py:150} INFO - [2023-07-27T00:02:35.028-0300] {dag.py:3504} INFO - Setting next_dagrun for example_branch_datetime_operator_2 to 2023-07-26T00:00:00+00:00, run_after=2023-07-27T00:00:00+00:00
[2023-07-27T00:02:35.032-0300] {logging_mixin.py:150} INFO - [2023-07-27T00:02:35.031-0300] {dag.py:3504} INFO - Setting next_dagrun for example_branch_datetime_operator_3 to 2023-07-26T00:00:00+00:00, run_after=2023-07-27T00:00:00+00:00
[2023-07-27T00:02:35.058-0300] {processor.py:179} INFO - Processing /home/gabi/Documentos/Gabi/Indicium/code-challenge-indicium/ind_env/lib/python3.10/site-packages/airflow/example_dags/example_branch_datetime_operator.py took 0.133 seconds
[2023-07-27T20:30:34.679-0300] {processor.py:157} INFO - Started process (PID=13477) to work on /home/gabi/Documentos/Gabi/Indicium/code-challenge-indicium/ind_env/lib/python3.10/site-packages/airflow/example_dags/example_branch_datetime_operator.py
[2023-07-27T20:30:34.688-0300] {processor.py:826} INFO - Processing file /home/gabi/Documentos/Gabi/Indicium/code-challenge-indicium/ind_env/lib/python3.10/site-packages/airflow/example_dags/example_branch_datetime_operator.py for tasks to queue
[2023-07-27T20:30:34.691-0300] {logging_mixin.py:150} INFO - [2023-07-27T20:30:34.690-0300] {dagbag.py:541} INFO - Filling up the DagBag from /home/gabi/Documentos/Gabi/Indicium/code-challenge-indicium/ind_env/lib/python3.10/site-packages/airflow/example_dags/example_branch_datetime_operator.py
[2023-07-27T20:30:34.725-0300] {processor.py:836} INFO - DAG(s) dict_keys(['example_branch_datetime_operator_2', 'example_branch_datetime_operator', 'example_branch_datetime_operator_3']) retrieved from /home/gabi/Documentos/Gabi/Indicium/code-challenge-indicium/ind_env/lib/python3.10/site-packages/airflow/example_dags/example_branch_datetime_operator.py
[2023-07-27T20:30:34.793-0300] {logging_mixin.py:150} INFO - [2023-07-27T20:30:34.792-0300] {dag.py:2742} INFO - Sync 3 DAGs
[2023-07-27T20:30:34.848-0300] {logging_mixin.py:150} INFO - [2023-07-27T20:30:34.847-0300] {dag.py:3504} INFO - Setting next_dagrun for example_branch_datetime_operator to 2023-07-26T00:00:00+00:00, run_after=2023-07-27T00:00:00+00:00
[2023-07-27T20:30:34.858-0300] {logging_mixin.py:150} INFO - [2023-07-27T20:30:34.858-0300] {dag.py:3504} INFO - Setting next_dagrun for example_branch_datetime_operator_2 to 2023-07-26T00:00:00+00:00, run_after=2023-07-27T00:00:00+00:00
[2023-07-27T20:30:34.864-0300] {logging_mixin.py:150} INFO - [2023-07-27T20:30:34.864-0300] {dag.py:3504} INFO - Setting next_dagrun for example_branch_datetime_operator_3 to 2023-07-26T00:00:00+00:00, run_after=2023-07-27T00:00:00+00:00
[2023-07-27T20:30:34.916-0300] {processor.py:179} INFO - Processing /home/gabi/Documentos/Gabi/Indicium/code-challenge-indicium/ind_env/lib/python3.10/site-packages/airflow/example_dags/example_branch_datetime_operator.py took 0.243 seconds
