[2023-07-26T23:59:01.304-0300] {processor.py:157} INFO - Started process (PID=9856) to work on /home/gabi/Documentos/Gabi/Indicium/code-challenge-indicium/ind_env/lib/python3.10/site-packages/airflow/example_dags/example_params_ui_tutorial.py
[2023-07-26T23:59:01.306-0300] {processor.py:826} INFO - Processing file /home/gabi/Documentos/Gabi/Indicium/code-challenge-indicium/ind_env/lib/python3.10/site-packages/airflow/example_dags/example_params_ui_tutorial.py for tasks to queue
[2023-07-26T23:59:01.307-0300] {logging_mixin.py:150} INFO - [2023-07-26T23:59:01.307-0300] {dagbag.py:541} INFO - Filling up the DagBag from /home/gabi/Documentos/Gabi/Indicium/code-challenge-indicium/ind_env/lib/python3.10/site-packages/airflow/example_dags/example_params_ui_tutorial.py
[2023-07-26T23:59:01.380-0300] {processor.py:836} INFO - DAG(s) dict_keys(['example_params_ui_tutorial']) retrieved from /home/gabi/Documentos/Gabi/Indicium/code-challenge-indicium/ind_env/lib/python3.10/site-packages/airflow/example_dags/example_params_ui_tutorial.py
[2023-07-26T23:59:01.541-0300] {logging_mixin.py:150} INFO - [2023-07-26T23:59:01.541-0300] {dag.py:2742} INFO - Sync 1 DAGs
[2023-07-26T23:59:01.626-0300] {logging_mixin.py:150} INFO - [2023-07-26T23:59:01.626-0300] {dag.py:3504} INFO - Setting next_dagrun for example_params_ui_tutorial to None, run_after=None
[2023-07-26T23:59:01.761-0300] {processor.py:179} INFO - Processing /home/gabi/Documentos/Gabi/Indicium/code-challenge-indicium/ind_env/lib/python3.10/site-packages/airflow/example_dags/example_params_ui_tutorial.py took 0.463 seconds
[2023-07-26T23:59:55.313-0300] {processor.py:157} INFO - Started process (PID=10049) to work on /home/gabi/Documentos/Gabi/Indicium/code-challenge-indicium/ind_env/lib/python3.10/site-packages/airflow/example_dags/example_params_ui_tutorial.py
[2023-07-26T23:59:55.316-0300] {processor.py:826} INFO - Processing file /home/gabi/Documentos/Gabi/Indicium/code-challenge-indicium/ind_env/lib/python3.10/site-packages/airflow/example_dags/example_params_ui_tutorial.py for tasks to queue
[2023-07-26T23:59:55.317-0300] {logging_mixin.py:150} INFO - [2023-07-26T23:59:55.317-0300] {dagbag.py:541} INFO - Filling up the DagBag from /home/gabi/Documentos/Gabi/Indicium/code-challenge-indicium/ind_env/lib/python3.10/site-packages/airflow/example_dags/example_params_ui_tutorial.py
[2023-07-26T23:59:55.356-0300] {processor.py:836} INFO - DAG(s) dict_keys(['example_params_ui_tutorial']) retrieved from /home/gabi/Documentos/Gabi/Indicium/code-challenge-indicium/ind_env/lib/python3.10/site-packages/airflow/example_dags/example_params_ui_tutorial.py
[2023-07-26T23:59:55.410-0300] {logging_mixin.py:150} INFO - [2023-07-26T23:59:55.410-0300] {dag.py:2742} INFO - Sync 1 DAGs
[2023-07-26T23:59:55.433-0300] {logging_mixin.py:150} INFO - [2023-07-26T23:59:55.433-0300] {dag.py:3504} INFO - Setting next_dagrun for example_params_ui_tutorial to None, run_after=None
[2023-07-26T23:59:55.460-0300] {processor.py:179} INFO - Processing /home/gabi/Documentos/Gabi/Indicium/code-challenge-indicium/ind_env/lib/python3.10/site-packages/airflow/example_dags/example_params_ui_tutorial.py took 0.151 seconds
[2023-07-27T00:00:42.976-0300] {processor.py:157} INFO - Started process (PID=10344) to work on /home/gabi/Documentos/Gabi/Indicium/code-challenge-indicium/ind_env/lib/python3.10/site-packages/airflow/example_dags/example_params_ui_tutorial.py
[2023-07-27T00:00:42.979-0300] {processor.py:826} INFO - Processing file /home/gabi/Documentos/Gabi/Indicium/code-challenge-indicium/ind_env/lib/python3.10/site-packages/airflow/example_dags/example_params_ui_tutorial.py for tasks to queue
[2023-07-27T00:00:42.980-0300] {logging_mixin.py:150} INFO - [2023-07-27T00:00:42.979-0300] {dagbag.py:541} INFO - Filling up the DagBag from /home/gabi/Documentos/Gabi/Indicium/code-challenge-indicium/ind_env/lib/python3.10/site-packages/airflow/example_dags/example_params_ui_tutorial.py
[2023-07-27T00:00:43.015-0300] {processor.py:836} INFO - DAG(s) dict_keys(['example_params_ui_tutorial']) retrieved from /home/gabi/Documentos/Gabi/Indicium/code-challenge-indicium/ind_env/lib/python3.10/site-packages/airflow/example_dags/example_params_ui_tutorial.py
[2023-07-27T00:00:43.166-0300] {logging_mixin.py:150} INFO - [2023-07-27T00:00:43.166-0300] {dag.py:2742} INFO - Sync 1 DAGs
[2023-07-27T00:00:43.189-0300] {logging_mixin.py:150} INFO - [2023-07-27T00:00:43.189-0300] {dag.py:3504} INFO - Setting next_dagrun for example_params_ui_tutorial to None, run_after=None
[2023-07-27T00:00:43.217-0300] {processor.py:179} INFO - Processing /home/gabi/Documentos/Gabi/Indicium/code-challenge-indicium/ind_env/lib/python3.10/site-packages/airflow/example_dags/example_params_ui_tutorial.py took 0.245 seconds
[2023-07-27T00:01:35.161-0300] {processor.py:157} INFO - Started process (PID=10508) to work on /home/gabi/Documentos/Gabi/Indicium/code-challenge-indicium/ind_env/lib/python3.10/site-packages/airflow/example_dags/example_params_ui_tutorial.py
[2023-07-27T00:01:35.164-0300] {processor.py:826} INFO - Processing file /home/gabi/Documentos/Gabi/Indicium/code-challenge-indicium/ind_env/lib/python3.10/site-packages/airflow/example_dags/example_params_ui_tutorial.py for tasks to queue
[2023-07-27T00:01:35.166-0300] {logging_mixin.py:150} INFO - [2023-07-27T00:01:35.165-0300] {dagbag.py:541} INFO - Filling up the DagBag from /home/gabi/Documentos/Gabi/Indicium/code-challenge-indicium/ind_env/lib/python3.10/site-packages/airflow/example_dags/example_params_ui_tutorial.py
[2023-07-27T00:01:35.212-0300] {processor.py:836} INFO - DAG(s) dict_keys(['example_params_ui_tutorial']) retrieved from /home/gabi/Documentos/Gabi/Indicium/code-challenge-indicium/ind_env/lib/python3.10/site-packages/airflow/example_dags/example_params_ui_tutorial.py
[2023-07-27T00:01:35.289-0300] {logging_mixin.py:150} INFO - [2023-07-27T00:01:35.289-0300] {dag.py:2742} INFO - Sync 1 DAGs
[2023-07-27T00:01:35.383-0300] {logging_mixin.py:150} INFO - [2023-07-27T00:01:35.383-0300] {dag.py:3504} INFO - Setting next_dagrun for example_params_ui_tutorial to None, run_after=None
[2023-07-27T00:01:35.425-0300] {processor.py:179} INFO - Processing /home/gabi/Documentos/Gabi/Indicium/code-challenge-indicium/ind_env/lib/python3.10/site-packages/airflow/example_dags/example_params_ui_tutorial.py took 0.269 seconds
[2023-07-27T00:02:19.237-0300] {processor.py:157} INFO - Started process (PID=10621) to work on /home/gabi/Documentos/Gabi/Indicium/code-challenge-indicium/ind_env/lib/python3.10/site-packages/airflow/example_dags/example_params_ui_tutorial.py
[2023-07-27T00:02:19.240-0300] {processor.py:826} INFO - Processing file /home/gabi/Documentos/Gabi/Indicium/code-challenge-indicium/ind_env/lib/python3.10/site-packages/airflow/example_dags/example_params_ui_tutorial.py for tasks to queue
[2023-07-27T00:02:19.241-0300] {logging_mixin.py:150} INFO - [2023-07-27T00:02:19.241-0300] {dagbag.py:541} INFO - Filling up the DagBag from /home/gabi/Documentos/Gabi/Indicium/code-challenge-indicium/ind_env/lib/python3.10/site-packages/airflow/example_dags/example_params_ui_tutorial.py
[2023-07-27T00:02:19.276-0300] {processor.py:836} INFO - DAG(s) dict_keys(['example_params_ui_tutorial']) retrieved from /home/gabi/Documentos/Gabi/Indicium/code-challenge-indicium/ind_env/lib/python3.10/site-packages/airflow/example_dags/example_params_ui_tutorial.py
[2023-07-27T00:02:19.320-0300] {logging_mixin.py:150} INFO - [2023-07-27T00:02:19.320-0300] {dag.py:2742} INFO - Sync 1 DAGs
[2023-07-27T00:02:19.343-0300] {logging_mixin.py:150} INFO - [2023-07-27T00:02:19.343-0300] {dag.py:3504} INFO - Setting next_dagrun for example_params_ui_tutorial to None, run_after=None
[2023-07-27T00:02:19.369-0300] {processor.py:179} INFO - Processing /home/gabi/Documentos/Gabi/Indicium/code-challenge-indicium/ind_env/lib/python3.10/site-packages/airflow/example_dags/example_params_ui_tutorial.py took 0.136 seconds
[2023-07-27T00:03:07.433-0300] {processor.py:157} INFO - Started process (PID=10762) to work on /home/gabi/Documentos/Gabi/Indicium/code-challenge-indicium/ind_env/lib/python3.10/site-packages/airflow/example_dags/example_params_ui_tutorial.py
[2023-07-27T00:03:07.437-0300] {processor.py:826} INFO - Processing file /home/gabi/Documentos/Gabi/Indicium/code-challenge-indicium/ind_env/lib/python3.10/site-packages/airflow/example_dags/example_params_ui_tutorial.py for tasks to queue
[2023-07-27T00:03:07.438-0300] {logging_mixin.py:150} INFO - [2023-07-27T00:03:07.438-0300] {dagbag.py:541} INFO - Filling up the DagBag from /home/gabi/Documentos/Gabi/Indicium/code-challenge-indicium/ind_env/lib/python3.10/site-packages/airflow/example_dags/example_params_ui_tutorial.py
[2023-07-27T00:03:07.473-0300] {processor.py:836} INFO - DAG(s) dict_keys(['example_params_ui_tutorial']) retrieved from /home/gabi/Documentos/Gabi/Indicium/code-challenge-indicium/ind_env/lib/python3.10/site-packages/airflow/example_dags/example_params_ui_tutorial.py
[2023-07-27T00:03:07.519-0300] {logging_mixin.py:150} INFO - [2023-07-27T00:03:07.519-0300] {dag.py:2742} INFO - Sync 1 DAGs
[2023-07-27T00:03:07.542-0300] {logging_mixin.py:150} INFO - [2023-07-27T00:03:07.542-0300] {dag.py:3504} INFO - Setting next_dagrun for example_params_ui_tutorial to None, run_after=None
[2023-07-27T00:03:07.568-0300] {processor.py:179} INFO - Processing /home/gabi/Documentos/Gabi/Indicium/code-challenge-indicium/ind_env/lib/python3.10/site-packages/airflow/example_dags/example_params_ui_tutorial.py took 0.140 seconds
[2023-07-27T20:30:06.303-0300] {processor.py:157} INFO - Started process (PID=13400) to work on /home/gabi/Documentos/Gabi/Indicium/code-challenge-indicium/ind_env/lib/python3.10/site-packages/airflow/example_dags/example_params_ui_tutorial.py
[2023-07-27T20:30:06.306-0300] {processor.py:826} INFO - Processing file /home/gabi/Documentos/Gabi/Indicium/code-challenge-indicium/ind_env/lib/python3.10/site-packages/airflow/example_dags/example_params_ui_tutorial.py for tasks to queue
[2023-07-27T20:30:06.308-0300] {logging_mixin.py:150} INFO - [2023-07-27T20:30:06.307-0300] {dagbag.py:541} INFO - Filling up the DagBag from /home/gabi/Documentos/Gabi/Indicium/code-challenge-indicium/ind_env/lib/python3.10/site-packages/airflow/example_dags/example_params_ui_tutorial.py
[2023-07-27T20:30:06.351-0300] {processor.py:836} INFO - DAG(s) dict_keys(['example_params_ui_tutorial']) retrieved from /home/gabi/Documentos/Gabi/Indicium/code-challenge-indicium/ind_env/lib/python3.10/site-packages/airflow/example_dags/example_params_ui_tutorial.py
[2023-07-27T20:30:06.408-0300] {logging_mixin.py:150} INFO - [2023-07-27T20:30:06.408-0300] {dag.py:2742} INFO - Sync 1 DAGs
[2023-07-27T20:30:06.431-0300] {logging_mixin.py:150} INFO - [2023-07-27T20:30:06.431-0300] {dag.py:3504} INFO - Setting next_dagrun for example_params_ui_tutorial to None, run_after=None
[2023-07-27T20:30:06.460-0300] {processor.py:179} INFO - Processing /home/gabi/Documentos/Gabi/Indicium/code-challenge-indicium/ind_env/lib/python3.10/site-packages/airflow/example_dags/example_params_ui_tutorial.py took 0.162 seconds
