[2023-07-26T23:59:02.887-0300] {processor.py:157} INFO - Started process (PID=9863) to work on /home/gabi/Documentos/Gabi/Indicium/code-challenge-indicium/ind_env/lib/python3.10/site-packages/airflow/example_dags/example_sla_dag.py
[2023-07-26T23:59:02.889-0300] {processor.py:826} INFO - Processing file /home/gabi/Documentos/Gabi/Indicium/code-challenge-indicium/ind_env/lib/python3.10/site-packages/airflow/example_dags/example_sla_dag.py for tasks to queue
[2023-07-26T23:59:02.891-0300] {logging_mixin.py:150} INFO - [2023-07-26T23:59:02.890-0300] {dagbag.py:541} INFO - Filling up the DagBag from /home/gabi/Documentos/Gabi/Indicium/code-challenge-indicium/ind_env/lib/python3.10/site-packages/airflow/example_dags/example_sla_dag.py
[2023-07-26T23:59:02.916-0300] {processor.py:836} INFO - DAG(s) dict_keys(['example_sla_dag']) retrieved from /home/gabi/Documentos/Gabi/Indicium/code-challenge-indicium/ind_env/lib/python3.10/site-packages/airflow/example_dags/example_sla_dag.py
[2023-07-26T23:59:02.963-0300] {logging_mixin.py:150} INFO - [2023-07-26T23:59:02.963-0300] {dag.py:2742} INFO - Sync 1 DAGs
[2023-07-26T23:59:03.021-0300] {logging_mixin.py:150} INFO - [2023-07-26T23:59:03.021-0300] {dag.py:3504} INFO - Setting next_dagrun for example_sla_dag to 2023-07-27T02:56:00+00:00, run_after=2023-07-27T02:58:00+00:00
[2023-07-26T23:59:03.076-0300] {processor.py:179} INFO - Processing /home/gabi/Documentos/Gabi/Indicium/code-challenge-indicium/ind_env/lib/python3.10/site-packages/airflow/example_dags/example_sla_dag.py took 0.194 seconds
[2023-07-26T23:59:56.562-0300] {processor.py:157} INFO - Started process (PID=10055) to work on /home/gabi/Documentos/Gabi/Indicium/code-challenge-indicium/ind_env/lib/python3.10/site-packages/airflow/example_dags/example_sla_dag.py
[2023-07-26T23:59:56.564-0300] {processor.py:826} INFO - Processing file /home/gabi/Documentos/Gabi/Indicium/code-challenge-indicium/ind_env/lib/python3.10/site-packages/airflow/example_dags/example_sla_dag.py for tasks to queue
[2023-07-26T23:59:56.566-0300] {logging_mixin.py:150} INFO - [2023-07-26T23:59:56.565-0300] {dagbag.py:541} INFO - Filling up the DagBag from /home/gabi/Documentos/Gabi/Indicium/code-challenge-indicium/ind_env/lib/python3.10/site-packages/airflow/example_dags/example_sla_dag.py
[2023-07-26T23:59:56.579-0300] {processor.py:836} INFO - DAG(s) dict_keys(['example_sla_dag']) retrieved from /home/gabi/Documentos/Gabi/Indicium/code-challenge-indicium/ind_env/lib/python3.10/site-packages/airflow/example_dags/example_sla_dag.py
[2023-07-26T23:59:56.600-0300] {logging_mixin.py:150} INFO - [2023-07-26T23:59:56.600-0300] {dag.py:2742} INFO - Sync 1 DAGs
[2023-07-26T23:59:56.629-0300] {logging_mixin.py:150} INFO - [2023-07-26T23:59:56.629-0300] {dag.py:3504} INFO - Setting next_dagrun for example_sla_dag to 2023-07-27T02:56:00+00:00, run_after=2023-07-27T02:58:00+00:00
[2023-07-26T23:59:56.658-0300] {processor.py:179} INFO - Processing /home/gabi/Documentos/Gabi/Indicium/code-challenge-indicium/ind_env/lib/python3.10/site-packages/airflow/example_dags/example_sla_dag.py took 0.100 seconds
[2023-07-27T00:00:48.396-0300] {processor.py:157} INFO - Started process (PID=10368) to work on /home/gabi/Documentos/Gabi/Indicium/code-challenge-indicium/ind_env/lib/python3.10/site-packages/airflow/example_dags/example_sla_dag.py
[2023-07-27T00:00:48.399-0300] {processor.py:826} INFO - Processing file /home/gabi/Documentos/Gabi/Indicium/code-challenge-indicium/ind_env/lib/python3.10/site-packages/airflow/example_dags/example_sla_dag.py for tasks to queue
[2023-07-27T00:00:48.401-0300] {logging_mixin.py:150} INFO - [2023-07-27T00:00:48.400-0300] {dagbag.py:541} INFO - Filling up the DagBag from /home/gabi/Documentos/Gabi/Indicium/code-challenge-indicium/ind_env/lib/python3.10/site-packages/airflow/example_dags/example_sla_dag.py
[2023-07-27T00:00:48.414-0300] {processor.py:836} INFO - DAG(s) dict_keys(['example_sla_dag']) retrieved from /home/gabi/Documentos/Gabi/Indicium/code-challenge-indicium/ind_env/lib/python3.10/site-packages/airflow/example_dags/example_sla_dag.py
[2023-07-27T00:00:48.434-0300] {logging_mixin.py:150} INFO - [2023-07-27T00:00:48.434-0300] {dag.py:2742} INFO - Sync 1 DAGs
[2023-07-27T00:00:48.463-0300] {logging_mixin.py:150} INFO - [2023-07-27T00:00:48.463-0300] {dag.py:3504} INFO - Setting next_dagrun for example_sla_dag to 2023-07-27T02:58:00+00:00, run_after=2023-07-27T03:00:00+00:00
[2023-07-27T00:00:48.490-0300] {processor.py:179} INFO - Processing /home/gabi/Documentos/Gabi/Indicium/code-challenge-indicium/ind_env/lib/python3.10/site-packages/airflow/example_dags/example_sla_dag.py took 0.097 seconds
[2023-07-27T00:01:36.531-0300] {processor.py:157} INFO - Started process (PID=10509) to work on /home/gabi/Documentos/Gabi/Indicium/code-challenge-indicium/ind_env/lib/python3.10/site-packages/airflow/example_dags/example_sla_dag.py
[2023-07-27T00:01:36.536-0300] {processor.py:826} INFO - Processing file /home/gabi/Documentos/Gabi/Indicium/code-challenge-indicium/ind_env/lib/python3.10/site-packages/airflow/example_dags/example_sla_dag.py for tasks to queue
[2023-07-27T00:01:36.538-0300] {logging_mixin.py:150} INFO - [2023-07-27T00:01:36.537-0300] {dagbag.py:541} INFO - Filling up the DagBag from /home/gabi/Documentos/Gabi/Indicium/code-challenge-indicium/ind_env/lib/python3.10/site-packages/airflow/example_dags/example_sla_dag.py
[2023-07-27T00:01:36.554-0300] {processor.py:836} INFO - DAG(s) dict_keys(['example_sla_dag']) retrieved from /home/gabi/Documentos/Gabi/Indicium/code-challenge-indicium/ind_env/lib/python3.10/site-packages/airflow/example_dags/example_sla_dag.py
[2023-07-27T00:01:36.587-0300] {logging_mixin.py:150} INFO - [2023-07-27T00:01:36.587-0300] {dag.py:2742} INFO - Sync 1 DAGs
[2023-07-27T00:01:36.642-0300] {logging_mixin.py:150} INFO - [2023-07-27T00:01:36.642-0300] {dag.py:3504} INFO - Setting next_dagrun for example_sla_dag to 2023-07-27T02:58:00+00:00, run_after=2023-07-27T03:00:00+00:00
[2023-07-27T00:01:36.677-0300] {processor.py:179} INFO - Processing /home/gabi/Documentos/Gabi/Indicium/code-challenge-indicium/ind_env/lib/python3.10/site-packages/airflow/example_dags/example_sla_dag.py took 0.152 seconds
[2023-07-27T00:02:20.541-0300] {processor.py:157} INFO - Started process (PID=10622) to work on /home/gabi/Documentos/Gabi/Indicium/code-challenge-indicium/ind_env/lib/python3.10/site-packages/airflow/example_dags/example_sla_dag.py
[2023-07-27T00:02:20.544-0300] {processor.py:826} INFO - Processing file /home/gabi/Documentos/Gabi/Indicium/code-challenge-indicium/ind_env/lib/python3.10/site-packages/airflow/example_dags/example_sla_dag.py for tasks to queue
[2023-07-27T00:02:20.545-0300] {logging_mixin.py:150} INFO - [2023-07-27T00:02:20.545-0300] {dagbag.py:541} INFO - Filling up the DagBag from /home/gabi/Documentos/Gabi/Indicium/code-challenge-indicium/ind_env/lib/python3.10/site-packages/airflow/example_dags/example_sla_dag.py
[2023-07-27T00:02:20.558-0300] {processor.py:836} INFO - DAG(s) dict_keys(['example_sla_dag']) retrieved from /home/gabi/Documentos/Gabi/Indicium/code-challenge-indicium/ind_env/lib/python3.10/site-packages/airflow/example_dags/example_sla_dag.py
[2023-07-27T00:02:20.579-0300] {logging_mixin.py:150} INFO - [2023-07-27T00:02:20.579-0300] {dag.py:2742} INFO - Sync 1 DAGs
[2023-07-27T00:02:20.608-0300] {logging_mixin.py:150} INFO - [2023-07-27T00:02:20.608-0300] {dag.py:3504} INFO - Setting next_dagrun for example_sla_dag to 2023-07-27T03:00:00+00:00, run_after=2023-07-27T03:02:00+00:00
[2023-07-27T00:02:20.634-0300] {processor.py:179} INFO - Processing /home/gabi/Documentos/Gabi/Indicium/code-challenge-indicium/ind_env/lib/python3.10/site-packages/airflow/example_dags/example_sla_dag.py took 0.097 seconds
[2023-07-27T00:03:08.695-0300] {processor.py:157} INFO - Started process (PID=10763) to work on /home/gabi/Documentos/Gabi/Indicium/code-challenge-indicium/ind_env/lib/python3.10/site-packages/airflow/example_dags/example_sla_dag.py
[2023-07-27T00:03:08.700-0300] {processor.py:826} INFO - Processing file /home/gabi/Documentos/Gabi/Indicium/code-challenge-indicium/ind_env/lib/python3.10/site-packages/airflow/example_dags/example_sla_dag.py for tasks to queue
[2023-07-27T00:03:08.701-0300] {logging_mixin.py:150} INFO - [2023-07-27T00:03:08.701-0300] {dagbag.py:541} INFO - Filling up the DagBag from /home/gabi/Documentos/Gabi/Indicium/code-challenge-indicium/ind_env/lib/python3.10/site-packages/airflow/example_dags/example_sla_dag.py
[2023-07-27T00:03:08.713-0300] {processor.py:836} INFO - DAG(s) dict_keys(['example_sla_dag']) retrieved from /home/gabi/Documentos/Gabi/Indicium/code-challenge-indicium/ind_env/lib/python3.10/site-packages/airflow/example_dags/example_sla_dag.py
[2023-07-27T00:03:08.734-0300] {logging_mixin.py:150} INFO - [2023-07-27T00:03:08.734-0300] {dag.py:2742} INFO - Sync 1 DAGs
[2023-07-27T00:03:08.765-0300] {logging_mixin.py:150} INFO - [2023-07-27T00:03:08.765-0300] {dag.py:3504} INFO - Setting next_dagrun for example_sla_dag to 2023-07-27T03:00:00+00:00, run_after=2023-07-27T03:02:00+00:00
[2023-07-27T00:03:08.799-0300] {processor.py:179} INFO - Processing /home/gabi/Documentos/Gabi/Indicium/code-challenge-indicium/ind_env/lib/python3.10/site-packages/airflow/example_dags/example_sla_dag.py took 0.108 seconds
[2023-07-27T20:30:07.567-0300] {processor.py:157} INFO - Started process (PID=13403) to work on /home/gabi/Documentos/Gabi/Indicium/code-challenge-indicium/ind_env/lib/python3.10/site-packages/airflow/example_dags/example_sla_dag.py
[2023-07-27T20:30:07.569-0300] {processor.py:826} INFO - Processing file /home/gabi/Documentos/Gabi/Indicium/code-challenge-indicium/ind_env/lib/python3.10/site-packages/airflow/example_dags/example_sla_dag.py for tasks to queue
[2023-07-27T20:30:07.570-0300] {logging_mixin.py:150} INFO - [2023-07-27T20:30:07.570-0300] {dagbag.py:541} INFO - Filling up the DagBag from /home/gabi/Documentos/Gabi/Indicium/code-challenge-indicium/ind_env/lib/python3.10/site-packages/airflow/example_dags/example_sla_dag.py
[2023-07-27T20:30:07.587-0300] {processor.py:836} INFO - DAG(s) dict_keys(['example_sla_dag']) retrieved from /home/gabi/Documentos/Gabi/Indicium/code-challenge-indicium/ind_env/lib/python3.10/site-packages/airflow/example_dags/example_sla_dag.py
[2023-07-27T20:30:07.615-0300] {logging_mixin.py:150} INFO - [2023-07-27T20:30:07.615-0300] {dag.py:2742} INFO - Sync 1 DAGs
[2023-07-27T20:30:07.643-0300] {logging_mixin.py:150} INFO - [2023-07-27T20:30:07.643-0300] {dag.py:3504} INFO - Setting next_dagrun for example_sla_dag to 2023-07-27T23:28:00+00:00, run_after=2023-07-27T23:30:00+00:00
[2023-07-27T20:30:07.671-0300] {processor.py:179} INFO - Processing /home/gabi/Documentos/Gabi/Indicium/code-challenge-indicium/ind_env/lib/python3.10/site-packages/airflow/example_dags/example_sla_dag.py took 0.110 seconds
