[2023-07-26T23:59:24.651-0300] {processor.py:157} INFO - Started process (PID=9945) to work on /home/gabi/Documentos/Gabi/Indicium/code-challenge-indicium/ind_env/lib/python3.10/site-packages/airflow/example_dags/example_kubernetes_executor.py
[2023-07-26T23:59:24.652-0300] {processor.py:826} INFO - Processing file /home/gabi/Documentos/Gabi/Indicium/code-challenge-indicium/ind_env/lib/python3.10/site-packages/airflow/example_dags/example_kubernetes_executor.py for tasks to queue
[2023-07-26T23:59:24.654-0300] {logging_mixin.py:150} INFO - [2023-07-26T23:59:24.653-0300] {dagbag.py:541} INFO - Filling up the DagBag from /home/gabi/Documentos/Gabi/Indicium/code-challenge-indicium/ind_env/lib/python3.10/site-packages/airflow/example_dags/example_kubernetes_executor.py
[2023-07-26T23:59:24.659-0300] {logging_mixin.py:150} INFO - [2023-07-26T23:59:24.658-0300] {example_kubernetes_executor.py:41} WARNING - The example_kubernetes_executor example DAG requires the kubernetes provider. Please install it with: pip install apache-airflow[cncf.kubernetes]
[2023-07-26T23:59:24.659-0300] {processor.py:838} WARNING - No viable dags retrieved from /home/gabi/Documentos/Gabi/Indicium/code-challenge-indicium/ind_env/lib/python3.10/site-packages/airflow/example_dags/example_kubernetes_executor.py
[2023-07-26T23:59:24.672-0300] {processor.py:179} INFO - Processing /home/gabi/Documentos/Gabi/Indicium/code-challenge-indicium/ind_env/lib/python3.10/site-packages/airflow/example_dags/example_kubernetes_executor.py took 0.024 seconds
[2023-07-27T00:00:16.930-0300] {processor.py:157} INFO - Started process (PID=10252) to work on /home/gabi/Documentos/Gabi/Indicium/code-challenge-indicium/ind_env/lib/python3.10/site-packages/airflow/example_dags/example_kubernetes_executor.py
[2023-07-27T00:00:16.933-0300] {processor.py:826} INFO - Processing file /home/gabi/Documentos/Gabi/Indicium/code-challenge-indicium/ind_env/lib/python3.10/site-packages/airflow/example_dags/example_kubernetes_executor.py for tasks to queue
[2023-07-27T00:00:16.934-0300] {logging_mixin.py:150} INFO - [2023-07-27T00:00:16.933-0300] {dagbag.py:541} INFO - Filling up the DagBag from /home/gabi/Documentos/Gabi/Indicium/code-challenge-indicium/ind_env/lib/python3.10/site-packages/airflow/example_dags/example_kubernetes_executor.py
[2023-07-27T00:00:16.938-0300] {logging_mixin.py:150} INFO - [2023-07-27T00:00:16.937-0300] {example_kubernetes_executor.py:41} WARNING - The example_kubernetes_executor example DAG requires the kubernetes provider. Please install it with: pip install apache-airflow[cncf.kubernetes]
[2023-07-27T00:00:16.938-0300] {processor.py:838} WARNING - No viable dags retrieved from /home/gabi/Documentos/Gabi/Indicium/code-challenge-indicium/ind_env/lib/python3.10/site-packages/airflow/example_dags/example_kubernetes_executor.py
[2023-07-27T00:00:16.949-0300] {processor.py:179} INFO - Processing /home/gabi/Documentos/Gabi/Indicium/code-challenge-indicium/ind_env/lib/python3.10/site-packages/airflow/example_dags/example_kubernetes_executor.py took 0.022 seconds
[2023-07-27T00:01:09.349-0300] {processor.py:157} INFO - Started process (PID=10422) to work on /home/gabi/Documentos/Gabi/Indicium/code-challenge-indicium/ind_env/lib/python3.10/site-packages/airflow/example_dags/example_kubernetes_executor.py
[2023-07-27T00:01:09.350-0300] {processor.py:826} INFO - Processing file /home/gabi/Documentos/Gabi/Indicium/code-challenge-indicium/ind_env/lib/python3.10/site-packages/airflow/example_dags/example_kubernetes_executor.py for tasks to queue
[2023-07-27T00:01:09.351-0300] {logging_mixin.py:150} INFO - [2023-07-27T00:01:09.351-0300] {dagbag.py:541} INFO - Filling up the DagBag from /home/gabi/Documentos/Gabi/Indicium/code-challenge-indicium/ind_env/lib/python3.10/site-packages/airflow/example_dags/example_kubernetes_executor.py
[2023-07-27T00:01:09.355-0300] {logging_mixin.py:150} INFO - [2023-07-27T00:01:09.355-0300] {example_kubernetes_executor.py:41} WARNING - The example_kubernetes_executor example DAG requires the kubernetes provider. Please install it with: pip install apache-airflow[cncf.kubernetes]
[2023-07-27T00:01:09.356-0300] {processor.py:838} WARNING - No viable dags retrieved from /home/gabi/Documentos/Gabi/Indicium/code-challenge-indicium/ind_env/lib/python3.10/site-packages/airflow/example_dags/example_kubernetes_executor.py
[2023-07-27T00:01:09.368-0300] {processor.py:179} INFO - Processing /home/gabi/Documentos/Gabi/Indicium/code-challenge-indicium/ind_env/lib/python3.10/site-packages/airflow/example_dags/example_kubernetes_executor.py took 0.024 seconds
[2023-07-27T00:02:14.993-0300] {processor.py:157} INFO - Started process (PID=10617) to work on /home/gabi/Documentos/Gabi/Indicium/code-challenge-indicium/ind_env/lib/python3.10/site-packages/airflow/example_dags/example_kubernetes_executor.py
[2023-07-27T00:02:14.995-0300] {processor.py:826} INFO - Processing file /home/gabi/Documentos/Gabi/Indicium/code-challenge-indicium/ind_env/lib/python3.10/site-packages/airflow/example_dags/example_kubernetes_executor.py for tasks to queue
[2023-07-27T00:02:14.997-0300] {logging_mixin.py:150} INFO - [2023-07-27T00:02:14.996-0300] {dagbag.py:541} INFO - Filling up the DagBag from /home/gabi/Documentos/Gabi/Indicium/code-challenge-indicium/ind_env/lib/python3.10/site-packages/airflow/example_dags/example_kubernetes_executor.py
[2023-07-27T00:02:15.001-0300] {logging_mixin.py:150} INFO - [2023-07-27T00:02:15.001-0300] {example_kubernetes_executor.py:41} WARNING - The example_kubernetes_executor example DAG requires the kubernetes provider. Please install it with: pip install apache-airflow[cncf.kubernetes]
[2023-07-27T00:02:15.002-0300] {processor.py:838} WARNING - No viable dags retrieved from /home/gabi/Documentos/Gabi/Indicium/code-challenge-indicium/ind_env/lib/python3.10/site-packages/airflow/example_dags/example_kubernetes_executor.py
[2023-07-27T00:02:15.015-0300] {processor.py:179} INFO - Processing /home/gabi/Documentos/Gabi/Indicium/code-challenge-indicium/ind_env/lib/python3.10/site-packages/airflow/example_dags/example_kubernetes_executor.py took 0.026 seconds
[2023-07-27T00:03:24.858-0300] {processor.py:157} INFO - Started process (PID=10829) to work on /home/gabi/Documentos/Gabi/Indicium/code-challenge-indicium/ind_env/lib/python3.10/site-packages/airflow/example_dags/example_kubernetes_executor.py
[2023-07-27T00:03:24.859-0300] {processor.py:826} INFO - Processing file /home/gabi/Documentos/Gabi/Indicium/code-challenge-indicium/ind_env/lib/python3.10/site-packages/airflow/example_dags/example_kubernetes_executor.py for tasks to queue
[2023-07-27T00:03:24.860-0300] {logging_mixin.py:150} INFO - [2023-07-27T00:03:24.860-0300] {dagbag.py:541} INFO - Filling up the DagBag from /home/gabi/Documentos/Gabi/Indicium/code-challenge-indicium/ind_env/lib/python3.10/site-packages/airflow/example_dags/example_kubernetes_executor.py
[2023-07-27T00:03:24.864-0300] {logging_mixin.py:150} INFO - [2023-07-27T00:03:24.864-0300] {example_kubernetes_executor.py:41} WARNING - The example_kubernetes_executor example DAG requires the kubernetes provider. Please install it with: pip install apache-airflow[cncf.kubernetes]
[2023-07-27T00:03:24.864-0300] {processor.py:838} WARNING - No viable dags retrieved from /home/gabi/Documentos/Gabi/Indicium/code-challenge-indicium/ind_env/lib/python3.10/site-packages/airflow/example_dags/example_kubernetes_executor.py
[2023-07-27T00:03:24.875-0300] {processor.py:179} INFO - Processing /home/gabi/Documentos/Gabi/Indicium/code-challenge-indicium/ind_env/lib/python3.10/site-packages/airflow/example_dags/example_kubernetes_executor.py took 0.021 seconds
