[2023-07-26T23:59:11.365-0300] {processor.py:157} INFO - Started process (PID=9907) to work on /home/gabi/Documentos/Gabi/Indicium/code-challenge-indicium/ind_env/lib/python3.10/site-packages/airflow/example_dags/example_sensor_decorator.py
[2023-07-26T23:59:11.367-0300] {processor.py:826} INFO - Processing file /home/gabi/Documentos/Gabi/Indicium/code-challenge-indicium/ind_env/lib/python3.10/site-packages/airflow/example_dags/example_sensor_decorator.py for tasks to queue
[2023-07-26T23:59:11.368-0300] {logging_mixin.py:150} INFO - [2023-07-26T23:59:11.368-0300] {dagbag.py:541} INFO - Filling up the DagBag from /home/gabi/Documentos/Gabi/Indicium/code-challenge-indicium/ind_env/lib/python3.10/site-packages/airflow/example_dags/example_sensor_decorator.py
[2023-07-26T23:59:11.392-0300] {processor.py:836} INFO - DAG(s) dict_keys(['example_sensor_decorator']) retrieved from /home/gabi/Documentos/Gabi/Indicium/code-challenge-indicium/ind_env/lib/python3.10/site-packages/airflow/example_dags/example_sensor_decorator.py
[2023-07-26T23:59:11.428-0300] {logging_mixin.py:150} INFO - [2023-07-26T23:59:11.427-0300] {dag.py:2742} INFO - Sync 1 DAGs
[2023-07-26T23:59:11.458-0300] {logging_mixin.py:150} INFO - [2023-07-26T23:59:11.458-0300] {dag.py:3504} INFO - Setting next_dagrun for example_sensor_decorator to None, run_after=None
[2023-07-26T23:59:11.529-0300] {processor.py:179} INFO - Processing /home/gabi/Documentos/Gabi/Indicium/code-challenge-indicium/ind_env/lib/python3.10/site-packages/airflow/example_dags/example_sensor_decorator.py took 0.170 seconds
[2023-07-27T00:00:04.277-0300] {processor.py:157} INFO - Started process (PID=10078) to work on /home/gabi/Documentos/Gabi/Indicium/code-challenge-indicium/ind_env/lib/python3.10/site-packages/airflow/example_dags/example_sensor_decorator.py
[2023-07-27T00:00:04.280-0300] {processor.py:826} INFO - Processing file /home/gabi/Documentos/Gabi/Indicium/code-challenge-indicium/ind_env/lib/python3.10/site-packages/airflow/example_dags/example_sensor_decorator.py for tasks to queue
[2023-07-27T00:00:04.281-0300] {logging_mixin.py:150} INFO - [2023-07-27T00:00:04.281-0300] {dagbag.py:541} INFO - Filling up the DagBag from /home/gabi/Documentos/Gabi/Indicium/code-challenge-indicium/ind_env/lib/python3.10/site-packages/airflow/example_dags/example_sensor_decorator.py
[2023-07-27T00:00:04.291-0300] {processor.py:836} INFO - DAG(s) dict_keys(['example_sensor_decorator']) retrieved from /home/gabi/Documentos/Gabi/Indicium/code-challenge-indicium/ind_env/lib/python3.10/site-packages/airflow/example_dags/example_sensor_decorator.py
[2023-07-27T00:00:04.311-0300] {logging_mixin.py:150} INFO - [2023-07-27T00:00:04.311-0300] {dag.py:2742} INFO - Sync 1 DAGs
[2023-07-27T00:00:04.335-0300] {logging_mixin.py:150} INFO - [2023-07-27T00:00:04.334-0300] {dag.py:3504} INFO - Setting next_dagrun for example_sensor_decorator to None, run_after=None
[2023-07-27T00:00:04.360-0300] {processor.py:179} INFO - Processing /home/gabi/Documentos/Gabi/Indicium/code-challenge-indicium/ind_env/lib/python3.10/site-packages/airflow/example_dags/example_sensor_decorator.py took 0.087 seconds
[2023-07-27T00:00:57.023-0300] {processor.py:157} INFO - Started process (PID=10391) to work on /home/gabi/Documentos/Gabi/Indicium/code-challenge-indicium/ind_env/lib/python3.10/site-packages/airflow/example_dags/example_sensor_decorator.py
[2023-07-27T00:00:57.031-0300] {processor.py:826} INFO - Processing file /home/gabi/Documentos/Gabi/Indicium/code-challenge-indicium/ind_env/lib/python3.10/site-packages/airflow/example_dags/example_sensor_decorator.py for tasks to queue
[2023-07-27T00:00:57.032-0300] {logging_mixin.py:150} INFO - [2023-07-27T00:00:57.032-0300] {dagbag.py:541} INFO - Filling up the DagBag from /home/gabi/Documentos/Gabi/Indicium/code-challenge-indicium/ind_env/lib/python3.10/site-packages/airflow/example_dags/example_sensor_decorator.py
[2023-07-27T00:00:57.044-0300] {processor.py:836} INFO - DAG(s) dict_keys(['example_sensor_decorator']) retrieved from /home/gabi/Documentos/Gabi/Indicium/code-challenge-indicium/ind_env/lib/python3.10/site-packages/airflow/example_dags/example_sensor_decorator.py
[2023-07-27T00:00:57.082-0300] {logging_mixin.py:150} INFO - [2023-07-27T00:00:57.081-0300] {dag.py:2742} INFO - Sync 1 DAGs
[2023-07-27T00:00:57.125-0300] {logging_mixin.py:150} INFO - [2023-07-27T00:00:57.125-0300] {dag.py:3504} INFO - Setting next_dagrun for example_sensor_decorator to None, run_after=None
[2023-07-27T00:00:57.172-0300] {processor.py:179} INFO - Processing /home/gabi/Documentos/Gabi/Indicium/code-challenge-indicium/ind_env/lib/python3.10/site-packages/airflow/example_dags/example_sensor_decorator.py took 0.154 seconds
[2023-07-27T00:01:43.896-0300] {processor.py:157} INFO - Started process (PID=10516) to work on /home/gabi/Documentos/Gabi/Indicium/code-challenge-indicium/ind_env/lib/python3.10/site-packages/airflow/example_dags/example_sensor_decorator.py
[2023-07-27T00:01:43.899-0300] {processor.py:826} INFO - Processing file /home/gabi/Documentos/Gabi/Indicium/code-challenge-indicium/ind_env/lib/python3.10/site-packages/airflow/example_dags/example_sensor_decorator.py for tasks to queue
[2023-07-27T00:01:43.900-0300] {logging_mixin.py:150} INFO - [2023-07-27T00:01:43.900-0300] {dagbag.py:541} INFO - Filling up the DagBag from /home/gabi/Documentos/Gabi/Indicium/code-challenge-indicium/ind_env/lib/python3.10/site-packages/airflow/example_dags/example_sensor_decorator.py
[2023-07-27T00:01:43.909-0300] {processor.py:836} INFO - DAG(s) dict_keys(['example_sensor_decorator']) retrieved from /home/gabi/Documentos/Gabi/Indicium/code-challenge-indicium/ind_env/lib/python3.10/site-packages/airflow/example_dags/example_sensor_decorator.py
[2023-07-27T00:01:43.931-0300] {logging_mixin.py:150} INFO - [2023-07-27T00:01:43.931-0300] {dag.py:2742} INFO - Sync 1 DAGs
[2023-07-27T00:01:43.956-0300] {logging_mixin.py:150} INFO - [2023-07-27T00:01:43.955-0300] {dag.py:3504} INFO - Setting next_dagrun for example_sensor_decorator to None, run_after=None
[2023-07-27T00:01:43.986-0300] {processor.py:179} INFO - Processing /home/gabi/Documentos/Gabi/Indicium/code-challenge-indicium/ind_env/lib/python3.10/site-packages/airflow/example_dags/example_sensor_decorator.py took 0.094 seconds
[2023-07-27T00:02:28.465-0300] {processor.py:157} INFO - Started process (PID=10646) to work on /home/gabi/Documentos/Gabi/Indicium/code-challenge-indicium/ind_env/lib/python3.10/site-packages/airflow/example_dags/example_sensor_decorator.py
[2023-07-27T00:02:28.467-0300] {processor.py:826} INFO - Processing file /home/gabi/Documentos/Gabi/Indicium/code-challenge-indicium/ind_env/lib/python3.10/site-packages/airflow/example_dags/example_sensor_decorator.py for tasks to queue
[2023-07-27T00:02:28.468-0300] {logging_mixin.py:150} INFO - [2023-07-27T00:02:28.468-0300] {dagbag.py:541} INFO - Filling up the DagBag from /home/gabi/Documentos/Gabi/Indicium/code-challenge-indicium/ind_env/lib/python3.10/site-packages/airflow/example_dags/example_sensor_decorator.py
[2023-07-27T00:02:28.478-0300] {processor.py:836} INFO - DAG(s) dict_keys(['example_sensor_decorator']) retrieved from /home/gabi/Documentos/Gabi/Indicium/code-challenge-indicium/ind_env/lib/python3.10/site-packages/airflow/example_dags/example_sensor_decorator.py
[2023-07-27T00:02:28.500-0300] {logging_mixin.py:150} INFO - [2023-07-27T00:02:28.500-0300] {dag.py:2742} INFO - Sync 1 DAGs
[2023-07-27T00:02:28.532-0300] {logging_mixin.py:150} INFO - [2023-07-27T00:02:28.531-0300] {dag.py:3504} INFO - Setting next_dagrun for example_sensor_decorator to None, run_after=None
[2023-07-27T00:02:28.566-0300] {processor.py:179} INFO - Processing /home/gabi/Documentos/Gabi/Indicium/code-challenge-indicium/ind_env/lib/python3.10/site-packages/airflow/example_dags/example_sensor_decorator.py took 0.105 seconds
[2023-07-27T00:03:16.524-0300] {processor.py:157} INFO - Started process (PID=10787) to work on /home/gabi/Documentos/Gabi/Indicium/code-challenge-indicium/ind_env/lib/python3.10/site-packages/airflow/example_dags/example_sensor_decorator.py
[2023-07-27T00:03:16.527-0300] {processor.py:826} INFO - Processing file /home/gabi/Documentos/Gabi/Indicium/code-challenge-indicium/ind_env/lib/python3.10/site-packages/airflow/example_dags/example_sensor_decorator.py for tasks to queue
[2023-07-27T00:03:16.528-0300] {logging_mixin.py:150} INFO - [2023-07-27T00:03:16.528-0300] {dagbag.py:541} INFO - Filling up the DagBag from /home/gabi/Documentos/Gabi/Indicium/code-challenge-indicium/ind_env/lib/python3.10/site-packages/airflow/example_dags/example_sensor_decorator.py
[2023-07-27T00:03:16.537-0300] {processor.py:836} INFO - DAG(s) dict_keys(['example_sensor_decorator']) retrieved from /home/gabi/Documentos/Gabi/Indicium/code-challenge-indicium/ind_env/lib/python3.10/site-packages/airflow/example_dags/example_sensor_decorator.py
[2023-07-27T00:03:16.559-0300] {logging_mixin.py:150} INFO - [2023-07-27T00:03:16.558-0300] {dag.py:2742} INFO - Sync 1 DAGs
[2023-07-27T00:03:16.582-0300] {logging_mixin.py:150} INFO - [2023-07-27T00:03:16.582-0300] {dag.py:3504} INFO - Setting next_dagrun for example_sensor_decorator to None, run_after=None
[2023-07-27T00:03:16.608-0300] {processor.py:179} INFO - Processing /home/gabi/Documentos/Gabi/Indicium/code-challenge-indicium/ind_env/lib/python3.10/site-packages/airflow/example_dags/example_sensor_decorator.py took 0.088 seconds
[2023-07-27T20:30:16.397-0300] {processor.py:157} INFO - Started process (PID=13428) to work on /home/gabi/Documentos/Gabi/Indicium/code-challenge-indicium/ind_env/lib/python3.10/site-packages/airflow/example_dags/example_sensor_decorator.py
[2023-07-27T20:30:16.400-0300] {processor.py:826} INFO - Processing file /home/gabi/Documentos/Gabi/Indicium/code-challenge-indicium/ind_env/lib/python3.10/site-packages/airflow/example_dags/example_sensor_decorator.py for tasks to queue
[2023-07-27T20:30:16.401-0300] {logging_mixin.py:150} INFO - [2023-07-27T20:30:16.401-0300] {dagbag.py:541} INFO - Filling up the DagBag from /home/gabi/Documentos/Gabi/Indicium/code-challenge-indicium/ind_env/lib/python3.10/site-packages/airflow/example_dags/example_sensor_decorator.py
[2023-07-27T20:30:16.410-0300] {processor.py:836} INFO - DAG(s) dict_keys(['example_sensor_decorator']) retrieved from /home/gabi/Documentos/Gabi/Indicium/code-challenge-indicium/ind_env/lib/python3.10/site-packages/airflow/example_dags/example_sensor_decorator.py
[2023-07-27T20:30:16.435-0300] {logging_mixin.py:150} INFO - [2023-07-27T20:30:16.435-0300] {dag.py:2742} INFO - Sync 1 DAGs
[2023-07-27T20:30:16.459-0300] {logging_mixin.py:150} INFO - [2023-07-27T20:30:16.459-0300] {dag.py:3504} INFO - Setting next_dagrun for example_sensor_decorator to None, run_after=None
[2023-07-27T20:30:16.486-0300] {processor.py:179} INFO - Processing /home/gabi/Documentos/Gabi/Indicium/code-challenge-indicium/ind_env/lib/python3.10/site-packages/airflow/example_dags/example_sensor_decorator.py took 0.094 seconds
