[2023-07-26T23:59:03.958-0300] {processor.py:157} INFO - Started process (PID=9864) to work on /home/gabi/Documentos/Gabi/Indicium/code-challenge-indicium/ind_env/lib/python3.10/site-packages/airflow/example_dags/example_short_circuit_decorator.py
[2023-07-26T23:59:03.960-0300] {processor.py:826} INFO - Processing file /home/gabi/Documentos/Gabi/Indicium/code-challenge-indicium/ind_env/lib/python3.10/site-packages/airflow/example_dags/example_short_circuit_decorator.py for tasks to queue
[2023-07-26T23:59:03.961-0300] {logging_mixin.py:150} INFO - [2023-07-26T23:59:03.961-0300] {dagbag.py:541} INFO - Filling up the DagBag from /home/gabi/Documentos/Gabi/Indicium/code-challenge-indicium/ind_env/lib/python3.10/site-packages/airflow/example_dags/example_short_circuit_decorator.py
[2023-07-26T23:59:03.993-0300] {processor.py:836} INFO - DAG(s) dict_keys(['example_short_circuit_decorator']) retrieved from /home/gabi/Documentos/Gabi/Indicium/code-challenge-indicium/ind_env/lib/python3.10/site-packages/airflow/example_dags/example_short_circuit_decorator.py
[2023-07-26T23:59:04.049-0300] {logging_mixin.py:150} INFO - [2023-07-26T23:59:04.049-0300] {dag.py:2742} INFO - Sync 1 DAGs
[2023-07-26T23:59:04.094-0300] {logging_mixin.py:150} INFO - [2023-07-26T23:59:04.094-0300] {dag.py:3504} INFO - Setting next_dagrun for example_short_circuit_decorator to 2023-07-26T02:59:04.093761+00:00, run_after=2023-07-27T02:59:04.093761+00:00
[2023-07-26T23:59:04.150-0300] {processor.py:179} INFO - Processing /home/gabi/Documentos/Gabi/Indicium/code-challenge-indicium/ind_env/lib/python3.10/site-packages/airflow/example_dags/example_short_circuit_decorator.py took 0.200 seconds
[2023-07-26T23:59:57.860-0300] {processor.py:157} INFO - Started process (PID=10057) to work on /home/gabi/Documentos/Gabi/Indicium/code-challenge-indicium/ind_env/lib/python3.10/site-packages/airflow/example_dags/example_short_circuit_decorator.py
[2023-07-26T23:59:57.864-0300] {processor.py:826} INFO - Processing file /home/gabi/Documentos/Gabi/Indicium/code-challenge-indicium/ind_env/lib/python3.10/site-packages/airflow/example_dags/example_short_circuit_decorator.py for tasks to queue
[2023-07-26T23:59:57.865-0300] {logging_mixin.py:150} INFO - [2023-07-26T23:59:57.865-0300] {dagbag.py:541} INFO - Filling up the DagBag from /home/gabi/Documentos/Gabi/Indicium/code-challenge-indicium/ind_env/lib/python3.10/site-packages/airflow/example_dags/example_short_circuit_decorator.py
[2023-07-26T23:59:57.878-0300] {processor.py:836} INFO - DAG(s) dict_keys(['example_short_circuit_decorator']) retrieved from /home/gabi/Documentos/Gabi/Indicium/code-challenge-indicium/ind_env/lib/python3.10/site-packages/airflow/example_dags/example_short_circuit_decorator.py
[2023-07-26T23:59:57.900-0300] {logging_mixin.py:150} INFO - [2023-07-26T23:59:57.900-0300] {dag.py:2742} INFO - Sync 1 DAGs
[2023-07-26T23:59:57.925-0300] {logging_mixin.py:150} INFO - [2023-07-26T23:59:57.925-0300] {dag.py:3504} INFO - Setting next_dagrun for example_short_circuit_decorator to 2023-07-26T02:59:57.925333+00:00, run_after=2023-07-27T02:59:57.925333+00:00
[2023-07-26T23:59:57.953-0300] {processor.py:179} INFO - Processing /home/gabi/Documentos/Gabi/Indicium/code-challenge-indicium/ind_env/lib/python3.10/site-packages/airflow/example_dags/example_short_circuit_decorator.py took 0.097 seconds
[2023-07-27T00:00:49.674-0300] {processor.py:157} INFO - Started process (PID=10369) to work on /home/gabi/Documentos/Gabi/Indicium/code-challenge-indicium/ind_env/lib/python3.10/site-packages/airflow/example_dags/example_short_circuit_decorator.py
[2023-07-27T00:00:49.676-0300] {processor.py:826} INFO - Processing file /home/gabi/Documentos/Gabi/Indicium/code-challenge-indicium/ind_env/lib/python3.10/site-packages/airflow/example_dags/example_short_circuit_decorator.py for tasks to queue
[2023-07-27T00:00:49.677-0300] {logging_mixin.py:150} INFO - [2023-07-27T00:00:49.677-0300] {dagbag.py:541} INFO - Filling up the DagBag from /home/gabi/Documentos/Gabi/Indicium/code-challenge-indicium/ind_env/lib/python3.10/site-packages/airflow/example_dags/example_short_circuit_decorator.py
[2023-07-27T00:00:49.692-0300] {processor.py:836} INFO - DAG(s) dict_keys(['example_short_circuit_decorator']) retrieved from /home/gabi/Documentos/Gabi/Indicium/code-challenge-indicium/ind_env/lib/python3.10/site-packages/airflow/example_dags/example_short_circuit_decorator.py
[2023-07-27T00:00:49.722-0300] {logging_mixin.py:150} INFO - [2023-07-27T00:00:49.722-0300] {dag.py:2742} INFO - Sync 1 DAGs
[2023-07-27T00:00:49.753-0300] {logging_mixin.py:150} INFO - [2023-07-27T00:00:49.753-0300] {dag.py:3504} INFO - Setting next_dagrun for example_short_circuit_decorator to 2023-07-26T03:00:49.753117+00:00, run_after=2023-07-27T03:00:49.753117+00:00
[2023-07-27T00:00:49.787-0300] {processor.py:179} INFO - Processing /home/gabi/Documentos/Gabi/Indicium/code-challenge-indicium/ind_env/lib/python3.10/site-packages/airflow/example_dags/example_short_circuit_decorator.py took 0.117 seconds
[2023-07-27T00:01:37.802-0300] {processor.py:157} INFO - Started process (PID=10510) to work on /home/gabi/Documentos/Gabi/Indicium/code-challenge-indicium/ind_env/lib/python3.10/site-packages/airflow/example_dags/example_short_circuit_decorator.py
[2023-07-27T00:01:37.807-0300] {processor.py:826} INFO - Processing file /home/gabi/Documentos/Gabi/Indicium/code-challenge-indicium/ind_env/lib/python3.10/site-packages/airflow/example_dags/example_short_circuit_decorator.py for tasks to queue
[2023-07-27T00:01:37.808-0300] {logging_mixin.py:150} INFO - [2023-07-27T00:01:37.808-0300] {dagbag.py:541} INFO - Filling up the DagBag from /home/gabi/Documentos/Gabi/Indicium/code-challenge-indicium/ind_env/lib/python3.10/site-packages/airflow/example_dags/example_short_circuit_decorator.py
[2023-07-27T00:01:37.822-0300] {processor.py:836} INFO - DAG(s) dict_keys(['example_short_circuit_decorator']) retrieved from /home/gabi/Documentos/Gabi/Indicium/code-challenge-indicium/ind_env/lib/python3.10/site-packages/airflow/example_dags/example_short_circuit_decorator.py
[2023-07-27T00:01:37.847-0300] {logging_mixin.py:150} INFO - [2023-07-27T00:01:37.847-0300] {dag.py:2742} INFO - Sync 1 DAGs
[2023-07-27T00:01:37.871-0300] {logging_mixin.py:150} INFO - [2023-07-27T00:01:37.871-0300] {dag.py:3504} INFO - Setting next_dagrun for example_short_circuit_decorator to 2023-07-26T03:01:37.870751+00:00, run_after=2023-07-27T03:01:37.870751+00:00
[2023-07-27T00:01:37.902-0300] {processor.py:179} INFO - Processing /home/gabi/Documentos/Gabi/Indicium/code-challenge-indicium/ind_env/lib/python3.10/site-packages/airflow/example_dags/example_short_circuit_decorator.py took 0.104 seconds
[2023-07-27T00:02:21.869-0300] {processor.py:157} INFO - Started process (PID=10623) to work on /home/gabi/Documentos/Gabi/Indicium/code-challenge-indicium/ind_env/lib/python3.10/site-packages/airflow/example_dags/example_short_circuit_decorator.py
[2023-07-27T00:02:21.871-0300] {processor.py:826} INFO - Processing file /home/gabi/Documentos/Gabi/Indicium/code-challenge-indicium/ind_env/lib/python3.10/site-packages/airflow/example_dags/example_short_circuit_decorator.py for tasks to queue
[2023-07-27T00:02:21.873-0300] {logging_mixin.py:150} INFO - [2023-07-27T00:02:21.872-0300] {dagbag.py:541} INFO - Filling up the DagBag from /home/gabi/Documentos/Gabi/Indicium/code-challenge-indicium/ind_env/lib/python3.10/site-packages/airflow/example_dags/example_short_circuit_decorator.py
[2023-07-27T00:02:21.887-0300] {processor.py:836} INFO - DAG(s) dict_keys(['example_short_circuit_decorator']) retrieved from /home/gabi/Documentos/Gabi/Indicium/code-challenge-indicium/ind_env/lib/python3.10/site-packages/airflow/example_dags/example_short_circuit_decorator.py
[2023-07-27T00:02:21.914-0300] {logging_mixin.py:150} INFO - [2023-07-27T00:02:21.913-0300] {dag.py:2742} INFO - Sync 1 DAGs
[2023-07-27T00:02:21.943-0300] {logging_mixin.py:150} INFO - [2023-07-27T00:02:21.942-0300] {dag.py:3504} INFO - Setting next_dagrun for example_short_circuit_decorator to 2023-07-26T03:02:21.942542+00:00, run_after=2023-07-27T03:02:21.942542+00:00
[2023-07-27T00:02:21.976-0300] {processor.py:179} INFO - Processing /home/gabi/Documentos/Gabi/Indicium/code-challenge-indicium/ind_env/lib/python3.10/site-packages/airflow/example_dags/example_short_circuit_decorator.py took 0.112 seconds
[2023-07-27T00:03:09.994-0300] {processor.py:157} INFO - Started process (PID=10764) to work on /home/gabi/Documentos/Gabi/Indicium/code-challenge-indicium/ind_env/lib/python3.10/site-packages/airflow/example_dags/example_short_circuit_decorator.py
[2023-07-27T00:03:09.997-0300] {processor.py:826} INFO - Processing file /home/gabi/Documentos/Gabi/Indicium/code-challenge-indicium/ind_env/lib/python3.10/site-packages/airflow/example_dags/example_short_circuit_decorator.py for tasks to queue
[2023-07-27T00:03:09.998-0300] {logging_mixin.py:150} INFO - [2023-07-27T00:03:09.998-0300] {dagbag.py:541} INFO - Filling up the DagBag from /home/gabi/Documentos/Gabi/Indicium/code-challenge-indicium/ind_env/lib/python3.10/site-packages/airflow/example_dags/example_short_circuit_decorator.py
[2023-07-27T00:03:10.013-0300] {processor.py:836} INFO - DAG(s) dict_keys(['example_short_circuit_decorator']) retrieved from /home/gabi/Documentos/Gabi/Indicium/code-challenge-indicium/ind_env/lib/python3.10/site-packages/airflow/example_dags/example_short_circuit_decorator.py
[2023-07-27T00:03:10.039-0300] {logging_mixin.py:150} INFO - [2023-07-27T00:03:10.039-0300] {dag.py:2742} INFO - Sync 1 DAGs
[2023-07-27T00:03:10.065-0300] {logging_mixin.py:150} INFO - [2023-07-27T00:03:10.065-0300] {dag.py:3504} INFO - Setting next_dagrun for example_short_circuit_decorator to 2023-07-26T03:03:10.065116+00:00, run_after=2023-07-27T03:03:10.065116+00:00
[2023-07-27T00:03:10.094-0300] {processor.py:179} INFO - Processing /home/gabi/Documentos/Gabi/Indicium/code-challenge-indicium/ind_env/lib/python3.10/site-packages/airflow/example_dags/example_short_circuit_decorator.py took 0.103 seconds
