[2023-07-26T23:59:38.583-0300] {processor.py:157} INFO - Started process (PID=9985) to work on /home/gabi/Documentos/Gabi/Indicium/code-challenge-indicium/ind_env/lib/python3.10/site-packages/airflow/example_dags/example_branch_operator.py
[2023-07-26T23:59:38.584-0300] {processor.py:826} INFO - Processing file /home/gabi/Documentos/Gabi/Indicium/code-challenge-indicium/ind_env/lib/python3.10/site-packages/airflow/example_dags/example_branch_operator.py for tasks to queue
[2023-07-26T23:59:38.586-0300] {logging_mixin.py:150} INFO - [2023-07-26T23:59:38.585-0300] {dagbag.py:541} INFO - Filling up the DagBag from /home/gabi/Documentos/Gabi/Indicium/code-challenge-indicium/ind_env/lib/python3.10/site-packages/airflow/example_dags/example_branch_operator.py
[2023-07-26T23:59:38.607-0300] {processor.py:836} INFO - DAG(s) dict_keys(['example_branch_operator']) retrieved from /home/gabi/Documentos/Gabi/Indicium/code-challenge-indicium/ind_env/lib/python3.10/site-packages/airflow/example_dags/example_branch_operator.py
[2023-07-26T23:59:38.640-0300] {logging_mixin.py:150} INFO - [2023-07-26T23:59:38.640-0300] {dag.py:2742} INFO - Sync 1 DAGs
[2023-07-26T23:59:38.674-0300] {logging_mixin.py:150} INFO - [2023-07-26T23:59:38.673-0300] {dag.py:3504} INFO - Setting next_dagrun for example_branch_operator to 2023-07-26T00:00:00+00:00, run_after=2023-07-27T00:00:00+00:00
[2023-07-26T23:59:38.704-0300] {processor.py:179} INFO - Processing /home/gabi/Documentos/Gabi/Indicium/code-challenge-indicium/ind_env/lib/python3.10/site-packages/airflow/example_dags/example_branch_operator.py took 0.126 seconds
[2023-07-27T00:00:48.025-0300] {processor.py:157} INFO - Started process (PID=10367) to work on /home/gabi/Documentos/Gabi/Indicium/code-challenge-indicium/ind_env/lib/python3.10/site-packages/airflow/example_dags/example_branch_operator.py
[2023-07-27T00:00:48.027-0300] {processor.py:826} INFO - Processing file /home/gabi/Documentos/Gabi/Indicium/code-challenge-indicium/ind_env/lib/python3.10/site-packages/airflow/example_dags/example_branch_operator.py for tasks to queue
[2023-07-27T00:00:48.028-0300] {logging_mixin.py:150} INFO - [2023-07-27T00:00:48.028-0300] {dagbag.py:541} INFO - Filling up the DagBag from /home/gabi/Documentos/Gabi/Indicium/code-challenge-indicium/ind_env/lib/python3.10/site-packages/airflow/example_dags/example_branch_operator.py
[2023-07-27T00:00:48.042-0300] {processor.py:836} INFO - DAG(s) dict_keys(['example_branch_operator']) retrieved from /home/gabi/Documentos/Gabi/Indicium/code-challenge-indicium/ind_env/lib/python3.10/site-packages/airflow/example_dags/example_branch_operator.py
[2023-07-27T00:00:48.065-0300] {logging_mixin.py:150} INFO - [2023-07-27T00:00:48.065-0300] {dag.py:2742} INFO - Sync 1 DAGs
[2023-07-27T00:00:48.110-0300] {logging_mixin.py:150} INFO - [2023-07-27T00:00:48.110-0300] {dag.py:3504} INFO - Setting next_dagrun for example_branch_operator to 2023-07-26T00:00:00+00:00, run_after=2023-07-27T00:00:00+00:00
[2023-07-27T00:00:48.173-0300] {processor.py:179} INFO - Processing /home/gabi/Documentos/Gabi/Indicium/code-challenge-indicium/ind_env/lib/python3.10/site-packages/airflow/example_dags/example_branch_operator.py took 0.151 seconds
[2023-07-27T00:01:55.912-0300] {processor.py:157} INFO - Started process (PID=10559) to work on /home/gabi/Documentos/Gabi/Indicium/code-challenge-indicium/ind_env/lib/python3.10/site-packages/airflow/example_dags/example_branch_operator.py
[2023-07-27T00:01:55.914-0300] {processor.py:826} INFO - Processing file /home/gabi/Documentos/Gabi/Indicium/code-challenge-indicium/ind_env/lib/python3.10/site-packages/airflow/example_dags/example_branch_operator.py for tasks to queue
[2023-07-27T00:01:55.915-0300] {logging_mixin.py:150} INFO - [2023-07-27T00:01:55.915-0300] {dagbag.py:541} INFO - Filling up the DagBag from /home/gabi/Documentos/Gabi/Indicium/code-challenge-indicium/ind_env/lib/python3.10/site-packages/airflow/example_dags/example_branch_operator.py
[2023-07-27T00:01:55.928-0300] {processor.py:836} INFO - DAG(s) dict_keys(['example_branch_operator']) retrieved from /home/gabi/Documentos/Gabi/Indicium/code-challenge-indicium/ind_env/lib/python3.10/site-packages/airflow/example_dags/example_branch_operator.py
[2023-07-27T00:01:55.952-0300] {logging_mixin.py:150} INFO - [2023-07-27T00:01:55.952-0300] {dag.py:2742} INFO - Sync 1 DAGs
[2023-07-27T00:01:55.984-0300] {logging_mixin.py:150} INFO - [2023-07-27T00:01:55.983-0300] {dag.py:3504} INFO - Setting next_dagrun for example_branch_operator to 2023-07-26T00:00:00+00:00, run_after=2023-07-27T00:00:00+00:00
[2023-07-27T00:01:56.012-0300] {processor.py:179} INFO - Processing /home/gabi/Documentos/Gabi/Indicium/code-challenge-indicium/ind_env/lib/python3.10/site-packages/airflow/example_dags/example_branch_operator.py took 0.105 seconds
[2023-07-27T00:03:03.904-0300] {processor.py:157} INFO - Started process (PID=10742) to work on /home/gabi/Documentos/Gabi/Indicium/code-challenge-indicium/ind_env/lib/python3.10/site-packages/airflow/example_dags/example_branch_operator.py
[2023-07-27T00:03:03.909-0300] {processor.py:826} INFO - Processing file /home/gabi/Documentos/Gabi/Indicium/code-challenge-indicium/ind_env/lib/python3.10/site-packages/airflow/example_dags/example_branch_operator.py for tasks to queue
[2023-07-27T00:03:03.911-0300] {logging_mixin.py:150} INFO - [2023-07-27T00:03:03.910-0300] {dagbag.py:541} INFO - Filling up the DagBag from /home/gabi/Documentos/Gabi/Indicium/code-challenge-indicium/ind_env/lib/python3.10/site-packages/airflow/example_dags/example_branch_operator.py
[2023-07-27T00:03:03.924-0300] {processor.py:836} INFO - DAG(s) dict_keys(['example_branch_operator']) retrieved from /home/gabi/Documentos/Gabi/Indicium/code-challenge-indicium/ind_env/lib/python3.10/site-packages/airflow/example_dags/example_branch_operator.py
[2023-07-27T00:03:03.949-0300] {logging_mixin.py:150} INFO - [2023-07-27T00:03:03.949-0300] {dag.py:2742} INFO - Sync 1 DAGs
[2023-07-27T00:03:03.987-0300] {logging_mixin.py:150} INFO - [2023-07-27T00:03:03.986-0300] {dag.py:3504} INFO - Setting next_dagrun for example_branch_operator to 2023-07-26T00:00:00+00:00, run_after=2023-07-27T00:00:00+00:00
[2023-07-27T00:03:04.025-0300] {processor.py:179} INFO - Processing /home/gabi/Documentos/Gabi/Indicium/code-challenge-indicium/ind_env/lib/python3.10/site-packages/airflow/example_dags/example_branch_operator.py took 0.124 seconds
