[2023-07-26T23:59:34.843-0300] {processor.py:157} INFO - Started process (PID=9979) to work on /home/gabi/Documentos/Gabi/Indicium/code-challenge-indicium/ind_env/lib/python3.10/site-packages/airflow/example_dags/example_latest_only_with_trigger.py
[2023-07-26T23:59:34.845-0300] {processor.py:826} INFO - Processing file /home/gabi/Documentos/Gabi/Indicium/code-challenge-indicium/ind_env/lib/python3.10/site-packages/airflow/example_dags/example_latest_only_with_trigger.py for tasks to queue
[2023-07-26T23:59:34.846-0300] {logging_mixin.py:150} INFO - [2023-07-26T23:59:34.845-0300] {dagbag.py:541} INFO - Filling up the DagBag from /home/gabi/Documentos/Gabi/Indicium/code-challenge-indicium/ind_env/lib/python3.10/site-packages/airflow/example_dags/example_latest_only_with_trigger.py
[2023-07-26T23:59:34.855-0300] {processor.py:836} INFO - DAG(s) dict_keys(['latest_only_with_trigger']) retrieved from /home/gabi/Documentos/Gabi/Indicium/code-challenge-indicium/ind_env/lib/python3.10/site-packages/airflow/example_dags/example_latest_only_with_trigger.py
[2023-07-26T23:59:34.878-0300] {logging_mixin.py:150} INFO - [2023-07-26T23:59:34.878-0300] {dag.py:2742} INFO - Sync 1 DAGs
[2023-07-26T23:59:34.902-0300] {logging_mixin.py:150} INFO - [2023-07-26T23:59:34.902-0300] {dag.py:3504} INFO - Setting next_dagrun for latest_only_with_trigger to 2023-07-26T22:59:34.902461+00:00, run_after=2023-07-27T02:59:34.902461+00:00
[2023-07-26T23:59:34.928-0300] {processor.py:179} INFO - Processing /home/gabi/Documentos/Gabi/Indicium/code-challenge-indicium/ind_env/lib/python3.10/site-packages/airflow/example_dags/example_latest_only_with_trigger.py took 0.090 seconds
[2023-07-27T00:00:44.902-0300] {processor.py:157} INFO - Started process (PID=10364) to work on /home/gabi/Documentos/Gabi/Indicium/code-challenge-indicium/ind_env/lib/python3.10/site-packages/airflow/example_dags/example_latest_only_with_trigger.py
[2023-07-27T00:00:44.904-0300] {processor.py:826} INFO - Processing file /home/gabi/Documentos/Gabi/Indicium/code-challenge-indicium/ind_env/lib/python3.10/site-packages/airflow/example_dags/example_latest_only_with_trigger.py for tasks to queue
[2023-07-27T00:00:44.905-0300] {logging_mixin.py:150} INFO - [2023-07-27T00:00:44.905-0300] {dagbag.py:541} INFO - Filling up the DagBag from /home/gabi/Documentos/Gabi/Indicium/code-challenge-indicium/ind_env/lib/python3.10/site-packages/airflow/example_dags/example_latest_only_with_trigger.py
[2023-07-27T00:00:44.913-0300] {processor.py:836} INFO - DAG(s) dict_keys(['latest_only_with_trigger']) retrieved from /home/gabi/Documentos/Gabi/Indicium/code-challenge-indicium/ind_env/lib/python3.10/site-packages/airflow/example_dags/example_latest_only_with_trigger.py
[2023-07-27T00:00:44.934-0300] {logging_mixin.py:150} INFO - [2023-07-27T00:00:44.934-0300] {dag.py:2742} INFO - Sync 1 DAGs
[2023-07-27T00:00:44.962-0300] {logging_mixin.py:150} INFO - [2023-07-27T00:00:44.962-0300] {dag.py:3504} INFO - Setting next_dagrun for latest_only_with_trigger to 2023-07-26T23:00:44.962170+00:00, run_after=2023-07-27T03:00:44.962170+00:00
[2023-07-27T00:00:44.994-0300] {processor.py:179} INFO - Processing /home/gabi/Documentos/Gabi/Indicium/code-challenge-indicium/ind_env/lib/python3.10/site-packages/airflow/example_dags/example_latest_only_with_trigger.py took 0.096 seconds
[2023-07-27T00:01:52.292-0300] {processor.py:157} INFO - Started process (PID=10539) to work on /home/gabi/Documentos/Gabi/Indicium/code-challenge-indicium/ind_env/lib/python3.10/site-packages/airflow/example_dags/example_latest_only_with_trigger.py
[2023-07-27T00:01:52.295-0300] {processor.py:826} INFO - Processing file /home/gabi/Documentos/Gabi/Indicium/code-challenge-indicium/ind_env/lib/python3.10/site-packages/airflow/example_dags/example_latest_only_with_trigger.py for tasks to queue
[2023-07-27T00:01:52.296-0300] {logging_mixin.py:150} INFO - [2023-07-27T00:01:52.295-0300] {dagbag.py:541} INFO - Filling up the DagBag from /home/gabi/Documentos/Gabi/Indicium/code-challenge-indicium/ind_env/lib/python3.10/site-packages/airflow/example_dags/example_latest_only_with_trigger.py
[2023-07-27T00:01:52.305-0300] {processor.py:836} INFO - DAG(s) dict_keys(['latest_only_with_trigger']) retrieved from /home/gabi/Documentos/Gabi/Indicium/code-challenge-indicium/ind_env/lib/python3.10/site-packages/airflow/example_dags/example_latest_only_with_trigger.py
[2023-07-27T00:01:52.328-0300] {logging_mixin.py:150} INFO - [2023-07-27T00:01:52.328-0300] {dag.py:2742} INFO - Sync 1 DAGs
[2023-07-27T00:01:52.352-0300] {logging_mixin.py:150} INFO - [2023-07-27T00:01:52.352-0300] {dag.py:3504} INFO - Setting next_dagrun for latest_only_with_trigger to 2023-07-26T23:01:52.351963+00:00, run_after=2023-07-27T03:01:52.351963+00:00
[2023-07-27T00:01:52.378-0300] {processor.py:179} INFO - Processing /home/gabi/Documentos/Gabi/Indicium/code-challenge-indicium/ind_env/lib/python3.10/site-packages/airflow/example_dags/example_latest_only_with_trigger.py took 0.091 seconds
[2023-07-27T00:03:00.571-0300] {processor.py:157} INFO - Started process (PID=10739) to work on /home/gabi/Documentos/Gabi/Indicium/code-challenge-indicium/ind_env/lib/python3.10/site-packages/airflow/example_dags/example_latest_only_with_trigger.py
[2023-07-27T00:03:00.573-0300] {processor.py:826} INFO - Processing file /home/gabi/Documentos/Gabi/Indicium/code-challenge-indicium/ind_env/lib/python3.10/site-packages/airflow/example_dags/example_latest_only_with_trigger.py for tasks to queue
[2023-07-27T00:03:00.575-0300] {logging_mixin.py:150} INFO - [2023-07-27T00:03:00.574-0300] {dagbag.py:541} INFO - Filling up the DagBag from /home/gabi/Documentos/Gabi/Indicium/code-challenge-indicium/ind_env/lib/python3.10/site-packages/airflow/example_dags/example_latest_only_with_trigger.py
[2023-07-27T00:03:00.584-0300] {processor.py:836} INFO - DAG(s) dict_keys(['latest_only_with_trigger']) retrieved from /home/gabi/Documentos/Gabi/Indicium/code-challenge-indicium/ind_env/lib/python3.10/site-packages/airflow/example_dags/example_latest_only_with_trigger.py
[2023-07-27T00:03:00.614-0300] {logging_mixin.py:150} INFO - [2023-07-27T00:03:00.614-0300] {dag.py:2742} INFO - Sync 1 DAGs
[2023-07-27T00:03:00.663-0300] {logging_mixin.py:150} INFO - [2023-07-27T00:03:00.663-0300] {dag.py:3504} INFO - Setting next_dagrun for latest_only_with_trigger to 2023-07-26T23:03:00.662998+00:00, run_after=2023-07-27T03:03:00.662998+00:00
[2023-07-27T00:03:00.707-0300] {processor.py:179} INFO - Processing /home/gabi/Documentos/Gabi/Indicium/code-challenge-indicium/ind_env/lib/python3.10/site-packages/airflow/example_dags/example_latest_only_with_trigger.py took 0.141 seconds
