[2023-07-26T23:59:30.596-0300] {processor.py:157} INFO - Started process (PID=9959) to work on /home/gabi/Documentos/Gabi/Indicium/code-challenge-indicium/ind_env/lib/python3.10/site-packages/airflow/example_dags/example_branch_day_of_week_operator.py
[2023-07-26T23:59:30.597-0300] {processor.py:826} INFO - Processing file /home/gabi/Documentos/Gabi/Indicium/code-challenge-indicium/ind_env/lib/python3.10/site-packages/airflow/example_dags/example_branch_day_of_week_operator.py for tasks to queue
[2023-07-26T23:59:30.599-0300] {logging_mixin.py:150} INFO - [2023-07-26T23:59:30.598-0300] {dagbag.py:541} INFO - Filling up the DagBag from /home/gabi/Documentos/Gabi/Indicium/code-challenge-indicium/ind_env/lib/python3.10/site-packages/airflow/example_dags/example_branch_day_of_week_operator.py
[2023-07-26T23:59:30.613-0300] {processor.py:836} INFO - DAG(s) dict_keys(['example_weekday_branch_operator']) retrieved from /home/gabi/Documentos/Gabi/Indicium/code-challenge-indicium/ind_env/lib/python3.10/site-packages/airflow/example_dags/example_branch_day_of_week_operator.py
[2023-07-26T23:59:30.638-0300] {logging_mixin.py:150} INFO - [2023-07-26T23:59:30.638-0300] {dag.py:2742} INFO - Sync 1 DAGs
[2023-07-26T23:59:30.671-0300] {logging_mixin.py:150} INFO - [2023-07-26T23:59:30.671-0300] {dag.py:3504} INFO - Setting next_dagrun for example_weekday_branch_operator to 2023-07-26T00:00:00+00:00, run_after=2023-07-27T00:00:00+00:00
[2023-07-26T23:59:30.700-0300] {processor.py:179} INFO - Processing /home/gabi/Documentos/Gabi/Indicium/code-challenge-indicium/ind_env/lib/python3.10/site-packages/airflow/example_dags/example_branch_day_of_week_operator.py took 0.107 seconds
[2023-07-27T00:00:22.521-0300] {processor.py:157} INFO - Started process (PID=10268) to work on /home/gabi/Documentos/Gabi/Indicium/code-challenge-indicium/ind_env/lib/python3.10/site-packages/airflow/example_dags/example_branch_day_of_week_operator.py
[2023-07-27T00:00:22.524-0300] {processor.py:826} INFO - Processing file /home/gabi/Documentos/Gabi/Indicium/code-challenge-indicium/ind_env/lib/python3.10/site-packages/airflow/example_dags/example_branch_day_of_week_operator.py for tasks to queue
[2023-07-27T00:00:22.525-0300] {logging_mixin.py:150} INFO - [2023-07-27T00:00:22.525-0300] {dagbag.py:541} INFO - Filling up the DagBag from /home/gabi/Documentos/Gabi/Indicium/code-challenge-indicium/ind_env/lib/python3.10/site-packages/airflow/example_dags/example_branch_day_of_week_operator.py
[2023-07-27T00:00:22.536-0300] {processor.py:836} INFO - DAG(s) dict_keys(['example_weekday_branch_operator']) retrieved from /home/gabi/Documentos/Gabi/Indicium/code-challenge-indicium/ind_env/lib/python3.10/site-packages/airflow/example_dags/example_branch_day_of_week_operator.py
[2023-07-27T00:00:22.560-0300] {logging_mixin.py:150} INFO - [2023-07-27T00:00:22.559-0300] {dag.py:2742} INFO - Sync 1 DAGs
[2023-07-27T00:00:22.586-0300] {logging_mixin.py:150} INFO - [2023-07-27T00:00:22.585-0300] {dag.py:3504} INFO - Setting next_dagrun for example_weekday_branch_operator to 2023-07-26T00:00:00+00:00, run_after=2023-07-27T00:00:00+00:00
[2023-07-27T00:00:22.614-0300] {processor.py:179} INFO - Processing /home/gabi/Documentos/Gabi/Indicium/code-challenge-indicium/ind_env/lib/python3.10/site-packages/airflow/example_dags/example_branch_day_of_week_operator.py took 0.097 seconds
[2023-07-27T00:01:30.188-0300] {processor.py:157} INFO - Started process (PID=10489) to work on /home/gabi/Documentos/Gabi/Indicium/code-challenge-indicium/ind_env/lib/python3.10/site-packages/airflow/example_dags/example_branch_day_of_week_operator.py
[2023-07-27T00:01:30.191-0300] {processor.py:826} INFO - Processing file /home/gabi/Documentos/Gabi/Indicium/code-challenge-indicium/ind_env/lib/python3.10/site-packages/airflow/example_dags/example_branch_day_of_week_operator.py for tasks to queue
[2023-07-27T00:01:30.192-0300] {logging_mixin.py:150} INFO - [2023-07-27T00:01:30.191-0300] {dagbag.py:541} INFO - Filling up the DagBag from /home/gabi/Documentos/Gabi/Indicium/code-challenge-indicium/ind_env/lib/python3.10/site-packages/airflow/example_dags/example_branch_day_of_week_operator.py
[2023-07-27T00:01:30.203-0300] {processor.py:836} INFO - DAG(s) dict_keys(['example_weekday_branch_operator']) retrieved from /home/gabi/Documentos/Gabi/Indicium/code-challenge-indicium/ind_env/lib/python3.10/site-packages/airflow/example_dags/example_branch_day_of_week_operator.py
[2023-07-27T00:01:30.226-0300] {logging_mixin.py:150} INFO - [2023-07-27T00:01:30.226-0300] {dag.py:2742} INFO - Sync 1 DAGs
[2023-07-27T00:01:30.253-0300] {logging_mixin.py:150} INFO - [2023-07-27T00:01:30.253-0300] {dag.py:3504} INFO - Setting next_dagrun for example_weekday_branch_operator to 2023-07-26T00:00:00+00:00, run_after=2023-07-27T00:00:00+00:00
[2023-07-27T00:01:30.280-0300] {processor.py:179} INFO - Processing /home/gabi/Documentos/Gabi/Indicium/code-challenge-indicium/ind_env/lib/python3.10/site-packages/airflow/example_dags/example_branch_day_of_week_operator.py took 0.096 seconds
[2023-07-27T00:02:36.216-0300] {processor.py:157} INFO - Started process (PID=10673) to work on /home/gabi/Documentos/Gabi/Indicium/code-challenge-indicium/ind_env/lib/python3.10/site-packages/airflow/example_dags/example_branch_day_of_week_operator.py
[2023-07-27T00:02:36.218-0300] {processor.py:826} INFO - Processing file /home/gabi/Documentos/Gabi/Indicium/code-challenge-indicium/ind_env/lib/python3.10/site-packages/airflow/example_dags/example_branch_day_of_week_operator.py for tasks to queue
[2023-07-27T00:02:36.220-0300] {logging_mixin.py:150} INFO - [2023-07-27T00:02:36.219-0300] {dagbag.py:541} INFO - Filling up the DagBag from /home/gabi/Documentos/Gabi/Indicium/code-challenge-indicium/ind_env/lib/python3.10/site-packages/airflow/example_dags/example_branch_day_of_week_operator.py
[2023-07-27T00:02:36.231-0300] {processor.py:836} INFO - DAG(s) dict_keys(['example_weekday_branch_operator']) retrieved from /home/gabi/Documentos/Gabi/Indicium/code-challenge-indicium/ind_env/lib/python3.10/site-packages/airflow/example_dags/example_branch_day_of_week_operator.py
[2023-07-27T00:02:36.255-0300] {logging_mixin.py:150} INFO - [2023-07-27T00:02:36.255-0300] {dag.py:2742} INFO - Sync 1 DAGs
[2023-07-27T00:02:36.281-0300] {logging_mixin.py:150} INFO - [2023-07-27T00:02:36.280-0300] {dag.py:3504} INFO - Setting next_dagrun for example_weekday_branch_operator to 2023-07-26T00:00:00+00:00, run_after=2023-07-27T00:00:00+00:00
[2023-07-27T00:02:36.306-0300] {processor.py:179} INFO - Processing /home/gabi/Documentos/Gabi/Indicium/code-challenge-indicium/ind_env/lib/python3.10/site-packages/airflow/example_dags/example_branch_day_of_week_operator.py took 0.094 seconds
