[2023-07-26T23:59:23.048-0300] {processor.py:157} INFO - Started process (PID=9935) to work on /home/gabi/Documentos/Gabi/Indicium/code-challenge-indicium/ind_env/lib/python3.10/site-packages/airflow/example_dags/example_latest_only.py
[2023-07-26T23:59:23.050-0300] {processor.py:826} INFO - Processing file /home/gabi/Documentos/Gabi/Indicium/code-challenge-indicium/ind_env/lib/python3.10/site-packages/airflow/example_dags/example_latest_only.py for tasks to queue
[2023-07-26T23:59:23.051-0300] {logging_mixin.py:150} INFO - [2023-07-26T23:59:23.050-0300] {dagbag.py:541} INFO - Filling up the DagBag from /home/gabi/Documentos/Gabi/Indicium/code-challenge-indicium/ind_env/lib/python3.10/site-packages/airflow/example_dags/example_latest_only.py
[2023-07-26T23:59:23.059-0300] {processor.py:836} INFO - DAG(s) dict_keys(['latest_only']) retrieved from /home/gabi/Documentos/Gabi/Indicium/code-challenge-indicium/ind_env/lib/python3.10/site-packages/airflow/example_dags/example_latest_only.py
[2023-07-26T23:59:23.085-0300] {logging_mixin.py:150} INFO - [2023-07-26T23:59:23.084-0300] {dag.py:2742} INFO - Sync 1 DAGs
[2023-07-26T23:59:23.110-0300] {logging_mixin.py:150} INFO - [2023-07-26T23:59:23.110-0300] {dag.py:3504} INFO - Setting next_dagrun for latest_only to 2023-07-26T22:59:23.109935+00:00, run_after=2023-07-27T02:59:23.109935+00:00
[2023-07-26T23:59:23.137-0300] {processor.py:179} INFO - Processing /home/gabi/Documentos/Gabi/Indicium/code-challenge-indicium/ind_env/lib/python3.10/site-packages/airflow/example_dags/example_latest_only.py took 0.093 seconds
[2023-07-27T00:00:15.173-0300] {processor.py:157} INFO - Started process (PID=10250) to work on /home/gabi/Documentos/Gabi/Indicium/code-challenge-indicium/ind_env/lib/python3.10/site-packages/airflow/example_dags/example_latest_only.py
[2023-07-27T00:00:15.179-0300] {processor.py:826} INFO - Processing file /home/gabi/Documentos/Gabi/Indicium/code-challenge-indicium/ind_env/lib/python3.10/site-packages/airflow/example_dags/example_latest_only.py for tasks to queue
[2023-07-27T00:00:15.180-0300] {logging_mixin.py:150} INFO - [2023-07-27T00:00:15.179-0300] {dagbag.py:541} INFO - Filling up the DagBag from /home/gabi/Documentos/Gabi/Indicium/code-challenge-indicium/ind_env/lib/python3.10/site-packages/airflow/example_dags/example_latest_only.py
[2023-07-27T00:00:15.188-0300] {processor.py:836} INFO - DAG(s) dict_keys(['latest_only']) retrieved from /home/gabi/Documentos/Gabi/Indicium/code-challenge-indicium/ind_env/lib/python3.10/site-packages/airflow/example_dags/example_latest_only.py
[2023-07-27T00:00:15.210-0300] {logging_mixin.py:150} INFO - [2023-07-27T00:00:15.210-0300] {dag.py:2742} INFO - Sync 1 DAGs
[2023-07-27T00:00:15.236-0300] {logging_mixin.py:150} INFO - [2023-07-27T00:00:15.236-0300] {dag.py:3504} INFO - Setting next_dagrun for latest_only to 2023-07-26T23:00:15.235871+00:00, run_after=2023-07-27T03:00:15.235871+00:00
[2023-07-27T00:00:15.266-0300] {processor.py:179} INFO - Processing /home/gabi/Documentos/Gabi/Indicium/code-challenge-indicium/ind_env/lib/python3.10/site-packages/airflow/example_dags/example_latest_only.py took 0.097 seconds
[2023-07-27T00:01:07.312-0300] {processor.py:157} INFO - Started process (PID=10419) to work on /home/gabi/Documentos/Gabi/Indicium/code-challenge-indicium/ind_env/lib/python3.10/site-packages/airflow/example_dags/example_latest_only.py
[2023-07-27T00:01:07.318-0300] {processor.py:826} INFO - Processing file /home/gabi/Documentos/Gabi/Indicium/code-challenge-indicium/ind_env/lib/python3.10/site-packages/airflow/example_dags/example_latest_only.py for tasks to queue
[2023-07-27T00:01:07.319-0300] {logging_mixin.py:150} INFO - [2023-07-27T00:01:07.318-0300] {dagbag.py:541} INFO - Filling up the DagBag from /home/gabi/Documentos/Gabi/Indicium/code-challenge-indicium/ind_env/lib/python3.10/site-packages/airflow/example_dags/example_latest_only.py
[2023-07-27T00:01:07.328-0300] {processor.py:836} INFO - DAG(s) dict_keys(['latest_only']) retrieved from /home/gabi/Documentos/Gabi/Indicium/code-challenge-indicium/ind_env/lib/python3.10/site-packages/airflow/example_dags/example_latest_only.py
[2023-07-27T00:01:07.351-0300] {logging_mixin.py:150} INFO - [2023-07-27T00:01:07.351-0300] {dag.py:2742} INFO - Sync 1 DAGs
[2023-07-27T00:01:07.380-0300] {logging_mixin.py:150} INFO - [2023-07-27T00:01:07.379-0300] {dag.py:3504} INFO - Setting next_dagrun for latest_only to 2023-07-26T23:01:07.379540+00:00, run_after=2023-07-27T03:01:07.379540+00:00
[2023-07-27T00:01:07.409-0300] {processor.py:179} INFO - Processing /home/gabi/Documentos/Gabi/Indicium/code-challenge-indicium/ind_env/lib/python3.10/site-packages/airflow/example_dags/example_latest_only.py took 0.103 seconds
[2023-07-27T00:02:12.622-0300] {processor.py:157} INFO - Started process (PID=10598) to work on /home/gabi/Documentos/Gabi/Indicium/code-challenge-indicium/ind_env/lib/python3.10/site-packages/airflow/example_dags/example_latest_only.py
[2023-07-27T00:02:12.627-0300] {processor.py:826} INFO - Processing file /home/gabi/Documentos/Gabi/Indicium/code-challenge-indicium/ind_env/lib/python3.10/site-packages/airflow/example_dags/example_latest_only.py for tasks to queue
[2023-07-27T00:02:12.628-0300] {logging_mixin.py:150} INFO - [2023-07-27T00:02:12.628-0300] {dagbag.py:541} INFO - Filling up the DagBag from /home/gabi/Documentos/Gabi/Indicium/code-challenge-indicium/ind_env/lib/python3.10/site-packages/airflow/example_dags/example_latest_only.py
[2023-07-27T00:02:12.638-0300] {processor.py:836} INFO - DAG(s) dict_keys(['latest_only']) retrieved from /home/gabi/Documentos/Gabi/Indicium/code-challenge-indicium/ind_env/lib/python3.10/site-packages/airflow/example_dags/example_latest_only.py
[2023-07-27T00:02:12.659-0300] {logging_mixin.py:150} INFO - [2023-07-27T00:02:12.659-0300] {dag.py:2742} INFO - Sync 1 DAGs
[2023-07-27T00:02:12.685-0300] {logging_mixin.py:150} INFO - [2023-07-27T00:02:12.684-0300] {dag.py:3504} INFO - Setting next_dagrun for latest_only to 2023-07-26T23:02:12.684679+00:00, run_after=2023-07-27T03:02:12.684679+00:00
[2023-07-27T00:02:12.712-0300] {processor.py:179} INFO - Processing /home/gabi/Documentos/Gabi/Indicium/code-challenge-indicium/ind_env/lib/python3.10/site-packages/airflow/example_dags/example_latest_only.py took 0.095 seconds
[2023-07-27T00:03:22.472-0300] {processor.py:157} INFO - Started process (PID=10793) to work on /home/gabi/Documentos/Gabi/Indicium/code-challenge-indicium/ind_env/lib/python3.10/site-packages/airflow/example_dags/example_latest_only.py
[2023-07-27T00:03:22.478-0300] {processor.py:826} INFO - Processing file /home/gabi/Documentos/Gabi/Indicium/code-challenge-indicium/ind_env/lib/python3.10/site-packages/airflow/example_dags/example_latest_only.py for tasks to queue
[2023-07-27T00:03:22.479-0300] {logging_mixin.py:150} INFO - [2023-07-27T00:03:22.478-0300] {dagbag.py:541} INFO - Filling up the DagBag from /home/gabi/Documentos/Gabi/Indicium/code-challenge-indicium/ind_env/lib/python3.10/site-packages/airflow/example_dags/example_latest_only.py
[2023-07-27T00:03:22.488-0300] {processor.py:836} INFO - DAG(s) dict_keys(['latest_only']) retrieved from /home/gabi/Documentos/Gabi/Indicium/code-challenge-indicium/ind_env/lib/python3.10/site-packages/airflow/example_dags/example_latest_only.py
[2023-07-27T00:03:22.509-0300] {logging_mixin.py:150} INFO - [2023-07-27T00:03:22.509-0300] {dag.py:2742} INFO - Sync 1 DAGs
[2023-07-27T00:03:22.534-0300] {logging_mixin.py:150} INFO - [2023-07-27T00:03:22.533-0300] {dag.py:3504} INFO - Setting next_dagrun for latest_only to 2023-07-26T23:03:22.533633+00:00, run_after=2023-07-27T03:03:22.533633+00:00
[2023-07-27T00:03:22.561-0300] {processor.py:179} INFO - Processing /home/gabi/Documentos/Gabi/Indicium/code-challenge-indicium/ind_env/lib/python3.10/site-packages/airflow/example_dags/example_latest_only.py took 0.093 seconds
[2023-07-27T20:30:28.234-0300] {processor.py:157} INFO - Started process (PID=13454) to work on /home/gabi/Documentos/Gabi/Indicium/code-challenge-indicium/ind_env/lib/python3.10/site-packages/airflow/example_dags/example_latest_only.py
[2023-07-27T20:30:28.236-0300] {processor.py:826} INFO - Processing file /home/gabi/Documentos/Gabi/Indicium/code-challenge-indicium/ind_env/lib/python3.10/site-packages/airflow/example_dags/example_latest_only.py for tasks to queue
[2023-07-27T20:30:28.238-0300] {logging_mixin.py:150} INFO - [2023-07-27T20:30:28.237-0300] {dagbag.py:541} INFO - Filling up the DagBag from /home/gabi/Documentos/Gabi/Indicium/code-challenge-indicium/ind_env/lib/python3.10/site-packages/airflow/example_dags/example_latest_only.py
[2023-07-27T20:30:28.247-0300] {processor.py:836} INFO - DAG(s) dict_keys(['latest_only']) retrieved from /home/gabi/Documentos/Gabi/Indicium/code-challenge-indicium/ind_env/lib/python3.10/site-packages/airflow/example_dags/example_latest_only.py
[2023-07-27T20:30:28.286-0300] {logging_mixin.py:150} INFO - [2023-07-27T20:30:28.286-0300] {dag.py:2742} INFO - Sync 1 DAGs
[2023-07-27T20:30:28.332-0300] {logging_mixin.py:150} INFO - [2023-07-27T20:30:28.332-0300] {dag.py:3504} INFO - Setting next_dagrun for latest_only to 2023-07-27T19:30:28.331557+00:00, run_after=2023-07-27T23:30:28.331557+00:00
[2023-07-27T20:30:28.372-0300] {processor.py:179} INFO - Processing /home/gabi/Documentos/Gabi/Indicium/code-challenge-indicium/ind_env/lib/python3.10/site-packages/airflow/example_dags/example_latest_only.py took 0.145 seconds
