[2023-07-26T23:58:58.568-0300] {processor.py:157} INFO - Started process (PID=9802) to work on /home/gabi/Documentos/Gabi/Indicium/code-challenge-indicium/ind_env/lib/python3.10/site-packages/airflow/example_dags/example_task_group.py
[2023-07-26T23:58:58.569-0300] {processor.py:826} INFO - Processing file /home/gabi/Documentos/Gabi/Indicium/code-challenge-indicium/ind_env/lib/python3.10/site-packages/airflow/example_dags/example_task_group.py for tasks to queue
[2023-07-26T23:58:58.571-0300] {logging_mixin.py:150} INFO - [2023-07-26T23:58:58.570-0300] {dagbag.py:541} INFO - Filling up the DagBag from /home/gabi/Documentos/Gabi/Indicium/code-challenge-indicium/ind_env/lib/python3.10/site-packages/airflow/example_dags/example_task_group.py
[2023-07-26T23:58:58.768-0300] {processor.py:836} INFO - DAG(s) dict_keys(['example_task_group']) retrieved from /home/gabi/Documentos/Gabi/Indicium/code-challenge-indicium/ind_env/lib/python3.10/site-packages/airflow/example_dags/example_task_group.py
[2023-07-26T23:58:58.816-0300] {logging_mixin.py:150} INFO - [2023-07-26T23:58:58.815-0300] {dag.py:2742} INFO - Sync 1 DAGs
[2023-07-26T23:58:58.853-0300] {logging_mixin.py:150} INFO - [2023-07-26T23:58:58.853-0300] {dag.py:3504} INFO - Setting next_dagrun for example_task_group to 2023-07-26T02:58:58.850861+00:00, run_after=2023-07-27T02:58:58.850861+00:00
[2023-07-26T23:58:58.941-0300] {processor.py:179} INFO - Processing /home/gabi/Documentos/Gabi/Indicium/code-challenge-indicium/ind_env/lib/python3.10/site-packages/airflow/example_dags/example_task_group.py took 0.378 seconds
[2023-07-26T23:59:53.752-0300] {processor.py:157} INFO - Started process (PID=10026) to work on /home/gabi/Documentos/Gabi/Indicium/code-challenge-indicium/ind_env/lib/python3.10/site-packages/airflow/example_dags/example_task_group.py
[2023-07-26T23:59:53.755-0300] {processor.py:826} INFO - Processing file /home/gabi/Documentos/Gabi/Indicium/code-challenge-indicium/ind_env/lib/python3.10/site-packages/airflow/example_dags/example_task_group.py for tasks to queue
[2023-07-26T23:59:53.756-0300] {logging_mixin.py:150} INFO - [2023-07-26T23:59:53.755-0300] {dagbag.py:541} INFO - Filling up the DagBag from /home/gabi/Documentos/Gabi/Indicium/code-challenge-indicium/ind_env/lib/python3.10/site-packages/airflow/example_dags/example_task_group.py
[2023-07-26T23:59:53.769-0300] {processor.py:836} INFO - DAG(s) dict_keys(['example_task_group']) retrieved from /home/gabi/Documentos/Gabi/Indicium/code-challenge-indicium/ind_env/lib/python3.10/site-packages/airflow/example_dags/example_task_group.py
[2023-07-26T23:59:53.794-0300] {logging_mixin.py:150} INFO - [2023-07-26T23:59:53.794-0300] {dag.py:2742} INFO - Sync 1 DAGs
[2023-07-26T23:59:53.818-0300] {logging_mixin.py:150} INFO - [2023-07-26T23:59:53.818-0300] {dag.py:3504} INFO - Setting next_dagrun for example_task_group to 2023-07-26T02:59:53.818354+00:00, run_after=2023-07-27T02:59:53.818354+00:00
[2023-07-26T23:59:53.845-0300] {processor.py:179} INFO - Processing /home/gabi/Documentos/Gabi/Indicium/code-challenge-indicium/ind_env/lib/python3.10/site-packages/airflow/example_dags/example_task_group.py took 0.097 seconds
[2023-07-27T00:00:40.484-0300] {processor.py:157} INFO - Started process (PID=10342) to work on /home/gabi/Documentos/Gabi/Indicium/code-challenge-indicium/ind_env/lib/python3.10/site-packages/airflow/example_dags/example_task_group.py
[2023-07-27T00:00:40.487-0300] {processor.py:826} INFO - Processing file /home/gabi/Documentos/Gabi/Indicium/code-challenge-indicium/ind_env/lib/python3.10/site-packages/airflow/example_dags/example_task_group.py for tasks to queue
[2023-07-27T00:00:40.488-0300] {logging_mixin.py:150} INFO - [2023-07-27T00:00:40.488-0300] {dagbag.py:541} INFO - Filling up the DagBag from /home/gabi/Documentos/Gabi/Indicium/code-challenge-indicium/ind_env/lib/python3.10/site-packages/airflow/example_dags/example_task_group.py
[2023-07-27T00:00:40.499-0300] {processor.py:836} INFO - DAG(s) dict_keys(['example_task_group']) retrieved from /home/gabi/Documentos/Gabi/Indicium/code-challenge-indicium/ind_env/lib/python3.10/site-packages/airflow/example_dags/example_task_group.py
[2023-07-27T00:00:40.521-0300] {logging_mixin.py:150} INFO - [2023-07-27T00:00:40.520-0300] {dag.py:2742} INFO - Sync 1 DAGs
[2023-07-27T00:00:40.545-0300] {logging_mixin.py:150} INFO - [2023-07-27T00:00:40.545-0300] {dag.py:3504} INFO - Setting next_dagrun for example_task_group to 2023-07-26T03:00:40.544894+00:00, run_after=2023-07-27T03:00:40.544894+00:00
[2023-07-27T00:00:40.573-0300] {processor.py:179} INFO - Processing /home/gabi/Documentos/Gabi/Indicium/code-challenge-indicium/ind_env/lib/python3.10/site-packages/airflow/example_dags/example_task_group.py took 0.093 seconds
[2023-07-27T00:01:26.188-0300] {processor.py:157} INFO - Started process (PID=10484) to work on /home/gabi/Documentos/Gabi/Indicium/code-challenge-indicium/ind_env/lib/python3.10/site-packages/airflow/example_dags/example_task_group.py
[2023-07-27T00:01:26.194-0300] {processor.py:826} INFO - Processing file /home/gabi/Documentos/Gabi/Indicium/code-challenge-indicium/ind_env/lib/python3.10/site-packages/airflow/example_dags/example_task_group.py for tasks to queue
[2023-07-27T00:01:26.195-0300] {logging_mixin.py:150} INFO - [2023-07-27T00:01:26.194-0300] {dagbag.py:541} INFO - Filling up the DagBag from /home/gabi/Documentos/Gabi/Indicium/code-challenge-indicium/ind_env/lib/python3.10/site-packages/airflow/example_dags/example_task_group.py
[2023-07-27T00:01:26.206-0300] {processor.py:836} INFO - DAG(s) dict_keys(['example_task_group']) retrieved from /home/gabi/Documentos/Gabi/Indicium/code-challenge-indicium/ind_env/lib/python3.10/site-packages/airflow/example_dags/example_task_group.py
[2023-07-27T00:01:26.232-0300] {logging_mixin.py:150} INFO - [2023-07-27T00:01:26.232-0300] {dag.py:2742} INFO - Sync 1 DAGs
[2023-07-27T00:01:26.267-0300] {logging_mixin.py:150} INFO - [2023-07-27T00:01:26.266-0300] {dag.py:3504} INFO - Setting next_dagrun for example_task_group to 2023-07-26T03:01:26.266595+00:00, run_after=2023-07-27T03:01:26.266595+00:00
[2023-07-27T00:01:26.296-0300] {processor.py:179} INFO - Processing /home/gabi/Documentos/Gabi/Indicium/code-challenge-indicium/ind_env/lib/python3.10/site-packages/airflow/example_dags/example_task_group.py took 0.112 seconds
[2023-07-27T00:02:17.095-0300] {processor.py:157} INFO - Started process (PID=10619) to work on /home/gabi/Documentos/Gabi/Indicium/code-challenge-indicium/ind_env/lib/python3.10/site-packages/airflow/example_dags/example_task_group.py
[2023-07-27T00:02:17.098-0300] {processor.py:826} INFO - Processing file /home/gabi/Documentos/Gabi/Indicium/code-challenge-indicium/ind_env/lib/python3.10/site-packages/airflow/example_dags/example_task_group.py for tasks to queue
[2023-07-27T00:02:17.099-0300] {logging_mixin.py:150} INFO - [2023-07-27T00:02:17.098-0300] {dagbag.py:541} INFO - Filling up the DagBag from /home/gabi/Documentos/Gabi/Indicium/code-challenge-indicium/ind_env/lib/python3.10/site-packages/airflow/example_dags/example_task_group.py
[2023-07-27T00:02:17.111-0300] {processor.py:836} INFO - DAG(s) dict_keys(['example_task_group']) retrieved from /home/gabi/Documentos/Gabi/Indicium/code-challenge-indicium/ind_env/lib/python3.10/site-packages/airflow/example_dags/example_task_group.py
[2023-07-27T00:02:17.133-0300] {logging_mixin.py:150} INFO - [2023-07-27T00:02:17.133-0300] {dag.py:2742} INFO - Sync 1 DAGs
[2023-07-27T00:02:17.157-0300] {logging_mixin.py:150} INFO - [2023-07-27T00:02:17.157-0300] {dag.py:3504} INFO - Setting next_dagrun for example_task_group to 2023-07-26T03:02:17.156971+00:00, run_after=2023-07-27T03:02:17.156971+00:00
[2023-07-27T00:02:17.183-0300] {processor.py:179} INFO - Processing /home/gabi/Documentos/Gabi/Indicium/code-challenge-indicium/ind_env/lib/python3.10/site-packages/airflow/example_dags/example_task_group.py took 0.092 seconds
[2023-07-27T00:03:05.036-0300] {processor.py:157} INFO - Started process (PID=10760) to work on /home/gabi/Documentos/Gabi/Indicium/code-challenge-indicium/ind_env/lib/python3.10/site-packages/airflow/example_dags/example_task_group.py
[2023-07-27T00:03:05.038-0300] {processor.py:826} INFO - Processing file /home/gabi/Documentos/Gabi/Indicium/code-challenge-indicium/ind_env/lib/python3.10/site-packages/airflow/example_dags/example_task_group.py for tasks to queue
[2023-07-27T00:03:05.040-0300] {logging_mixin.py:150} INFO - [2023-07-27T00:03:05.039-0300] {dagbag.py:541} INFO - Filling up the DagBag from /home/gabi/Documentos/Gabi/Indicium/code-challenge-indicium/ind_env/lib/python3.10/site-packages/airflow/example_dags/example_task_group.py
[2023-07-27T00:03:05.052-0300] {processor.py:836} INFO - DAG(s) dict_keys(['example_task_group']) retrieved from /home/gabi/Documentos/Gabi/Indicium/code-challenge-indicium/ind_env/lib/python3.10/site-packages/airflow/example_dags/example_task_group.py
[2023-07-27T00:03:05.073-0300] {logging_mixin.py:150} INFO - [2023-07-27T00:03:05.073-0300] {dag.py:2742} INFO - Sync 1 DAGs
[2023-07-27T00:03:05.097-0300] {logging_mixin.py:150} INFO - [2023-07-27T00:03:05.096-0300] {dag.py:3504} INFO - Setting next_dagrun for example_task_group to 2023-07-26T03:03:05.096661+00:00, run_after=2023-07-27T03:03:05.096661+00:00
[2023-07-27T00:03:05.126-0300] {processor.py:179} INFO - Processing /home/gabi/Documentos/Gabi/Indicium/code-challenge-indicium/ind_env/lib/python3.10/site-packages/airflow/example_dags/example_task_group.py took 0.094 seconds
