[2023-07-26T23:59:14.363-0300] {processor.py:157} INFO - Started process (PID=9911) to work on /home/gabi/Documentos/Gabi/Indicium/code-challenge-indicium/ind_env/lib/python3.10/site-packages/airflow/example_dags/example_sensors.py
[2023-07-26T23:59:14.364-0300] {processor.py:826} INFO - Processing file /home/gabi/Documentos/Gabi/Indicium/code-challenge-indicium/ind_env/lib/python3.10/site-packages/airflow/example_dags/example_sensors.py for tasks to queue
[2023-07-26T23:59:14.365-0300] {logging_mixin.py:150} INFO - [2023-07-26T23:59:14.365-0300] {dagbag.py:541} INFO - Filling up the DagBag from /home/gabi/Documentos/Gabi/Indicium/code-challenge-indicium/ind_env/lib/python3.10/site-packages/airflow/example_dags/example_sensors.py
[2023-07-26T23:59:14.406-0300] {processor.py:836} INFO - DAG(s) dict_keys(['example_sensors']) retrieved from /home/gabi/Documentos/Gabi/Indicium/code-challenge-indicium/ind_env/lib/python3.10/site-packages/airflow/example_dags/example_sensors.py
[2023-07-26T23:59:14.438-0300] {logging_mixin.py:150} INFO - [2023-07-26T23:59:14.438-0300] {dag.py:2742} INFO - Sync 1 DAGs
[2023-07-26T23:59:14.464-0300] {logging_mixin.py:150} INFO - [2023-07-26T23:59:14.464-0300] {dag.py:3504} INFO - Setting next_dagrun for example_sensors to None, run_after=None
[2023-07-26T23:59:14.493-0300] {processor.py:179} INFO - Processing /home/gabi/Documentos/Gabi/Indicium/code-challenge-indicium/ind_env/lib/python3.10/site-packages/airflow/example_dags/example_sensors.py took 0.134 seconds
[2023-07-27T00:00:07.085-0300] {processor.py:157} INFO - Started process (PID=10225) to work on /home/gabi/Documentos/Gabi/Indicium/code-challenge-indicium/ind_env/lib/python3.10/site-packages/airflow/example_dags/example_sensors.py
[2023-07-27T00:00:07.087-0300] {processor.py:826} INFO - Processing file /home/gabi/Documentos/Gabi/Indicium/code-challenge-indicium/ind_env/lib/python3.10/site-packages/airflow/example_dags/example_sensors.py for tasks to queue
[2023-07-27T00:00:07.089-0300] {logging_mixin.py:150} INFO - [2023-07-27T00:00:07.088-0300] {dagbag.py:541} INFO - Filling up the DagBag from /home/gabi/Documentos/Gabi/Indicium/code-challenge-indicium/ind_env/lib/python3.10/site-packages/airflow/example_dags/example_sensors.py
[2023-07-27T00:00:07.103-0300] {processor.py:836} INFO - DAG(s) dict_keys(['example_sensors']) retrieved from /home/gabi/Documentos/Gabi/Indicium/code-challenge-indicium/ind_env/lib/python3.10/site-packages/airflow/example_dags/example_sensors.py
[2023-07-27T00:00:07.128-0300] {logging_mixin.py:150} INFO - [2023-07-27T00:00:07.128-0300] {dag.py:2742} INFO - Sync 1 DAGs
[2023-07-27T00:00:07.151-0300] {logging_mixin.py:150} INFO - [2023-07-27T00:00:07.151-0300] {dag.py:3504} INFO - Setting next_dagrun for example_sensors to None, run_after=None
[2023-07-27T00:00:07.177-0300] {processor.py:179} INFO - Processing /home/gabi/Documentos/Gabi/Indicium/code-challenge-indicium/ind_env/lib/python3.10/site-packages/airflow/example_dags/example_sensors.py took 0.096 seconds
[2023-07-27T00:01:00.082-0300] {processor.py:157} INFO - Started process (PID=10395) to work on /home/gabi/Documentos/Gabi/Indicium/code-challenge-indicium/ind_env/lib/python3.10/site-packages/airflow/example_dags/example_sensors.py
[2023-07-27T00:01:00.096-0300] {processor.py:826} INFO - Processing file /home/gabi/Documentos/Gabi/Indicium/code-challenge-indicium/ind_env/lib/python3.10/site-packages/airflow/example_dags/example_sensors.py for tasks to queue
[2023-07-27T00:01:00.097-0300] {logging_mixin.py:150} INFO - [2023-07-27T00:01:00.097-0300] {dagbag.py:541} INFO - Filling up the DagBag from /home/gabi/Documentos/Gabi/Indicium/code-challenge-indicium/ind_env/lib/python3.10/site-packages/airflow/example_dags/example_sensors.py
[2023-07-27T00:01:00.113-0300] {processor.py:836} INFO - DAG(s) dict_keys(['example_sensors']) retrieved from /home/gabi/Documentos/Gabi/Indicium/code-challenge-indicium/ind_env/lib/python3.10/site-packages/airflow/example_dags/example_sensors.py
[2023-07-27T00:01:00.143-0300] {logging_mixin.py:150} INFO - [2023-07-27T00:01:00.143-0300] {dag.py:2742} INFO - Sync 1 DAGs
[2023-07-27T00:01:00.169-0300] {logging_mixin.py:150} INFO - [2023-07-27T00:01:00.168-0300] {dag.py:3504} INFO - Setting next_dagrun for example_sensors to None, run_after=None
[2023-07-27T00:01:00.195-0300] {processor.py:179} INFO - Processing /home/gabi/Documentos/Gabi/Indicium/code-challenge-indicium/ind_env/lib/python3.10/site-packages/airflow/example_dags/example_sensors.py took 0.118 seconds
[2023-07-27T00:01:46.684-0300] {processor.py:157} INFO - Started process (PID=10534) to work on /home/gabi/Documentos/Gabi/Indicium/code-challenge-indicium/ind_env/lib/python3.10/site-packages/airflow/example_dags/example_sensors.py
[2023-07-27T00:01:46.686-0300] {processor.py:826} INFO - Processing file /home/gabi/Documentos/Gabi/Indicium/code-challenge-indicium/ind_env/lib/python3.10/site-packages/airflow/example_dags/example_sensors.py for tasks to queue
[2023-07-27T00:01:46.687-0300] {logging_mixin.py:150} INFO - [2023-07-27T00:01:46.687-0300] {dagbag.py:541} INFO - Filling up the DagBag from /home/gabi/Documentos/Gabi/Indicium/code-challenge-indicium/ind_env/lib/python3.10/site-packages/airflow/example_dags/example_sensors.py
[2023-07-27T00:01:46.700-0300] {processor.py:836} INFO - DAG(s) dict_keys(['example_sensors']) retrieved from /home/gabi/Documentos/Gabi/Indicium/code-challenge-indicium/ind_env/lib/python3.10/site-packages/airflow/example_dags/example_sensors.py
[2023-07-27T00:01:46.724-0300] {logging_mixin.py:150} INFO - [2023-07-27T00:01:46.724-0300] {dag.py:2742} INFO - Sync 1 DAGs
[2023-07-27T00:01:46.747-0300] {logging_mixin.py:150} INFO - [2023-07-27T00:01:46.747-0300] {dag.py:3504} INFO - Setting next_dagrun for example_sensors to None, run_after=None
[2023-07-27T00:01:46.773-0300] {processor.py:179} INFO - Processing /home/gabi/Documentos/Gabi/Indicium/code-challenge-indicium/ind_env/lib/python3.10/site-packages/airflow/example_dags/example_sensors.py took 0.093 seconds
[2023-07-27T00:02:32.081-0300] {processor.py:157} INFO - Started process (PID=10651) to work on /home/gabi/Documentos/Gabi/Indicium/code-challenge-indicium/ind_env/lib/python3.10/site-packages/airflow/example_dags/example_sensors.py
[2023-07-27T00:02:32.084-0300] {processor.py:826} INFO - Processing file /home/gabi/Documentos/Gabi/Indicium/code-challenge-indicium/ind_env/lib/python3.10/site-packages/airflow/example_dags/example_sensors.py for tasks to queue
[2023-07-27T00:02:32.085-0300] {logging_mixin.py:150} INFO - [2023-07-27T00:02:32.084-0300] {dagbag.py:541} INFO - Filling up the DagBag from /home/gabi/Documentos/Gabi/Indicium/code-challenge-indicium/ind_env/lib/python3.10/site-packages/airflow/example_dags/example_sensors.py
[2023-07-27T00:02:32.100-0300] {processor.py:836} INFO - DAG(s) dict_keys(['example_sensors']) retrieved from /home/gabi/Documentos/Gabi/Indicium/code-challenge-indicium/ind_env/lib/python3.10/site-packages/airflow/example_dags/example_sensors.py
[2023-07-27T00:02:32.127-0300] {logging_mixin.py:150} INFO - [2023-07-27T00:02:32.127-0300] {dag.py:2742} INFO - Sync 1 DAGs
[2023-07-27T00:02:32.153-0300] {logging_mixin.py:150} INFO - [2023-07-27T00:02:32.153-0300] {dag.py:3504} INFO - Setting next_dagrun for example_sensors to None, run_after=None
[2023-07-27T00:02:32.182-0300] {processor.py:179} INFO - Processing /home/gabi/Documentos/Gabi/Indicium/code-challenge-indicium/ind_env/lib/python3.10/site-packages/airflow/example_dags/example_sensors.py took 0.105 seconds
[2023-07-27T00:03:19.217-0300] {processor.py:157} INFO - Started process (PID=10790) to work on /home/gabi/Documentos/Gabi/Indicium/code-challenge-indicium/ind_env/lib/python3.10/site-packages/airflow/example_dags/example_sensors.py
[2023-07-27T00:03:19.223-0300] {processor.py:826} INFO - Processing file /home/gabi/Documentos/Gabi/Indicium/code-challenge-indicium/ind_env/lib/python3.10/site-packages/airflow/example_dags/example_sensors.py for tasks to queue
[2023-07-27T00:03:19.224-0300] {logging_mixin.py:150} INFO - [2023-07-27T00:03:19.223-0300] {dagbag.py:541} INFO - Filling up the DagBag from /home/gabi/Documentos/Gabi/Indicium/code-challenge-indicium/ind_env/lib/python3.10/site-packages/airflow/example_dags/example_sensors.py
[2023-07-27T00:03:19.239-0300] {processor.py:836} INFO - DAG(s) dict_keys(['example_sensors']) retrieved from /home/gabi/Documentos/Gabi/Indicium/code-challenge-indicium/ind_env/lib/python3.10/site-packages/airflow/example_dags/example_sensors.py
[2023-07-27T00:03:19.266-0300] {logging_mixin.py:150} INFO - [2023-07-27T00:03:19.265-0300] {dag.py:2742} INFO - Sync 1 DAGs
[2023-07-27T00:03:19.288-0300] {logging_mixin.py:150} INFO - [2023-07-27T00:03:19.288-0300] {dag.py:3504} INFO - Setting next_dagrun for example_sensors to None, run_after=None
[2023-07-27T00:03:19.315-0300] {processor.py:179} INFO - Processing /home/gabi/Documentos/Gabi/Indicium/code-challenge-indicium/ind_env/lib/python3.10/site-packages/airflow/example_dags/example_sensors.py took 0.102 seconds
