[2023-07-26T23:59:06.166-0300] {processor.py:157} INFO - Started process (PID=9888) to work on /home/gabi/Documentos/Gabi/Indicium/code-challenge-indicium/ind_env/lib/python3.10/site-packages/airflow/example_dags/example_task_group_decorator.py
[2023-07-26T23:59:06.167-0300] {processor.py:826} INFO - Processing file /home/gabi/Documentos/Gabi/Indicium/code-challenge-indicium/ind_env/lib/python3.10/site-packages/airflow/example_dags/example_task_group_decorator.py for tasks to queue
[2023-07-26T23:59:06.173-0300] {logging_mixin.py:150} INFO - [2023-07-26T23:59:06.173-0300] {dagbag.py:541} INFO - Filling up the DagBag from /home/gabi/Documentos/Gabi/Indicium/code-challenge-indicium/ind_env/lib/python3.10/site-packages/airflow/example_dags/example_task_group_decorator.py
[2023-07-26T23:59:06.216-0300] {processor.py:836} INFO - DAG(s) dict_keys(['example_task_group_decorator']) retrieved from /home/gabi/Documentos/Gabi/Indicium/code-challenge-indicium/ind_env/lib/python3.10/site-packages/airflow/example_dags/example_task_group_decorator.py
[2023-07-26T23:59:06.275-0300] {logging_mixin.py:150} INFO - [2023-07-26T23:59:06.275-0300] {dag.py:2742} INFO - Sync 1 DAGs
[2023-07-26T23:59:06.322-0300] {logging_mixin.py:150} INFO - [2023-07-26T23:59:06.322-0300] {dag.py:3504} INFO - Setting next_dagrun for example_task_group_decorator to 2023-07-26T02:59:06.321858+00:00, run_after=2023-07-27T02:59:06.321858+00:00
[2023-07-26T23:59:06.394-0300] {processor.py:179} INFO - Processing /home/gabi/Documentos/Gabi/Indicium/code-challenge-indicium/ind_env/lib/python3.10/site-packages/airflow/example_dags/example_task_group_decorator.py took 0.233 seconds
[2023-07-26T23:59:59.868-0300] {processor.py:157} INFO - Started process (PID=10059) to work on /home/gabi/Documentos/Gabi/Indicium/code-challenge-indicium/ind_env/lib/python3.10/site-packages/airflow/example_dags/example_task_group_decorator.py
[2023-07-26T23:59:59.871-0300] {processor.py:826} INFO - Processing file /home/gabi/Documentos/Gabi/Indicium/code-challenge-indicium/ind_env/lib/python3.10/site-packages/airflow/example_dags/example_task_group_decorator.py for tasks to queue
[2023-07-26T23:59:59.872-0300] {logging_mixin.py:150} INFO - [2023-07-26T23:59:59.872-0300] {dagbag.py:541} INFO - Filling up the DagBag from /home/gabi/Documentos/Gabi/Indicium/code-challenge-indicium/ind_env/lib/python3.10/site-packages/airflow/example_dags/example_task_group_decorator.py
[2023-07-26T23:59:59.896-0300] {processor.py:836} INFO - DAG(s) dict_keys(['example_task_group_decorator']) retrieved from /home/gabi/Documentos/Gabi/Indicium/code-challenge-indicium/ind_env/lib/python3.10/site-packages/airflow/example_dags/example_task_group_decorator.py
[2023-07-26T23:59:59.920-0300] {logging_mixin.py:150} INFO - [2023-07-26T23:59:59.920-0300] {dag.py:2742} INFO - Sync 1 DAGs
[2023-07-26T23:59:59.943-0300] {logging_mixin.py:150} INFO - [2023-07-26T23:59:59.943-0300] {dag.py:3504} INFO - Setting next_dagrun for example_task_group_decorator to 2023-07-26T02:59:59.943277+00:00, run_after=2023-07-27T02:59:59.943277+00:00
[2023-07-26T23:59:59.970-0300] {processor.py:179} INFO - Processing /home/gabi/Documentos/Gabi/Indicium/code-challenge-indicium/ind_env/lib/python3.10/site-packages/airflow/example_dags/example_task_group_decorator.py took 0.106 seconds
[2023-07-27T00:00:52.182-0300] {processor.py:157} INFO - Started process (PID=10372) to work on /home/gabi/Documentos/Gabi/Indicium/code-challenge-indicium/ind_env/lib/python3.10/site-packages/airflow/example_dags/example_task_group_decorator.py
[2023-07-27T00:00:52.184-0300] {processor.py:826} INFO - Processing file /home/gabi/Documentos/Gabi/Indicium/code-challenge-indicium/ind_env/lib/python3.10/site-packages/airflow/example_dags/example_task_group_decorator.py for tasks to queue
[2023-07-27T00:00:52.185-0300] {logging_mixin.py:150} INFO - [2023-07-27T00:00:52.184-0300] {dagbag.py:541} INFO - Filling up the DagBag from /home/gabi/Documentos/Gabi/Indicium/code-challenge-indicium/ind_env/lib/python3.10/site-packages/airflow/example_dags/example_task_group_decorator.py
[2023-07-27T00:00:52.207-0300] {processor.py:836} INFO - DAG(s) dict_keys(['example_task_group_decorator']) retrieved from /home/gabi/Documentos/Gabi/Indicium/code-challenge-indicium/ind_env/lib/python3.10/site-packages/airflow/example_dags/example_task_group_decorator.py
[2023-07-27T00:00:52.237-0300] {logging_mixin.py:150} INFO - [2023-07-27T00:00:52.236-0300] {dag.py:2742} INFO - Sync 1 DAGs
[2023-07-27T00:00:52.268-0300] {logging_mixin.py:150} INFO - [2023-07-27T00:00:52.268-0300] {dag.py:3504} INFO - Setting next_dagrun for example_task_group_decorator to 2023-07-26T03:00:52.268436+00:00, run_after=2023-07-27T03:00:52.268436+00:00
[2023-07-27T00:00:52.302-0300] {processor.py:179} INFO - Processing /home/gabi/Documentos/Gabi/Indicium/code-challenge-indicium/ind_env/lib/python3.10/site-packages/airflow/example_dags/example_task_group_decorator.py took 0.124 seconds
[2023-07-27T00:01:39.448-0300] {processor.py:157} INFO - Started process (PID=10512) to work on /home/gabi/Documentos/Gabi/Indicium/code-challenge-indicium/ind_env/lib/python3.10/site-packages/airflow/example_dags/example_task_group_decorator.py
[2023-07-27T00:01:39.451-0300] {processor.py:826} INFO - Processing file /home/gabi/Documentos/Gabi/Indicium/code-challenge-indicium/ind_env/lib/python3.10/site-packages/airflow/example_dags/example_task_group_decorator.py for tasks to queue
[2023-07-27T00:01:39.452-0300] {logging_mixin.py:150} INFO - [2023-07-27T00:01:39.452-0300] {dagbag.py:541} INFO - Filling up the DagBag from /home/gabi/Documentos/Gabi/Indicium/code-challenge-indicium/ind_env/lib/python3.10/site-packages/airflow/example_dags/example_task_group_decorator.py
[2023-07-27T00:01:39.475-0300] {processor.py:836} INFO - DAG(s) dict_keys(['example_task_group_decorator']) retrieved from /home/gabi/Documentos/Gabi/Indicium/code-challenge-indicium/ind_env/lib/python3.10/site-packages/airflow/example_dags/example_task_group_decorator.py
[2023-07-27T00:01:39.499-0300] {logging_mixin.py:150} INFO - [2023-07-27T00:01:39.499-0300] {dag.py:2742} INFO - Sync 1 DAGs
[2023-07-27T00:01:39.524-0300] {logging_mixin.py:150} INFO - [2023-07-27T00:01:39.524-0300] {dag.py:3504} INFO - Setting next_dagrun for example_task_group_decorator to 2023-07-26T03:01:39.523831+00:00, run_after=2023-07-27T03:01:39.523831+00:00
[2023-07-27T00:01:39.554-0300] {processor.py:179} INFO - Processing /home/gabi/Documentos/Gabi/Indicium/code-challenge-indicium/ind_env/lib/python3.10/site-packages/airflow/example_dags/example_task_group_decorator.py took 0.110 seconds
[2023-07-27T00:02:24.485-0300] {processor.py:157} INFO - Started process (PID=10626) to work on /home/gabi/Documentos/Gabi/Indicium/code-challenge-indicium/ind_env/lib/python3.10/site-packages/airflow/example_dags/example_task_group_decorator.py
[2023-07-27T00:02:24.488-0300] {processor.py:826} INFO - Processing file /home/gabi/Documentos/Gabi/Indicium/code-challenge-indicium/ind_env/lib/python3.10/site-packages/airflow/example_dags/example_task_group_decorator.py for tasks to queue
[2023-07-27T00:02:24.489-0300] {logging_mixin.py:150} INFO - [2023-07-27T00:02:24.489-0300] {dagbag.py:541} INFO - Filling up the DagBag from /home/gabi/Documentos/Gabi/Indicium/code-challenge-indicium/ind_env/lib/python3.10/site-packages/airflow/example_dags/example_task_group_decorator.py
[2023-07-27T00:02:24.513-0300] {processor.py:836} INFO - DAG(s) dict_keys(['example_task_group_decorator']) retrieved from /home/gabi/Documentos/Gabi/Indicium/code-challenge-indicium/ind_env/lib/python3.10/site-packages/airflow/example_dags/example_task_group_decorator.py
[2023-07-27T00:02:24.539-0300] {logging_mixin.py:150} INFO - [2023-07-27T00:02:24.539-0300] {dag.py:2742} INFO - Sync 1 DAGs
[2023-07-27T00:02:24.563-0300] {logging_mixin.py:150} INFO - [2023-07-27T00:02:24.563-0300] {dag.py:3504} INFO - Setting next_dagrun for example_task_group_decorator to 2023-07-26T03:02:24.563217+00:00, run_after=2023-07-27T03:02:24.563217+00:00
[2023-07-27T00:02:24.590-0300] {processor.py:179} INFO - Processing /home/gabi/Documentos/Gabi/Indicium/code-challenge-indicium/ind_env/lib/python3.10/site-packages/airflow/example_dags/example_task_group_decorator.py took 0.109 seconds
[2023-07-27T00:03:12.160-0300] {processor.py:157} INFO - Started process (PID=10766) to work on /home/gabi/Documentos/Gabi/Indicium/code-challenge-indicium/ind_env/lib/python3.10/site-packages/airflow/example_dags/example_task_group_decorator.py
[2023-07-27T00:03:12.163-0300] {processor.py:826} INFO - Processing file /home/gabi/Documentos/Gabi/Indicium/code-challenge-indicium/ind_env/lib/python3.10/site-packages/airflow/example_dags/example_task_group_decorator.py for tasks to queue
[2023-07-27T00:03:12.164-0300] {logging_mixin.py:150} INFO - [2023-07-27T00:03:12.164-0300] {dagbag.py:541} INFO - Filling up the DagBag from /home/gabi/Documentos/Gabi/Indicium/code-challenge-indicium/ind_env/lib/python3.10/site-packages/airflow/example_dags/example_task_group_decorator.py
[2023-07-27T00:03:12.187-0300] {processor.py:836} INFO - DAG(s) dict_keys(['example_task_group_decorator']) retrieved from /home/gabi/Documentos/Gabi/Indicium/code-challenge-indicium/ind_env/lib/python3.10/site-packages/airflow/example_dags/example_task_group_decorator.py
[2023-07-27T00:03:12.211-0300] {logging_mixin.py:150} INFO - [2023-07-27T00:03:12.210-0300] {dag.py:2742} INFO - Sync 1 DAGs
[2023-07-27T00:03:12.235-0300] {logging_mixin.py:150} INFO - [2023-07-27T00:03:12.234-0300] {dag.py:3504} INFO - Setting next_dagrun for example_task_group_decorator to 2023-07-26T03:03:12.234703+00:00, run_after=2023-07-27T03:03:12.234703+00:00
[2023-07-27T00:03:12.261-0300] {processor.py:179} INFO - Processing /home/gabi/Documentos/Gabi/Indicium/code-challenge-indicium/ind_env/lib/python3.10/site-packages/airflow/example_dags/example_task_group_decorator.py took 0.105 seconds
