[2023-07-26T23:59:37.318-0300] {processor.py:157} INFO - Started process (PID=9983) to work on /home/gabi/Documentos/Gabi/Indicium/code-challenge-indicium/ind_env/lib/python3.10/site-packages/airflow/example_dags/example_external_task_marker_dag.py
[2023-07-26T23:59:37.319-0300] {processor.py:826} INFO - Processing file /home/gabi/Documentos/Gabi/Indicium/code-challenge-indicium/ind_env/lib/python3.10/site-packages/airflow/example_dags/example_external_task_marker_dag.py for tasks to queue
[2023-07-26T23:59:37.320-0300] {logging_mixin.py:150} INFO - [2023-07-26T23:59:37.320-0300] {dagbag.py:541} INFO - Filling up the DagBag from /home/gabi/Documentos/Gabi/Indicium/code-challenge-indicium/ind_env/lib/python3.10/site-packages/airflow/example_dags/example_external_task_marker_dag.py
[2023-07-26T23:59:37.333-0300] {processor.py:836} INFO - DAG(s) dict_keys(['example_external_task_marker_parent', 'example_external_task_marker_child']) retrieved from /home/gabi/Documentos/Gabi/Indicium/code-challenge-indicium/ind_env/lib/python3.10/site-packages/airflow/example_dags/example_external_task_marker_dag.py
[2023-07-26T23:59:37.370-0300] {logging_mixin.py:150} INFO - [2023-07-26T23:59:37.370-0300] {dag.py:2742} INFO - Sync 2 DAGs
[2023-07-26T23:59:37.413-0300] {logging_mixin.py:150} INFO - [2023-07-26T23:59:37.413-0300] {dag.py:3504} INFO - Setting next_dagrun for example_external_task_marker_child to None, run_after=None
[2023-07-26T23:59:37.420-0300] {logging_mixin.py:150} INFO - [2023-07-26T23:59:37.420-0300] {dag.py:3504} INFO - Setting next_dagrun for example_external_task_marker_parent to None, run_after=None
[2023-07-26T23:59:37.461-0300] {processor.py:179} INFO - Processing /home/gabi/Documentos/Gabi/Indicium/code-challenge-indicium/ind_env/lib/python3.10/site-packages/airflow/example_dags/example_external_task_marker_dag.py took 0.147 seconds
[2023-07-27T00:00:46.738-0300] {processor.py:157} INFO - Started process (PID=10366) to work on /home/gabi/Documentos/Gabi/Indicium/code-challenge-indicium/ind_env/lib/python3.10/site-packages/airflow/example_dags/example_external_task_marker_dag.py
[2023-07-27T00:00:46.741-0300] {processor.py:826} INFO - Processing file /home/gabi/Documentos/Gabi/Indicium/code-challenge-indicium/ind_env/lib/python3.10/site-packages/airflow/example_dags/example_external_task_marker_dag.py for tasks to queue
[2023-07-27T00:00:46.743-0300] {logging_mixin.py:150} INFO - [2023-07-27T00:00:46.742-0300] {dagbag.py:541} INFO - Filling up the DagBag from /home/gabi/Documentos/Gabi/Indicium/code-challenge-indicium/ind_env/lib/python3.10/site-packages/airflow/example_dags/example_external_task_marker_dag.py
[2023-07-27T00:00:46.751-0300] {processor.py:836} INFO - DAG(s) dict_keys(['example_external_task_marker_parent', 'example_external_task_marker_child']) retrieved from /home/gabi/Documentos/Gabi/Indicium/code-challenge-indicium/ind_env/lib/python3.10/site-packages/airflow/example_dags/example_external_task_marker_dag.py
[2023-07-27T00:00:46.776-0300] {logging_mixin.py:150} INFO - [2023-07-27T00:00:46.776-0300] {dag.py:2742} INFO - Sync 2 DAGs
[2023-07-27T00:00:46.802-0300] {logging_mixin.py:150} INFO - [2023-07-27T00:00:46.802-0300] {dag.py:3504} INFO - Setting next_dagrun for example_external_task_marker_child to None, run_after=None
[2023-07-27T00:00:46.806-0300] {logging_mixin.py:150} INFO - [2023-07-27T00:00:46.806-0300] {dag.py:3504} INFO - Setting next_dagrun for example_external_task_marker_parent to None, run_after=None
[2023-07-27T00:00:46.831-0300] {processor.py:179} INFO - Processing /home/gabi/Documentos/Gabi/Indicium/code-challenge-indicium/ind_env/lib/python3.10/site-packages/airflow/example_dags/example_external_task_marker_dag.py took 0.099 seconds
[2023-07-27T00:01:54.733-0300] {processor.py:157} INFO - Started process (PID=10557) to work on /home/gabi/Documentos/Gabi/Indicium/code-challenge-indicium/ind_env/lib/python3.10/site-packages/airflow/example_dags/example_external_task_marker_dag.py
[2023-07-27T00:01:54.734-0300] {processor.py:826} INFO - Processing file /home/gabi/Documentos/Gabi/Indicium/code-challenge-indicium/ind_env/lib/python3.10/site-packages/airflow/example_dags/example_external_task_marker_dag.py for tasks to queue
[2023-07-27T00:01:54.735-0300] {logging_mixin.py:150} INFO - [2023-07-27T00:01:54.735-0300] {dagbag.py:541} INFO - Filling up the DagBag from /home/gabi/Documentos/Gabi/Indicium/code-challenge-indicium/ind_env/lib/python3.10/site-packages/airflow/example_dags/example_external_task_marker_dag.py
[2023-07-27T00:01:54.742-0300] {processor.py:836} INFO - DAG(s) dict_keys(['example_external_task_marker_parent', 'example_external_task_marker_child']) retrieved from /home/gabi/Documentos/Gabi/Indicium/code-challenge-indicium/ind_env/lib/python3.10/site-packages/airflow/example_dags/example_external_task_marker_dag.py
[2023-07-27T00:01:54.765-0300] {logging_mixin.py:150} INFO - [2023-07-27T00:01:54.765-0300] {dag.py:2742} INFO - Sync 2 DAGs
[2023-07-27T00:01:54.791-0300] {logging_mixin.py:150} INFO - [2023-07-27T00:01:54.790-0300] {dag.py:3504} INFO - Setting next_dagrun for example_external_task_marker_child to None, run_after=None
[2023-07-27T00:01:54.795-0300] {logging_mixin.py:150} INFO - [2023-07-27T00:01:54.795-0300] {dag.py:3504} INFO - Setting next_dagrun for example_external_task_marker_parent to None, run_after=None
[2023-07-27T00:01:54.821-0300] {processor.py:179} INFO - Processing /home/gabi/Documentos/Gabi/Indicium/code-challenge-indicium/ind_env/lib/python3.10/site-packages/airflow/example_dags/example_external_task_marker_dag.py took 0.092 seconds
[2023-07-27T00:03:02.655-0300] {processor.py:157} INFO - Started process (PID=10741) to work on /home/gabi/Documentos/Gabi/Indicium/code-challenge-indicium/ind_env/lib/python3.10/site-packages/airflow/example_dags/example_external_task_marker_dag.py
[2023-07-27T00:03:02.660-0300] {processor.py:826} INFO - Processing file /home/gabi/Documentos/Gabi/Indicium/code-challenge-indicium/ind_env/lib/python3.10/site-packages/airflow/example_dags/example_external_task_marker_dag.py for tasks to queue
[2023-07-27T00:03:02.662-0300] {logging_mixin.py:150} INFO - [2023-07-27T00:03:02.661-0300] {dagbag.py:541} INFO - Filling up the DagBag from /home/gabi/Documentos/Gabi/Indicium/code-challenge-indicium/ind_env/lib/python3.10/site-packages/airflow/example_dags/example_external_task_marker_dag.py
[2023-07-27T00:03:02.675-0300] {processor.py:836} INFO - DAG(s) dict_keys(['example_external_task_marker_parent', 'example_external_task_marker_child']) retrieved from /home/gabi/Documentos/Gabi/Indicium/code-challenge-indicium/ind_env/lib/python3.10/site-packages/airflow/example_dags/example_external_task_marker_dag.py
[2023-07-27T00:03:02.707-0300] {logging_mixin.py:150} INFO - [2023-07-27T00:03:02.707-0300] {dag.py:2742} INFO - Sync 2 DAGs
[2023-07-27T00:03:02.740-0300] {logging_mixin.py:150} INFO - [2023-07-27T00:03:02.739-0300] {dag.py:3504} INFO - Setting next_dagrun for example_external_task_marker_child to None, run_after=None
[2023-07-27T00:03:02.747-0300] {logging_mixin.py:150} INFO - [2023-07-27T00:03:02.746-0300] {dag.py:3504} INFO - Setting next_dagrun for example_external_task_marker_parent to None, run_after=None
[2023-07-27T00:03:02.783-0300] {processor.py:179} INFO - Processing /home/gabi/Documentos/Gabi/Indicium/code-challenge-indicium/ind_env/lib/python3.10/site-packages/airflow/example_dags/example_external_task_marker_dag.py took 0.133 seconds
