[2023-07-26T23:58:53.558-0300] {processor.py:157} INFO - Started process (PID=9551) to work on /home/gabi/Documentos/Gabi/Indicium/code-challenge-indicium/ind_env/lib/python3.10/site-packages/airflow/example_dags/example_xcomargs.py
[2023-07-26T23:58:53.559-0300] {processor.py:826} INFO - Processing file /home/gabi/Documentos/Gabi/Indicium/code-challenge-indicium/ind_env/lib/python3.10/site-packages/airflow/example_dags/example_xcomargs.py for tasks to queue
[2023-07-26T23:58:53.560-0300] {logging_mixin.py:150} INFO - [2023-07-26T23:58:53.560-0300] {dagbag.py:541} INFO - Filling up the DagBag from /home/gabi/Documentos/Gabi/Indicium/code-challenge-indicium/ind_env/lib/python3.10/site-packages/airflow/example_dags/example_xcomargs.py
[2023-07-26T23:58:53.577-0300] {processor.py:836} INFO - DAG(s) dict_keys(['example_xcom_args', 'example_xcom_args_with_operators']) retrieved from /home/gabi/Documentos/Gabi/Indicium/code-challenge-indicium/ind_env/lib/python3.10/site-packages/airflow/example_dags/example_xcomargs.py
[2023-07-26T23:58:53.717-0300] {logging_mixin.py:150} INFO - [2023-07-26T23:58:53.717-0300] {dag.py:2742} INFO - Sync 2 DAGs
[2023-07-26T23:58:53.743-0300] {logging_mixin.py:150} INFO - [2023-07-26T23:58:53.743-0300] {dag.py:3504} INFO - Setting next_dagrun for example_xcom_args to None, run_after=None
[2023-07-26T23:58:53.747-0300] {logging_mixin.py:150} INFO - [2023-07-26T23:58:53.747-0300] {dag.py:3504} INFO - Setting next_dagrun for example_xcom_args_with_operators to None, run_after=None
[2023-07-26T23:58:53.826-0300] {processor.py:179} INFO - Processing /home/gabi/Documentos/Gabi/Indicium/code-challenge-indicium/ind_env/lib/python3.10/site-packages/airflow/example_dags/example_xcomargs.py took 0.271 seconds
[2023-07-26T23:59:47.526-0300] {processor.py:157} INFO - Started process (PID=10018) to work on /home/gabi/Documentos/Gabi/Indicium/code-challenge-indicium/ind_env/lib/python3.10/site-packages/airflow/example_dags/example_xcomargs.py
[2023-07-26T23:59:47.531-0300] {processor.py:826} INFO - Processing file /home/gabi/Documentos/Gabi/Indicium/code-challenge-indicium/ind_env/lib/python3.10/site-packages/airflow/example_dags/example_xcomargs.py for tasks to queue
[2023-07-26T23:59:47.532-0300] {logging_mixin.py:150} INFO - [2023-07-26T23:59:47.532-0300] {dagbag.py:541} INFO - Filling up the DagBag from /home/gabi/Documentos/Gabi/Indicium/code-challenge-indicium/ind_env/lib/python3.10/site-packages/airflow/example_dags/example_xcomargs.py
[2023-07-26T23:59:47.542-0300] {processor.py:836} INFO - DAG(s) dict_keys(['example_xcom_args', 'example_xcom_args_with_operators']) retrieved from /home/gabi/Documentos/Gabi/Indicium/code-challenge-indicium/ind_env/lib/python3.10/site-packages/airflow/example_dags/example_xcomargs.py
[2023-07-26T23:59:47.567-0300] {logging_mixin.py:150} INFO - [2023-07-26T23:59:47.566-0300] {dag.py:2742} INFO - Sync 2 DAGs
[2023-07-26T23:59:47.590-0300] {logging_mixin.py:150} INFO - [2023-07-26T23:59:47.590-0300] {dag.py:3504} INFO - Setting next_dagrun for example_xcom_args to None, run_after=None
[2023-07-26T23:59:47.594-0300] {logging_mixin.py:150} INFO - [2023-07-26T23:59:47.594-0300] {dag.py:3504} INFO - Setting next_dagrun for example_xcom_args_with_operators to None, run_after=None
[2023-07-26T23:59:47.619-0300] {processor.py:179} INFO - Processing /home/gabi/Documentos/Gabi/Indicium/code-challenge-indicium/ind_env/lib/python3.10/site-packages/airflow/example_dags/example_xcomargs.py took 0.096 seconds
[2023-07-27T00:00:34.057-0300] {processor.py:157} INFO - Started process (PID=10297) to work on /home/gabi/Documentos/Gabi/Indicium/code-challenge-indicium/ind_env/lib/python3.10/site-packages/airflow/example_dags/example_xcomargs.py
[2023-07-27T00:00:34.060-0300] {processor.py:826} INFO - Processing file /home/gabi/Documentos/Gabi/Indicium/code-challenge-indicium/ind_env/lib/python3.10/site-packages/airflow/example_dags/example_xcomargs.py for tasks to queue
[2023-07-27T00:00:34.061-0300] {logging_mixin.py:150} INFO - [2023-07-27T00:00:34.061-0300] {dagbag.py:541} INFO - Filling up the DagBag from /home/gabi/Documentos/Gabi/Indicium/code-challenge-indicium/ind_env/lib/python3.10/site-packages/airflow/example_dags/example_xcomargs.py
[2023-07-27T00:00:34.073-0300] {processor.py:836} INFO - DAG(s) dict_keys(['example_xcom_args', 'example_xcom_args_with_operators']) retrieved from /home/gabi/Documentos/Gabi/Indicium/code-challenge-indicium/ind_env/lib/python3.10/site-packages/airflow/example_dags/example_xcomargs.py
[2023-07-27T00:00:34.098-0300] {logging_mixin.py:150} INFO - [2023-07-27T00:00:34.098-0300] {dag.py:2742} INFO - Sync 2 DAGs
[2023-07-27T00:00:34.122-0300] {logging_mixin.py:150} INFO - [2023-07-27T00:00:34.122-0300] {dag.py:3504} INFO - Setting next_dagrun for example_xcom_args to None, run_after=None
[2023-07-27T00:00:34.126-0300] {logging_mixin.py:150} INFO - [2023-07-27T00:00:34.126-0300] {dag.py:3504} INFO - Setting next_dagrun for example_xcom_args_with_operators to None, run_after=None
[2023-07-27T00:00:34.149-0300] {processor.py:179} INFO - Processing /home/gabi/Documentos/Gabi/Indicium/code-challenge-indicium/ind_env/lib/python3.10/site-packages/airflow/example_dags/example_xcomargs.py took 0.097 seconds
[2023-07-27T00:01:19.707-0300] {processor.py:157} INFO - Started process (PID=10460) to work on /home/gabi/Documentos/Gabi/Indicium/code-challenge-indicium/ind_env/lib/python3.10/site-packages/airflow/example_dags/example_xcomargs.py
[2023-07-27T00:01:19.710-0300] {processor.py:826} INFO - Processing file /home/gabi/Documentos/Gabi/Indicium/code-challenge-indicium/ind_env/lib/python3.10/site-packages/airflow/example_dags/example_xcomargs.py for tasks to queue
[2023-07-27T00:01:19.712-0300] {logging_mixin.py:150} INFO - [2023-07-27T00:01:19.711-0300] {dagbag.py:541} INFO - Filling up the DagBag from /home/gabi/Documentos/Gabi/Indicium/code-challenge-indicium/ind_env/lib/python3.10/site-packages/airflow/example_dags/example_xcomargs.py
[2023-07-27T00:01:19.730-0300] {processor.py:836} INFO - DAG(s) dict_keys(['example_xcom_args', 'example_xcom_args_with_operators']) retrieved from /home/gabi/Documentos/Gabi/Indicium/code-challenge-indicium/ind_env/lib/python3.10/site-packages/airflow/example_dags/example_xcomargs.py
[2023-07-27T00:01:19.756-0300] {logging_mixin.py:150} INFO - [2023-07-27T00:01:19.756-0300] {dag.py:2742} INFO - Sync 2 DAGs
[2023-07-27T00:01:19.782-0300] {logging_mixin.py:150} INFO - [2023-07-27T00:01:19.782-0300] {dag.py:3504} INFO - Setting next_dagrun for example_xcom_args to None, run_after=None
[2023-07-27T00:01:19.786-0300] {logging_mixin.py:150} INFO - [2023-07-27T00:01:19.786-0300] {dag.py:3504} INFO - Setting next_dagrun for example_xcom_args_with_operators to None, run_after=None
[2023-07-27T00:01:19.811-0300] {processor.py:179} INFO - Processing /home/gabi/Documentos/Gabi/Indicium/code-challenge-indicium/ind_env/lib/python3.10/site-packages/airflow/example_dags/example_xcomargs.py took 0.110 seconds
[2023-07-27T00:02:03.337-0300] {processor.py:157} INFO - Started process (PID=10571) to work on /home/gabi/Documentos/Gabi/Indicium/code-challenge-indicium/ind_env/lib/python3.10/site-packages/airflow/example_dags/example_xcomargs.py
[2023-07-27T00:02:03.342-0300] {processor.py:826} INFO - Processing file /home/gabi/Documentos/Gabi/Indicium/code-challenge-indicium/ind_env/lib/python3.10/site-packages/airflow/example_dags/example_xcomargs.py for tasks to queue
[2023-07-27T00:02:03.344-0300] {logging_mixin.py:150} INFO - [2023-07-27T00:02:03.343-0300] {dagbag.py:541} INFO - Filling up the DagBag from /home/gabi/Documentos/Gabi/Indicium/code-challenge-indicium/ind_env/lib/python3.10/site-packages/airflow/example_dags/example_xcomargs.py
[2023-07-27T00:02:03.356-0300] {processor.py:836} INFO - DAG(s) dict_keys(['example_xcom_args', 'example_xcom_args_with_operators']) retrieved from /home/gabi/Documentos/Gabi/Indicium/code-challenge-indicium/ind_env/lib/python3.10/site-packages/airflow/example_dags/example_xcomargs.py
[2023-07-27T00:02:03.383-0300] {logging_mixin.py:150} INFO - [2023-07-27T00:02:03.382-0300] {dag.py:2742} INFO - Sync 2 DAGs
[2023-07-27T00:02:03.409-0300] {logging_mixin.py:150} INFO - [2023-07-27T00:02:03.408-0300] {dag.py:3504} INFO - Setting next_dagrun for example_xcom_args to None, run_after=None
[2023-07-27T00:02:03.412-0300] {logging_mixin.py:150} INFO - [2023-07-27T00:02:03.412-0300] {dag.py:3504} INFO - Setting next_dagrun for example_xcom_args_with_operators to None, run_after=None
[2023-07-27T00:02:03.435-0300] {processor.py:179} INFO - Processing /home/gabi/Documentos/Gabi/Indicium/code-challenge-indicium/ind_env/lib/python3.10/site-packages/airflow/example_dags/example_xcomargs.py took 0.102 seconds
[2023-07-27T00:02:48.667-0300] {processor.py:157} INFO - Started process (PID=10709) to work on /home/gabi/Documentos/Gabi/Indicium/code-challenge-indicium/ind_env/lib/python3.10/site-packages/airflow/example_dags/example_xcomargs.py
[2023-07-27T00:02:48.670-0300] {processor.py:826} INFO - Processing file /home/gabi/Documentos/Gabi/Indicium/code-challenge-indicium/ind_env/lib/python3.10/site-packages/airflow/example_dags/example_xcomargs.py for tasks to queue
[2023-07-27T00:02:48.672-0300] {logging_mixin.py:150} INFO - [2023-07-27T00:02:48.671-0300] {dagbag.py:541} INFO - Filling up the DagBag from /home/gabi/Documentos/Gabi/Indicium/code-challenge-indicium/ind_env/lib/python3.10/site-packages/airflow/example_dags/example_xcomargs.py
[2023-07-27T00:02:48.686-0300] {processor.py:836} INFO - DAG(s) dict_keys(['example_xcom_args', 'example_xcom_args_with_operators']) retrieved from /home/gabi/Documentos/Gabi/Indicium/code-challenge-indicium/ind_env/lib/python3.10/site-packages/airflow/example_dags/example_xcomargs.py
[2023-07-27T00:02:48.714-0300] {logging_mixin.py:150} INFO - [2023-07-27T00:02:48.714-0300] {dag.py:2742} INFO - Sync 2 DAGs
[2023-07-27T00:02:48.741-0300] {logging_mixin.py:150} INFO - [2023-07-27T00:02:48.741-0300] {dag.py:3504} INFO - Setting next_dagrun for example_xcom_args to None, run_after=None
[2023-07-27T00:02:48.746-0300] {logging_mixin.py:150} INFO - [2023-07-27T00:02:48.745-0300] {dag.py:3504} INFO - Setting next_dagrun for example_xcom_args_with_operators to None, run_after=None
[2023-07-27T00:02:48.775-0300] {processor.py:179} INFO - Processing /home/gabi/Documentos/Gabi/Indicium/code-challenge-indicium/ind_env/lib/python3.10/site-packages/airflow/example_dags/example_xcomargs.py took 0.111 seconds
[2023-07-27T00:03:37.680-0300] {processor.py:157} INFO - Started process (PID=10862) to work on /home/gabi/Documentos/Gabi/Indicium/code-challenge-indicium/ind_env/lib/python3.10/site-packages/airflow/example_dags/example_xcomargs.py
[2023-07-27T00:03:37.685-0300] {processor.py:826} INFO - Processing file /home/gabi/Documentos/Gabi/Indicium/code-challenge-indicium/ind_env/lib/python3.10/site-packages/airflow/example_dags/example_xcomargs.py for tasks to queue
[2023-07-27T00:03:37.686-0300] {logging_mixin.py:150} INFO - [2023-07-27T00:03:37.686-0300] {dagbag.py:541} INFO - Filling up the DagBag from /home/gabi/Documentos/Gabi/Indicium/code-challenge-indicium/ind_env/lib/python3.10/site-packages/airflow/example_dags/example_xcomargs.py
[2023-07-27T00:03:37.698-0300] {processor.py:836} INFO - DAG(s) dict_keys(['example_xcom_args', 'example_xcom_args_with_operators']) retrieved from /home/gabi/Documentos/Gabi/Indicium/code-challenge-indicium/ind_env/lib/python3.10/site-packages/airflow/example_dags/example_xcomargs.py
[2023-07-27T00:03:37.723-0300] {logging_mixin.py:150} INFO - [2023-07-27T00:03:37.722-0300] {dag.py:2742} INFO - Sync 2 DAGs
[2023-07-27T00:03:37.753-0300] {logging_mixin.py:150} INFO - [2023-07-27T00:03:37.753-0300] {dag.py:3504} INFO - Setting next_dagrun for example_xcom_args to None, run_after=None
[2023-07-27T00:03:37.757-0300] {logging_mixin.py:150} INFO - [2023-07-27T00:03:37.757-0300] {dag.py:3504} INFO - Setting next_dagrun for example_xcom_args_with_operators to None, run_after=None
[2023-07-27T00:03:37.789-0300] {processor.py:179} INFO - Processing /home/gabi/Documentos/Gabi/Indicium/code-challenge-indicium/ind_env/lib/python3.10/site-packages/airflow/example_dags/example_xcomargs.py took 0.113 seconds
