[2023-07-26T23:59:19.134-0300] {processor.py:157} INFO - Started process (PID=9931) to work on /home/gabi/Documentos/Gabi/Indicium/code-challenge-indicium/ind_env/lib/python3.10/site-packages/airflow/example_dags/example_nested_branch_dag.py
[2023-07-26T23:59:19.136-0300] {processor.py:826} INFO - Processing file /home/gabi/Documentos/Gabi/Indicium/code-challenge-indicium/ind_env/lib/python3.10/site-packages/airflow/example_dags/example_nested_branch_dag.py for tasks to queue
[2023-07-26T23:59:19.137-0300] {logging_mixin.py:150} INFO - [2023-07-26T23:59:19.136-0300] {dagbag.py:541} INFO - Filling up the DagBag from /home/gabi/Documentos/Gabi/Indicium/code-challenge-indicium/ind_env/lib/python3.10/site-packages/airflow/example_dags/example_nested_branch_dag.py
[2023-07-26T23:59:19.153-0300] {processor.py:836} INFO - DAG(s) dict_keys(['example_nested_branch_dag']) retrieved from /home/gabi/Documentos/Gabi/Indicium/code-challenge-indicium/ind_env/lib/python3.10/site-packages/airflow/example_dags/example_nested_branch_dag.py
[2023-07-26T23:59:19.179-0300] {logging_mixin.py:150} INFO - [2023-07-26T23:59:19.179-0300] {dag.py:2742} INFO - Sync 1 DAGs
[2023-07-26T23:59:19.205-0300] {logging_mixin.py:150} INFO - [2023-07-26T23:59:19.205-0300] {dag.py:3504} INFO - Setting next_dagrun for example_nested_branch_dag to 2023-07-26T00:00:00+00:00, run_after=2023-07-27T00:00:00+00:00
[2023-07-26T23:59:19.231-0300] {processor.py:179} INFO - Processing /home/gabi/Documentos/Gabi/Indicium/code-challenge-indicium/ind_env/lib/python3.10/site-packages/airflow/example_dags/example_nested_branch_dag.py took 0.101 seconds
[2023-07-27T00:00:12.061-0300] {processor.py:157} INFO - Started process (PID=10230) to work on /home/gabi/Documentos/Gabi/Indicium/code-challenge-indicium/ind_env/lib/python3.10/site-packages/airflow/example_dags/example_nested_branch_dag.py
[2023-07-27T00:00:12.063-0300] {processor.py:826} INFO - Processing file /home/gabi/Documentos/Gabi/Indicium/code-challenge-indicium/ind_env/lib/python3.10/site-packages/airflow/example_dags/example_nested_branch_dag.py for tasks to queue
[2023-07-27T00:00:12.065-0300] {logging_mixin.py:150} INFO - [2023-07-27T00:00:12.064-0300] {dagbag.py:541} INFO - Filling up the DagBag from /home/gabi/Documentos/Gabi/Indicium/code-challenge-indicium/ind_env/lib/python3.10/site-packages/airflow/example_dags/example_nested_branch_dag.py
[2023-07-27T00:00:12.080-0300] {processor.py:836} INFO - DAG(s) dict_keys(['example_nested_branch_dag']) retrieved from /home/gabi/Documentos/Gabi/Indicium/code-challenge-indicium/ind_env/lib/python3.10/site-packages/airflow/example_dags/example_nested_branch_dag.py
[2023-07-27T00:00:12.103-0300] {logging_mixin.py:150} INFO - [2023-07-27T00:00:12.102-0300] {dag.py:2742} INFO - Sync 1 DAGs
[2023-07-27T00:00:12.128-0300] {logging_mixin.py:150} INFO - [2023-07-27T00:00:12.128-0300] {dag.py:3504} INFO - Setting next_dagrun for example_nested_branch_dag to 2023-07-26T00:00:00+00:00, run_after=2023-07-27T00:00:00+00:00
[2023-07-27T00:00:12.153-0300] {processor.py:179} INFO - Processing /home/gabi/Documentos/Gabi/Indicium/code-challenge-indicium/ind_env/lib/python3.10/site-packages/airflow/example_dags/example_nested_branch_dag.py took 0.096 seconds
[2023-07-27T00:01:04.067-0300] {processor.py:157} INFO - Started process (PID=10399) to work on /home/gabi/Documentos/Gabi/Indicium/code-challenge-indicium/ind_env/lib/python3.10/site-packages/airflow/example_dags/example_nested_branch_dag.py
[2023-07-27T00:01:04.070-0300] {processor.py:826} INFO - Processing file /home/gabi/Documentos/Gabi/Indicium/code-challenge-indicium/ind_env/lib/python3.10/site-packages/airflow/example_dags/example_nested_branch_dag.py for tasks to queue
[2023-07-27T00:01:04.071-0300] {logging_mixin.py:150} INFO - [2023-07-27T00:01:04.070-0300] {dagbag.py:541} INFO - Filling up the DagBag from /home/gabi/Documentos/Gabi/Indicium/code-challenge-indicium/ind_env/lib/python3.10/site-packages/airflow/example_dags/example_nested_branch_dag.py
[2023-07-27T00:01:04.085-0300] {processor.py:836} INFO - DAG(s) dict_keys(['example_nested_branch_dag']) retrieved from /home/gabi/Documentos/Gabi/Indicium/code-challenge-indicium/ind_env/lib/python3.10/site-packages/airflow/example_dags/example_nested_branch_dag.py
[2023-07-27T00:01:04.112-0300] {logging_mixin.py:150} INFO - [2023-07-27T00:01:04.112-0300] {dag.py:2742} INFO - Sync 1 DAGs
[2023-07-27T00:01:04.146-0300] {logging_mixin.py:150} INFO - [2023-07-27T00:01:04.146-0300] {dag.py:3504} INFO - Setting next_dagrun for example_nested_branch_dag to 2023-07-26T00:00:00+00:00, run_after=2023-07-27T00:00:00+00:00
[2023-07-27T00:01:04.178-0300] {processor.py:179} INFO - Processing /home/gabi/Documentos/Gabi/Indicium/code-challenge-indicium/ind_env/lib/python3.10/site-packages/airflow/example_dags/example_nested_branch_dag.py took 0.114 seconds
[2023-07-27T00:02:08.929-0300] {processor.py:157} INFO - Started process (PID=10595) to work on /home/gabi/Documentos/Gabi/Indicium/code-challenge-indicium/ind_env/lib/python3.10/site-packages/airflow/example_dags/example_nested_branch_dag.py
[2023-07-27T00:02:08.931-0300] {processor.py:826} INFO - Processing file /home/gabi/Documentos/Gabi/Indicium/code-challenge-indicium/ind_env/lib/python3.10/site-packages/airflow/example_dags/example_nested_branch_dag.py for tasks to queue
[2023-07-27T00:02:08.933-0300] {logging_mixin.py:150} INFO - [2023-07-27T00:02:08.932-0300] {dagbag.py:541} INFO - Filling up the DagBag from /home/gabi/Documentos/Gabi/Indicium/code-challenge-indicium/ind_env/lib/python3.10/site-packages/airflow/example_dags/example_nested_branch_dag.py
[2023-07-27T00:02:08.948-0300] {processor.py:836} INFO - DAG(s) dict_keys(['example_nested_branch_dag']) retrieved from /home/gabi/Documentos/Gabi/Indicium/code-challenge-indicium/ind_env/lib/python3.10/site-packages/airflow/example_dags/example_nested_branch_dag.py
[2023-07-27T00:02:08.971-0300] {logging_mixin.py:150} INFO - [2023-07-27T00:02:08.971-0300] {dag.py:2742} INFO - Sync 1 DAGs
[2023-07-27T00:02:08.998-0300] {logging_mixin.py:150} INFO - [2023-07-27T00:02:08.998-0300] {dag.py:3504} INFO - Setting next_dagrun for example_nested_branch_dag to 2023-07-26T00:00:00+00:00, run_after=2023-07-27T00:00:00+00:00
[2023-07-27T00:02:09.023-0300] {processor.py:179} INFO - Processing /home/gabi/Documentos/Gabi/Indicium/code-challenge-indicium/ind_env/lib/python3.10/site-packages/airflow/example_dags/example_nested_branch_dag.py took 0.099 seconds
[2023-07-27T00:02:58.160-0300] {processor.py:157} INFO - Started process (PID=10737) to work on /home/gabi/Documentos/Gabi/Indicium/code-challenge-indicium/ind_env/lib/python3.10/site-packages/airflow/example_dags/example_nested_branch_dag.py
[2023-07-27T00:02:58.165-0300] {processor.py:826} INFO - Processing file /home/gabi/Documentos/Gabi/Indicium/code-challenge-indicium/ind_env/lib/python3.10/site-packages/airflow/example_dags/example_nested_branch_dag.py for tasks to queue
[2023-07-27T00:02:58.166-0300] {logging_mixin.py:150} INFO - [2023-07-27T00:02:58.166-0300] {dagbag.py:541} INFO - Filling up the DagBag from /home/gabi/Documentos/Gabi/Indicium/code-challenge-indicium/ind_env/lib/python3.10/site-packages/airflow/example_dags/example_nested_branch_dag.py
[2023-07-27T00:02:58.181-0300] {processor.py:836} INFO - DAG(s) dict_keys(['example_nested_branch_dag']) retrieved from /home/gabi/Documentos/Gabi/Indicium/code-challenge-indicium/ind_env/lib/python3.10/site-packages/airflow/example_dags/example_nested_branch_dag.py
[2023-07-27T00:02:58.203-0300] {logging_mixin.py:150} INFO - [2023-07-27T00:02:58.203-0300] {dag.py:2742} INFO - Sync 1 DAGs
[2023-07-27T00:02:58.232-0300] {logging_mixin.py:150} INFO - [2023-07-27T00:02:58.232-0300] {dag.py:3504} INFO - Setting next_dagrun for example_nested_branch_dag to 2023-07-26T00:00:00+00:00, run_after=2023-07-27T00:00:00+00:00
[2023-07-27T00:02:58.685-0300] {processor.py:179} INFO - Processing /home/gabi/Documentos/Gabi/Indicium/code-challenge-indicium/ind_env/lib/python3.10/site-packages/airflow/example_dags/example_nested_branch_dag.py took 0.530 seconds
