[2023-07-26T23:59:16.663-0300] {processor.py:157} INFO - Started process (PID=9929) to work on /home/gabi/Documentos/Gabi/Indicium/code-challenge-indicium/ind_env/lib/python3.10/site-packages/airflow/example_dags/example_setup_teardown.py
[2023-07-26T23:59:16.664-0300] {processor.py:826} INFO - Processing file /home/gabi/Documentos/Gabi/Indicium/code-challenge-indicium/ind_env/lib/python3.10/site-packages/airflow/example_dags/example_setup_teardown.py for tasks to queue
[2023-07-26T23:59:16.666-0300] {logging_mixin.py:150} INFO - [2023-07-26T23:59:16.665-0300] {dagbag.py:541} INFO - Filling up the DagBag from /home/gabi/Documentos/Gabi/Indicium/code-challenge-indicium/ind_env/lib/python3.10/site-packages/airflow/example_dags/example_setup_teardown.py
[2023-07-26T23:59:16.679-0300] {processor.py:838} WARNING - No viable dags retrieved from /home/gabi/Documentos/Gabi/Indicium/code-challenge-indicium/ind_env/lib/python3.10/site-packages/airflow/example_dags/example_setup_teardown.py
[2023-07-26T23:59:16.692-0300] {processor.py:179} INFO - Processing /home/gabi/Documentos/Gabi/Indicium/code-challenge-indicium/ind_env/lib/python3.10/site-packages/airflow/example_dags/example_setup_teardown.py took 0.033 seconds
[2023-07-27T00:00:09.565-0300] {processor.py:157} INFO - Started process (PID=10228) to work on /home/gabi/Documentos/Gabi/Indicium/code-challenge-indicium/ind_env/lib/python3.10/site-packages/airflow/example_dags/example_setup_teardown.py
[2023-07-27T00:00:09.568-0300] {processor.py:826} INFO - Processing file /home/gabi/Documentos/Gabi/Indicium/code-challenge-indicium/ind_env/lib/python3.10/site-packages/airflow/example_dags/example_setup_teardown.py for tasks to queue
[2023-07-27T00:00:09.569-0300] {logging_mixin.py:150} INFO - [2023-07-27T00:00:09.569-0300] {dagbag.py:541} INFO - Filling up the DagBag from /home/gabi/Documentos/Gabi/Indicium/code-challenge-indicium/ind_env/lib/python3.10/site-packages/airflow/example_dags/example_setup_teardown.py
[2023-07-27T00:00:09.572-0300] {processor.py:838} WARNING - No viable dags retrieved from /home/gabi/Documentos/Gabi/Indicium/code-challenge-indicium/ind_env/lib/python3.10/site-packages/airflow/example_dags/example_setup_teardown.py
[2023-07-27T00:00:09.585-0300] {processor.py:179} INFO - Processing /home/gabi/Documentos/Gabi/Indicium/code-challenge-indicium/ind_env/lib/python3.10/site-packages/airflow/example_dags/example_setup_teardown.py took 0.025 seconds
[2023-07-27T00:01:02.229-0300] {processor.py:157} INFO - Started process (PID=10397) to work on /home/gabi/Documentos/Gabi/Indicium/code-challenge-indicium/ind_env/lib/python3.10/site-packages/airflow/example_dags/example_setup_teardown.py
[2023-07-27T00:01:02.232-0300] {processor.py:826} INFO - Processing file /home/gabi/Documentos/Gabi/Indicium/code-challenge-indicium/ind_env/lib/python3.10/site-packages/airflow/example_dags/example_setup_teardown.py for tasks to queue
[2023-07-27T00:01:02.234-0300] {logging_mixin.py:150} INFO - [2023-07-27T00:01:02.233-0300] {dagbag.py:541} INFO - Filling up the DagBag from /home/gabi/Documentos/Gabi/Indicium/code-challenge-indicium/ind_env/lib/python3.10/site-packages/airflow/example_dags/example_setup_teardown.py
[2023-07-27T00:01:02.237-0300] {processor.py:838} WARNING - No viable dags retrieved from /home/gabi/Documentos/Gabi/Indicium/code-challenge-indicium/ind_env/lib/python3.10/site-packages/airflow/example_dags/example_setup_teardown.py
[2023-07-27T00:01:02.251-0300] {processor.py:179} INFO - Processing /home/gabi/Documentos/Gabi/Indicium/code-challenge-indicium/ind_env/lib/python3.10/site-packages/airflow/example_dags/example_setup_teardown.py took 0.025 seconds
[2023-07-27T00:01:48.449-0300] {processor.py:157} INFO - Started process (PID=10536) to work on /home/gabi/Documentos/Gabi/Indicium/code-challenge-indicium/ind_env/lib/python3.10/site-packages/airflow/example_dags/example_setup_teardown.py
[2023-07-27T00:01:48.452-0300] {processor.py:826} INFO - Processing file /home/gabi/Documentos/Gabi/Indicium/code-challenge-indicium/ind_env/lib/python3.10/site-packages/airflow/example_dags/example_setup_teardown.py for tasks to queue
[2023-07-27T00:01:48.453-0300] {logging_mixin.py:150} INFO - [2023-07-27T00:01:48.453-0300] {dagbag.py:541} INFO - Filling up the DagBag from /home/gabi/Documentos/Gabi/Indicium/code-challenge-indicium/ind_env/lib/python3.10/site-packages/airflow/example_dags/example_setup_teardown.py
[2023-07-27T00:01:48.456-0300] {processor.py:838} WARNING - No viable dags retrieved from /home/gabi/Documentos/Gabi/Indicium/code-challenge-indicium/ind_env/lib/python3.10/site-packages/airflow/example_dags/example_setup_teardown.py
[2023-07-27T00:01:48.470-0300] {processor.py:179} INFO - Processing /home/gabi/Documentos/Gabi/Indicium/code-challenge-indicium/ind_env/lib/python3.10/site-packages/airflow/example_dags/example_setup_teardown.py took 0.025 seconds
[2023-07-27T00:02:55.750-0300] {processor.py:157} INFO - Started process (PID=10735) to work on /home/gabi/Documentos/Gabi/Indicium/code-challenge-indicium/ind_env/lib/python3.10/site-packages/airflow/example_dags/example_setup_teardown.py
[2023-07-27T00:02:55.752-0300] {processor.py:826} INFO - Processing file /home/gabi/Documentos/Gabi/Indicium/code-challenge-indicium/ind_env/lib/python3.10/site-packages/airflow/example_dags/example_setup_teardown.py for tasks to queue
[2023-07-27T00:02:55.753-0300] {logging_mixin.py:150} INFO - [2023-07-27T00:02:55.753-0300] {dagbag.py:541} INFO - Filling up the DagBag from /home/gabi/Documentos/Gabi/Indicium/code-challenge-indicium/ind_env/lib/python3.10/site-packages/airflow/example_dags/example_setup_teardown.py
[2023-07-27T00:02:55.758-0300] {processor.py:838} WARNING - No viable dags retrieved from /home/gabi/Documentos/Gabi/Indicium/code-challenge-indicium/ind_env/lib/python3.10/site-packages/airflow/example_dags/example_setup_teardown.py
[2023-07-27T00:02:55.777-0300] {processor.py:179} INFO - Processing /home/gabi/Documentos/Gabi/Indicium/code-challenge-indicium/ind_env/lib/python3.10/site-packages/airflow/example_dags/example_setup_teardown.py took 0.032 seconds
[2023-07-27T00:03:44.161-0300] {processor.py:157} INFO - Started process (PID=10871) to work on /home/gabi/Documentos/Gabi/Indicium/code-challenge-indicium/ind_env/lib/python3.10/site-packages/airflow/example_dags/example_setup_teardown.py
[2023-07-27T00:03:44.167-0300] {processor.py:826} INFO - Processing file /home/gabi/Documentos/Gabi/Indicium/code-challenge-indicium/ind_env/lib/python3.10/site-packages/airflow/example_dags/example_setup_teardown.py for tasks to queue
[2023-07-27T00:03:44.168-0300] {logging_mixin.py:150} INFO - [2023-07-27T00:03:44.167-0300] {dagbag.py:541} INFO - Filling up the DagBag from /home/gabi/Documentos/Gabi/Indicium/code-challenge-indicium/ind_env/lib/python3.10/site-packages/airflow/example_dags/example_setup_teardown.py
[2023-07-27T00:03:44.171-0300] {processor.py:838} WARNING - No viable dags retrieved from /home/gabi/Documentos/Gabi/Indicium/code-challenge-indicium/ind_env/lib/python3.10/site-packages/airflow/example_dags/example_setup_teardown.py
[2023-07-27T00:03:44.184-0300] {processor.py:179} INFO - Processing /home/gabi/Documentos/Gabi/Indicium/code-challenge-indicium/ind_env/lib/python3.10/site-packages/airflow/example_dags/example_setup_teardown.py took 0.027 seconds
