[2023-07-26T23:58:48.647-0300] {processor.py:157} INFO - Started process (PID=9492) to work on /home/gabi/Documentos/Gabi/Indicium/code-challenge-indicium/ind_env/lib/python3.10/site-packages/airflow/example_dags/example_trigger_target_dag.py
[2023-07-26T23:58:48.649-0300] {processor.py:826} INFO - Processing file /home/gabi/Documentos/Gabi/Indicium/code-challenge-indicium/ind_env/lib/python3.10/site-packages/airflow/example_dags/example_trigger_target_dag.py for tasks to queue
[2023-07-26T23:58:48.650-0300] {logging_mixin.py:150} INFO - [2023-07-26T23:58:48.649-0300] {dagbag.py:541} INFO - Filling up the DagBag from /home/gabi/Documentos/Gabi/Indicium/code-challenge-indicium/ind_env/lib/python3.10/site-packages/airflow/example_dags/example_trigger_target_dag.py
[2023-07-26T23:58:48.668-0300] {processor.py:836} INFO - DAG(s) dict_keys(['example_trigger_target_dag']) retrieved from /home/gabi/Documentos/Gabi/Indicium/code-challenge-indicium/ind_env/lib/python3.10/site-packages/airflow/example_dags/example_trigger_target_dag.py
[2023-07-26T23:58:48.845-0300] {logging_mixin.py:150} INFO - [2023-07-26T23:58:48.845-0300] {dag.py:2742} INFO - Sync 1 DAGs
[2023-07-26T23:58:48.872-0300] {logging_mixin.py:150} INFO - [2023-07-26T23:58:48.872-0300] {dag.py:3504} INFO - Setting next_dagrun for example_trigger_target_dag to None, run_after=None
[2023-07-26T23:58:48.905-0300] {processor.py:179} INFO - Processing /home/gabi/Documentos/Gabi/Indicium/code-challenge-indicium/ind_env/lib/python3.10/site-packages/airflow/example_dags/example_trigger_target_dag.py took 0.266 seconds
[2023-07-26T23:59:43.577-0300] {processor.py:157} INFO - Started process (PID=9995) to work on /home/gabi/Documentos/Gabi/Indicium/code-challenge-indicium/ind_env/lib/python3.10/site-packages/airflow/example_dags/example_trigger_target_dag.py
[2023-07-26T23:59:43.580-0300] {processor.py:826} INFO - Processing file /home/gabi/Documentos/Gabi/Indicium/code-challenge-indicium/ind_env/lib/python3.10/site-packages/airflow/example_dags/example_trigger_target_dag.py for tasks to queue
[2023-07-26T23:59:43.581-0300] {logging_mixin.py:150} INFO - [2023-07-26T23:59:43.580-0300] {dagbag.py:541} INFO - Filling up the DagBag from /home/gabi/Documentos/Gabi/Indicium/code-challenge-indicium/ind_env/lib/python3.10/site-packages/airflow/example_dags/example_trigger_target_dag.py
[2023-07-26T23:59:43.589-0300] {processor.py:836} INFO - DAG(s) dict_keys(['example_trigger_target_dag']) retrieved from /home/gabi/Documentos/Gabi/Indicium/code-challenge-indicium/ind_env/lib/python3.10/site-packages/airflow/example_dags/example_trigger_target_dag.py
[2023-07-26T23:59:43.611-0300] {logging_mixin.py:150} INFO - [2023-07-26T23:59:43.611-0300] {dag.py:2742} INFO - Sync 1 DAGs
[2023-07-26T23:59:43.635-0300] {logging_mixin.py:150} INFO - [2023-07-26T23:59:43.635-0300] {dag.py:3504} INFO - Setting next_dagrun for example_trigger_target_dag to None, run_after=None
[2023-07-26T23:59:43.661-0300] {processor.py:179} INFO - Processing /home/gabi/Documentos/Gabi/Indicium/code-challenge-indicium/ind_env/lib/python3.10/site-packages/airflow/example_dags/example_trigger_target_dag.py took 0.088 seconds
[2023-07-27T00:00:30.167-0300] {processor.py:157} INFO - Started process (PID=10293) to work on /home/gabi/Documentos/Gabi/Indicium/code-challenge-indicium/ind_env/lib/python3.10/site-packages/airflow/example_dags/example_trigger_target_dag.py
[2023-07-27T00:00:30.170-0300] {processor.py:826} INFO - Processing file /home/gabi/Documentos/Gabi/Indicium/code-challenge-indicium/ind_env/lib/python3.10/site-packages/airflow/example_dags/example_trigger_target_dag.py for tasks to queue
[2023-07-27T00:00:30.171-0300] {logging_mixin.py:150} INFO - [2023-07-27T00:00:30.171-0300] {dagbag.py:541} INFO - Filling up the DagBag from /home/gabi/Documentos/Gabi/Indicium/code-challenge-indicium/ind_env/lib/python3.10/site-packages/airflow/example_dags/example_trigger_target_dag.py
[2023-07-27T00:00:30.178-0300] {processor.py:836} INFO - DAG(s) dict_keys(['example_trigger_target_dag']) retrieved from /home/gabi/Documentos/Gabi/Indicium/code-challenge-indicium/ind_env/lib/python3.10/site-packages/airflow/example_dags/example_trigger_target_dag.py
[2023-07-27T00:00:30.199-0300] {logging_mixin.py:150} INFO - [2023-07-27T00:00:30.198-0300] {dag.py:2742} INFO - Sync 1 DAGs
[2023-07-27T00:00:30.226-0300] {logging_mixin.py:150} INFO - [2023-07-27T00:00:30.226-0300] {dag.py:3504} INFO - Setting next_dagrun for example_trigger_target_dag to None, run_after=None
[2023-07-27T00:00:30.253-0300] {processor.py:179} INFO - Processing /home/gabi/Documentos/Gabi/Indicium/code-challenge-indicium/ind_env/lib/python3.10/site-packages/airflow/example_dags/example_trigger_target_dag.py took 0.090 seconds
[2023-07-27T00:01:15.709-0300] {processor.py:157} INFO - Started process (PID=10456) to work on /home/gabi/Documentos/Gabi/Indicium/code-challenge-indicium/ind_env/lib/python3.10/site-packages/airflow/example_dags/example_trigger_target_dag.py
[2023-07-27T00:01:15.712-0300] {processor.py:826} INFO - Processing file /home/gabi/Documentos/Gabi/Indicium/code-challenge-indicium/ind_env/lib/python3.10/site-packages/airflow/example_dags/example_trigger_target_dag.py for tasks to queue
[2023-07-27T00:01:15.714-0300] {logging_mixin.py:150} INFO - [2023-07-27T00:01:15.713-0300] {dagbag.py:541} INFO - Filling up the DagBag from /home/gabi/Documentos/Gabi/Indicium/code-challenge-indicium/ind_env/lib/python3.10/site-packages/airflow/example_dags/example_trigger_target_dag.py
[2023-07-27T00:01:15.725-0300] {processor.py:836} INFO - DAG(s) dict_keys(['example_trigger_target_dag']) retrieved from /home/gabi/Documentos/Gabi/Indicium/code-challenge-indicium/ind_env/lib/python3.10/site-packages/airflow/example_dags/example_trigger_target_dag.py
[2023-07-27T00:01:15.777-0300] {logging_mixin.py:150} INFO - [2023-07-27T00:01:15.777-0300] {dag.py:2742} INFO - Sync 1 DAGs
[2023-07-27T00:01:15.865-0300] {logging_mixin.py:150} INFO - [2023-07-27T00:01:15.864-0300] {dag.py:3504} INFO - Setting next_dagrun for example_trigger_target_dag to None, run_after=None
[2023-07-27T00:01:15.939-0300] {processor.py:179} INFO - Processing /home/gabi/Documentos/Gabi/Indicium/code-challenge-indicium/ind_env/lib/python3.10/site-packages/airflow/example_dags/example_trigger_target_dag.py took 0.235 seconds
[2023-07-27T00:01:59.912-0300] {processor.py:157} INFO - Started process (PID=10567) to work on /home/gabi/Documentos/Gabi/Indicium/code-challenge-indicium/ind_env/lib/python3.10/site-packages/airflow/example_dags/example_trigger_target_dag.py
[2023-07-27T00:01:59.914-0300] {processor.py:826} INFO - Processing file /home/gabi/Documentos/Gabi/Indicium/code-challenge-indicium/ind_env/lib/python3.10/site-packages/airflow/example_dags/example_trigger_target_dag.py for tasks to queue
[2023-07-27T00:01:59.915-0300] {logging_mixin.py:150} INFO - [2023-07-27T00:01:59.915-0300] {dagbag.py:541} INFO - Filling up the DagBag from /home/gabi/Documentos/Gabi/Indicium/code-challenge-indicium/ind_env/lib/python3.10/site-packages/airflow/example_dags/example_trigger_target_dag.py
[2023-07-27T00:01:59.923-0300] {processor.py:836} INFO - DAG(s) dict_keys(['example_trigger_target_dag']) retrieved from /home/gabi/Documentos/Gabi/Indicium/code-challenge-indicium/ind_env/lib/python3.10/site-packages/airflow/example_dags/example_trigger_target_dag.py
[2023-07-27T00:01:59.946-0300] {logging_mixin.py:150} INFO - [2023-07-27T00:01:59.945-0300] {dag.py:2742} INFO - Sync 1 DAGs
[2023-07-27T00:01:59.979-0300] {logging_mixin.py:150} INFO - [2023-07-27T00:01:59.978-0300] {dag.py:3504} INFO - Setting next_dagrun for example_trigger_target_dag to None, run_after=None
[2023-07-27T00:02:00.011-0300] {processor.py:179} INFO - Processing /home/gabi/Documentos/Gabi/Indicium/code-challenge-indicium/ind_env/lib/python3.10/site-packages/airflow/example_dags/example_trigger_target_dag.py took 0.102 seconds
[2023-07-27T00:02:43.881-0300] {processor.py:157} INFO - Started process (PID=10690) to work on /home/gabi/Documentos/Gabi/Indicium/code-challenge-indicium/ind_env/lib/python3.10/site-packages/airflow/example_dags/example_trigger_target_dag.py
[2023-07-27T00:02:43.883-0300] {processor.py:826} INFO - Processing file /home/gabi/Documentos/Gabi/Indicium/code-challenge-indicium/ind_env/lib/python3.10/site-packages/airflow/example_dags/example_trigger_target_dag.py for tasks to queue
[2023-07-27T00:02:43.884-0300] {logging_mixin.py:150} INFO - [2023-07-27T00:02:43.884-0300] {dagbag.py:541} INFO - Filling up the DagBag from /home/gabi/Documentos/Gabi/Indicium/code-challenge-indicium/ind_env/lib/python3.10/site-packages/airflow/example_dags/example_trigger_target_dag.py
[2023-07-27T00:02:43.892-0300] {processor.py:836} INFO - DAG(s) dict_keys(['example_trigger_target_dag']) retrieved from /home/gabi/Documentos/Gabi/Indicium/code-challenge-indicium/ind_env/lib/python3.10/site-packages/airflow/example_dags/example_trigger_target_dag.py
[2023-07-27T00:02:43.920-0300] {logging_mixin.py:150} INFO - [2023-07-27T00:02:43.920-0300] {dag.py:2742} INFO - Sync 1 DAGs
[2023-07-27T00:02:43.957-0300] {logging_mixin.py:150} INFO - [2023-07-27T00:02:43.957-0300] {dag.py:3504} INFO - Setting next_dagrun for example_trigger_target_dag to None, run_after=None
[2023-07-27T00:02:43.996-0300] {processor.py:179} INFO - Processing /home/gabi/Documentos/Gabi/Indicium/code-challenge-indicium/ind_env/lib/python3.10/site-packages/airflow/example_dags/example_trigger_target_dag.py took 0.121 seconds
[2023-07-27T00:03:33.216-0300] {processor.py:157} INFO - Started process (PID=10839) to work on /home/gabi/Documentos/Gabi/Indicium/code-challenge-indicium/ind_env/lib/python3.10/site-packages/airflow/example_dags/example_trigger_target_dag.py
[2023-07-27T00:03:33.219-0300] {processor.py:826} INFO - Processing file /home/gabi/Documentos/Gabi/Indicium/code-challenge-indicium/ind_env/lib/python3.10/site-packages/airflow/example_dags/example_trigger_target_dag.py for tasks to queue
[2023-07-27T00:03:33.220-0300] {logging_mixin.py:150} INFO - [2023-07-27T00:03:33.220-0300] {dagbag.py:541} INFO - Filling up the DagBag from /home/gabi/Documentos/Gabi/Indicium/code-challenge-indicium/ind_env/lib/python3.10/site-packages/airflow/example_dags/example_trigger_target_dag.py
[2023-07-27T00:03:33.228-0300] {processor.py:836} INFO - DAG(s) dict_keys(['example_trigger_target_dag']) retrieved from /home/gabi/Documentos/Gabi/Indicium/code-challenge-indicium/ind_env/lib/python3.10/site-packages/airflow/example_dags/example_trigger_target_dag.py
[2023-07-27T00:03:33.249-0300] {logging_mixin.py:150} INFO - [2023-07-27T00:03:33.249-0300] {dag.py:2742} INFO - Sync 1 DAGs
[2023-07-27T00:03:33.273-0300] {logging_mixin.py:150} INFO - [2023-07-27T00:03:33.273-0300] {dag.py:3504} INFO - Setting next_dagrun for example_trigger_target_dag to None, run_after=None
[2023-07-27T00:03:33.300-0300] {processor.py:179} INFO - Processing /home/gabi/Documentos/Gabi/Indicium/code-challenge-indicium/ind_env/lib/python3.10/site-packages/airflow/example_dags/example_trigger_target_dag.py took 0.088 seconds
