[2023-07-26T23:59:26.949-0300] {processor.py:157} INFO - Started process (PID=9956) to work on /home/gabi/Documentos/Gabi/Indicium/code-challenge-indicium/ind_env/lib/python3.10/site-packages/airflow/example_dags/example_branch_operator_decorator.py
[2023-07-26T23:59:26.950-0300] {processor.py:826} INFO - Processing file /home/gabi/Documentos/Gabi/Indicium/code-challenge-indicium/ind_env/lib/python3.10/site-packages/airflow/example_dags/example_branch_operator_decorator.py for tasks to queue
[2023-07-26T23:59:26.951-0300] {logging_mixin.py:150} INFO - [2023-07-26T23:59:26.951-0300] {dagbag.py:541} INFO - Filling up the DagBag from /home/gabi/Documentos/Gabi/Indicium/code-challenge-indicium/ind_env/lib/python3.10/site-packages/airflow/example_dags/example_branch_operator_decorator.py
[2023-07-26T23:59:26.972-0300] {processor.py:836} INFO - DAG(s) dict_keys(['example_branch_python_operator_decorator']) retrieved from /home/gabi/Documentos/Gabi/Indicium/code-challenge-indicium/ind_env/lib/python3.10/site-packages/airflow/example_dags/example_branch_operator_decorator.py
[2023-07-26T23:59:26.997-0300] {logging_mixin.py:150} INFO - [2023-07-26T23:59:26.996-0300] {dag.py:2742} INFO - Sync 1 DAGs
[2023-07-26T23:59:27.023-0300] {logging_mixin.py:150} INFO - [2023-07-26T23:59:27.023-0300] {dag.py:3504} INFO - Setting next_dagrun for example_branch_python_operator_decorator to 2023-07-26T00:00:00+00:00, run_after=2023-07-27T00:00:00+00:00
[2023-07-26T23:59:27.050-0300] {processor.py:179} INFO - Processing /home/gabi/Documentos/Gabi/Indicium/code-challenge-indicium/ind_env/lib/python3.10/site-packages/airflow/example_dags/example_branch_operator_decorator.py took 0.104 seconds
[2023-07-27T00:00:18.689-0300] {processor.py:157} INFO - Started process (PID=10256) to work on /home/gabi/Documentos/Gabi/Indicium/code-challenge-indicium/ind_env/lib/python3.10/site-packages/airflow/example_dags/example_branch_operator_decorator.py
[2023-07-27T00:00:18.694-0300] {processor.py:826} INFO - Processing file /home/gabi/Documentos/Gabi/Indicium/code-challenge-indicium/ind_env/lib/python3.10/site-packages/airflow/example_dags/example_branch_operator_decorator.py for tasks to queue
[2023-07-27T00:00:18.696-0300] {logging_mixin.py:150} INFO - [2023-07-27T00:00:18.695-0300] {dagbag.py:541} INFO - Filling up the DagBag from /home/gabi/Documentos/Gabi/Indicium/code-challenge-indicium/ind_env/lib/python3.10/site-packages/airflow/example_dags/example_branch_operator_decorator.py
[2023-07-27T00:00:18.712-0300] {processor.py:836} INFO - DAG(s) dict_keys(['example_branch_python_operator_decorator']) retrieved from /home/gabi/Documentos/Gabi/Indicium/code-challenge-indicium/ind_env/lib/python3.10/site-packages/airflow/example_dags/example_branch_operator_decorator.py
[2023-07-27T00:00:18.741-0300] {logging_mixin.py:150} INFO - [2023-07-27T00:00:18.741-0300] {dag.py:2742} INFO - Sync 1 DAGs
[2023-07-27T00:00:18.775-0300] {logging_mixin.py:150} INFO - [2023-07-27T00:00:18.775-0300] {dag.py:3504} INFO - Setting next_dagrun for example_branch_python_operator_decorator to 2023-07-26T00:00:00+00:00, run_after=2023-07-27T00:00:00+00:00
[2023-07-27T00:00:18.822-0300] {processor.py:179} INFO - Processing /home/gabi/Documentos/Gabi/Indicium/code-challenge-indicium/ind_env/lib/python3.10/site-packages/airflow/example_dags/example_branch_operator_decorator.py took 0.138 seconds
[2023-07-27T00:01:27.493-0300] {processor.py:157} INFO - Started process (PID=10486) to work on /home/gabi/Documentos/Gabi/Indicium/code-challenge-indicium/ind_env/lib/python3.10/site-packages/airflow/example_dags/example_branch_operator_decorator.py
[2023-07-27T00:01:27.495-0300] {processor.py:826} INFO - Processing file /home/gabi/Documentos/Gabi/Indicium/code-challenge-indicium/ind_env/lib/python3.10/site-packages/airflow/example_dags/example_branch_operator_decorator.py for tasks to queue
[2023-07-27T00:01:27.497-0300] {logging_mixin.py:150} INFO - [2023-07-27T00:01:27.496-0300] {dagbag.py:541} INFO - Filling up the DagBag from /home/gabi/Documentos/Gabi/Indicium/code-challenge-indicium/ind_env/lib/python3.10/site-packages/airflow/example_dags/example_branch_operator_decorator.py
[2023-07-27T00:01:27.531-0300] {processor.py:836} INFO - DAG(s) dict_keys(['example_branch_python_operator_decorator']) retrieved from /home/gabi/Documentos/Gabi/Indicium/code-challenge-indicium/ind_env/lib/python3.10/site-packages/airflow/example_dags/example_branch_operator_decorator.py
[2023-07-27T00:01:27.582-0300] {logging_mixin.py:150} INFO - [2023-07-27T00:01:27.581-0300] {dag.py:2742} INFO - Sync 1 DAGs
[2023-07-27T00:01:27.661-0300] {logging_mixin.py:150} INFO - [2023-07-27T00:01:27.660-0300] {dag.py:3504} INFO - Setting next_dagrun for example_branch_python_operator_decorator to 2023-07-26T00:00:00+00:00, run_after=2023-07-27T00:00:00+00:00
[2023-07-27T00:01:27.723-0300] {processor.py:179} INFO - Processing /home/gabi/Documentos/Gabi/Indicium/code-challenge-indicium/ind_env/lib/python3.10/site-packages/airflow/example_dags/example_branch_operator_decorator.py took 0.242 seconds
[2023-07-27T00:02:33.389-0300] {processor.py:157} INFO - Started process (PID=10652) to work on /home/gabi/Documentos/Gabi/Indicium/code-challenge-indicium/ind_env/lib/python3.10/site-packages/airflow/example_dags/example_branch_operator_decorator.py
[2023-07-27T00:02:33.394-0300] {processor.py:826} INFO - Processing file /home/gabi/Documentos/Gabi/Indicium/code-challenge-indicium/ind_env/lib/python3.10/site-packages/airflow/example_dags/example_branch_operator_decorator.py for tasks to queue
[2023-07-27T00:02:33.396-0300] {logging_mixin.py:150} INFO - [2023-07-27T00:02:33.395-0300] {dagbag.py:541} INFO - Filling up the DagBag from /home/gabi/Documentos/Gabi/Indicium/code-challenge-indicium/ind_env/lib/python3.10/site-packages/airflow/example_dags/example_branch_operator_decorator.py
[2023-07-27T00:02:33.412-0300] {processor.py:836} INFO - DAG(s) dict_keys(['example_branch_python_operator_decorator']) retrieved from /home/gabi/Documentos/Gabi/Indicium/code-challenge-indicium/ind_env/lib/python3.10/site-packages/airflow/example_dags/example_branch_operator_decorator.py
[2023-07-27T00:02:33.444-0300] {logging_mixin.py:150} INFO - [2023-07-27T00:02:33.444-0300] {dag.py:2742} INFO - Sync 1 DAGs
[2023-07-27T00:02:33.472-0300] {logging_mixin.py:150} INFO - [2023-07-27T00:02:33.471-0300] {dag.py:3504} INFO - Setting next_dagrun for example_branch_python_operator_decorator to 2023-07-26T00:00:00+00:00, run_after=2023-07-27T00:00:00+00:00
[2023-07-27T00:02:33.497-0300] {processor.py:179} INFO - Processing /home/gabi/Documentos/Gabi/Indicium/code-challenge-indicium/ind_env/lib/python3.10/site-packages/airflow/example_dags/example_branch_operator_decorator.py took 0.113 seconds
[2023-07-27T00:03:27.200-0300] {processor.py:157} INFO - Started process (PID=10831) to work on /home/gabi/Documentos/Gabi/Indicium/code-challenge-indicium/ind_env/lib/python3.10/site-packages/airflow/example_dags/example_branch_operator_decorator.py
[2023-07-27T00:03:27.202-0300] {processor.py:826} INFO - Processing file /home/gabi/Documentos/Gabi/Indicium/code-challenge-indicium/ind_env/lib/python3.10/site-packages/airflow/example_dags/example_branch_operator_decorator.py for tasks to queue
[2023-07-27T00:03:27.204-0300] {logging_mixin.py:150} INFO - [2023-07-27T00:03:27.203-0300] {dagbag.py:541} INFO - Filling up the DagBag from /home/gabi/Documentos/Gabi/Indicium/code-challenge-indicium/ind_env/lib/python3.10/site-packages/airflow/example_dags/example_branch_operator_decorator.py
[2023-07-27T00:03:27.226-0300] {processor.py:836} INFO - DAG(s) dict_keys(['example_branch_python_operator_decorator']) retrieved from /home/gabi/Documentos/Gabi/Indicium/code-challenge-indicium/ind_env/lib/python3.10/site-packages/airflow/example_dags/example_branch_operator_decorator.py
[2023-07-27T00:03:27.263-0300] {logging_mixin.py:150} INFO - [2023-07-27T00:03:27.263-0300] {dag.py:2742} INFO - Sync 1 DAGs
[2023-07-27T00:03:27.317-0300] {logging_mixin.py:150} INFO - [2023-07-27T00:03:27.317-0300] {dag.py:3504} INFO - Setting next_dagrun for example_branch_python_operator_decorator to 2023-07-26T00:00:00+00:00, run_after=2023-07-27T00:00:00+00:00
[2023-07-27T00:03:27.367-0300] {processor.py:179} INFO - Processing /home/gabi/Documentos/Gabi/Indicium/code-challenge-indicium/ind_env/lib/python3.10/site-packages/airflow/example_dags/example_branch_operator_decorator.py took 0.170 seconds
[2023-07-27T20:30:32.708-0300] {processor.py:157} INFO - Started process (PID=13475) to work on /home/gabi/Documentos/Gabi/Indicium/code-challenge-indicium/ind_env/lib/python3.10/site-packages/airflow/example_dags/example_branch_operator_decorator.py
[2023-07-27T20:30:32.711-0300] {processor.py:826} INFO - Processing file /home/gabi/Documentos/Gabi/Indicium/code-challenge-indicium/ind_env/lib/python3.10/site-packages/airflow/example_dags/example_branch_operator_decorator.py for tasks to queue
[2023-07-27T20:30:32.712-0300] {logging_mixin.py:150} INFO - [2023-07-27T20:30:32.711-0300] {dagbag.py:541} INFO - Filling up the DagBag from /home/gabi/Documentos/Gabi/Indicium/code-challenge-indicium/ind_env/lib/python3.10/site-packages/airflow/example_dags/example_branch_operator_decorator.py
[2023-07-27T20:30:32.725-0300] {processor.py:836} INFO - DAG(s) dict_keys(['example_branch_python_operator_decorator']) retrieved from /home/gabi/Documentos/Gabi/Indicium/code-challenge-indicium/ind_env/lib/python3.10/site-packages/airflow/example_dags/example_branch_operator_decorator.py
[2023-07-27T20:30:32.750-0300] {logging_mixin.py:150} INFO - [2023-07-27T20:30:32.750-0300] {dag.py:2742} INFO - Sync 1 DAGs
[2023-07-27T20:30:32.777-0300] {logging_mixin.py:150} INFO - [2023-07-27T20:30:32.776-0300] {dag.py:3504} INFO - Setting next_dagrun for example_branch_python_operator_decorator to 2023-07-26T00:00:00+00:00, run_after=2023-07-27T00:00:00+00:00
[2023-07-27T20:30:32.802-0300] {processor.py:179} INFO - Processing /home/gabi/Documentos/Gabi/Indicium/code-challenge-indicium/ind_env/lib/python3.10/site-packages/airflow/example_dags/example_branch_operator_decorator.py took 0.098 seconds
