[2023-07-26T23:59:32.288-0300] {processor.py:157} INFO - Started process (PID=9962) to work on /home/gabi/Documentos/Gabi/Indicium/code-challenge-indicium/ind_env/lib/python3.10/site-packages/airflow/example_dags/example_branch_labels.py
[2023-07-26T23:59:32.290-0300] {processor.py:826} INFO - Processing file /home/gabi/Documentos/Gabi/Indicium/code-challenge-indicium/ind_env/lib/python3.10/site-packages/airflow/example_dags/example_branch_labels.py for tasks to queue
[2023-07-26T23:59:32.291-0300] {logging_mixin.py:150} INFO - [2023-07-26T23:59:32.290-0300] {dagbag.py:541} INFO - Filling up the DagBag from /home/gabi/Documentos/Gabi/Indicium/code-challenge-indicium/ind_env/lib/python3.10/site-packages/airflow/example_dags/example_branch_labels.py
[2023-07-26T23:59:32.308-0300] {processor.py:836} INFO - DAG(s) dict_keys(['example_branch_labels']) retrieved from /home/gabi/Documentos/Gabi/Indicium/code-challenge-indicium/ind_env/lib/python3.10/site-packages/airflow/example_dags/example_branch_labels.py
[2023-07-26T23:59:32.334-0300] {logging_mixin.py:150} INFO - [2023-07-26T23:59:32.334-0300] {dag.py:2742} INFO - Sync 1 DAGs
[2023-07-26T23:59:32.361-0300] {logging_mixin.py:150} INFO - [2023-07-26T23:59:32.361-0300] {dag.py:3504} INFO - Setting next_dagrun for example_branch_labels to 2023-07-26T00:00:00+00:00, run_after=2023-07-27T00:00:00+00:00
[2023-07-26T23:59:32.387-0300] {processor.py:179} INFO - Processing /home/gabi/Documentos/Gabi/Indicium/code-challenge-indicium/ind_env/lib/python3.10/site-packages/airflow/example_dags/example_branch_labels.py took 0.103 seconds
[2023-07-27T00:00:25.204-0300] {processor.py:157} INFO - Started process (PID=10286) to work on /home/gabi/Documentos/Gabi/Indicium/code-challenge-indicium/ind_env/lib/python3.10/site-packages/airflow/example_dags/example_branch_labels.py
[2023-07-27T00:00:25.207-0300] {processor.py:826} INFO - Processing file /home/gabi/Documentos/Gabi/Indicium/code-challenge-indicium/ind_env/lib/python3.10/site-packages/airflow/example_dags/example_branch_labels.py for tasks to queue
[2023-07-27T00:00:25.208-0300] {logging_mixin.py:150} INFO - [2023-07-27T00:00:25.208-0300] {dagbag.py:541} INFO - Filling up the DagBag from /home/gabi/Documentos/Gabi/Indicium/code-challenge-indicium/ind_env/lib/python3.10/site-packages/airflow/example_dags/example_branch_labels.py
[2023-07-27T00:00:25.221-0300] {processor.py:836} INFO - DAG(s) dict_keys(['example_branch_labels']) retrieved from /home/gabi/Documentos/Gabi/Indicium/code-challenge-indicium/ind_env/lib/python3.10/site-packages/airflow/example_dags/example_branch_labels.py
[2023-07-27T00:00:25.244-0300] {logging_mixin.py:150} INFO - [2023-07-27T00:00:25.244-0300] {dag.py:2742} INFO - Sync 1 DAGs
[2023-07-27T00:00:25.270-0300] {logging_mixin.py:150} INFO - [2023-07-27T00:00:25.270-0300] {dag.py:3504} INFO - Setting next_dagrun for example_branch_labels to 2023-07-26T00:00:00+00:00, run_after=2023-07-27T00:00:00+00:00
[2023-07-27T00:00:25.298-0300] {processor.py:179} INFO - Processing /home/gabi/Documentos/Gabi/Indicium/code-challenge-indicium/ind_env/lib/python3.10/site-packages/airflow/example_dags/example_branch_labels.py took 0.099 seconds
[2023-07-27T00:01:32.692-0300] {processor.py:157} INFO - Started process (PID=10491) to work on /home/gabi/Documentos/Gabi/Indicium/code-challenge-indicium/ind_env/lib/python3.10/site-packages/airflow/example_dags/example_branch_labels.py
[2023-07-27T00:01:32.695-0300] {processor.py:826} INFO - Processing file /home/gabi/Documentos/Gabi/Indicium/code-challenge-indicium/ind_env/lib/python3.10/site-packages/airflow/example_dags/example_branch_labels.py for tasks to queue
[2023-07-27T00:01:32.696-0300] {logging_mixin.py:150} INFO - [2023-07-27T00:01:32.696-0300] {dagbag.py:541} INFO - Filling up the DagBag from /home/gabi/Documentos/Gabi/Indicium/code-challenge-indicium/ind_env/lib/python3.10/site-packages/airflow/example_dags/example_branch_labels.py
[2023-07-27T00:01:32.709-0300] {processor.py:836} INFO - DAG(s) dict_keys(['example_branch_labels']) retrieved from /home/gabi/Documentos/Gabi/Indicium/code-challenge-indicium/ind_env/lib/python3.10/site-packages/airflow/example_dags/example_branch_labels.py
[2023-07-27T00:01:32.732-0300] {logging_mixin.py:150} INFO - [2023-07-27T00:01:32.732-0300] {dag.py:2742} INFO - Sync 1 DAGs
[2023-07-27T00:01:32.758-0300] {logging_mixin.py:150} INFO - [2023-07-27T00:01:32.758-0300] {dag.py:3504} INFO - Setting next_dagrun for example_branch_labels to 2023-07-26T00:00:00+00:00, run_after=2023-07-27T00:00:00+00:00
[2023-07-27T00:01:32.784-0300] {processor.py:179} INFO - Processing /home/gabi/Documentos/Gabi/Indicium/code-challenge-indicium/ind_env/lib/python3.10/site-packages/airflow/example_dags/example_branch_labels.py took 0.096 seconds
[2023-07-27T00:02:38.804-0300] {processor.py:157} INFO - Started process (PID=10675) to work on /home/gabi/Documentos/Gabi/Indicium/code-challenge-indicium/ind_env/lib/python3.10/site-packages/airflow/example_dags/example_branch_labels.py
[2023-07-27T00:02:38.807-0300] {processor.py:826} INFO - Processing file /home/gabi/Documentos/Gabi/Indicium/code-challenge-indicium/ind_env/lib/python3.10/site-packages/airflow/example_dags/example_branch_labels.py for tasks to queue
[2023-07-27T00:02:38.808-0300] {logging_mixin.py:150} INFO - [2023-07-27T00:02:38.808-0300] {dagbag.py:541} INFO - Filling up the DagBag from /home/gabi/Documentos/Gabi/Indicium/code-challenge-indicium/ind_env/lib/python3.10/site-packages/airflow/example_dags/example_branch_labels.py
[2023-07-27T00:02:38.822-0300] {processor.py:836} INFO - DAG(s) dict_keys(['example_branch_labels']) retrieved from /home/gabi/Documentos/Gabi/Indicium/code-challenge-indicium/ind_env/lib/python3.10/site-packages/airflow/example_dags/example_branch_labels.py
[2023-07-27T00:02:38.853-0300] {logging_mixin.py:150} INFO - [2023-07-27T00:02:38.853-0300] {dag.py:2742} INFO - Sync 1 DAGs
[2023-07-27T00:02:38.878-0300] {logging_mixin.py:150} INFO - [2023-07-27T00:02:38.878-0300] {dag.py:3504} INFO - Setting next_dagrun for example_branch_labels to 2023-07-26T00:00:00+00:00, run_after=2023-07-27T00:00:00+00:00
[2023-07-27T00:02:38.904-0300] {processor.py:179} INFO - Processing /home/gabi/Documentos/Gabi/Indicium/code-challenge-indicium/ind_env/lib/python3.10/site-packages/airflow/example_dags/example_branch_labels.py took 0.104 seconds
