[2023-07-26T23:59:33.593-0300] {processor.py:157} INFO - Started process (PID=9963) to work on /home/gabi/Documentos/Gabi/Indicium/code-challenge-indicium/ind_env/lib/python3.10/site-packages/airflow/example_dags/example_branch_python_dop_operator_3.py
[2023-07-26T23:59:33.594-0300] {processor.py:826} INFO - Processing file /home/gabi/Documentos/Gabi/Indicium/code-challenge-indicium/ind_env/lib/python3.10/site-packages/airflow/example_dags/example_branch_python_dop_operator_3.py for tasks to queue
[2023-07-26T23:59:33.596-0300] {logging_mixin.py:150} INFO - [2023-07-26T23:59:33.595-0300] {dagbag.py:541} INFO - Filling up the DagBag from /home/gabi/Documentos/Gabi/Indicium/code-challenge-indicium/ind_env/lib/python3.10/site-packages/airflow/example_dags/example_branch_python_dop_operator_3.py
[2023-07-26T23:59:33.614-0300] {processor.py:836} INFO - DAG(s) dict_keys(['example_branch_dop_operator_v3']) retrieved from /home/gabi/Documentos/Gabi/Indicium/code-challenge-indicium/ind_env/lib/python3.10/site-packages/airflow/example_dags/example_branch_python_dop_operator_3.py
[2023-07-26T23:59:33.638-0300] {logging_mixin.py:150} INFO - [2023-07-26T23:59:33.638-0300] {dag.py:2742} INFO - Sync 1 DAGs
[2023-07-26T23:59:33.670-0300] {logging_mixin.py:150} INFO - [2023-07-26T23:59:33.670-0300] {dag.py:3504} INFO - Setting next_dagrun for example_branch_dop_operator_v3 to 2023-07-27T02:58:00+00:00, run_after=2023-07-27T02:59:00+00:00
[2023-07-26T23:59:33.696-0300] {processor.py:179} INFO - Processing /home/gabi/Documentos/Gabi/Indicium/code-challenge-indicium/ind_env/lib/python3.10/site-packages/airflow/example_dags/example_branch_python_dop_operator_3.py took 0.107 seconds
[2023-07-27T00:00:43.580-0300] {processor.py:157} INFO - Started process (PID=10345) to work on /home/gabi/Documentos/Gabi/Indicium/code-challenge-indicium/ind_env/lib/python3.10/site-packages/airflow/example_dags/example_branch_python_dop_operator_3.py
[2023-07-27T00:00:43.582-0300] {processor.py:826} INFO - Processing file /home/gabi/Documentos/Gabi/Indicium/code-challenge-indicium/ind_env/lib/python3.10/site-packages/airflow/example_dags/example_branch_python_dop_operator_3.py for tasks to queue
[2023-07-27T00:00:43.583-0300] {logging_mixin.py:150} INFO - [2023-07-27T00:00:43.583-0300] {dagbag.py:541} INFO - Filling up the DagBag from /home/gabi/Documentos/Gabi/Indicium/code-challenge-indicium/ind_env/lib/python3.10/site-packages/airflow/example_dags/example_branch_python_dop_operator_3.py
[2023-07-27T00:00:43.596-0300] {processor.py:836} INFO - DAG(s) dict_keys(['example_branch_dop_operator_v3']) retrieved from /home/gabi/Documentos/Gabi/Indicium/code-challenge-indicium/ind_env/lib/python3.10/site-packages/airflow/example_dags/example_branch_python_dop_operator_3.py
[2023-07-27T00:00:43.617-0300] {logging_mixin.py:150} INFO - [2023-07-27T00:00:43.617-0300] {dag.py:2742} INFO - Sync 1 DAGs
[2023-07-27T00:00:43.649-0300] {logging_mixin.py:150} INFO - [2023-07-27T00:00:43.648-0300] {dag.py:3504} INFO - Setting next_dagrun for example_branch_dop_operator_v3 to 2023-07-27T02:59:00+00:00, run_after=2023-07-27T03:00:00+00:00
[2023-07-27T00:00:43.676-0300] {processor.py:179} INFO - Processing /home/gabi/Documentos/Gabi/Indicium/code-challenge-indicium/ind_env/lib/python3.10/site-packages/airflow/example_dags/example_branch_python_dop_operator_3.py took 0.100 seconds
[2023-07-27T00:01:50.973-0300] {processor.py:157} INFO - Started process (PID=10538) to work on /home/gabi/Documentos/Gabi/Indicium/code-challenge-indicium/ind_env/lib/python3.10/site-packages/airflow/example_dags/example_branch_python_dop_operator_3.py
[2023-07-27T00:01:50.976-0300] {processor.py:826} INFO - Processing file /home/gabi/Documentos/Gabi/Indicium/code-challenge-indicium/ind_env/lib/python3.10/site-packages/airflow/example_dags/example_branch_python_dop_operator_3.py for tasks to queue
[2023-07-27T00:01:50.978-0300] {logging_mixin.py:150} INFO - [2023-07-27T00:01:50.977-0300] {dagbag.py:541} INFO - Filling up the DagBag from /home/gabi/Documentos/Gabi/Indicium/code-challenge-indicium/ind_env/lib/python3.10/site-packages/airflow/example_dags/example_branch_python_dop_operator_3.py
[2023-07-27T00:01:50.990-0300] {processor.py:836} INFO - DAG(s) dict_keys(['example_branch_dop_operator_v3']) retrieved from /home/gabi/Documentos/Gabi/Indicium/code-challenge-indicium/ind_env/lib/python3.10/site-packages/airflow/example_dags/example_branch_python_dop_operator_3.py
[2023-07-27T00:01:51.012-0300] {logging_mixin.py:150} INFO - [2023-07-27T00:01:51.012-0300] {dag.py:2742} INFO - Sync 1 DAGs
[2023-07-27T00:01:51.045-0300] {logging_mixin.py:150} INFO - [2023-07-27T00:01:51.045-0300] {dag.py:3504} INFO - Setting next_dagrun for example_branch_dop_operator_v3 to 2023-07-27T03:00:00+00:00, run_after=2023-07-27T03:01:00+00:00
[2023-07-27T00:01:51.074-0300] {processor.py:179} INFO - Processing /home/gabi/Documentos/Gabi/Indicium/code-challenge-indicium/ind_env/lib/python3.10/site-packages/airflow/example_dags/example_branch_python_dop_operator_3.py took 0.105 seconds
[2023-07-27T00:02:59.746-0300] {processor.py:157} INFO - Started process (PID=10738) to work on /home/gabi/Documentos/Gabi/Indicium/code-challenge-indicium/ind_env/lib/python3.10/site-packages/airflow/example_dags/example_branch_python_dop_operator_3.py
[2023-07-27T00:02:59.748-0300] {processor.py:826} INFO - Processing file /home/gabi/Documentos/Gabi/Indicium/code-challenge-indicium/ind_env/lib/python3.10/site-packages/airflow/example_dags/example_branch_python_dop_operator_3.py for tasks to queue
[2023-07-27T00:02:59.749-0300] {logging_mixin.py:150} INFO - [2023-07-27T00:02:59.748-0300] {dagbag.py:541} INFO - Filling up the DagBag from /home/gabi/Documentos/Gabi/Indicium/code-challenge-indicium/ind_env/lib/python3.10/site-packages/airflow/example_dags/example_branch_python_dop_operator_3.py
[2023-07-27T00:02:59.766-0300] {processor.py:836} INFO - DAG(s) dict_keys(['example_branch_dop_operator_v3']) retrieved from /home/gabi/Documentos/Gabi/Indicium/code-challenge-indicium/ind_env/lib/python3.10/site-packages/airflow/example_dags/example_branch_python_dop_operator_3.py
[2023-07-27T00:02:59.797-0300] {logging_mixin.py:150} INFO - [2023-07-27T00:02:59.796-0300] {dag.py:2742} INFO - Sync 1 DAGs
[2023-07-27T00:02:59.850-0300] {logging_mixin.py:150} INFO - [2023-07-27T00:02:59.850-0300] {dag.py:3504} INFO - Setting next_dagrun for example_branch_dop_operator_v3 to 2023-07-27T03:01:00+00:00, run_after=2023-07-27T03:02:00+00:00
[2023-07-27T00:02:59.886-0300] {processor.py:179} INFO - Processing /home/gabi/Documentos/Gabi/Indicium/code-challenge-indicium/ind_env/lib/python3.10/site-packages/airflow/example_dags/example_branch_python_dop_operator_3.py took 0.144 seconds
