[2023-07-26T23:59:08.913-0300] {processor.py:157} INFO - Started process (PID=9896) to work on /home/gabi/Documentos/Gabi/Indicium/code-challenge-indicium/ind_env/lib/python3.10/site-packages/airflow/example_dags/example_setup_teardown_taskflow.py
[2023-07-26T23:59:08.914-0300] {processor.py:826} INFO - Processing file /home/gabi/Documentos/Gabi/Indicium/code-challenge-indicium/ind_env/lib/python3.10/site-packages/airflow/example_dags/example_setup_teardown_taskflow.py for tasks to queue
[2023-07-26T23:59:08.915-0300] {logging_mixin.py:150} INFO - [2023-07-26T23:59:08.914-0300] {dagbag.py:541} INFO - Filling up the DagBag from /home/gabi/Documentos/Gabi/Indicium/code-challenge-indicium/ind_env/lib/python3.10/site-packages/airflow/example_dags/example_setup_teardown_taskflow.py
[2023-07-26T23:59:08.923-0300] {processor.py:838} WARNING - No viable dags retrieved from /home/gabi/Documentos/Gabi/Indicium/code-challenge-indicium/ind_env/lib/python3.10/site-packages/airflow/example_dags/example_setup_teardown_taskflow.py
[2023-07-26T23:59:08.943-0300] {processor.py:179} INFO - Processing /home/gabi/Documentos/Gabi/Indicium/code-challenge-indicium/ind_env/lib/python3.10/site-packages/airflow/example_dags/example_setup_teardown_taskflow.py took 0.034 seconds
[2023-07-27T00:00:01.877-0300] {processor.py:157} INFO - Started process (PID=10076) to work on /home/gabi/Documentos/Gabi/Indicium/code-challenge-indicium/ind_env/lib/python3.10/site-packages/airflow/example_dags/example_setup_teardown_taskflow.py
[2023-07-27T00:00:01.880-0300] {processor.py:826} INFO - Processing file /home/gabi/Documentos/Gabi/Indicium/code-challenge-indicium/ind_env/lib/python3.10/site-packages/airflow/example_dags/example_setup_teardown_taskflow.py for tasks to queue
[2023-07-27T00:00:01.881-0300] {logging_mixin.py:150} INFO - [2023-07-27T00:00:01.881-0300] {dagbag.py:541} INFO - Filling up the DagBag from /home/gabi/Documentos/Gabi/Indicium/code-challenge-indicium/ind_env/lib/python3.10/site-packages/airflow/example_dags/example_setup_teardown_taskflow.py
[2023-07-27T00:00:01.884-0300] {processor.py:838} WARNING - No viable dags retrieved from /home/gabi/Documentos/Gabi/Indicium/code-challenge-indicium/ind_env/lib/python3.10/site-packages/airflow/example_dags/example_setup_teardown_taskflow.py
[2023-07-27T00:00:01.898-0300] {processor.py:179} INFO - Processing /home/gabi/Documentos/Gabi/Indicium/code-challenge-indicium/ind_env/lib/python3.10/site-packages/airflow/example_dags/example_setup_teardown_taskflow.py took 0.025 seconds
[2023-07-27T00:00:54.771-0300] {processor.py:157} INFO - Started process (PID=10389) to work on /home/gabi/Documentos/Gabi/Indicium/code-challenge-indicium/ind_env/lib/python3.10/site-packages/airflow/example_dags/example_setup_teardown_taskflow.py
[2023-07-27T00:00:54.775-0300] {processor.py:826} INFO - Processing file /home/gabi/Documentos/Gabi/Indicium/code-challenge-indicium/ind_env/lib/python3.10/site-packages/airflow/example_dags/example_setup_teardown_taskflow.py for tasks to queue
[2023-07-27T00:00:54.776-0300] {logging_mixin.py:150} INFO - [2023-07-27T00:00:54.776-0300] {dagbag.py:541} INFO - Filling up the DagBag from /home/gabi/Documentos/Gabi/Indicium/code-challenge-indicium/ind_env/lib/python3.10/site-packages/airflow/example_dags/example_setup_teardown_taskflow.py
[2023-07-27T00:00:54.779-0300] {processor.py:838} WARNING - No viable dags retrieved from /home/gabi/Documentos/Gabi/Indicium/code-challenge-indicium/ind_env/lib/python3.10/site-packages/airflow/example_dags/example_setup_teardown_taskflow.py
[2023-07-27T00:00:54.791-0300] {processor.py:179} INFO - Processing /home/gabi/Documentos/Gabi/Indicium/code-challenge-indicium/ind_env/lib/python3.10/site-packages/airflow/example_dags/example_setup_teardown_taskflow.py took 0.024 seconds
[2023-07-27T00:01:41.844-0300] {processor.py:157} INFO - Started process (PID=10514) to work on /home/gabi/Documentos/Gabi/Indicium/code-challenge-indicium/ind_env/lib/python3.10/site-packages/airflow/example_dags/example_setup_teardown_taskflow.py
[2023-07-27T00:01:41.848-0300] {processor.py:826} INFO - Processing file /home/gabi/Documentos/Gabi/Indicium/code-challenge-indicium/ind_env/lib/python3.10/site-packages/airflow/example_dags/example_setup_teardown_taskflow.py for tasks to queue
[2023-07-27T00:01:41.849-0300] {logging_mixin.py:150} INFO - [2023-07-27T00:01:41.849-0300] {dagbag.py:541} INFO - Filling up the DagBag from /home/gabi/Documentos/Gabi/Indicium/code-challenge-indicium/ind_env/lib/python3.10/site-packages/airflow/example_dags/example_setup_teardown_taskflow.py
[2023-07-27T00:01:41.852-0300] {processor.py:838} WARNING - No viable dags retrieved from /home/gabi/Documentos/Gabi/Indicium/code-challenge-indicium/ind_env/lib/python3.10/site-packages/airflow/example_dags/example_setup_teardown_taskflow.py
[2023-07-27T00:01:41.865-0300] {processor.py:179} INFO - Processing /home/gabi/Documentos/Gabi/Indicium/code-challenge-indicium/ind_env/lib/python3.10/site-packages/airflow/example_dags/example_setup_teardown_taskflow.py took 0.024 seconds
[2023-07-27T00:02:27.040-0300] {processor.py:157} INFO - Started process (PID=10644) to work on /home/gabi/Documentos/Gabi/Indicium/code-challenge-indicium/ind_env/lib/python3.10/site-packages/airflow/example_dags/example_setup_teardown_taskflow.py
[2023-07-27T00:02:27.042-0300] {processor.py:826} INFO - Processing file /home/gabi/Documentos/Gabi/Indicium/code-challenge-indicium/ind_env/lib/python3.10/site-packages/airflow/example_dags/example_setup_teardown_taskflow.py for tasks to queue
[2023-07-27T00:02:27.043-0300] {logging_mixin.py:150} INFO - [2023-07-27T00:02:27.043-0300] {dagbag.py:541} INFO - Filling up the DagBag from /home/gabi/Documentos/Gabi/Indicium/code-challenge-indicium/ind_env/lib/python3.10/site-packages/airflow/example_dags/example_setup_teardown_taskflow.py
[2023-07-27T00:02:27.046-0300] {processor.py:838} WARNING - No viable dags retrieved from /home/gabi/Documentos/Gabi/Indicium/code-challenge-indicium/ind_env/lib/python3.10/site-packages/airflow/example_dags/example_setup_teardown_taskflow.py
[2023-07-27T00:02:27.059-0300] {processor.py:179} INFO - Processing /home/gabi/Documentos/Gabi/Indicium/code-challenge-indicium/ind_env/lib/python3.10/site-packages/airflow/example_dags/example_setup_teardown_taskflow.py took 0.024 seconds
[2023-07-27T00:03:14.649-0300] {processor.py:157} INFO - Started process (PID=10770) to work on /home/gabi/Documentos/Gabi/Indicium/code-challenge-indicium/ind_env/lib/python3.10/site-packages/airflow/example_dags/example_setup_teardown_taskflow.py
[2023-07-27T00:03:14.651-0300] {processor.py:826} INFO - Processing file /home/gabi/Documentos/Gabi/Indicium/code-challenge-indicium/ind_env/lib/python3.10/site-packages/airflow/example_dags/example_setup_teardown_taskflow.py for tasks to queue
[2023-07-27T00:03:14.653-0300] {logging_mixin.py:150} INFO - [2023-07-27T00:03:14.652-0300] {dagbag.py:541} INFO - Filling up the DagBag from /home/gabi/Documentos/Gabi/Indicium/code-challenge-indicium/ind_env/lib/python3.10/site-packages/airflow/example_dags/example_setup_teardown_taskflow.py
[2023-07-27T00:03:14.656-0300] {processor.py:838} WARNING - No viable dags retrieved from /home/gabi/Documentos/Gabi/Indicium/code-challenge-indicium/ind_env/lib/python3.10/site-packages/airflow/example_dags/example_setup_teardown_taskflow.py
[2023-07-27T00:03:14.673-0300] {processor.py:179} INFO - Processing /home/gabi/Documentos/Gabi/Indicium/code-challenge-indicium/ind_env/lib/python3.10/site-packages/airflow/example_dags/example_setup_teardown_taskflow.py took 0.027 seconds
[2023-07-27T20:30:13.887-0300] {processor.py:157} INFO - Started process (PID=13425) to work on /home/gabi/Documentos/Gabi/Indicium/code-challenge-indicium/ind_env/lib/python3.10/site-packages/airflow/example_dags/example_setup_teardown_taskflow.py
[2023-07-27T20:30:13.889-0300] {processor.py:826} INFO - Processing file /home/gabi/Documentos/Gabi/Indicium/code-challenge-indicium/ind_env/lib/python3.10/site-packages/airflow/example_dags/example_setup_teardown_taskflow.py for tasks to queue
[2023-07-27T20:30:13.891-0300] {logging_mixin.py:150} INFO - [2023-07-27T20:30:13.890-0300] {dagbag.py:541} INFO - Filling up the DagBag from /home/gabi/Documentos/Gabi/Indicium/code-challenge-indicium/ind_env/lib/python3.10/site-packages/airflow/example_dags/example_setup_teardown_taskflow.py
[2023-07-27T20:30:13.894-0300] {processor.py:838} WARNING - No viable dags retrieved from /home/gabi/Documentos/Gabi/Indicium/code-challenge-indicium/ind_env/lib/python3.10/site-packages/airflow/example_dags/example_setup_teardown_taskflow.py
[2023-07-27T20:30:13.908-0300] {processor.py:179} INFO - Processing /home/gabi/Documentos/Gabi/Indicium/code-challenge-indicium/ind_env/lib/python3.10/site-packages/airflow/example_dags/example_setup_teardown_taskflow.py took 0.025 seconds
