[2023-07-26T23:59:13.903-0300] {processor.py:157} INFO - Started process (PID=9910) to work on /home/gabi/Documentos/Gabi/Indicium/code-challenge-indicium/ind_env/lib/python3.10/site-packages/airflow/example_dags/example_python_operator.py
[2023-07-26T23:59:13.904-0300] {processor.py:826} INFO - Processing file /home/gabi/Documentos/Gabi/Indicium/code-challenge-indicium/ind_env/lib/python3.10/site-packages/airflow/example_dags/example_python_operator.py for tasks to queue
[2023-07-26T23:59:13.906-0300] {logging_mixin.py:150} INFO - [2023-07-26T23:59:13.905-0300] {dagbag.py:541} INFO - Filling up the DagBag from /home/gabi/Documentos/Gabi/Indicium/code-challenge-indicium/ind_env/lib/python3.10/site-packages/airflow/example_dags/example_python_operator.py
[2023-07-26T23:59:13.925-0300] {processor.py:836} INFO - DAG(s) dict_keys(['example_python_operator']) retrieved from /home/gabi/Documentos/Gabi/Indicium/code-challenge-indicium/ind_env/lib/python3.10/site-packages/airflow/example_dags/example_python_operator.py
[2023-07-26T23:59:14.057-0300] {logging_mixin.py:150} INFO - [2023-07-26T23:59:14.057-0300] {dag.py:2742} INFO - Sync 1 DAGs
[2023-07-26T23:59:14.079-0300] {logging_mixin.py:150} INFO - [2023-07-26T23:59:14.079-0300] {dag.py:3504} INFO - Setting next_dagrun for example_python_operator to None, run_after=None
[2023-07-26T23:59:14.108-0300] {processor.py:179} INFO - Processing /home/gabi/Documentos/Gabi/Indicium/code-challenge-indicium/ind_env/lib/python3.10/site-packages/airflow/example_dags/example_python_operator.py took 0.209 seconds
[2023-07-27T00:00:06.728-0300] {processor.py:157} INFO - Started process (PID=10224) to work on /home/gabi/Documentos/Gabi/Indicium/code-challenge-indicium/ind_env/lib/python3.10/site-packages/airflow/example_dags/example_python_operator.py
[2023-07-27T00:00:06.730-0300] {processor.py:826} INFO - Processing file /home/gabi/Documentos/Gabi/Indicium/code-challenge-indicium/ind_env/lib/python3.10/site-packages/airflow/example_dags/example_python_operator.py for tasks to queue
[2023-07-27T00:00:06.731-0300] {logging_mixin.py:150} INFO - [2023-07-27T00:00:06.730-0300] {dagbag.py:541} INFO - Filling up the DagBag from /home/gabi/Documentos/Gabi/Indicium/code-challenge-indicium/ind_env/lib/python3.10/site-packages/airflow/example_dags/example_python_operator.py
[2023-07-27T00:00:06.747-0300] {processor.py:836} INFO - DAG(s) dict_keys(['example_python_operator']) retrieved from /home/gabi/Documentos/Gabi/Indicium/code-challenge-indicium/ind_env/lib/python3.10/site-packages/airflow/example_dags/example_python_operator.py
[2023-07-27T00:00:06.785-0300] {logging_mixin.py:150} INFO - [2023-07-27T00:00:06.785-0300] {dag.py:2742} INFO - Sync 1 DAGs
[2023-07-27T00:00:06.824-0300] {logging_mixin.py:150} INFO - [2023-07-27T00:00:06.823-0300] {dag.py:3504} INFO - Setting next_dagrun for example_python_operator to None, run_after=None
[2023-07-27T00:00:06.861-0300] {processor.py:179} INFO - Processing /home/gabi/Documentos/Gabi/Indicium/code-challenge-indicium/ind_env/lib/python3.10/site-packages/airflow/example_dags/example_python_operator.py took 0.136 seconds
[2023-07-27T00:00:58.783-0300] {processor.py:157} INFO - Started process (PID=10394) to work on /home/gabi/Documentos/Gabi/Indicium/code-challenge-indicium/ind_env/lib/python3.10/site-packages/airflow/example_dags/example_python_operator.py
[2023-07-27T00:00:58.786-0300] {processor.py:826} INFO - Processing file /home/gabi/Documentos/Gabi/Indicium/code-challenge-indicium/ind_env/lib/python3.10/site-packages/airflow/example_dags/example_python_operator.py for tasks to queue
[2023-07-27T00:00:58.787-0300] {logging_mixin.py:150} INFO - [2023-07-27T00:00:58.786-0300] {dagbag.py:541} INFO - Filling up the DagBag from /home/gabi/Documentos/Gabi/Indicium/code-challenge-indicium/ind_env/lib/python3.10/site-packages/airflow/example_dags/example_python_operator.py
[2023-07-27T00:00:58.802-0300] {processor.py:836} INFO - DAG(s) dict_keys(['example_python_operator']) retrieved from /home/gabi/Documentos/Gabi/Indicium/code-challenge-indicium/ind_env/lib/python3.10/site-packages/airflow/example_dags/example_python_operator.py
[2023-07-27T00:00:58.827-0300] {logging_mixin.py:150} INFO - [2023-07-27T00:00:58.827-0300] {dag.py:2742} INFO - Sync 1 DAGs
[2023-07-27T00:00:58.854-0300] {logging_mixin.py:150} INFO - [2023-07-27T00:00:58.854-0300] {dag.py:3504} INFO - Setting next_dagrun for example_python_operator to None, run_after=None
[2023-07-27T00:00:58.947-0300] {processor.py:179} INFO - Processing /home/gabi/Documentos/Gabi/Indicium/code-challenge-indicium/ind_env/lib/python3.10/site-packages/airflow/example_dags/example_python_operator.py took 0.167 seconds
[2023-07-27T00:01:45.856-0300] {processor.py:157} INFO - Started process (PID=10533) to work on /home/gabi/Documentos/Gabi/Indicium/code-challenge-indicium/ind_env/lib/python3.10/site-packages/airflow/example_dags/example_python_operator.py
[2023-07-27T00:01:45.858-0300] {processor.py:826} INFO - Processing file /home/gabi/Documentos/Gabi/Indicium/code-challenge-indicium/ind_env/lib/python3.10/site-packages/airflow/example_dags/example_python_operator.py for tasks to queue
[2023-07-27T00:01:45.859-0300] {logging_mixin.py:150} INFO - [2023-07-27T00:01:45.859-0300] {dagbag.py:541} INFO - Filling up the DagBag from /home/gabi/Documentos/Gabi/Indicium/code-challenge-indicium/ind_env/lib/python3.10/site-packages/airflow/example_dags/example_python_operator.py
[2023-07-27T00:01:45.875-0300] {processor.py:836} INFO - DAG(s) dict_keys(['example_python_operator']) retrieved from /home/gabi/Documentos/Gabi/Indicium/code-challenge-indicium/ind_env/lib/python3.10/site-packages/airflow/example_dags/example_python_operator.py
[2023-07-27T00:01:45.900-0300] {logging_mixin.py:150} INFO - [2023-07-27T00:01:45.899-0300] {dag.py:2742} INFO - Sync 1 DAGs
[2023-07-27T00:01:45.925-0300] {logging_mixin.py:150} INFO - [2023-07-27T00:01:45.925-0300] {dag.py:3504} INFO - Setting next_dagrun for example_python_operator to None, run_after=None
[2023-07-27T00:01:45.954-0300] {processor.py:179} INFO - Processing /home/gabi/Documentos/Gabi/Indicium/code-challenge-indicium/ind_env/lib/python3.10/site-packages/airflow/example_dags/example_python_operator.py took 0.102 seconds
[2023-07-27T00:02:30.792-0300] {processor.py:157} INFO - Started process (PID=10650) to work on /home/gabi/Documentos/Gabi/Indicium/code-challenge-indicium/ind_env/lib/python3.10/site-packages/airflow/example_dags/example_python_operator.py
[2023-07-27T00:02:30.794-0300] {processor.py:826} INFO - Processing file /home/gabi/Documentos/Gabi/Indicium/code-challenge-indicium/ind_env/lib/python3.10/site-packages/airflow/example_dags/example_python_operator.py for tasks to queue
[2023-07-27T00:02:30.795-0300] {logging_mixin.py:150} INFO - [2023-07-27T00:02:30.794-0300] {dagbag.py:541} INFO - Filling up the DagBag from /home/gabi/Documentos/Gabi/Indicium/code-challenge-indicium/ind_env/lib/python3.10/site-packages/airflow/example_dags/example_python_operator.py
[2023-07-27T00:02:30.810-0300] {processor.py:836} INFO - DAG(s) dict_keys(['example_python_operator']) retrieved from /home/gabi/Documentos/Gabi/Indicium/code-challenge-indicium/ind_env/lib/python3.10/site-packages/airflow/example_dags/example_python_operator.py
[2023-07-27T00:02:30.837-0300] {logging_mixin.py:150} INFO - [2023-07-27T00:02:30.837-0300] {dag.py:2742} INFO - Sync 1 DAGs
[2023-07-27T00:02:30.865-0300] {logging_mixin.py:150} INFO - [2023-07-27T00:02:30.865-0300] {dag.py:3504} INFO - Setting next_dagrun for example_python_operator to None, run_after=None
[2023-07-27T00:02:30.892-0300] {processor.py:179} INFO - Processing /home/gabi/Documentos/Gabi/Indicium/code-challenge-indicium/ind_env/lib/python3.10/site-packages/airflow/example_dags/example_python_operator.py took 0.105 seconds
[2023-07-27T00:03:17.925-0300] {processor.py:157} INFO - Started process (PID=10789) to work on /home/gabi/Documentos/Gabi/Indicium/code-challenge-indicium/ind_env/lib/python3.10/site-packages/airflow/example_dags/example_python_operator.py
[2023-07-27T00:03:17.927-0300] {processor.py:826} INFO - Processing file /home/gabi/Documentos/Gabi/Indicium/code-challenge-indicium/ind_env/lib/python3.10/site-packages/airflow/example_dags/example_python_operator.py for tasks to queue
[2023-07-27T00:03:17.928-0300] {logging_mixin.py:150} INFO - [2023-07-27T00:03:17.927-0300] {dagbag.py:541} INFO - Filling up the DagBag from /home/gabi/Documentos/Gabi/Indicium/code-challenge-indicium/ind_env/lib/python3.10/site-packages/airflow/example_dags/example_python_operator.py
[2023-07-27T00:03:17.943-0300] {processor.py:836} INFO - DAG(s) dict_keys(['example_python_operator']) retrieved from /home/gabi/Documentos/Gabi/Indicium/code-challenge-indicium/ind_env/lib/python3.10/site-packages/airflow/example_dags/example_python_operator.py
[2023-07-27T00:03:17.967-0300] {logging_mixin.py:150} INFO - [2023-07-27T00:03:17.967-0300] {dag.py:2742} INFO - Sync 1 DAGs
[2023-07-27T00:03:17.990-0300] {logging_mixin.py:150} INFO - [2023-07-27T00:03:17.990-0300] {dag.py:3504} INFO - Setting next_dagrun for example_python_operator to None, run_after=None
[2023-07-27T00:03:18.016-0300] {processor.py:179} INFO - Processing /home/gabi/Documentos/Gabi/Indicium/code-challenge-indicium/ind_env/lib/python3.10/site-packages/airflow/example_dags/example_python_operator.py took 0.096 seconds
