[2023-07-26T23:59:20.437-0300] {processor.py:157} INFO - Started process (PID=9932) to work on /home/gabi/Documentos/Gabi/Indicium/code-challenge-indicium/ind_env/lib/python3.10/site-packages/airflow/example_dags/example_complex.py
[2023-07-26T23:59:20.438-0300] {processor.py:826} INFO - Processing file /home/gabi/Documentos/Gabi/Indicium/code-challenge-indicium/ind_env/lib/python3.10/site-packages/airflow/example_dags/example_complex.py for tasks to queue
[2023-07-26T23:59:20.439-0300] {logging_mixin.py:150} INFO - [2023-07-26T23:59:20.439-0300] {dagbag.py:541} INFO - Filling up the DagBag from /home/gabi/Documentos/Gabi/Indicium/code-challenge-indicium/ind_env/lib/python3.10/site-packages/airflow/example_dags/example_complex.py
[2023-07-26T23:59:20.457-0300] {processor.py:836} INFO - DAG(s) dict_keys(['example_complex']) retrieved from /home/gabi/Documentos/Gabi/Indicium/code-challenge-indicium/ind_env/lib/python3.10/site-packages/airflow/example_dags/example_complex.py
[2023-07-26T23:59:20.494-0300] {logging_mixin.py:150} INFO - [2023-07-26T23:59:20.494-0300] {dag.py:2742} INFO - Sync 1 DAGs
[2023-07-26T23:59:20.518-0300] {logging_mixin.py:150} INFO - [2023-07-26T23:59:20.518-0300] {dag.py:3504} INFO - Setting next_dagrun for example_complex to None, run_after=None
[2023-07-26T23:59:20.544-0300] {processor.py:179} INFO - Processing /home/gabi/Documentos/Gabi/Indicium/code-challenge-indicium/ind_env/lib/python3.10/site-packages/airflow/example_dags/example_complex.py took 0.111 seconds
[2023-07-27T00:00:13.389-0300] {processor.py:157} INFO - Started process (PID=10231) to work on /home/gabi/Documentos/Gabi/Indicium/code-challenge-indicium/ind_env/lib/python3.10/site-packages/airflow/example_dags/example_complex.py
[2023-07-27T00:00:13.394-0300] {processor.py:826} INFO - Processing file /home/gabi/Documentos/Gabi/Indicium/code-challenge-indicium/ind_env/lib/python3.10/site-packages/airflow/example_dags/example_complex.py for tasks to queue
[2023-07-27T00:00:13.396-0300] {logging_mixin.py:150} INFO - [2023-07-27T00:00:13.395-0300] {dagbag.py:541} INFO - Filling up the DagBag from /home/gabi/Documentos/Gabi/Indicium/code-challenge-indicium/ind_env/lib/python3.10/site-packages/airflow/example_dags/example_complex.py
[2023-07-27T00:00:13.413-0300] {processor.py:836} INFO - DAG(s) dict_keys(['example_complex']) retrieved from /home/gabi/Documentos/Gabi/Indicium/code-challenge-indicium/ind_env/lib/python3.10/site-packages/airflow/example_dags/example_complex.py
[2023-07-27T00:00:13.447-0300] {logging_mixin.py:150} INFO - [2023-07-27T00:00:13.446-0300] {dag.py:2742} INFO - Sync 1 DAGs
[2023-07-27T00:00:13.469-0300] {logging_mixin.py:150} INFO - [2023-07-27T00:00:13.469-0300] {dag.py:3504} INFO - Setting next_dagrun for example_complex to None, run_after=None
[2023-07-27T00:00:13.497-0300] {processor.py:179} INFO - Processing /home/gabi/Documentos/Gabi/Indicium/code-challenge-indicium/ind_env/lib/python3.10/site-packages/airflow/example_dags/example_complex.py took 0.112 seconds
[2023-07-27T00:01:05.349-0300] {processor.py:157} INFO - Started process (PID=10416) to work on /home/gabi/Documentos/Gabi/Indicium/code-challenge-indicium/ind_env/lib/python3.10/site-packages/airflow/example_dags/example_complex.py
[2023-07-27T00:01:05.352-0300] {processor.py:826} INFO - Processing file /home/gabi/Documentos/Gabi/Indicium/code-challenge-indicium/ind_env/lib/python3.10/site-packages/airflow/example_dags/example_complex.py for tasks to queue
[2023-07-27T00:01:05.353-0300] {logging_mixin.py:150} INFO - [2023-07-27T00:01:05.353-0300] {dagbag.py:541} INFO - Filling up the DagBag from /home/gabi/Documentos/Gabi/Indicium/code-challenge-indicium/ind_env/lib/python3.10/site-packages/airflow/example_dags/example_complex.py
[2023-07-27T00:01:05.369-0300] {processor.py:836} INFO - DAG(s) dict_keys(['example_complex']) retrieved from /home/gabi/Documentos/Gabi/Indicium/code-challenge-indicium/ind_env/lib/python3.10/site-packages/airflow/example_dags/example_complex.py
[2023-07-27T00:01:05.403-0300] {logging_mixin.py:150} INFO - [2023-07-27T00:01:05.403-0300] {dag.py:2742} INFO - Sync 1 DAGs
[2023-07-27T00:01:05.427-0300] {logging_mixin.py:150} INFO - [2023-07-27T00:01:05.427-0300] {dag.py:3504} INFO - Setting next_dagrun for example_complex to None, run_after=None
[2023-07-27T00:01:05.452-0300] {processor.py:179} INFO - Processing /home/gabi/Documentos/Gabi/Indicium/code-challenge-indicium/ind_env/lib/python3.10/site-packages/airflow/example_dags/example_complex.py took 0.106 seconds
[2023-07-27T00:02:10.240-0300] {processor.py:157} INFO - Started process (PID=10596) to work on /home/gabi/Documentos/Gabi/Indicium/code-challenge-indicium/ind_env/lib/python3.10/site-packages/airflow/example_dags/example_complex.py
[2023-07-27T00:02:10.245-0300] {processor.py:826} INFO - Processing file /home/gabi/Documentos/Gabi/Indicium/code-challenge-indicium/ind_env/lib/python3.10/site-packages/airflow/example_dags/example_complex.py for tasks to queue
[2023-07-27T00:02:10.247-0300] {logging_mixin.py:150} INFO - [2023-07-27T00:02:10.246-0300] {dagbag.py:541} INFO - Filling up the DagBag from /home/gabi/Documentos/Gabi/Indicium/code-challenge-indicium/ind_env/lib/python3.10/site-packages/airflow/example_dags/example_complex.py
[2023-07-27T00:02:10.264-0300] {processor.py:836} INFO - DAG(s) dict_keys(['example_complex']) retrieved from /home/gabi/Documentos/Gabi/Indicium/code-challenge-indicium/ind_env/lib/python3.10/site-packages/airflow/example_dags/example_complex.py
[2023-07-27T00:02:10.299-0300] {logging_mixin.py:150} INFO - [2023-07-27T00:02:10.299-0300] {dag.py:2742} INFO - Sync 1 DAGs
[2023-07-27T00:02:10.322-0300] {logging_mixin.py:150} INFO - [2023-07-27T00:02:10.322-0300] {dag.py:3504} INFO - Setting next_dagrun for example_complex to None, run_after=None
[2023-07-27T00:02:10.348-0300] {processor.py:179} INFO - Processing /home/gabi/Documentos/Gabi/Indicium/code-challenge-indicium/ind_env/lib/python3.10/site-packages/airflow/example_dags/example_complex.py took 0.112 seconds
[2023-07-27T00:03:20.516-0300] {processor.py:157} INFO - Started process (PID=10791) to work on /home/gabi/Documentos/Gabi/Indicium/code-challenge-indicium/ind_env/lib/python3.10/site-packages/airflow/example_dags/example_complex.py
[2023-07-27T00:03:20.518-0300] {processor.py:826} INFO - Processing file /home/gabi/Documentos/Gabi/Indicium/code-challenge-indicium/ind_env/lib/python3.10/site-packages/airflow/example_dags/example_complex.py for tasks to queue
[2023-07-27T00:03:20.520-0300] {logging_mixin.py:150} INFO - [2023-07-27T00:03:20.519-0300] {dagbag.py:541} INFO - Filling up the DagBag from /home/gabi/Documentos/Gabi/Indicium/code-challenge-indicium/ind_env/lib/python3.10/site-packages/airflow/example_dags/example_complex.py
[2023-07-27T00:03:20.536-0300] {processor.py:836} INFO - DAG(s) dict_keys(['example_complex']) retrieved from /home/gabi/Documentos/Gabi/Indicium/code-challenge-indicium/ind_env/lib/python3.10/site-packages/airflow/example_dags/example_complex.py
[2023-07-27T00:03:20.571-0300] {logging_mixin.py:150} INFO - [2023-07-27T00:03:20.570-0300] {dag.py:2742} INFO - Sync 1 DAGs
[2023-07-27T00:03:20.594-0300] {logging_mixin.py:150} INFO - [2023-07-27T00:03:20.593-0300] {dag.py:3504} INFO - Setting next_dagrun for example_complex to None, run_after=None
[2023-07-27T00:03:20.622-0300] {processor.py:179} INFO - Processing /home/gabi/Documentos/Gabi/Indicium/code-challenge-indicium/ind_env/lib/python3.10/site-packages/airflow/example_dags/example_complex.py took 0.110 seconds
[2023-07-27T20:30:25.580-0300] {processor.py:157} INFO - Started process (PID=13452) to work on /home/gabi/Documentos/Gabi/Indicium/code-challenge-indicium/ind_env/lib/python3.10/site-packages/airflow/example_dags/example_complex.py
[2023-07-27T20:30:25.583-0300] {processor.py:826} INFO - Processing file /home/gabi/Documentos/Gabi/Indicium/code-challenge-indicium/ind_env/lib/python3.10/site-packages/airflow/example_dags/example_complex.py for tasks to queue
[2023-07-27T20:30:25.584-0300] {logging_mixin.py:150} INFO - [2023-07-27T20:30:25.584-0300] {dagbag.py:541} INFO - Filling up the DagBag from /home/gabi/Documentos/Gabi/Indicium/code-challenge-indicium/ind_env/lib/python3.10/site-packages/airflow/example_dags/example_complex.py
[2023-07-27T20:30:25.616-0300] {processor.py:836} INFO - DAG(s) dict_keys(['example_complex']) retrieved from /home/gabi/Documentos/Gabi/Indicium/code-challenge-indicium/ind_env/lib/python3.10/site-packages/airflow/example_dags/example_complex.py
[2023-07-27T20:30:25.685-0300] {logging_mixin.py:150} INFO - [2023-07-27T20:30:25.684-0300] {dag.py:2742} INFO - Sync 1 DAGs
[2023-07-27T20:30:25.733-0300] {logging_mixin.py:150} INFO - [2023-07-27T20:30:25.733-0300] {dag.py:3504} INFO - Setting next_dagrun for example_complex to None, run_after=None
[2023-07-27T20:30:25.772-0300] {processor.py:179} INFO - Processing /home/gabi/Documentos/Gabi/Indicium/code-challenge-indicium/ind_env/lib/python3.10/site-packages/airflow/example_dags/example_complex.py took 0.198 seconds
