[2023-07-26T23:58:50.025-0300] {processor.py:157} INFO - Started process (PID=9493) to work on /home/gabi/Documentos/Gabi/Indicium/code-challenge-indicium/ind_env/lib/python3.10/site-packages/airflow/example_dags/example_xcom.py
[2023-07-26T23:58:50.026-0300] {processor.py:826} INFO - Processing file /home/gabi/Documentos/Gabi/Indicium/code-challenge-indicium/ind_env/lib/python3.10/site-packages/airflow/example_dags/example_xcom.py for tasks to queue
[2023-07-26T23:58:50.028-0300] {logging_mixin.py:150} INFO - [2023-07-26T23:58:50.027-0300] {dagbag.py:541} INFO - Filling up the DagBag from /home/gabi/Documentos/Gabi/Indicium/code-challenge-indicium/ind_env/lib/python3.10/site-packages/airflow/example_dags/example_xcom.py
[2023-07-26T23:58:50.046-0300] {processor.py:836} INFO - DAG(s) dict_keys(['example_xcom']) retrieved from /home/gabi/Documentos/Gabi/Indicium/code-challenge-indicium/ind_env/lib/python3.10/site-packages/airflow/example_dags/example_xcom.py
[2023-07-26T23:58:50.182-0300] {logging_mixin.py:150} INFO - [2023-07-26T23:58:50.181-0300] {dag.py:2742} INFO - Sync 1 DAGs
[2023-07-26T23:58:50.205-0300] {logging_mixin.py:150} INFO - [2023-07-26T23:58:50.205-0300] {dag.py:3504} INFO - Setting next_dagrun for example_xcom to 2021-01-01T00:00:00+00:00, run_after=2021-01-01T00:00:00+00:00
[2023-07-26T23:58:50.234-0300] {processor.py:179} INFO - Processing /home/gabi/Documentos/Gabi/Indicium/code-challenge-indicium/ind_env/lib/python3.10/site-packages/airflow/example_dags/example_xcom.py took 0.213 seconds
[2023-07-26T23:59:44.601-0300] {processor.py:157} INFO - Started process (PID=9997) to work on /home/gabi/Documentos/Gabi/Indicium/code-challenge-indicium/ind_env/lib/python3.10/site-packages/airflow/example_dags/example_xcom.py
[2023-07-26T23:59:44.603-0300] {processor.py:826} INFO - Processing file /home/gabi/Documentos/Gabi/Indicium/code-challenge-indicium/ind_env/lib/python3.10/site-packages/airflow/example_dags/example_xcom.py for tasks to queue
[2023-07-26T23:59:44.605-0300] {logging_mixin.py:150} INFO - [2023-07-26T23:59:44.604-0300] {dagbag.py:541} INFO - Filling up the DagBag from /home/gabi/Documentos/Gabi/Indicium/code-challenge-indicium/ind_env/lib/python3.10/site-packages/airflow/example_dags/example_xcom.py
[2023-07-26T23:59:44.617-0300] {processor.py:836} INFO - DAG(s) dict_keys(['example_xcom']) retrieved from /home/gabi/Documentos/Gabi/Indicium/code-challenge-indicium/ind_env/lib/python3.10/site-packages/airflow/example_dags/example_xcom.py
[2023-07-26T23:59:44.642-0300] {logging_mixin.py:150} INFO - [2023-07-26T23:59:44.641-0300] {dag.py:2742} INFO - Sync 1 DAGs
[2023-07-26T23:59:44.675-0300] {logging_mixin.py:150} INFO - [2023-07-26T23:59:44.674-0300] {dag.py:3504} INFO - Setting next_dagrun for example_xcom to 2021-01-01T00:00:00+00:00, run_after=2021-01-01T00:00:00+00:00
[2023-07-26T23:59:44.712-0300] {processor.py:179} INFO - Processing /home/gabi/Documentos/Gabi/Indicium/code-challenge-indicium/ind_env/lib/python3.10/site-packages/airflow/example_dags/example_xcom.py took 0.116 seconds
[2023-07-27T00:00:30.475-0300] {processor.py:157} INFO - Started process (PID=10294) to work on /home/gabi/Documentos/Gabi/Indicium/code-challenge-indicium/ind_env/lib/python3.10/site-packages/airflow/example_dags/example_xcom.py
[2023-07-27T00:00:30.477-0300] {processor.py:826} INFO - Processing file /home/gabi/Documentos/Gabi/Indicium/code-challenge-indicium/ind_env/lib/python3.10/site-packages/airflow/example_dags/example_xcom.py for tasks to queue
[2023-07-27T00:00:30.478-0300] {logging_mixin.py:150} INFO - [2023-07-27T00:00:30.478-0300] {dagbag.py:541} INFO - Filling up the DagBag from /home/gabi/Documentos/Gabi/Indicium/code-challenge-indicium/ind_env/lib/python3.10/site-packages/airflow/example_dags/example_xcom.py
[2023-07-27T00:00:30.489-0300] {processor.py:836} INFO - DAG(s) dict_keys(['example_xcom']) retrieved from /home/gabi/Documentos/Gabi/Indicium/code-challenge-indicium/ind_env/lib/python3.10/site-packages/airflow/example_dags/example_xcom.py
[2023-07-27T00:00:30.511-0300] {logging_mixin.py:150} INFO - [2023-07-27T00:00:30.511-0300] {dag.py:2742} INFO - Sync 1 DAGs
[2023-07-27T00:00:30.541-0300] {logging_mixin.py:150} INFO - [2023-07-27T00:00:30.540-0300] {dag.py:3504} INFO - Setting next_dagrun for example_xcom to 2021-01-01T00:00:00+00:00, run_after=2021-01-01T00:00:00+00:00
[2023-07-27T00:00:30.567-0300] {processor.py:179} INFO - Processing /home/gabi/Documentos/Gabi/Indicium/code-challenge-indicium/ind_env/lib/python3.10/site-packages/airflow/example_dags/example_xcom.py took 0.095 seconds
[2023-07-27T00:01:16.235-0300] {processor.py:157} INFO - Started process (PID=10457) to work on /home/gabi/Documentos/Gabi/Indicium/code-challenge-indicium/ind_env/lib/python3.10/site-packages/airflow/example_dags/example_xcom.py
[2023-07-27T00:01:16.240-0300] {processor.py:826} INFO - Processing file /home/gabi/Documentos/Gabi/Indicium/code-challenge-indicium/ind_env/lib/python3.10/site-packages/airflow/example_dags/example_xcom.py for tasks to queue
[2023-07-27T00:01:16.241-0300] {logging_mixin.py:150} INFO - [2023-07-27T00:01:16.241-0300] {dagbag.py:541} INFO - Filling up the DagBag from /home/gabi/Documentos/Gabi/Indicium/code-challenge-indicium/ind_env/lib/python3.10/site-packages/airflow/example_dags/example_xcom.py
[2023-07-27T00:01:16.252-0300] {processor.py:836} INFO - DAG(s) dict_keys(['example_xcom']) retrieved from /home/gabi/Documentos/Gabi/Indicium/code-challenge-indicium/ind_env/lib/python3.10/site-packages/airflow/example_dags/example_xcom.py
[2023-07-27T00:01:16.353-0300] {logging_mixin.py:150} INFO - [2023-07-27T00:01:16.353-0300] {dag.py:2742} INFO - Sync 1 DAGs
[2023-07-27T00:01:16.406-0300] {logging_mixin.py:150} INFO - [2023-07-27T00:01:16.406-0300] {dag.py:3504} INFO - Setting next_dagrun for example_xcom to 2021-01-01T00:00:00+00:00, run_after=2021-01-01T00:00:00+00:00
[2023-07-27T00:01:16.507-0300] {processor.py:179} INFO - Processing /home/gabi/Documentos/Gabi/Indicium/code-challenge-indicium/ind_env/lib/python3.10/site-packages/airflow/example_dags/example_xcom.py took 0.276 seconds
[2023-07-27T00:02:01.177-0300] {processor.py:157} INFO - Started process (PID=10568) to work on /home/gabi/Documentos/Gabi/Indicium/code-challenge-indicium/ind_env/lib/python3.10/site-packages/airflow/example_dags/example_xcom.py
[2023-07-27T00:02:01.179-0300] {processor.py:826} INFO - Processing file /home/gabi/Documentos/Gabi/Indicium/code-challenge-indicium/ind_env/lib/python3.10/site-packages/airflow/example_dags/example_xcom.py for tasks to queue
[2023-07-27T00:02:01.180-0300] {logging_mixin.py:150} INFO - [2023-07-27T00:02:01.179-0300] {dagbag.py:541} INFO - Filling up the DagBag from /home/gabi/Documentos/Gabi/Indicium/code-challenge-indicium/ind_env/lib/python3.10/site-packages/airflow/example_dags/example_xcom.py
[2023-07-27T00:02:01.191-0300] {processor.py:836} INFO - DAG(s) dict_keys(['example_xcom']) retrieved from /home/gabi/Documentos/Gabi/Indicium/code-challenge-indicium/ind_env/lib/python3.10/site-packages/airflow/example_dags/example_xcom.py
[2023-07-27T00:02:01.214-0300] {logging_mixin.py:150} INFO - [2023-07-27T00:02:01.214-0300] {dag.py:2742} INFO - Sync 1 DAGs
[2023-07-27T00:02:01.240-0300] {logging_mixin.py:150} INFO - [2023-07-27T00:02:01.239-0300] {dag.py:3504} INFO - Setting next_dagrun for example_xcom to 2021-01-01T00:00:00+00:00, run_after=2021-01-01T00:00:00+00:00
[2023-07-27T00:02:01.266-0300] {processor.py:179} INFO - Processing /home/gabi/Documentos/Gabi/Indicium/code-challenge-indicium/ind_env/lib/python3.10/site-packages/airflow/example_dags/example_xcom.py took 0.093 seconds
[2023-07-27T00:02:45.169-0300] {processor.py:157} INFO - Started process (PID=10706) to work on /home/gabi/Documentos/Gabi/Indicium/code-challenge-indicium/ind_env/lib/python3.10/site-packages/airflow/example_dags/example_xcom.py
[2023-07-27T00:02:45.171-0300] {processor.py:826} INFO - Processing file /home/gabi/Documentos/Gabi/Indicium/code-challenge-indicium/ind_env/lib/python3.10/site-packages/airflow/example_dags/example_xcom.py for tasks to queue
[2023-07-27T00:02:45.173-0300] {logging_mixin.py:150} INFO - [2023-07-27T00:02:45.172-0300] {dagbag.py:541} INFO - Filling up the DagBag from /home/gabi/Documentos/Gabi/Indicium/code-challenge-indicium/ind_env/lib/python3.10/site-packages/airflow/example_dags/example_xcom.py
[2023-07-27T00:02:45.184-0300] {processor.py:836} INFO - DAG(s) dict_keys(['example_xcom']) retrieved from /home/gabi/Documentos/Gabi/Indicium/code-challenge-indicium/ind_env/lib/python3.10/site-packages/airflow/example_dags/example_xcom.py
[2023-07-27T00:02:45.212-0300] {logging_mixin.py:150} INFO - [2023-07-27T00:02:45.212-0300] {dag.py:2742} INFO - Sync 1 DAGs
[2023-07-27T00:02:45.247-0300] {logging_mixin.py:150} INFO - [2023-07-27T00:02:45.247-0300] {dag.py:3504} INFO - Setting next_dagrun for example_xcom to 2021-01-01T00:00:00+00:00, run_after=2021-01-01T00:00:00+00:00
[2023-07-27T00:02:45.287-0300] {processor.py:179} INFO - Processing /home/gabi/Documentos/Gabi/Indicium/code-challenge-indicium/ind_env/lib/python3.10/site-packages/airflow/example_dags/example_xcom.py took 0.125 seconds
[2023-07-27T00:03:34.408-0300] {processor.py:157} INFO - Started process (PID=10840) to work on /home/gabi/Documentos/Gabi/Indicium/code-challenge-indicium/ind_env/lib/python3.10/site-packages/airflow/example_dags/example_xcom.py
[2023-07-27T00:03:34.414-0300] {processor.py:826} INFO - Processing file /home/gabi/Documentos/Gabi/Indicium/code-challenge-indicium/ind_env/lib/python3.10/site-packages/airflow/example_dags/example_xcom.py for tasks to queue
[2023-07-27T00:03:34.415-0300] {logging_mixin.py:150} INFO - [2023-07-27T00:03:34.414-0300] {dagbag.py:541} INFO - Filling up the DagBag from /home/gabi/Documentos/Gabi/Indicium/code-challenge-indicium/ind_env/lib/python3.10/site-packages/airflow/example_dags/example_xcom.py
[2023-07-27T00:03:34.427-0300] {processor.py:836} INFO - DAG(s) dict_keys(['example_xcom']) retrieved from /home/gabi/Documentos/Gabi/Indicium/code-challenge-indicium/ind_env/lib/python3.10/site-packages/airflow/example_dags/example_xcom.py
[2023-07-27T00:03:34.450-0300] {logging_mixin.py:150} INFO - [2023-07-27T00:03:34.450-0300] {dag.py:2742} INFO - Sync 1 DAGs
[2023-07-27T00:03:34.475-0300] {logging_mixin.py:150} INFO - [2023-07-27T00:03:34.475-0300] {dag.py:3504} INFO - Setting next_dagrun for example_xcom to 2021-01-01T00:00:00+00:00, run_after=2021-01-01T00:00:00+00:00
[2023-07-27T00:03:34.500-0300] {processor.py:179} INFO - Processing /home/gabi/Documentos/Gabi/Indicium/code-challenge-indicium/ind_env/lib/python3.10/site-packages/airflow/example_dags/example_xcom.py took 0.097 seconds
[2023-07-27T20:29:53.858-0300] {processor.py:157} INFO - Started process (PID=13358) to work on /home/gabi/Documentos/Gabi/Indicium/code-challenge-indicium/ind_env/lib/python3.10/site-packages/airflow/example_dags/example_xcom.py
[2023-07-27T20:29:53.861-0300] {processor.py:826} INFO - Processing file /home/gabi/Documentos/Gabi/Indicium/code-challenge-indicium/ind_env/lib/python3.10/site-packages/airflow/example_dags/example_xcom.py for tasks to queue
[2023-07-27T20:29:53.863-0300] {logging_mixin.py:150} INFO - [2023-07-27T20:29:53.862-0300] {dagbag.py:541} INFO - Filling up the DagBag from /home/gabi/Documentos/Gabi/Indicium/code-challenge-indicium/ind_env/lib/python3.10/site-packages/airflow/example_dags/example_xcom.py
[2023-07-27T20:29:53.889-0300] {processor.py:836} INFO - DAG(s) dict_keys(['example_xcom']) retrieved from /home/gabi/Documentos/Gabi/Indicium/code-challenge-indicium/ind_env/lib/python3.10/site-packages/airflow/example_dags/example_xcom.py
[2023-07-27T20:29:54.072-0300] {logging_mixin.py:150} INFO - [2023-07-27T20:29:54.072-0300] {dag.py:2742} INFO - Sync 1 DAGs
[2023-07-27T20:29:54.107-0300] {logging_mixin.py:150} INFO - [2023-07-27T20:29:54.106-0300] {dag.py:3504} INFO - Setting next_dagrun for example_xcom to 2021-01-01T00:00:00+00:00, run_after=2021-01-01T00:00:00+00:00
[2023-07-27T20:29:54.147-0300] {processor.py:179} INFO - Processing /home/gabi/Documentos/Gabi/Indicium/code-challenge-indicium/ind_env/lib/python3.10/site-packages/airflow/example_dags/example_xcom.py took 0.293 seconds
