[2023-07-26T23:59:12.638-0300] {processor.py:157} INFO - Started process (PID=9908) to work on /home/gabi/Documentos/Gabi/Indicium/code-challenge-indicium/ind_env/lib/python3.10/site-packages/airflow/example_dags/example_skip_dag.py
[2023-07-26T23:59:12.640-0300] {processor.py:826} INFO - Processing file /home/gabi/Documentos/Gabi/Indicium/code-challenge-indicium/ind_env/lib/python3.10/site-packages/airflow/example_dags/example_skip_dag.py for tasks to queue
[2023-07-26T23:59:12.641-0300] {logging_mixin.py:150} INFO - [2023-07-26T23:59:12.641-0300] {dagbag.py:541} INFO - Filling up the DagBag from /home/gabi/Documentos/Gabi/Indicium/code-challenge-indicium/ind_env/lib/python3.10/site-packages/airflow/example_dags/example_skip_dag.py
[2023-07-26T23:59:12.661-0300] {processor.py:836} INFO - DAG(s) dict_keys(['example_skip_dag']) retrieved from /home/gabi/Documentos/Gabi/Indicium/code-challenge-indicium/ind_env/lib/python3.10/site-packages/airflow/example_dags/example_skip_dag.py
[2023-07-26T23:59:12.688-0300] {logging_mixin.py:150} INFO - [2023-07-26T23:59:12.688-0300] {dag.py:2742} INFO - Sync 1 DAGs
[2023-07-26T23:59:12.718-0300] {logging_mixin.py:150} INFO - [2023-07-26T23:59:12.718-0300] {dag.py:3504} INFO - Setting next_dagrun for example_skip_dag to 2023-07-26T02:59:12.717901+00:00, run_after=2023-07-27T02:59:12.717901+00:00
[2023-07-26T23:59:12.751-0300] {processor.py:179} INFO - Processing /home/gabi/Documentos/Gabi/Indicium/code-challenge-indicium/ind_env/lib/python3.10/site-packages/airflow/example_dags/example_skip_dag.py took 0.118 seconds
[2023-07-27T00:00:05.474-0300] {processor.py:157} INFO - Started process (PID=10102) to work on /home/gabi/Documentos/Gabi/Indicium/code-challenge-indicium/ind_env/lib/python3.10/site-packages/airflow/example_dags/example_skip_dag.py
[2023-07-27T00:00:05.479-0300] {processor.py:826} INFO - Processing file /home/gabi/Documentos/Gabi/Indicium/code-challenge-indicium/ind_env/lib/python3.10/site-packages/airflow/example_dags/example_skip_dag.py for tasks to queue
[2023-07-27T00:00:05.481-0300] {logging_mixin.py:150} INFO - [2023-07-27T00:00:05.480-0300] {dagbag.py:541} INFO - Filling up the DagBag from /home/gabi/Documentos/Gabi/Indicium/code-challenge-indicium/ind_env/lib/python3.10/site-packages/airflow/example_dags/example_skip_dag.py
[2023-07-27T00:00:05.495-0300] {processor.py:836} INFO - DAG(s) dict_keys(['example_skip_dag']) retrieved from /home/gabi/Documentos/Gabi/Indicium/code-challenge-indicium/ind_env/lib/python3.10/site-packages/airflow/example_dags/example_skip_dag.py
[2023-07-27T00:00:05.518-0300] {logging_mixin.py:150} INFO - [2023-07-27T00:00:05.518-0300] {dag.py:2742} INFO - Sync 1 DAGs
[2023-07-27T00:00:05.543-0300] {logging_mixin.py:150} INFO - [2023-07-27T00:00:05.543-0300] {dag.py:3504} INFO - Setting next_dagrun for example_skip_dag to 2023-07-26T03:00:05.543067+00:00, run_after=2023-07-27T03:00:05.543067+00:00
[2023-07-27T00:00:05.575-0300] {processor.py:179} INFO - Processing /home/gabi/Documentos/Gabi/Indicium/code-challenge-indicium/ind_env/lib/python3.10/site-packages/airflow/example_dags/example_skip_dag.py took 0.106 seconds
[2023-07-27T00:00:58.306-0300] {processor.py:157} INFO - Started process (PID=10393) to work on /home/gabi/Documentos/Gabi/Indicium/code-challenge-indicium/ind_env/lib/python3.10/site-packages/airflow/example_dags/example_skip_dag.py
[2023-07-27T00:00:58.310-0300] {processor.py:826} INFO - Processing file /home/gabi/Documentos/Gabi/Indicium/code-challenge-indicium/ind_env/lib/python3.10/site-packages/airflow/example_dags/example_skip_dag.py for tasks to queue
[2023-07-27T00:00:58.312-0300] {logging_mixin.py:150} INFO - [2023-07-27T00:00:58.311-0300] {dagbag.py:541} INFO - Filling up the DagBag from /home/gabi/Documentos/Gabi/Indicium/code-challenge-indicium/ind_env/lib/python3.10/site-packages/airflow/example_dags/example_skip_dag.py
[2023-07-27T00:00:58.330-0300] {processor.py:836} INFO - DAG(s) dict_keys(['example_skip_dag']) retrieved from /home/gabi/Documentos/Gabi/Indicium/code-challenge-indicium/ind_env/lib/python3.10/site-packages/airflow/example_dags/example_skip_dag.py
[2023-07-27T00:00:58.358-0300] {logging_mixin.py:150} INFO - [2023-07-27T00:00:58.358-0300] {dag.py:2742} INFO - Sync 1 DAGs
[2023-07-27T00:00:58.383-0300] {logging_mixin.py:150} INFO - [2023-07-27T00:00:58.383-0300] {dag.py:3504} INFO - Setting next_dagrun for example_skip_dag to 2023-07-26T03:00:58.383420+00:00, run_after=2023-07-27T03:00:58.383420+00:00
[2023-07-27T00:00:58.431-0300] {processor.py:179} INFO - Processing /home/gabi/Documentos/Gabi/Indicium/code-challenge-indicium/ind_env/lib/python3.10/site-packages/airflow/example_dags/example_skip_dag.py took 0.129 seconds
[2023-07-27T00:01:45.085-0300] {processor.py:157} INFO - Started process (PID=10532) to work on /home/gabi/Documentos/Gabi/Indicium/code-challenge-indicium/ind_env/lib/python3.10/site-packages/airflow/example_dags/example_skip_dag.py
[2023-07-27T00:01:45.088-0300] {processor.py:826} INFO - Processing file /home/gabi/Documentos/Gabi/Indicium/code-challenge-indicium/ind_env/lib/python3.10/site-packages/airflow/example_dags/example_skip_dag.py for tasks to queue
[2023-07-27T00:01:45.089-0300] {logging_mixin.py:150} INFO - [2023-07-27T00:01:45.088-0300] {dagbag.py:541} INFO - Filling up the DagBag from /home/gabi/Documentos/Gabi/Indicium/code-challenge-indicium/ind_env/lib/python3.10/site-packages/airflow/example_dags/example_skip_dag.py
[2023-07-27T00:01:45.100-0300] {processor.py:836} INFO - DAG(s) dict_keys(['example_skip_dag']) retrieved from /home/gabi/Documentos/Gabi/Indicium/code-challenge-indicium/ind_env/lib/python3.10/site-packages/airflow/example_dags/example_skip_dag.py
[2023-07-27T00:01:45.124-0300] {logging_mixin.py:150} INFO - [2023-07-27T00:01:45.123-0300] {dag.py:2742} INFO - Sync 1 DAGs
[2023-07-27T00:01:45.150-0300] {logging_mixin.py:150} INFO - [2023-07-27T00:01:45.149-0300] {dag.py:3504} INFO - Setting next_dagrun for example_skip_dag to 2023-07-26T03:01:45.149611+00:00, run_after=2023-07-27T03:01:45.149611+00:00
[2023-07-27T00:01:45.177-0300] {processor.py:179} INFO - Processing /home/gabi/Documentos/Gabi/Indicium/code-challenge-indicium/ind_env/lib/python3.10/site-packages/airflow/example_dags/example_skip_dag.py took 0.096 seconds
[2023-07-27T00:02:29.528-0300] {processor.py:157} INFO - Started process (PID=10647) to work on /home/gabi/Documentos/Gabi/Indicium/code-challenge-indicium/ind_env/lib/python3.10/site-packages/airflow/example_dags/example_skip_dag.py
[2023-07-27T00:02:29.531-0300] {processor.py:826} INFO - Processing file /home/gabi/Documentos/Gabi/Indicium/code-challenge-indicium/ind_env/lib/python3.10/site-packages/airflow/example_dags/example_skip_dag.py for tasks to queue
[2023-07-27T00:02:29.533-0300] {logging_mixin.py:150} INFO - [2023-07-27T00:02:29.532-0300] {dagbag.py:541} INFO - Filling up the DagBag from /home/gabi/Documentos/Gabi/Indicium/code-challenge-indicium/ind_env/lib/python3.10/site-packages/airflow/example_dags/example_skip_dag.py
[2023-07-27T00:02:29.548-0300] {processor.py:836} INFO - DAG(s) dict_keys(['example_skip_dag']) retrieved from /home/gabi/Documentos/Gabi/Indicium/code-challenge-indicium/ind_env/lib/python3.10/site-packages/airflow/example_dags/example_skip_dag.py
[2023-07-27T00:02:29.584-0300] {logging_mixin.py:150} INFO - [2023-07-27T00:02:29.584-0300] {dag.py:2742} INFO - Sync 1 DAGs
[2023-07-27T00:02:29.627-0300] {logging_mixin.py:150} INFO - [2023-07-27T00:02:29.627-0300] {dag.py:3504} INFO - Setting next_dagrun for example_skip_dag to 2023-07-26T03:02:29.627153+00:00, run_after=2023-07-27T03:02:29.627153+00:00
[2023-07-27T00:02:29.676-0300] {processor.py:179} INFO - Processing /home/gabi/Documentos/Gabi/Indicium/code-challenge-indicium/ind_env/lib/python3.10/site-packages/airflow/example_dags/example_skip_dag.py took 0.155 seconds
[2023-07-27T00:03:17.721-0300] {processor.py:157} INFO - Started process (PID=10788) to work on /home/gabi/Documentos/Gabi/Indicium/code-challenge-indicium/ind_env/lib/python3.10/site-packages/airflow/example_dags/example_skip_dag.py
[2023-07-27T00:03:17.726-0300] {processor.py:826} INFO - Processing file /home/gabi/Documentos/Gabi/Indicium/code-challenge-indicium/ind_env/lib/python3.10/site-packages/airflow/example_dags/example_skip_dag.py for tasks to queue
[2023-07-27T00:03:17.727-0300] {logging_mixin.py:150} INFO - [2023-07-27T00:03:17.726-0300] {dagbag.py:541} INFO - Filling up the DagBag from /home/gabi/Documentos/Gabi/Indicium/code-challenge-indicium/ind_env/lib/python3.10/site-packages/airflow/example_dags/example_skip_dag.py
[2023-07-27T00:03:17.737-0300] {processor.py:836} INFO - DAG(s) dict_keys(['example_skip_dag']) retrieved from /home/gabi/Documentos/Gabi/Indicium/code-challenge-indicium/ind_env/lib/python3.10/site-packages/airflow/example_dags/example_skip_dag.py
[2023-07-27T00:03:17.759-0300] {logging_mixin.py:150} INFO - [2023-07-27T00:03:17.759-0300] {dag.py:2742} INFO - Sync 1 DAGs
[2023-07-27T00:03:17.782-0300] {logging_mixin.py:150} INFO - [2023-07-27T00:03:17.782-0300] {dag.py:3504} INFO - Setting next_dagrun for example_skip_dag to 2023-07-26T03:03:17.782198+00:00, run_after=2023-07-27T03:03:17.782198+00:00
[2023-07-27T00:03:17.809-0300] {processor.py:179} INFO - Processing /home/gabi/Documentos/Gabi/Indicium/code-challenge-indicium/ind_env/lib/python3.10/site-packages/airflow/example_dags/example_skip_dag.py took 0.092 seconds
