[2023-07-26T23:59:15.382-0300] {processor.py:157} INFO - Started process (PID=9928) to work on /home/gabi/Documentos/Gabi/Indicium/code-challenge-indicium/ind_env/lib/python3.10/site-packages/airflow/example_dags/example_params_trigger_ui.py
[2023-07-26T23:59:15.383-0300] {processor.py:826} INFO - Processing file /home/gabi/Documentos/Gabi/Indicium/code-challenge-indicium/ind_env/lib/python3.10/site-packages/airflow/example_dags/example_params_trigger_ui.py for tasks to queue
[2023-07-26T23:59:15.384-0300] {logging_mixin.py:150} INFO - [2023-07-26T23:59:15.384-0300] {dagbag.py:541} INFO - Filling up the DagBag from /home/gabi/Documentos/Gabi/Indicium/code-challenge-indicium/ind_env/lib/python3.10/site-packages/airflow/example_dags/example_params_trigger_ui.py
[2023-07-26T23:59:15.414-0300] {processor.py:836} INFO - DAG(s) dict_keys(['example_params_trigger_ui']) retrieved from /home/gabi/Documentos/Gabi/Indicium/code-challenge-indicium/ind_env/lib/python3.10/site-packages/airflow/example_dags/example_params_trigger_ui.py
[2023-07-26T23:59:15.480-0300] {logging_mixin.py:150} INFO - [2023-07-26T23:59:15.479-0300] {dag.py:2742} INFO - Sync 1 DAGs
[2023-07-26T23:59:15.506-0300] {logging_mixin.py:150} INFO - [2023-07-26T23:59:15.506-0300] {dag.py:3504} INFO - Setting next_dagrun for example_params_trigger_ui to None, run_after=None
[2023-07-26T23:59:15.534-0300] {processor.py:179} INFO - Processing /home/gabi/Documentos/Gabi/Indicium/code-challenge-indicium/ind_env/lib/python3.10/site-packages/airflow/example_dags/example_params_trigger_ui.py took 0.157 seconds
[2023-07-27T00:00:08.265-0300] {processor.py:157} INFO - Started process (PID=10227) to work on /home/gabi/Documentos/Gabi/Indicium/code-challenge-indicium/ind_env/lib/python3.10/site-packages/airflow/example_dags/example_params_trigger_ui.py
[2023-07-27T00:00:08.268-0300] {processor.py:826} INFO - Processing file /home/gabi/Documentos/Gabi/Indicium/code-challenge-indicium/ind_env/lib/python3.10/site-packages/airflow/example_dags/example_params_trigger_ui.py for tasks to queue
[2023-07-27T00:00:08.269-0300] {logging_mixin.py:150} INFO - [2023-07-27T00:00:08.269-0300] {dagbag.py:541} INFO - Filling up the DagBag from /home/gabi/Documentos/Gabi/Indicium/code-challenge-indicium/ind_env/lib/python3.10/site-packages/airflow/example_dags/example_params_trigger_ui.py
[2023-07-27T00:00:08.293-0300] {processor.py:836} INFO - DAG(s) dict_keys(['example_params_trigger_ui']) retrieved from /home/gabi/Documentos/Gabi/Indicium/code-challenge-indicium/ind_env/lib/python3.10/site-packages/airflow/example_dags/example_params_trigger_ui.py
[2023-07-27T00:00:08.348-0300] {logging_mixin.py:150} INFO - [2023-07-27T00:00:08.348-0300] {dag.py:2742} INFO - Sync 1 DAGs
[2023-07-27T00:00:08.371-0300] {logging_mixin.py:150} INFO - [2023-07-27T00:00:08.371-0300] {dag.py:3504} INFO - Setting next_dagrun for example_params_trigger_ui to None, run_after=None
[2023-07-27T00:00:08.404-0300] {processor.py:179} INFO - Processing /home/gabi/Documentos/Gabi/Indicium/code-challenge-indicium/ind_env/lib/python3.10/site-packages/airflow/example_dags/example_params_trigger_ui.py took 0.143 seconds
[2023-07-27T00:01:00.921-0300] {processor.py:157} INFO - Started process (PID=10396) to work on /home/gabi/Documentos/Gabi/Indicium/code-challenge-indicium/ind_env/lib/python3.10/site-packages/airflow/example_dags/example_params_trigger_ui.py
[2023-07-27T00:01:00.924-0300] {processor.py:826} INFO - Processing file /home/gabi/Documentos/Gabi/Indicium/code-challenge-indicium/ind_env/lib/python3.10/site-packages/airflow/example_dags/example_params_trigger_ui.py for tasks to queue
[2023-07-27T00:01:00.925-0300] {logging_mixin.py:150} INFO - [2023-07-27T00:01:00.925-0300] {dagbag.py:541} INFO - Filling up the DagBag from /home/gabi/Documentos/Gabi/Indicium/code-challenge-indicium/ind_env/lib/python3.10/site-packages/airflow/example_dags/example_params_trigger_ui.py
[2023-07-27T00:01:00.949-0300] {processor.py:836} INFO - DAG(s) dict_keys(['example_params_trigger_ui']) retrieved from /home/gabi/Documentos/Gabi/Indicium/code-challenge-indicium/ind_env/lib/python3.10/site-packages/airflow/example_dags/example_params_trigger_ui.py
[2023-07-27T00:01:01.005-0300] {logging_mixin.py:150} INFO - [2023-07-27T00:01:01.005-0300] {dag.py:2742} INFO - Sync 1 DAGs
[2023-07-27T00:01:01.030-0300] {logging_mixin.py:150} INFO - [2023-07-27T00:01:01.029-0300] {dag.py:3504} INFO - Setting next_dagrun for example_params_trigger_ui to None, run_after=None
[2023-07-27T00:01:01.057-0300] {processor.py:179} INFO - Processing /home/gabi/Documentos/Gabi/Indicium/code-challenge-indicium/ind_env/lib/python3.10/site-packages/airflow/example_dags/example_params_trigger_ui.py took 0.140 seconds
[2023-07-27T00:01:47.897-0300] {processor.py:157} INFO - Started process (PID=10535) to work on /home/gabi/Documentos/Gabi/Indicium/code-challenge-indicium/ind_env/lib/python3.10/site-packages/airflow/example_dags/example_params_trigger_ui.py
[2023-07-27T00:01:47.899-0300] {processor.py:826} INFO - Processing file /home/gabi/Documentos/Gabi/Indicium/code-challenge-indicium/ind_env/lib/python3.10/site-packages/airflow/example_dags/example_params_trigger_ui.py for tasks to queue
[2023-07-27T00:01:47.900-0300] {logging_mixin.py:150} INFO - [2023-07-27T00:01:47.899-0300] {dagbag.py:541} INFO - Filling up the DagBag from /home/gabi/Documentos/Gabi/Indicium/code-challenge-indicium/ind_env/lib/python3.10/site-packages/airflow/example_dags/example_params_trigger_ui.py
[2023-07-27T00:01:47.923-0300] {processor.py:836} INFO - DAG(s) dict_keys(['example_params_trigger_ui']) retrieved from /home/gabi/Documentos/Gabi/Indicium/code-challenge-indicium/ind_env/lib/python3.10/site-packages/airflow/example_dags/example_params_trigger_ui.py
[2023-07-27T00:01:47.978-0300] {logging_mixin.py:150} INFO - [2023-07-27T00:01:47.978-0300] {dag.py:2742} INFO - Sync 1 DAGs
[2023-07-27T00:01:48.003-0300] {logging_mixin.py:150} INFO - [2023-07-27T00:01:48.003-0300] {dag.py:3504} INFO - Setting next_dagrun for example_params_trigger_ui to None, run_after=None
[2023-07-27T00:01:48.032-0300] {processor.py:179} INFO - Processing /home/gabi/Documentos/Gabi/Indicium/code-challenge-indicium/ind_env/lib/python3.10/site-packages/airflow/example_dags/example_params_trigger_ui.py took 0.140 seconds
[2023-07-27T00:02:54.362-0300] {processor.py:157} INFO - Started process (PID=10717) to work on /home/gabi/Documentos/Gabi/Indicium/code-challenge-indicium/ind_env/lib/python3.10/site-packages/airflow/example_dags/example_params_trigger_ui.py
[2023-07-27T00:02:54.364-0300] {processor.py:826} INFO - Processing file /home/gabi/Documentos/Gabi/Indicium/code-challenge-indicium/ind_env/lib/python3.10/site-packages/airflow/example_dags/example_params_trigger_ui.py for tasks to queue
[2023-07-27T00:02:54.366-0300] {logging_mixin.py:150} INFO - [2023-07-27T00:02:54.365-0300] {dagbag.py:541} INFO - Filling up the DagBag from /home/gabi/Documentos/Gabi/Indicium/code-challenge-indicium/ind_env/lib/python3.10/site-packages/airflow/example_dags/example_params_trigger_ui.py
[2023-07-27T00:02:54.406-0300] {processor.py:836} INFO - DAG(s) dict_keys(['example_params_trigger_ui']) retrieved from /home/gabi/Documentos/Gabi/Indicium/code-challenge-indicium/ind_env/lib/python3.10/site-packages/airflow/example_dags/example_params_trigger_ui.py
[2023-07-27T00:02:54.547-0300] {logging_mixin.py:150} INFO - [2023-07-27T00:02:54.547-0300] {dag.py:2742} INFO - Sync 1 DAGs
[2023-07-27T00:02:54.587-0300] {logging_mixin.py:150} INFO - [2023-07-27T00:02:54.587-0300] {dag.py:3504} INFO - Setting next_dagrun for example_params_trigger_ui to None, run_after=None
[2023-07-27T00:02:54.628-0300] {processor.py:179} INFO - Processing /home/gabi/Documentos/Gabi/Indicium/code-challenge-indicium/ind_env/lib/python3.10/site-packages/airflow/example_dags/example_params_trigger_ui.py took 0.272 seconds
[2023-07-27T00:03:43.667-0300] {processor.py:157} INFO - Started process (PID=10870) to work on /home/gabi/Documentos/Gabi/Indicium/code-challenge-indicium/ind_env/lib/python3.10/site-packages/airflow/example_dags/example_params_trigger_ui.py
[2023-07-27T00:03:43.669-0300] {processor.py:826} INFO - Processing file /home/gabi/Documentos/Gabi/Indicium/code-challenge-indicium/ind_env/lib/python3.10/site-packages/airflow/example_dags/example_params_trigger_ui.py for tasks to queue
[2023-07-27T00:03:43.670-0300] {logging_mixin.py:150} INFO - [2023-07-27T00:03:43.670-0300] {dagbag.py:541} INFO - Filling up the DagBag from /home/gabi/Documentos/Gabi/Indicium/code-challenge-indicium/ind_env/lib/python3.10/site-packages/airflow/example_dags/example_params_trigger_ui.py
[2023-07-27T00:03:43.693-0300] {processor.py:836} INFO - DAG(s) dict_keys(['example_params_trigger_ui']) retrieved from /home/gabi/Documentos/Gabi/Indicium/code-challenge-indicium/ind_env/lib/python3.10/site-packages/airflow/example_dags/example_params_trigger_ui.py
[2023-07-27T00:03:43.750-0300] {logging_mixin.py:150} INFO - [2023-07-27T00:03:43.750-0300] {dag.py:2742} INFO - Sync 1 DAGs
[2023-07-27T00:03:43.774-0300] {logging_mixin.py:150} INFO - [2023-07-27T00:03:43.774-0300] {dag.py:3504} INFO - Setting next_dagrun for example_params_trigger_ui to None, run_after=None
[2023-07-27T00:03:43.801-0300] {processor.py:179} INFO - Processing /home/gabi/Documentos/Gabi/Indicium/code-challenge-indicium/ind_env/lib/python3.10/site-packages/airflow/example_dags/example_params_trigger_ui.py took 0.137 seconds
