[2023-07-26T23:58:46.369-0300] {processor.py:157} INFO - Started process (PID=9490) to work on /home/gabi/Documentos/Gabi/Indicium/code-challenge-indicium/ind_env/lib/python3.10/site-packages/airflow/example_dags/tutorial_dag.py
[2023-07-26T23:58:46.370-0300] {processor.py:826} INFO - Processing file /home/gabi/Documentos/Gabi/Indicium/code-challenge-indicium/ind_env/lib/python3.10/site-packages/airflow/example_dags/tutorial_dag.py for tasks to queue
[2023-07-26T23:58:46.371-0300] {logging_mixin.py:150} INFO - [2023-07-26T23:58:46.370-0300] {dagbag.py:541} INFO - Filling up the DagBag from /home/gabi/Documentos/Gabi/Indicium/code-challenge-indicium/ind_env/lib/python3.10/site-packages/airflow/example_dags/tutorial_dag.py
[2023-07-26T23:58:46.385-0300] {processor.py:836} INFO - DAG(s) dict_keys(['tutorial_dag']) retrieved from /home/gabi/Documentos/Gabi/Indicium/code-challenge-indicium/ind_env/lib/python3.10/site-packages/airflow/example_dags/tutorial_dag.py
[2023-07-26T23:58:46.509-0300] {logging_mixin.py:150} INFO - [2023-07-26T23:58:46.508-0300] {dag.py:2742} INFO - Sync 1 DAGs
[2023-07-26T23:58:46.529-0300] {logging_mixin.py:150} INFO - [2023-07-26T23:58:46.528-0300] {dag.py:3504} INFO - Setting next_dagrun for tutorial_dag to None, run_after=None
[2023-07-26T23:58:46.556-0300] {processor.py:179} INFO - Processing /home/gabi/Documentos/Gabi/Indicium/code-challenge-indicium/ind_env/lib/python3.10/site-packages/airflow/example_dags/tutorial_dag.py took 0.192 seconds
[2023-07-26T23:59:41.328-0300] {processor.py:157} INFO - Started process (PID=9991) to work on /home/gabi/Documentos/Gabi/Indicium/code-challenge-indicium/ind_env/lib/python3.10/site-packages/airflow/example_dags/tutorial_dag.py
[2023-07-26T23:59:41.331-0300] {processor.py:826} INFO - Processing file /home/gabi/Documentos/Gabi/Indicium/code-challenge-indicium/ind_env/lib/python3.10/site-packages/airflow/example_dags/tutorial_dag.py for tasks to queue
[2023-07-26T23:59:41.333-0300] {logging_mixin.py:150} INFO - [2023-07-26T23:59:41.332-0300] {dagbag.py:541} INFO - Filling up the DagBag from /home/gabi/Documentos/Gabi/Indicium/code-challenge-indicium/ind_env/lib/python3.10/site-packages/airflow/example_dags/tutorial_dag.py
[2023-07-26T23:59:41.339-0300] {processor.py:836} INFO - DAG(s) dict_keys(['tutorial_dag']) retrieved from /home/gabi/Documentos/Gabi/Indicium/code-challenge-indicium/ind_env/lib/python3.10/site-packages/airflow/example_dags/tutorial_dag.py
[2023-07-26T23:59:41.362-0300] {logging_mixin.py:150} INFO - [2023-07-26T23:59:41.362-0300] {dag.py:2742} INFO - Sync 1 DAGs
[2023-07-26T23:59:41.385-0300] {logging_mixin.py:150} INFO - [2023-07-26T23:59:41.385-0300] {dag.py:3504} INFO - Setting next_dagrun for tutorial_dag to None, run_after=None
[2023-07-26T23:59:41.412-0300] {processor.py:179} INFO - Processing /home/gabi/Documentos/Gabi/Indicium/code-challenge-indicium/ind_env/lib/python3.10/site-packages/airflow/example_dags/tutorial_dag.py took 0.088 seconds
[2023-07-27T00:00:27.551-0300] {processor.py:157} INFO - Started process (PID=10291) to work on /home/gabi/Documentos/Gabi/Indicium/code-challenge-indicium/ind_env/lib/python3.10/site-packages/airflow/example_dags/tutorial_dag.py
[2023-07-27T00:00:27.552-0300] {processor.py:826} INFO - Processing file /home/gabi/Documentos/Gabi/Indicium/code-challenge-indicium/ind_env/lib/python3.10/site-packages/airflow/example_dags/tutorial_dag.py for tasks to queue
[2023-07-27T00:00:27.554-0300] {logging_mixin.py:150} INFO - [2023-07-27T00:00:27.553-0300] {dagbag.py:541} INFO - Filling up the DagBag from /home/gabi/Documentos/Gabi/Indicium/code-challenge-indicium/ind_env/lib/python3.10/site-packages/airflow/example_dags/tutorial_dag.py
[2023-07-27T00:00:27.560-0300] {processor.py:836} INFO - DAG(s) dict_keys(['tutorial_dag']) retrieved from /home/gabi/Documentos/Gabi/Indicium/code-challenge-indicium/ind_env/lib/python3.10/site-packages/airflow/example_dags/tutorial_dag.py
[2023-07-27T00:00:27.581-0300] {logging_mixin.py:150} INFO - [2023-07-27T00:00:27.580-0300] {dag.py:2742} INFO - Sync 1 DAGs
[2023-07-27T00:00:27.609-0300] {logging_mixin.py:150} INFO - [2023-07-27T00:00:27.609-0300] {dag.py:3504} INFO - Setting next_dagrun for tutorial_dag to None, run_after=None
[2023-07-27T00:00:27.647-0300] {processor.py:179} INFO - Processing /home/gabi/Documentos/Gabi/Indicium/code-challenge-indicium/ind_env/lib/python3.10/site-packages/airflow/example_dags/tutorial_dag.py took 0.100 seconds
[2023-07-27T00:01:13.401-0300] {processor.py:157} INFO - Started process (PID=10438) to work on /home/gabi/Documentos/Gabi/Indicium/code-challenge-indicium/ind_env/lib/python3.10/site-packages/airflow/example_dags/tutorial_dag.py
[2023-07-27T00:01:13.403-0300] {processor.py:826} INFO - Processing file /home/gabi/Documentos/Gabi/Indicium/code-challenge-indicium/ind_env/lib/python3.10/site-packages/airflow/example_dags/tutorial_dag.py for tasks to queue
[2023-07-27T00:01:13.404-0300] {logging_mixin.py:150} INFO - [2023-07-27T00:01:13.404-0300] {dagbag.py:541} INFO - Filling up the DagBag from /home/gabi/Documentos/Gabi/Indicium/code-challenge-indicium/ind_env/lib/python3.10/site-packages/airflow/example_dags/tutorial_dag.py
[2023-07-27T00:01:13.411-0300] {processor.py:836} INFO - DAG(s) dict_keys(['tutorial_dag']) retrieved from /home/gabi/Documentos/Gabi/Indicium/code-challenge-indicium/ind_env/lib/python3.10/site-packages/airflow/example_dags/tutorial_dag.py
[2023-07-27T00:01:13.433-0300] {logging_mixin.py:150} INFO - [2023-07-27T00:01:13.433-0300] {dag.py:2742} INFO - Sync 1 DAGs
[2023-07-27T00:01:13.457-0300] {logging_mixin.py:150} INFO - [2023-07-27T00:01:13.457-0300] {dag.py:3504} INFO - Setting next_dagrun for tutorial_dag to None, run_after=None
[2023-07-27T00:01:13.482-0300] {processor.py:179} INFO - Processing /home/gabi/Documentos/Gabi/Indicium/code-challenge-indicium/ind_env/lib/python3.10/site-packages/airflow/example_dags/tutorial_dag.py took 0.086 seconds
[2023-07-27T00:01:58.108-0300] {processor.py:157} INFO - Started process (PID=10565) to work on /home/gabi/Documentos/Gabi/Indicium/code-challenge-indicium/ind_env/lib/python3.10/site-packages/airflow/example_dags/tutorial_dag.py
[2023-07-27T00:01:58.110-0300] {processor.py:826} INFO - Processing file /home/gabi/Documentos/Gabi/Indicium/code-challenge-indicium/ind_env/lib/python3.10/site-packages/airflow/example_dags/tutorial_dag.py for tasks to queue
[2023-07-27T00:01:58.111-0300] {logging_mixin.py:150} INFO - [2023-07-27T00:01:58.111-0300] {dagbag.py:541} INFO - Filling up the DagBag from /home/gabi/Documentos/Gabi/Indicium/code-challenge-indicium/ind_env/lib/python3.10/site-packages/airflow/example_dags/tutorial_dag.py
[2023-07-27T00:01:58.118-0300] {processor.py:836} INFO - DAG(s) dict_keys(['tutorial_dag']) retrieved from /home/gabi/Documentos/Gabi/Indicium/code-challenge-indicium/ind_env/lib/python3.10/site-packages/airflow/example_dags/tutorial_dag.py
[2023-07-27T00:01:58.142-0300] {logging_mixin.py:150} INFO - [2023-07-27T00:01:58.141-0300] {dag.py:2742} INFO - Sync 1 DAGs
[2023-07-27T00:01:58.174-0300] {logging_mixin.py:150} INFO - [2023-07-27T00:01:58.174-0300] {dag.py:3504} INFO - Setting next_dagrun for tutorial_dag to None, run_after=None
[2023-07-27T00:01:58.209-0300] {processor.py:179} INFO - Processing /home/gabi/Documentos/Gabi/Indicium/code-challenge-indicium/ind_env/lib/python3.10/site-packages/airflow/example_dags/tutorial_dag.py took 0.105 seconds
[2023-07-27T00:02:41.388-0300] {processor.py:157} INFO - Started process (PID=10680) to work on /home/gabi/Documentos/Gabi/Indicium/code-challenge-indicium/ind_env/lib/python3.10/site-packages/airflow/example_dags/tutorial_dag.py
[2023-07-27T00:02:41.390-0300] {processor.py:826} INFO - Processing file /home/gabi/Documentos/Gabi/Indicium/code-challenge-indicium/ind_env/lib/python3.10/site-packages/airflow/example_dags/tutorial_dag.py for tasks to queue
[2023-07-27T00:02:41.391-0300] {logging_mixin.py:150} INFO - [2023-07-27T00:02:41.390-0300] {dagbag.py:541} INFO - Filling up the DagBag from /home/gabi/Documentos/Gabi/Indicium/code-challenge-indicium/ind_env/lib/python3.10/site-packages/airflow/example_dags/tutorial_dag.py
[2023-07-27T00:02:41.400-0300] {processor.py:836} INFO - DAG(s) dict_keys(['tutorial_dag']) retrieved from /home/gabi/Documentos/Gabi/Indicium/code-challenge-indicium/ind_env/lib/python3.10/site-packages/airflow/example_dags/tutorial_dag.py
[2023-07-27T00:02:41.466-0300] {logging_mixin.py:150} INFO - [2023-07-27T00:02:41.466-0300] {dag.py:2742} INFO - Sync 1 DAGs
[2023-07-27T00:02:41.535-0300] {logging_mixin.py:150} INFO - [2023-07-27T00:02:41.535-0300] {dag.py:3504} INFO - Setting next_dagrun for tutorial_dag to None, run_after=None
[2023-07-27T00:02:41.614-0300] {processor.py:179} INFO - Processing /home/gabi/Documentos/Gabi/Indicium/code-challenge-indicium/ind_env/lib/python3.10/site-packages/airflow/example_dags/tutorial_dag.py took 0.231 seconds
[2023-07-27T00:03:31.201-0300] {processor.py:157} INFO - Started process (PID=10837) to work on /home/gabi/Documentos/Gabi/Indicium/code-challenge-indicium/ind_env/lib/python3.10/site-packages/airflow/example_dags/tutorial_dag.py
[2023-07-27T00:03:31.208-0300] {processor.py:826} INFO - Processing file /home/gabi/Documentos/Gabi/Indicium/code-challenge-indicium/ind_env/lib/python3.10/site-packages/airflow/example_dags/tutorial_dag.py for tasks to queue
[2023-07-27T00:03:31.210-0300] {logging_mixin.py:150} INFO - [2023-07-27T00:03:31.210-0300] {dagbag.py:541} INFO - Filling up the DagBag from /home/gabi/Documentos/Gabi/Indicium/code-challenge-indicium/ind_env/lib/python3.10/site-packages/airflow/example_dags/tutorial_dag.py
[2023-07-27T00:03:31.219-0300] {processor.py:836} INFO - DAG(s) dict_keys(['tutorial_dag']) retrieved from /home/gabi/Documentos/Gabi/Indicium/code-challenge-indicium/ind_env/lib/python3.10/site-packages/airflow/example_dags/tutorial_dag.py
[2023-07-27T00:03:31.254-0300] {logging_mixin.py:150} INFO - [2023-07-27T00:03:31.254-0300] {dag.py:2742} INFO - Sync 1 DAGs
[2023-07-27T00:03:31.292-0300] {logging_mixin.py:150} INFO - [2023-07-27T00:03:31.292-0300] {dag.py:3504} INFO - Setting next_dagrun for tutorial_dag to None, run_after=None
[2023-07-27T00:03:31.329-0300] {processor.py:179} INFO - Processing /home/gabi/Documentos/Gabi/Indicium/code-challenge-indicium/ind_env/lib/python3.10/site-packages/airflow/example_dags/tutorial_dag.py took 0.133 seconds
[2023-07-27T20:29:49.954-0300] {processor.py:157} INFO - Started process (PID=13304) to work on /home/gabi/Documentos/Gabi/Indicium/code-challenge-indicium/ind_env/lib/python3.10/site-packages/airflow/example_dags/tutorial_dag.py
[2023-07-27T20:29:49.959-0300] {processor.py:826} INFO - Processing file /home/gabi/Documentos/Gabi/Indicium/code-challenge-indicium/ind_env/lib/python3.10/site-packages/airflow/example_dags/tutorial_dag.py for tasks to queue
[2023-07-27T20:29:49.963-0300] {logging_mixin.py:150} INFO - [2023-07-27T20:29:49.960-0300] {dagbag.py:541} INFO - Filling up the DagBag from /home/gabi/Documentos/Gabi/Indicium/code-challenge-indicium/ind_env/lib/python3.10/site-packages/airflow/example_dags/tutorial_dag.py
[2023-07-27T20:29:49.982-0300] {processor.py:836} INFO - DAG(s) dict_keys(['tutorial_dag']) retrieved from /home/gabi/Documentos/Gabi/Indicium/code-challenge-indicium/ind_env/lib/python3.10/site-packages/airflow/example_dags/tutorial_dag.py
[2023-07-27T20:29:50.204-0300] {logging_mixin.py:150} INFO - [2023-07-27T20:29:50.204-0300] {dag.py:2742} INFO - Sync 1 DAGs
[2023-07-27T20:29:50.243-0300] {logging_mixin.py:150} INFO - [2023-07-27T20:29:50.242-0300] {dag.py:3504} INFO - Setting next_dagrun for tutorial_dag to None, run_after=None
[2023-07-27T20:29:50.289-0300] {processor.py:179} INFO - Processing /home/gabi/Documentos/Gabi/Indicium/code-challenge-indicium/ind_env/lib/python3.10/site-packages/airflow/example_dags/tutorial_dag.py took 0.345 seconds
