[2023-07-26T23:58:51.413-0300] {processor.py:157} INFO - Started process (PID=9494) to work on /home/gabi/Documentos/Gabi/Indicium/code-challenge-indicium/ind_env/lib/python3.10/site-packages/airflow/example_dags/tutorial_taskflow_api.py
[2023-07-26T23:58:51.414-0300] {processor.py:826} INFO - Processing file /home/gabi/Documentos/Gabi/Indicium/code-challenge-indicium/ind_env/lib/python3.10/site-packages/airflow/example_dags/tutorial_taskflow_api.py for tasks to queue
[2023-07-26T23:58:51.415-0300] {logging_mixin.py:150} INFO - [2023-07-26T23:58:51.415-0300] {dagbag.py:541} INFO - Filling up the DagBag from /home/gabi/Documentos/Gabi/Indicium/code-challenge-indicium/ind_env/lib/python3.10/site-packages/airflow/example_dags/tutorial_taskflow_api.py
[2023-07-26T23:58:51.429-0300] {processor.py:836} INFO - DAG(s) dict_keys(['tutorial_taskflow_api']) retrieved from /home/gabi/Documentos/Gabi/Indicium/code-challenge-indicium/ind_env/lib/python3.10/site-packages/airflow/example_dags/tutorial_taskflow_api.py
[2023-07-26T23:58:51.554-0300] {logging_mixin.py:150} INFO - [2023-07-26T23:58:51.554-0300] {dag.py:2742} INFO - Sync 1 DAGs
[2023-07-26T23:58:51.574-0300] {logging_mixin.py:150} INFO - [2023-07-26T23:58:51.574-0300] {dag.py:3504} INFO - Setting next_dagrun for tutorial_taskflow_api to None, run_after=None
[2023-07-26T23:58:51.601-0300] {processor.py:179} INFO - Processing /home/gabi/Documentos/Gabi/Indicium/code-challenge-indicium/ind_env/lib/python3.10/site-packages/airflow/example_dags/tutorial_taskflow_api.py took 0.193 seconds
[2023-07-26T23:59:45.014-0300] {processor.py:157} INFO - Started process (PID=10016) to work on /home/gabi/Documentos/Gabi/Indicium/code-challenge-indicium/ind_env/lib/python3.10/site-packages/airflow/example_dags/tutorial_taskflow_api.py
[2023-07-26T23:59:45.017-0300] {processor.py:826} INFO - Processing file /home/gabi/Documentos/Gabi/Indicium/code-challenge-indicium/ind_env/lib/python3.10/site-packages/airflow/example_dags/tutorial_taskflow_api.py for tasks to queue
[2023-07-26T23:59:45.019-0300] {logging_mixin.py:150} INFO - [2023-07-26T23:59:45.018-0300] {dagbag.py:541} INFO - Filling up the DagBag from /home/gabi/Documentos/Gabi/Indicium/code-challenge-indicium/ind_env/lib/python3.10/site-packages/airflow/example_dags/tutorial_taskflow_api.py
[2023-07-26T23:59:45.029-0300] {processor.py:836} INFO - DAG(s) dict_keys(['tutorial_taskflow_api']) retrieved from /home/gabi/Documentos/Gabi/Indicium/code-challenge-indicium/ind_env/lib/python3.10/site-packages/airflow/example_dags/tutorial_taskflow_api.py
[2023-07-26T23:59:45.053-0300] {logging_mixin.py:150} INFO - [2023-07-26T23:59:45.053-0300] {dag.py:2742} INFO - Sync 1 DAGs
[2023-07-26T23:59:45.083-0300] {logging_mixin.py:150} INFO - [2023-07-26T23:59:45.083-0300] {dag.py:3504} INFO - Setting next_dagrun for tutorial_taskflow_api to None, run_after=None
[2023-07-26T23:59:45.109-0300] {processor.py:179} INFO - Processing /home/gabi/Documentos/Gabi/Indicium/code-challenge-indicium/ind_env/lib/python3.10/site-packages/airflow/example_dags/tutorial_taskflow_api.py took 0.101 seconds
[2023-07-27T00:00:31.644-0300] {processor.py:157} INFO - Started process (PID=10295) to work on /home/gabi/Documentos/Gabi/Indicium/code-challenge-indicium/ind_env/lib/python3.10/site-packages/airflow/example_dags/tutorial_taskflow_api.py
[2023-07-27T00:00:31.647-0300] {processor.py:826} INFO - Processing file /home/gabi/Documentos/Gabi/Indicium/code-challenge-indicium/ind_env/lib/python3.10/site-packages/airflow/example_dags/tutorial_taskflow_api.py for tasks to queue
[2023-07-27T00:00:31.648-0300] {logging_mixin.py:150} INFO - [2023-07-27T00:00:31.648-0300] {dagbag.py:541} INFO - Filling up the DagBag from /home/gabi/Documentos/Gabi/Indicium/code-challenge-indicium/ind_env/lib/python3.10/site-packages/airflow/example_dags/tutorial_taskflow_api.py
[2023-07-27T00:00:31.656-0300] {processor.py:836} INFO - DAG(s) dict_keys(['tutorial_taskflow_api']) retrieved from /home/gabi/Documentos/Gabi/Indicium/code-challenge-indicium/ind_env/lib/python3.10/site-packages/airflow/example_dags/tutorial_taskflow_api.py
[2023-07-27T00:00:31.676-0300] {logging_mixin.py:150} INFO - [2023-07-27T00:00:31.676-0300] {dag.py:2742} INFO - Sync 1 DAGs
[2023-07-27T00:00:31.699-0300] {logging_mixin.py:150} INFO - [2023-07-27T00:00:31.699-0300] {dag.py:3504} INFO - Setting next_dagrun for tutorial_taskflow_api to None, run_after=None
[2023-07-27T00:00:31.725-0300] {processor.py:179} INFO - Processing /home/gabi/Documentos/Gabi/Indicium/code-challenge-indicium/ind_env/lib/python3.10/site-packages/airflow/example_dags/tutorial_taskflow_api.py took 0.085 seconds
[2023-07-27T00:01:17.599-0300] {processor.py:157} INFO - Started process (PID=10458) to work on /home/gabi/Documentos/Gabi/Indicium/code-challenge-indicium/ind_env/lib/python3.10/site-packages/airflow/example_dags/tutorial_taskflow_api.py
[2023-07-27T00:01:17.607-0300] {processor.py:826} INFO - Processing file /home/gabi/Documentos/Gabi/Indicium/code-challenge-indicium/ind_env/lib/python3.10/site-packages/airflow/example_dags/tutorial_taskflow_api.py for tasks to queue
[2023-07-27T00:01:17.608-0300] {logging_mixin.py:150} INFO - [2023-07-27T00:01:17.608-0300] {dagbag.py:541} INFO - Filling up the DagBag from /home/gabi/Documentos/Gabi/Indicium/code-challenge-indicium/ind_env/lib/python3.10/site-packages/airflow/example_dags/tutorial_taskflow_api.py
[2023-07-27T00:01:17.621-0300] {processor.py:836} INFO - DAG(s) dict_keys(['tutorial_taskflow_api']) retrieved from /home/gabi/Documentos/Gabi/Indicium/code-challenge-indicium/ind_env/lib/python3.10/site-packages/airflow/example_dags/tutorial_taskflow_api.py
[2023-07-27T00:01:17.652-0300] {logging_mixin.py:150} INFO - [2023-07-27T00:01:17.652-0300] {dag.py:2742} INFO - Sync 1 DAGs
[2023-07-27T00:01:17.692-0300] {logging_mixin.py:150} INFO - [2023-07-27T00:01:17.692-0300] {dag.py:3504} INFO - Setting next_dagrun for tutorial_taskflow_api to None, run_after=None
[2023-07-27T00:01:17.731-0300] {processor.py:179} INFO - Processing /home/gabi/Documentos/Gabi/Indicium/code-challenge-indicium/ind_env/lib/python3.10/site-packages/airflow/example_dags/tutorial_taskflow_api.py took 0.138 seconds
[2023-07-27T00:02:01.890-0300] {processor.py:157} INFO - Started process (PID=10569) to work on /home/gabi/Documentos/Gabi/Indicium/code-challenge-indicium/ind_env/lib/python3.10/site-packages/airflow/example_dags/tutorial_taskflow_api.py
[2023-07-27T00:02:01.895-0300] {processor.py:826} INFO - Processing file /home/gabi/Documentos/Gabi/Indicium/code-challenge-indicium/ind_env/lib/python3.10/site-packages/airflow/example_dags/tutorial_taskflow_api.py for tasks to queue
[2023-07-27T00:02:01.896-0300] {logging_mixin.py:150} INFO - [2023-07-27T00:02:01.895-0300] {dagbag.py:541} INFO - Filling up the DagBag from /home/gabi/Documentos/Gabi/Indicium/code-challenge-indicium/ind_env/lib/python3.10/site-packages/airflow/example_dags/tutorial_taskflow_api.py
[2023-07-27T00:02:01.905-0300] {processor.py:836} INFO - DAG(s) dict_keys(['tutorial_taskflow_api']) retrieved from /home/gabi/Documentos/Gabi/Indicium/code-challenge-indicium/ind_env/lib/python3.10/site-packages/airflow/example_dags/tutorial_taskflow_api.py
[2023-07-27T00:02:01.927-0300] {logging_mixin.py:150} INFO - [2023-07-27T00:02:01.927-0300] {dag.py:2742} INFO - Sync 1 DAGs
[2023-07-27T00:02:01.951-0300] {logging_mixin.py:150} INFO - [2023-07-27T00:02:01.951-0300] {dag.py:3504} INFO - Setting next_dagrun for tutorial_taskflow_api to None, run_after=None
[2023-07-27T00:02:01.977-0300] {processor.py:179} INFO - Processing /home/gabi/Documentos/Gabi/Indicium/code-challenge-indicium/ind_env/lib/python3.10/site-packages/airflow/example_dags/tutorial_taskflow_api.py took 0.092 seconds
[2023-07-27T00:02:46.423-0300] {processor.py:157} INFO - Started process (PID=10707) to work on /home/gabi/Documentos/Gabi/Indicium/code-challenge-indicium/ind_env/lib/python3.10/site-packages/airflow/example_dags/tutorial_taskflow_api.py
[2023-07-27T00:02:46.425-0300] {processor.py:826} INFO - Processing file /home/gabi/Documentos/Gabi/Indicium/code-challenge-indicium/ind_env/lib/python3.10/site-packages/airflow/example_dags/tutorial_taskflow_api.py for tasks to queue
[2023-07-27T00:02:46.426-0300] {logging_mixin.py:150} INFO - [2023-07-27T00:02:46.426-0300] {dagbag.py:541} INFO - Filling up the DagBag from /home/gabi/Documentos/Gabi/Indicium/code-challenge-indicium/ind_env/lib/python3.10/site-packages/airflow/example_dags/tutorial_taskflow_api.py
[2023-07-27T00:02:46.437-0300] {processor.py:836} INFO - DAG(s) dict_keys(['tutorial_taskflow_api']) retrieved from /home/gabi/Documentos/Gabi/Indicium/code-challenge-indicium/ind_env/lib/python3.10/site-packages/airflow/example_dags/tutorial_taskflow_api.py
[2023-07-27T00:02:46.463-0300] {logging_mixin.py:150} INFO - [2023-07-27T00:02:46.463-0300] {dag.py:2742} INFO - Sync 1 DAGs
[2023-07-27T00:02:46.497-0300] {logging_mixin.py:150} INFO - [2023-07-27T00:02:46.497-0300] {dag.py:3504} INFO - Setting next_dagrun for tutorial_taskflow_api to None, run_after=None
[2023-07-27T00:02:46.537-0300] {processor.py:179} INFO - Processing /home/gabi/Documentos/Gabi/Indicium/code-challenge-indicium/ind_env/lib/python3.10/site-packages/airflow/example_dags/tutorial_taskflow_api.py took 0.119 seconds
[2023-07-27T00:03:35.701-0300] {processor.py:157} INFO - Started process (PID=10860) to work on /home/gabi/Documentos/Gabi/Indicium/code-challenge-indicium/ind_env/lib/python3.10/site-packages/airflow/example_dags/tutorial_taskflow_api.py
[2023-07-27T00:03:35.706-0300] {processor.py:826} INFO - Processing file /home/gabi/Documentos/Gabi/Indicium/code-challenge-indicium/ind_env/lib/python3.10/site-packages/airflow/example_dags/tutorial_taskflow_api.py for tasks to queue
[2023-07-27T00:03:35.707-0300] {logging_mixin.py:150} INFO - [2023-07-27T00:03:35.707-0300] {dagbag.py:541} INFO - Filling up the DagBag from /home/gabi/Documentos/Gabi/Indicium/code-challenge-indicium/ind_env/lib/python3.10/site-packages/airflow/example_dags/tutorial_taskflow_api.py
[2023-07-27T00:03:35.721-0300] {processor.py:836} INFO - DAG(s) dict_keys(['tutorial_taskflow_api']) retrieved from /home/gabi/Documentos/Gabi/Indicium/code-challenge-indicium/ind_env/lib/python3.10/site-packages/airflow/example_dags/tutorial_taskflow_api.py
[2023-07-27T00:03:35.751-0300] {logging_mixin.py:150} INFO - [2023-07-27T00:03:35.751-0300] {dag.py:2742} INFO - Sync 1 DAGs
[2023-07-27T00:03:35.775-0300] {logging_mixin.py:150} INFO - [2023-07-27T00:03:35.775-0300] {dag.py:3504} INFO - Setting next_dagrun for tutorial_taskflow_api to None, run_after=None
[2023-07-27T00:03:35.801-0300] {processor.py:179} INFO - Processing /home/gabi/Documentos/Gabi/Indicium/code-challenge-indicium/ind_env/lib/python3.10/site-packages/airflow/example_dags/tutorial_taskflow_api.py took 0.104 seconds
[2023-07-27T20:29:55.233-0300] {processor.py:157} INFO - Started process (PID=13359) to work on /home/gabi/Documentos/Gabi/Indicium/code-challenge-indicium/ind_env/lib/python3.10/site-packages/airflow/example_dags/tutorial_taskflow_api.py
[2023-07-27T20:29:55.236-0300] {processor.py:826} INFO - Processing file /home/gabi/Documentos/Gabi/Indicium/code-challenge-indicium/ind_env/lib/python3.10/site-packages/airflow/example_dags/tutorial_taskflow_api.py for tasks to queue
[2023-07-27T20:29:55.238-0300] {logging_mixin.py:150} INFO - [2023-07-27T20:29:55.237-0300] {dagbag.py:541} INFO - Filling up the DagBag from /home/gabi/Documentos/Gabi/Indicium/code-challenge-indicium/ind_env/lib/python3.10/site-packages/airflow/example_dags/tutorial_taskflow_api.py
[2023-07-27T20:29:55.257-0300] {processor.py:836} INFO - DAG(s) dict_keys(['tutorial_taskflow_api']) retrieved from /home/gabi/Documentos/Gabi/Indicium/code-challenge-indicium/ind_env/lib/python3.10/site-packages/airflow/example_dags/tutorial_taskflow_api.py
[2023-07-27T20:29:55.443-0300] {logging_mixin.py:150} INFO - [2023-07-27T20:29:55.442-0300] {dag.py:2742} INFO - Sync 1 DAGs
[2023-07-27T20:29:55.474-0300] {logging_mixin.py:150} INFO - [2023-07-27T20:29:55.474-0300] {dag.py:3504} INFO - Setting next_dagrun for tutorial_taskflow_api to None, run_after=None
[2023-07-27T20:29:55.505-0300] {processor.py:179} INFO - Processing /home/gabi/Documentos/Gabi/Indicium/code-challenge-indicium/ind_env/lib/python3.10/site-packages/airflow/example_dags/tutorial_taskflow_api.py took 0.277 seconds
