[2023-07-26T23:58:52.703-0300] {processor.py:157} INFO - Started process (PID=9504) to work on /home/gabi/Documentos/Gabi/Indicium/code-challenge-indicium/ind_env/lib/python3.10/site-packages/airflow/example_dags/tutorial_taskflow_api_virtualenv.py
[2023-07-26T23:58:52.705-0300] {processor.py:826} INFO - Processing file /home/gabi/Documentos/Gabi/Indicium/code-challenge-indicium/ind_env/lib/python3.10/site-packages/airflow/example_dags/tutorial_taskflow_api_virtualenv.py for tasks to queue
[2023-07-26T23:58:52.706-0300] {logging_mixin.py:150} INFO - [2023-07-26T23:58:52.705-0300] {dagbag.py:541} INFO - Filling up the DagBag from /home/gabi/Documentos/Gabi/Indicium/code-challenge-indicium/ind_env/lib/python3.10/site-packages/airflow/example_dags/tutorial_taskflow_api_virtualenv.py
[2023-07-26T23:58:52.720-0300] {processor.py:836} INFO - DAG(s) dict_keys(['tutorial_taskflow_api_virtualenv']) retrieved from /home/gabi/Documentos/Gabi/Indicium/code-challenge-indicium/ind_env/lib/python3.10/site-packages/airflow/example_dags/tutorial_taskflow_api_virtualenv.py
[2023-07-26T23:58:52.852-0300] {logging_mixin.py:150} INFO - [2023-07-26T23:58:52.852-0300] {dag.py:2742} INFO - Sync 1 DAGs
[2023-07-26T23:58:52.877-0300] {logging_mixin.py:150} INFO - [2023-07-26T23:58:52.876-0300] {dag.py:3504} INFO - Setting next_dagrun for tutorial_taskflow_api_virtualenv to None, run_after=None
[2023-07-26T23:58:52.907-0300] {processor.py:179} INFO - Processing /home/gabi/Documentos/Gabi/Indicium/code-challenge-indicium/ind_env/lib/python3.10/site-packages/airflow/example_dags/tutorial_taskflow_api_virtualenv.py took 0.207 seconds
[2023-07-26T23:59:46.313-0300] {processor.py:157} INFO - Started process (PID=10017) to work on /home/gabi/Documentos/Gabi/Indicium/code-challenge-indicium/ind_env/lib/python3.10/site-packages/airflow/example_dags/tutorial_taskflow_api_virtualenv.py
[2023-07-26T23:59:46.314-0300] {processor.py:826} INFO - Processing file /home/gabi/Documentos/Gabi/Indicium/code-challenge-indicium/ind_env/lib/python3.10/site-packages/airflow/example_dags/tutorial_taskflow_api_virtualenv.py for tasks to queue
[2023-07-26T23:59:46.316-0300] {logging_mixin.py:150} INFO - [2023-07-26T23:59:46.315-0300] {dagbag.py:541} INFO - Filling up the DagBag from /home/gabi/Documentos/Gabi/Indicium/code-challenge-indicium/ind_env/lib/python3.10/site-packages/airflow/example_dags/tutorial_taskflow_api_virtualenv.py
[2023-07-26T23:59:46.326-0300] {processor.py:836} INFO - DAG(s) dict_keys(['tutorial_taskflow_api_virtualenv']) retrieved from /home/gabi/Documentos/Gabi/Indicium/code-challenge-indicium/ind_env/lib/python3.10/site-packages/airflow/example_dags/tutorial_taskflow_api_virtualenv.py
[2023-07-26T23:59:46.349-0300] {logging_mixin.py:150} INFO - [2023-07-26T23:59:46.348-0300] {dag.py:2742} INFO - Sync 1 DAGs
[2023-07-26T23:59:46.372-0300] {logging_mixin.py:150} INFO - [2023-07-26T23:59:46.372-0300] {dag.py:3504} INFO - Setting next_dagrun for tutorial_taskflow_api_virtualenv to None, run_after=None
[2023-07-26T23:59:46.397-0300] {processor.py:179} INFO - Processing /home/gabi/Documentos/Gabi/Indicium/code-challenge-indicium/ind_env/lib/python3.10/site-packages/airflow/example_dags/tutorial_taskflow_api_virtualenv.py took 0.089 seconds
[2023-07-27T00:00:32.840-0300] {processor.py:157} INFO - Started process (PID=10296) to work on /home/gabi/Documentos/Gabi/Indicium/code-challenge-indicium/ind_env/lib/python3.10/site-packages/airflow/example_dags/tutorial_taskflow_api_virtualenv.py
[2023-07-27T00:00:32.843-0300] {processor.py:826} INFO - Processing file /home/gabi/Documentos/Gabi/Indicium/code-challenge-indicium/ind_env/lib/python3.10/site-packages/airflow/example_dags/tutorial_taskflow_api_virtualenv.py for tasks to queue
[2023-07-27T00:00:32.844-0300] {logging_mixin.py:150} INFO - [2023-07-27T00:00:32.843-0300] {dagbag.py:541} INFO - Filling up the DagBag from /home/gabi/Documentos/Gabi/Indicium/code-challenge-indicium/ind_env/lib/python3.10/site-packages/airflow/example_dags/tutorial_taskflow_api_virtualenv.py
[2023-07-27T00:00:32.854-0300] {processor.py:836} INFO - DAG(s) dict_keys(['tutorial_taskflow_api_virtualenv']) retrieved from /home/gabi/Documentos/Gabi/Indicium/code-challenge-indicium/ind_env/lib/python3.10/site-packages/airflow/example_dags/tutorial_taskflow_api_virtualenv.py
[2023-07-27T00:00:32.876-0300] {logging_mixin.py:150} INFO - [2023-07-27T00:00:32.875-0300] {dag.py:2742} INFO - Sync 1 DAGs
[2023-07-27T00:00:32.900-0300] {logging_mixin.py:150} INFO - [2023-07-27T00:00:32.900-0300] {dag.py:3504} INFO - Setting next_dagrun for tutorial_taskflow_api_virtualenv to None, run_after=None
[2023-07-27T00:00:32.926-0300] {processor.py:179} INFO - Processing /home/gabi/Documentos/Gabi/Indicium/code-challenge-indicium/ind_env/lib/python3.10/site-packages/airflow/example_dags/tutorial_taskflow_api_virtualenv.py took 0.090 seconds
[2023-07-27T00:01:18.877-0300] {processor.py:157} INFO - Started process (PID=10459) to work on /home/gabi/Documentos/Gabi/Indicium/code-challenge-indicium/ind_env/lib/python3.10/site-packages/airflow/example_dags/tutorial_taskflow_api_virtualenv.py
[2023-07-27T00:01:18.880-0300] {processor.py:826} INFO - Processing file /home/gabi/Documentos/Gabi/Indicium/code-challenge-indicium/ind_env/lib/python3.10/site-packages/airflow/example_dags/tutorial_taskflow_api_virtualenv.py for tasks to queue
[2023-07-27T00:01:18.881-0300] {logging_mixin.py:150} INFO - [2023-07-27T00:01:18.881-0300] {dagbag.py:541} INFO - Filling up the DagBag from /home/gabi/Documentos/Gabi/Indicium/code-challenge-indicium/ind_env/lib/python3.10/site-packages/airflow/example_dags/tutorial_taskflow_api_virtualenv.py
[2023-07-27T00:01:18.891-0300] {processor.py:836} INFO - DAG(s) dict_keys(['tutorial_taskflow_api_virtualenv']) retrieved from /home/gabi/Documentos/Gabi/Indicium/code-challenge-indicium/ind_env/lib/python3.10/site-packages/airflow/example_dags/tutorial_taskflow_api_virtualenv.py
[2023-07-27T00:01:18.912-0300] {logging_mixin.py:150} INFO - [2023-07-27T00:01:18.912-0300] {dag.py:2742} INFO - Sync 1 DAGs
[2023-07-27T00:01:18.938-0300] {logging_mixin.py:150} INFO - [2023-07-27T00:01:18.938-0300] {dag.py:3504} INFO - Setting next_dagrun for tutorial_taskflow_api_virtualenv to None, run_after=None
[2023-07-27T00:01:18.966-0300] {processor.py:179} INFO - Processing /home/gabi/Documentos/Gabi/Indicium/code-challenge-indicium/ind_env/lib/python3.10/site-packages/airflow/example_dags/tutorial_taskflow_api_virtualenv.py took 0.093 seconds
[2023-07-27T00:02:02.125-0300] {processor.py:157} INFO - Started process (PID=10570) to work on /home/gabi/Documentos/Gabi/Indicium/code-challenge-indicium/ind_env/lib/python3.10/site-packages/airflow/example_dags/tutorial_taskflow_api_virtualenv.py
[2023-07-27T00:02:02.127-0300] {processor.py:826} INFO - Processing file /home/gabi/Documentos/Gabi/Indicium/code-challenge-indicium/ind_env/lib/python3.10/site-packages/airflow/example_dags/tutorial_taskflow_api_virtualenv.py for tasks to queue
[2023-07-27T00:02:02.129-0300] {logging_mixin.py:150} INFO - [2023-07-27T00:02:02.128-0300] {dagbag.py:541} INFO - Filling up the DagBag from /home/gabi/Documentos/Gabi/Indicium/code-challenge-indicium/ind_env/lib/python3.10/site-packages/airflow/example_dags/tutorial_taskflow_api_virtualenv.py
[2023-07-27T00:02:02.139-0300] {processor.py:836} INFO - DAG(s) dict_keys(['tutorial_taskflow_api_virtualenv']) retrieved from /home/gabi/Documentos/Gabi/Indicium/code-challenge-indicium/ind_env/lib/python3.10/site-packages/airflow/example_dags/tutorial_taskflow_api_virtualenv.py
[2023-07-27T00:02:02.161-0300] {logging_mixin.py:150} INFO - [2023-07-27T00:02:02.161-0300] {dag.py:2742} INFO - Sync 1 DAGs
[2023-07-27T00:02:02.185-0300] {logging_mixin.py:150} INFO - [2023-07-27T00:02:02.185-0300] {dag.py:3504} INFO - Setting next_dagrun for tutorial_taskflow_api_virtualenv to None, run_after=None
[2023-07-27T00:02:02.212-0300] {processor.py:179} INFO - Processing /home/gabi/Documentos/Gabi/Indicium/code-challenge-indicium/ind_env/lib/python3.10/site-packages/airflow/example_dags/tutorial_taskflow_api_virtualenv.py took 0.092 seconds
[2023-07-27T00:02:47.372-0300] {processor.py:157} INFO - Started process (PID=10708) to work on /home/gabi/Documentos/Gabi/Indicium/code-challenge-indicium/ind_env/lib/python3.10/site-packages/airflow/example_dags/tutorial_taskflow_api_virtualenv.py
[2023-07-27T00:02:47.375-0300] {processor.py:826} INFO - Processing file /home/gabi/Documentos/Gabi/Indicium/code-challenge-indicium/ind_env/lib/python3.10/site-packages/airflow/example_dags/tutorial_taskflow_api_virtualenv.py for tasks to queue
[2023-07-27T00:02:47.377-0300] {logging_mixin.py:150} INFO - [2023-07-27T00:02:47.376-0300] {dagbag.py:541} INFO - Filling up the DagBag from /home/gabi/Documentos/Gabi/Indicium/code-challenge-indicium/ind_env/lib/python3.10/site-packages/airflow/example_dags/tutorial_taskflow_api_virtualenv.py
[2023-07-27T00:02:47.391-0300] {processor.py:836} INFO - DAG(s) dict_keys(['tutorial_taskflow_api_virtualenv']) retrieved from /home/gabi/Documentos/Gabi/Indicium/code-challenge-indicium/ind_env/lib/python3.10/site-packages/airflow/example_dags/tutorial_taskflow_api_virtualenv.py
[2023-07-27T00:02:47.422-0300] {logging_mixin.py:150} INFO - [2023-07-27T00:02:47.421-0300] {dag.py:2742} INFO - Sync 1 DAGs
[2023-07-27T00:02:47.460-0300] {logging_mixin.py:150} INFO - [2023-07-27T00:02:47.460-0300] {dag.py:3504} INFO - Setting next_dagrun for tutorial_taskflow_api_virtualenv to None, run_after=None
[2023-07-27T00:02:47.494-0300] {processor.py:179} INFO - Processing /home/gabi/Documentos/Gabi/Indicium/code-challenge-indicium/ind_env/lib/python3.10/site-packages/airflow/example_dags/tutorial_taskflow_api_virtualenv.py took 0.128 seconds
[2023-07-27T00:03:36.503-0300] {processor.py:157} INFO - Started process (PID=10861) to work on /home/gabi/Documentos/Gabi/Indicium/code-challenge-indicium/ind_env/lib/python3.10/site-packages/airflow/example_dags/tutorial_taskflow_api_virtualenv.py
[2023-07-27T00:03:36.505-0300] {processor.py:826} INFO - Processing file /home/gabi/Documentos/Gabi/Indicium/code-challenge-indicium/ind_env/lib/python3.10/site-packages/airflow/example_dags/tutorial_taskflow_api_virtualenv.py for tasks to queue
[2023-07-27T00:03:36.507-0300] {logging_mixin.py:150} INFO - [2023-07-27T00:03:36.506-0300] {dagbag.py:541} INFO - Filling up the DagBag from /home/gabi/Documentos/Gabi/Indicium/code-challenge-indicium/ind_env/lib/python3.10/site-packages/airflow/example_dags/tutorial_taskflow_api_virtualenv.py
[2023-07-27T00:03:36.515-0300] {processor.py:836} INFO - DAG(s) dict_keys(['tutorial_taskflow_api_virtualenv']) retrieved from /home/gabi/Documentos/Gabi/Indicium/code-challenge-indicium/ind_env/lib/python3.10/site-packages/airflow/example_dags/tutorial_taskflow_api_virtualenv.py
[2023-07-27T00:03:36.536-0300] {logging_mixin.py:150} INFO - [2023-07-27T00:03:36.536-0300] {dag.py:2742} INFO - Sync 1 DAGs
[2023-07-27T00:03:36.562-0300] {logging_mixin.py:150} INFO - [2023-07-27T00:03:36.562-0300] {dag.py:3504} INFO - Setting next_dagrun for tutorial_taskflow_api_virtualenv to None, run_after=None
[2023-07-27T00:03:36.590-0300] {processor.py:179} INFO - Processing /home/gabi/Documentos/Gabi/Indicium/code-challenge-indicium/ind_env/lib/python3.10/site-packages/airflow/example_dags/tutorial_taskflow_api_virtualenv.py took 0.091 seconds
