[2023-07-26T23:58:47.643-0300] {processor.py:157} INFO - Started process (PID=9491) to work on /home/gabi/Documentos/Gabi/Indicium/code-challenge-indicium/ind_env/lib/python3.10/site-packages/airflow/example_dags/tutorial.py
[2023-07-26T23:58:47.644-0300] {processor.py:826} INFO - Processing file /home/gabi/Documentos/Gabi/Indicium/code-challenge-indicium/ind_env/lib/python3.10/site-packages/airflow/example_dags/tutorial.py for tasks to queue
[2023-07-26T23:58:47.645-0300] {logging_mixin.py:150} INFO - [2023-07-26T23:58:47.645-0300] {dagbag.py:541} INFO - Filling up the DagBag from /home/gabi/Documentos/Gabi/Indicium/code-challenge-indicium/ind_env/lib/python3.10/site-packages/airflow/example_dags/tutorial.py
[2023-07-26T23:58:47.658-0300] {processor.py:836} INFO - DAG(s) dict_keys(['tutorial']) retrieved from /home/gabi/Documentos/Gabi/Indicium/code-challenge-indicium/ind_env/lib/python3.10/site-packages/airflow/example_dags/tutorial.py
[2023-07-26T23:58:47.783-0300] {logging_mixin.py:150} INFO - [2023-07-26T23:58:47.783-0300] {dag.py:2742} INFO - Sync 1 DAGs
[2023-07-26T23:58:47.805-0300] {logging_mixin.py:150} INFO - [2023-07-26T23:58:47.805-0300] {dag.py:3504} INFO - Setting next_dagrun for tutorial to 2023-07-26T02:58:47.805504+00:00, run_after=2023-07-27T02:58:47.805504+00:00
[2023-07-26T23:58:47.831-0300] {processor.py:179} INFO - Processing /home/gabi/Documentos/Gabi/Indicium/code-challenge-indicium/ind_env/lib/python3.10/site-packages/airflow/example_dags/tutorial.py took 0.191 seconds
[2023-07-26T23:59:42.512-0300] {processor.py:157} INFO - Started process (PID=9994) to work on /home/gabi/Documentos/Gabi/Indicium/code-challenge-indicium/ind_env/lib/python3.10/site-packages/airflow/example_dags/tutorial.py
[2023-07-26T23:59:42.515-0300] {processor.py:826} INFO - Processing file /home/gabi/Documentos/Gabi/Indicium/code-challenge-indicium/ind_env/lib/python3.10/site-packages/airflow/example_dags/tutorial.py for tasks to queue
[2023-07-26T23:59:42.516-0300] {logging_mixin.py:150} INFO - [2023-07-26T23:59:42.516-0300] {dagbag.py:541} INFO - Filling up the DagBag from /home/gabi/Documentos/Gabi/Indicium/code-challenge-indicium/ind_env/lib/python3.10/site-packages/airflow/example_dags/tutorial.py
[2023-07-26T23:59:42.526-0300] {processor.py:836} INFO - DAG(s) dict_keys(['tutorial']) retrieved from /home/gabi/Documentos/Gabi/Indicium/code-challenge-indicium/ind_env/lib/python3.10/site-packages/airflow/example_dags/tutorial.py
[2023-07-26T23:59:42.548-0300] {logging_mixin.py:150} INFO - [2023-07-26T23:59:42.547-0300] {dag.py:2742} INFO - Sync 1 DAGs
[2023-07-26T23:59:42.574-0300] {logging_mixin.py:150} INFO - [2023-07-26T23:59:42.574-0300] {dag.py:3504} INFO - Setting next_dagrun for tutorial to 2023-07-26T02:59:42.574386+00:00, run_after=2023-07-27T02:59:42.574386+00:00
[2023-07-26T23:59:42.603-0300] {processor.py:179} INFO - Processing /home/gabi/Documentos/Gabi/Indicium/code-challenge-indicium/ind_env/lib/python3.10/site-packages/airflow/example_dags/tutorial.py took 0.095 seconds
[2023-07-27T00:00:28.857-0300] {processor.py:157} INFO - Started process (PID=10292) to work on /home/gabi/Documentos/Gabi/Indicium/code-challenge-indicium/ind_env/lib/python3.10/site-packages/airflow/example_dags/tutorial.py
[2023-07-27T00:00:28.859-0300] {processor.py:826} INFO - Processing file /home/gabi/Documentos/Gabi/Indicium/code-challenge-indicium/ind_env/lib/python3.10/site-packages/airflow/example_dags/tutorial.py for tasks to queue
[2023-07-27T00:00:28.860-0300] {logging_mixin.py:150} INFO - [2023-07-27T00:00:28.860-0300] {dagbag.py:541} INFO - Filling up the DagBag from /home/gabi/Documentos/Gabi/Indicium/code-challenge-indicium/ind_env/lib/python3.10/site-packages/airflow/example_dags/tutorial.py
[2023-07-27T00:00:28.871-0300] {processor.py:836} INFO - DAG(s) dict_keys(['tutorial']) retrieved from /home/gabi/Documentos/Gabi/Indicium/code-challenge-indicium/ind_env/lib/python3.10/site-packages/airflow/example_dags/tutorial.py
[2023-07-27T00:00:28.893-0300] {logging_mixin.py:150} INFO - [2023-07-27T00:00:28.892-0300] {dag.py:2742} INFO - Sync 1 DAGs
[2023-07-27T00:00:28.923-0300] {logging_mixin.py:150} INFO - [2023-07-27T00:00:28.922-0300] {dag.py:3504} INFO - Setting next_dagrun for tutorial to 2023-07-26T03:00:28.922584+00:00, run_after=2023-07-27T03:00:28.922584+00:00
[2023-07-27T00:00:28.955-0300] {processor.py:179} INFO - Processing /home/gabi/Documentos/Gabi/Indicium/code-challenge-indicium/ind_env/lib/python3.10/site-packages/airflow/example_dags/tutorial.py took 0.102 seconds
[2023-07-27T00:01:14.536-0300] {processor.py:157} INFO - Started process (PID=10439) to work on /home/gabi/Documentos/Gabi/Indicium/code-challenge-indicium/ind_env/lib/python3.10/site-packages/airflow/example_dags/tutorial.py
[2023-07-27T00:01:14.538-0300] {processor.py:826} INFO - Processing file /home/gabi/Documentos/Gabi/Indicium/code-challenge-indicium/ind_env/lib/python3.10/site-packages/airflow/example_dags/tutorial.py for tasks to queue
[2023-07-27T00:01:14.540-0300] {logging_mixin.py:150} INFO - [2023-07-27T00:01:14.539-0300] {dagbag.py:541} INFO - Filling up the DagBag from /home/gabi/Documentos/Gabi/Indicium/code-challenge-indicium/ind_env/lib/python3.10/site-packages/airflow/example_dags/tutorial.py
[2023-07-27T00:01:14.549-0300] {processor.py:836} INFO - DAG(s) dict_keys(['tutorial']) retrieved from /home/gabi/Documentos/Gabi/Indicium/code-challenge-indicium/ind_env/lib/python3.10/site-packages/airflow/example_dags/tutorial.py
[2023-07-27T00:01:14.572-0300] {logging_mixin.py:150} INFO - [2023-07-27T00:01:14.572-0300] {dag.py:2742} INFO - Sync 1 DAGs
[2023-07-27T00:01:14.597-0300] {logging_mixin.py:150} INFO - [2023-07-27T00:01:14.597-0300] {dag.py:3504} INFO - Setting next_dagrun for tutorial to 2023-07-26T03:01:14.597091+00:00, run_after=2023-07-27T03:01:14.597091+00:00
[2023-07-27T00:01:14.626-0300] {processor.py:179} INFO - Processing /home/gabi/Documentos/Gabi/Indicium/code-challenge-indicium/ind_env/lib/python3.10/site-packages/airflow/example_dags/tutorial.py took 0.094 seconds
[2023-07-27T00:01:58.646-0300] {processor.py:157} INFO - Started process (PID=10566) to work on /home/gabi/Documentos/Gabi/Indicium/code-challenge-indicium/ind_env/lib/python3.10/site-packages/airflow/example_dags/tutorial.py
[2023-07-27T00:01:58.648-0300] {processor.py:826} INFO - Processing file /home/gabi/Documentos/Gabi/Indicium/code-challenge-indicium/ind_env/lib/python3.10/site-packages/airflow/example_dags/tutorial.py for tasks to queue
[2023-07-27T00:01:58.650-0300] {logging_mixin.py:150} INFO - [2023-07-27T00:01:58.649-0300] {dagbag.py:541} INFO - Filling up the DagBag from /home/gabi/Documentos/Gabi/Indicium/code-challenge-indicium/ind_env/lib/python3.10/site-packages/airflow/example_dags/tutorial.py
[2023-07-27T00:01:58.660-0300] {processor.py:836} INFO - DAG(s) dict_keys(['tutorial']) retrieved from /home/gabi/Documentos/Gabi/Indicium/code-challenge-indicium/ind_env/lib/python3.10/site-packages/airflow/example_dags/tutorial.py
[2023-07-27T00:01:58.692-0300] {logging_mixin.py:150} INFO - [2023-07-27T00:01:58.691-0300] {dag.py:2742} INFO - Sync 1 DAGs
[2023-07-27T00:01:58.735-0300] {logging_mixin.py:150} INFO - [2023-07-27T00:01:58.735-0300] {dag.py:3504} INFO - Setting next_dagrun for tutorial to 2023-07-26T03:01:58.734532+00:00, run_after=2023-07-27T03:01:58.734532+00:00
[2023-07-27T00:01:58.767-0300] {processor.py:179} INFO - Processing /home/gabi/Documentos/Gabi/Indicium/code-challenge-indicium/ind_env/lib/python3.10/site-packages/airflow/example_dags/tutorial.py took 0.126 seconds
[2023-07-27T00:02:42.754-0300] {processor.py:157} INFO - Started process (PID=10689) to work on /home/gabi/Documentos/Gabi/Indicium/code-challenge-indicium/ind_env/lib/python3.10/site-packages/airflow/example_dags/tutorial.py
[2023-07-27T00:02:42.757-0300] {processor.py:826} INFO - Processing file /home/gabi/Documentos/Gabi/Indicium/code-challenge-indicium/ind_env/lib/python3.10/site-packages/airflow/example_dags/tutorial.py for tasks to queue
[2023-07-27T00:02:42.758-0300] {logging_mixin.py:150} INFO - [2023-07-27T00:02:42.757-0300] {dagbag.py:541} INFO - Filling up the DagBag from /home/gabi/Documentos/Gabi/Indicium/code-challenge-indicium/ind_env/lib/python3.10/site-packages/airflow/example_dags/tutorial.py
[2023-07-27T00:02:42.770-0300] {processor.py:836} INFO - DAG(s) dict_keys(['tutorial']) retrieved from /home/gabi/Documentos/Gabi/Indicium/code-challenge-indicium/ind_env/lib/python3.10/site-packages/airflow/example_dags/tutorial.py
[2023-07-27T00:02:42.803-0300] {logging_mixin.py:150} INFO - [2023-07-27T00:02:42.802-0300] {dag.py:2742} INFO - Sync 1 DAGs
[2023-07-27T00:02:42.842-0300] {logging_mixin.py:150} INFO - [2023-07-27T00:02:42.842-0300] {dag.py:3504} INFO - Setting next_dagrun for tutorial to 2023-07-26T03:02:42.842298+00:00, run_after=2023-07-27T03:02:42.842298+00:00
[2023-07-27T00:02:42.890-0300] {processor.py:179} INFO - Processing /home/gabi/Documentos/Gabi/Indicium/code-challenge-indicium/ind_env/lib/python3.10/site-packages/airflow/example_dags/tutorial.py took 0.142 seconds
[2023-07-27T00:03:32.511-0300] {processor.py:157} INFO - Started process (PID=10838) to work on /home/gabi/Documentos/Gabi/Indicium/code-challenge-indicium/ind_env/lib/python3.10/site-packages/airflow/example_dags/tutorial.py
[2023-07-27T00:03:32.514-0300] {processor.py:826} INFO - Processing file /home/gabi/Documentos/Gabi/Indicium/code-challenge-indicium/ind_env/lib/python3.10/site-packages/airflow/example_dags/tutorial.py for tasks to queue
[2023-07-27T00:03:32.515-0300] {logging_mixin.py:150} INFO - [2023-07-27T00:03:32.515-0300] {dagbag.py:541} INFO - Filling up the DagBag from /home/gabi/Documentos/Gabi/Indicium/code-challenge-indicium/ind_env/lib/python3.10/site-packages/airflow/example_dags/tutorial.py
[2023-07-27T00:03:32.524-0300] {processor.py:836} INFO - DAG(s) dict_keys(['tutorial']) retrieved from /home/gabi/Documentos/Gabi/Indicium/code-challenge-indicium/ind_env/lib/python3.10/site-packages/airflow/example_dags/tutorial.py
[2023-07-27T00:03:32.545-0300] {logging_mixin.py:150} INFO - [2023-07-27T00:03:32.545-0300] {dag.py:2742} INFO - Sync 1 DAGs
[2023-07-27T00:03:32.570-0300] {logging_mixin.py:150} INFO - [2023-07-27T00:03:32.569-0300] {dag.py:3504} INFO - Setting next_dagrun for tutorial to 2023-07-26T03:03:32.569535+00:00, run_after=2023-07-27T03:03:32.569535+00:00
[2023-07-27T00:03:32.596-0300] {processor.py:179} INFO - Processing /home/gabi/Documentos/Gabi/Indicium/code-challenge-indicium/ind_env/lib/python3.10/site-packages/airflow/example_dags/tutorial.py took 0.089 seconds
[2023-07-27T20:29:51.425-0300] {processor.py:157} INFO - Started process (PID=13347) to work on /home/gabi/Documentos/Gabi/Indicium/code-challenge-indicium/ind_env/lib/python3.10/site-packages/airflow/example_dags/tutorial.py
[2023-07-27T20:29:51.427-0300] {processor.py:826} INFO - Processing file /home/gabi/Documentos/Gabi/Indicium/code-challenge-indicium/ind_env/lib/python3.10/site-packages/airflow/example_dags/tutorial.py for tasks to queue
[2023-07-27T20:29:51.428-0300] {logging_mixin.py:150} INFO - [2023-07-27T20:29:51.427-0300] {dagbag.py:541} INFO - Filling up the DagBag from /home/gabi/Documentos/Gabi/Indicium/code-challenge-indicium/ind_env/lib/python3.10/site-packages/airflow/example_dags/tutorial.py
[2023-07-27T20:29:51.446-0300] {processor.py:836} INFO - DAG(s) dict_keys(['tutorial']) retrieved from /home/gabi/Documentos/Gabi/Indicium/code-challenge-indicium/ind_env/lib/python3.10/site-packages/airflow/example_dags/tutorial.py
[2023-07-27T20:29:51.587-0300] {logging_mixin.py:150} INFO - [2023-07-27T20:29:51.587-0300] {dag.py:2742} INFO - Sync 1 DAGs
[2023-07-27T20:29:51.617-0300] {logging_mixin.py:150} INFO - [2023-07-27T20:29:51.617-0300] {dag.py:3504} INFO - Setting next_dagrun for tutorial to 2023-07-26T23:29:51.616669+00:00, run_after=2023-07-27T23:29:51.616669+00:00
[2023-07-27T20:29:51.655-0300] {processor.py:179} INFO - Processing /home/gabi/Documentos/Gabi/Indicium/code-challenge-indicium/ind_env/lib/python3.10/site-packages/airflow/example_dags/tutorial.py took 0.234 seconds
