[2023-07-25T10:53:49.539-0300] {taskinstance.py:1103} INFO - Dependencies all met for dep_context=non-requeueable deps ti=<TaskInstance: LH_ED_GABRIELLEMUNIZ.extract_write_local scheduled__2023-07-25T12:45:00+00:00 [queued]>
[2023-07-25T10:53:49.547-0300] {taskinstance.py:1103} INFO - Dependencies all met for dep_context=requeueable deps ti=<TaskInstance: LH_ED_GABRIELLEMUNIZ.extract_write_local scheduled__2023-07-25T12:45:00+00:00 [queued]>
[2023-07-25T10:53:49.547-0300] {taskinstance.py:1308} INFO - Starting attempt 1 of 4
[2023-07-25T10:53:49.570-0300] {taskinstance.py:1327} INFO - Executing <Task(PythonOperator): extract_write_local> on 2023-07-25 12:45:00+00:00
[2023-07-25T10:53:49.574-0300] {standard_task_runner.py:57} INFO - Started process 37206 to run task
[2023-07-25T10:53:49.578-0300] {standard_task_runner.py:84} INFO - Running: ['airflow', 'tasks', 'run', 'LH_ED_GABRIELLEMUNIZ', 'extract_write_local', 'scheduled__2023-07-25T12:45:00+00:00', '--job-id', '55', '--raw', '--subdir', 'DAGS_FOLDER/LH_ED_GABRIELLEMUNIZ.py', '--cfg-path', '/tmp/tmpmniepak2']
[2023-07-25T10:53:49.579-0300] {standard_task_runner.py:85} INFO - Job 55: Subtask extract_write_local
[2023-07-25T10:53:49.632-0300] {task_command.py:410} INFO - Running <TaskInstance: LH_ED_GABRIELLEMUNIZ.extract_write_local scheduled__2023-07-25T12:45:00+00:00 [running]> on host ubuntu
[2023-07-25T10:53:49.727-0300] {taskinstance.py:1545} INFO - Exporting env vars: AIRFLOW_CTX_DAG_OWNER='gabi' AIRFLOW_CTX_DAG_ID='LH_ED_GABRIELLEMUNIZ' AIRFLOW_CTX_TASK_ID='extract_write_local' AIRFLOW_CTX_EXECUTION_DATE='2023-07-25T12:45:00+00:00' AIRFLOW_CTX_TRY_NUMBER='1' AIRFLOW_CTX_DAG_RUN_ID='scheduled__2023-07-25T12:45:00+00:00'
[2023-07-25T10:53:49.894-0300] {logging_mixin.py:150} INFO - table
[2023-07-25T10:53:49.909-0300] {logging_mixin.py:150} WARNING - /home/gabi/Documentos/Gabi/Indicium/code-challenge-indicium/ind_env/lib/python3.10/site-packages/airflow/utils/context.py:313 AirflowContextDeprecationWarning: Accessing 'execution_date' from the template is deprecated and will be removed in a future version. Please use 'data_interval_start' or 'logical_date' instead.
[2023-07-25T10:53:49.910-0300] {logging_mixin.py:150} INFO - table
[2023-07-25T10:53:49.915-0300] {logging_mixin.py:150} INFO - table
[2023-07-25T10:53:49.918-0300] {logging_mixin.py:150} INFO - table
[2023-07-25T10:53:49.922-0300] {logging_mixin.py:150} INFO - table
[2023-07-25T10:53:49.928-0300] {logging_mixin.py:150} INFO - table
[2023-07-25T10:53:49.932-0300] {logging_mixin.py:150} INFO - table
[2023-07-25T10:53:49.935-0300] {logging_mixin.py:150} INFO - table
[2023-07-25T10:53:49.940-0300] {logging_mixin.py:150} INFO - table
[2023-07-25T10:53:49.948-0300] {logging_mixin.py:150} INFO - table
[2023-07-25T10:53:49.952-0300] {logging_mixin.py:150} INFO - table
[2023-07-25T10:53:49.955-0300] {logging_mixin.py:150} INFO - table
[2023-07-25T10:53:49.965-0300] {logging_mixin.py:150} INFO - table
[2023-07-25T10:53:50.006-0300] {python.py:183} INFO - Done. Returned value was: None
[2023-07-25T10:53:50.013-0300] {taskinstance.py:1345} INFO - Marking task as SUCCESS. dag_id=LH_ED_GABRIELLEMUNIZ, task_id=extract_write_local, execution_date=20230725T124500, start_date=20230725T135349, end_date=20230725T135350
[2023-07-25T10:53:50.070-0300] {local_task_job_runner.py:225} INFO - Task exited with return code 0
[2023-07-25T10:53:50.099-0300] {taskinstance.py:2653} INFO - 0 downstream tasks scheduled from follow-on schedule check
