[2023-07-25T11:07:15.482-0300] {taskinstance.py:1103} INFO - Dependencies all met for dep_context=non-requeueable deps ti=<TaskInstance: LH_ED_GABRIELLEMUNIZ.extract_write_local scheduled__2023-07-25T12:45:00+00:00 [queued]>
[2023-07-25T11:07:15.489-0300] {taskinstance.py:1103} INFO - Dependencies all met for dep_context=requeueable deps ti=<TaskInstance: LH_ED_GABRIELLEMUNIZ.extract_write_local scheduled__2023-07-25T12:45:00+00:00 [queued]>
[2023-07-25T11:07:15.489-0300] {taskinstance.py:1308} INFO - Starting attempt 5 of 8
[2023-07-25T11:07:15.508-0300] {taskinstance.py:1327} INFO - Executing <Task(PythonOperator): extract_write_local> on 2023-07-25 12:45:00+00:00
[2023-07-25T11:07:15.512-0300] {standard_task_runner.py:57} INFO - Started process 39684 to run task
[2023-07-25T11:07:15.516-0300] {standard_task_runner.py:84} INFO - Running: ['airflow', 'tasks', 'run', 'LH_ED_GABRIELLEMUNIZ', 'extract_write_local', 'scheduled__2023-07-25T12:45:00+00:00', '--job-id', '59', '--raw', '--subdir', 'DAGS_FOLDER/LH_ED_GABRIELLEMUNIZ.py', '--cfg-path', '/tmp/tmphcjx3fzk']
[2023-07-25T11:07:15.517-0300] {standard_task_runner.py:85} INFO - Job 59: Subtask extract_write_local
[2023-07-25T11:07:15.561-0300] {task_command.py:410} INFO - Running <TaskInstance: LH_ED_GABRIELLEMUNIZ.extract_write_local scheduled__2023-07-25T12:45:00+00:00 [running]> on host ubuntu
[2023-07-25T11:07:15.654-0300] {taskinstance.py:1545} INFO - Exporting env vars: AIRFLOW_CTX_DAG_OWNER='gabi' AIRFLOW_CTX_DAG_ID='LH_ED_GABRIELLEMUNIZ' AIRFLOW_CTX_TASK_ID='extract_write_local' AIRFLOW_CTX_EXECUTION_DATE='2023-07-25T12:45:00+00:00' AIRFLOW_CTX_TRY_NUMBER='5' AIRFLOW_CTX_DAG_RUN_ID='scheduled__2023-07-25T12:45:00+00:00'
[2023-07-25T11:07:15.677-0300] {logging_mixin.py:150} INFO - table
[2023-07-25T11:07:15.691-0300] {logging_mixin.py:150} WARNING - /home/gabi/Documentos/Gabi/Indicium/code-challenge-indicium/ind_env/lib/python3.10/site-packages/airflow/utils/context.py:313 AirflowContextDeprecationWarning: Accessing 'execution_date' from the template is deprecated and will be removed in a future version. Please use 'data_interval_start' or 'logical_date' instead.
[2023-07-25T11:07:15.692-0300] {logging_mixin.py:150} INFO - table
[2023-07-25T11:07:15.697-0300] {logging_mixin.py:150} INFO - table
[2023-07-25T11:07:15.700-0300] {logging_mixin.py:150} INFO - table
[2023-07-25T11:07:15.704-0300] {logging_mixin.py:150} INFO - table
[2023-07-25T11:07:15.708-0300] {logging_mixin.py:150} INFO - table
[2023-07-25T11:07:15.711-0300] {logging_mixin.py:150} INFO - table
[2023-07-25T11:07:15.715-0300] {logging_mixin.py:150} INFO - table
[2023-07-25T11:07:15.725-0300] {logging_mixin.py:150} INFO - table
[2023-07-25T11:07:15.731-0300] {logging_mixin.py:150} INFO - table
[2023-07-25T11:07:15.734-0300] {logging_mixin.py:150} INFO - table
[2023-07-25T11:07:15.738-0300] {logging_mixin.py:150} INFO - table
[2023-07-25T11:07:15.752-0300] {logging_mixin.py:150} INFO - table
[2023-07-25T11:07:15.815-0300] {python.py:183} INFO - Done. Returned value was: None
[2023-07-25T11:07:15.823-0300] {taskinstance.py:1345} INFO - Marking task as SUCCESS. dag_id=LH_ED_GABRIELLEMUNIZ, task_id=extract_write_local, execution_date=20230725T124500, start_date=20230725T140715, end_date=20230725T140715
[2023-07-25T11:07:15.848-0300] {local_task_job_runner.py:225} INFO - Task exited with return code 0
[2023-07-25T11:07:15.863-0300] {taskinstance.py:2653} INFO - 0 downstream tasks scheduled from follow-on schedule check
