[2023-07-25T11:06:20.248-0300] {taskinstance.py:1103} INFO - Dependencies all met for dep_context=non-requeueable deps ti=<TaskInstance: LH_ED_GABRIELLEMUNIZ.extract_write_local scheduled__2023-07-25T12:45:00+00:00 [queued]>
[2023-07-25T11:06:20.256-0300] {taskinstance.py:1103} INFO - Dependencies all met for dep_context=requeueable deps ti=<TaskInstance: LH_ED_GABRIELLEMUNIZ.extract_write_local scheduled__2023-07-25T12:45:00+00:00 [queued]>
[2023-07-25T11:06:20.256-0300] {taskinstance.py:1308} INFO - Starting attempt 4 of 7
[2023-07-25T11:06:20.277-0300] {taskinstance.py:1327} INFO - Executing <Task(PythonOperator): extract_write_local> on 2023-07-25 12:45:00+00:00
[2023-07-25T11:06:20.281-0300] {standard_task_runner.py:57} INFO - Started process 39524 to run task
[2023-07-25T11:06:20.286-0300] {standard_task_runner.py:84} INFO - Running: ['airflow', 'tasks', 'run', 'LH_ED_GABRIELLEMUNIZ', 'extract_write_local', 'scheduled__2023-07-25T12:45:00+00:00', '--job-id', '58', '--raw', '--subdir', 'DAGS_FOLDER/LH_ED_GABRIELLEMUNIZ.py', '--cfg-path', '/tmp/tmpf_one5tu']
[2023-07-25T11:06:20.287-0300] {standard_task_runner.py:85} INFO - Job 58: Subtask extract_write_local
[2023-07-25T11:06:20.333-0300] {task_command.py:410} INFO - Running <TaskInstance: LH_ED_GABRIELLEMUNIZ.extract_write_local scheduled__2023-07-25T12:45:00+00:00 [running]> on host ubuntu
[2023-07-25T11:06:20.402-0300] {taskinstance.py:1545} INFO - Exporting env vars: AIRFLOW_CTX_DAG_OWNER='gabi' AIRFLOW_CTX_DAG_ID='LH_ED_GABRIELLEMUNIZ' AIRFLOW_CTX_TASK_ID='extract_write_local' AIRFLOW_CTX_EXECUTION_DATE='2023-07-25T12:45:00+00:00' AIRFLOW_CTX_TRY_NUMBER='4' AIRFLOW_CTX_DAG_RUN_ID='scheduled__2023-07-25T12:45:00+00:00'
[2023-07-25T11:06:20.425-0300] {logging_mixin.py:150} INFO - table
[2023-07-25T11:06:20.434-0300] {logging_mixin.py:150} WARNING - /home/gabi/Documentos/Gabi/Indicium/code-challenge-indicium/ind_env/lib/python3.10/site-packages/airflow/utils/context.py:313 AirflowContextDeprecationWarning: Accessing 'execution_date' from the template is deprecated and will be removed in a future version. Please use 'data_interval_start' or 'logical_date' instead.
[2023-07-25T11:06:20.435-0300] {logging_mixin.py:150} INFO - table
[2023-07-25T11:06:20.439-0300] {logging_mixin.py:150} INFO - table
[2023-07-25T11:06:20.441-0300] {logging_mixin.py:150} INFO - table
[2023-07-25T11:06:20.445-0300] {logging_mixin.py:150} INFO - table
[2023-07-25T11:06:20.448-0300] {logging_mixin.py:150} INFO - table
[2023-07-25T11:06:20.451-0300] {logging_mixin.py:150} INFO - table
[2023-07-25T11:06:20.454-0300] {logging_mixin.py:150} INFO - table
[2023-07-25T11:06:20.457-0300] {logging_mixin.py:150} INFO - table
[2023-07-25T11:06:20.460-0300] {logging_mixin.py:150} INFO - table
[2023-07-25T11:06:20.463-0300] {logging_mixin.py:150} INFO - table
[2023-07-25T11:06:20.466-0300] {logging_mixin.py:150} INFO - table
[2023-07-25T11:06:20.470-0300] {logging_mixin.py:150} INFO - table
[2023-07-25T11:06:20.498-0300] {taskinstance.py:1824} ERROR - Task failed with exception
Traceback (most recent call last):
  File "/home/gabi/Documentos/Gabi/Indicium/code-challenge-indicium/ind_env/lib/python3.10/site-packages/airflow/operators/python.py", line 181, in execute
    return_value = self.execute_callable()
  File "/home/gabi/Documentos/Gabi/Indicium/code-challenge-indicium/ind_env/lib/python3.10/site-packages/airflow/operators/python.py", line 198, in execute_callable
    return self.python_callable(*self.op_args, **self.op_kwargs)
  File "/home/gabi/Documentos/Gabi/Indicium/code-challenge-indicium/dags/LH_ED_GABRIELLEMUNIZ.py", line 98, in extract_write_local
    extract_write_csv(date)
  File "/home/gabi/Documentos/Gabi/Indicium/code-challenge-indicium/dags/LH_ED_GABRIELLEMUNIZ.py", line 22, in extract_write_csv
    for row in reader:
ValueError: I/O operation on closed file.
[2023-07-25T11:06:20.505-0300] {taskinstance.py:1345} INFO - Marking task as UP_FOR_RETRY. dag_id=LH_ED_GABRIELLEMUNIZ, task_id=extract_write_local, execution_date=20230725T124500, start_date=20230725T140620, end_date=20230725T140620
[2023-07-25T11:06:20.526-0300] {standard_task_runner.py:104} ERROR - Failed to execute job 58 for task extract_write_local (I/O operation on closed file.; 39524)
[2023-07-25T11:06:20.537-0300] {local_task_job_runner.py:225} INFO - Task exited with return code 1
[2023-07-25T11:06:20.555-0300] {taskinstance.py:2653} INFO - 0 downstream tasks scheduled from follow-on schedule check
