[2023-07-25T11:05:09.791-0300] {taskinstance.py:1103} INFO - Dependencies all met for dep_context=non-requeueable deps ti=<TaskInstance: LH_ED_GABRIELLEMUNIZ.extract_write_local scheduled__2023-07-25T12:45:00+00:00 [queued]>
[2023-07-25T11:05:09.797-0300] {taskinstance.py:1103} INFO - Dependencies all met for dep_context=requeueable deps ti=<TaskInstance: LH_ED_GABRIELLEMUNIZ.extract_write_local scheduled__2023-07-25T12:45:00+00:00 [queued]>
[2023-07-25T11:05:09.798-0300] {taskinstance.py:1308} INFO - Starting attempt 3 of 6
[2023-07-25T11:05:09.818-0300] {taskinstance.py:1327} INFO - Executing <Task(PythonOperator): extract_write_local> on 2023-07-25 12:45:00+00:00
[2023-07-25T11:05:09.821-0300] {standard_task_runner.py:57} INFO - Started process 39321 to run task
[2023-07-25T11:05:09.826-0300] {standard_task_runner.py:84} INFO - Running: ['airflow', 'tasks', 'run', 'LH_ED_GABRIELLEMUNIZ', 'extract_write_local', 'scheduled__2023-07-25T12:45:00+00:00', '--job-id', '57', '--raw', '--subdir', 'DAGS_FOLDER/LH_ED_GABRIELLEMUNIZ.py', '--cfg-path', '/tmp/tmpttoon79e']
[2023-07-25T11:05:09.826-0300] {standard_task_runner.py:85} INFO - Job 57: Subtask extract_write_local
[2023-07-25T11:05:09.872-0300] {task_command.py:410} INFO - Running <TaskInstance: LH_ED_GABRIELLEMUNIZ.extract_write_local scheduled__2023-07-25T12:45:00+00:00 [running]> on host ubuntu
[2023-07-25T11:05:09.941-0300] {taskinstance.py:1545} INFO - Exporting env vars: AIRFLOW_CTX_DAG_OWNER='gabi' AIRFLOW_CTX_DAG_ID='LH_ED_GABRIELLEMUNIZ' AIRFLOW_CTX_TASK_ID='extract_write_local' AIRFLOW_CTX_EXECUTION_DATE='2023-07-25T12:45:00+00:00' AIRFLOW_CTX_TRY_NUMBER='3' AIRFLOW_CTX_DAG_RUN_ID='scheduled__2023-07-25T12:45:00+00:00'
[2023-07-25T11:05:09.963-0300] {logging_mixin.py:150} INFO - table
[2023-07-25T11:05:09.972-0300] {logging_mixin.py:150} WARNING - /home/gabi/Documentos/Gabi/Indicium/code-challenge-indicium/ind_env/lib/python3.10/site-packages/airflow/utils/context.py:313 AirflowContextDeprecationWarning: Accessing 'execution_date' from the template is deprecated and will be removed in a future version. Please use 'data_interval_start' or 'logical_date' instead.
[2023-07-25T11:05:09.973-0300] {logging_mixin.py:150} INFO - table
[2023-07-25T11:05:09.976-0300] {logging_mixin.py:150} INFO - table
[2023-07-25T11:05:09.979-0300] {logging_mixin.py:150} INFO - table
[2023-07-25T11:05:09.981-0300] {logging_mixin.py:150} INFO - table
[2023-07-25T11:05:09.984-0300] {logging_mixin.py:150} INFO - table
[2023-07-25T11:05:09.987-0300] {logging_mixin.py:150} INFO - table
[2023-07-25T11:05:09.990-0300] {logging_mixin.py:150} INFO - table
[2023-07-25T11:05:09.992-0300] {logging_mixin.py:150} INFO - table
[2023-07-25T11:05:09.996-0300] {logging_mixin.py:150} INFO - table
[2023-07-25T11:05:09.999-0300] {logging_mixin.py:150} INFO - table
[2023-07-25T11:05:10.001-0300] {logging_mixin.py:150} INFO - table
[2023-07-25T11:05:10.006-0300] {logging_mixin.py:150} INFO - table
[2023-07-25T11:05:10.025-0300] {taskinstance.py:1824} ERROR - Task failed with exception
Traceback (most recent call last):
  File "/home/gabi/Documentos/Gabi/Indicium/code-challenge-indicium/ind_env/lib/python3.10/site-packages/airflow/operators/python.py", line 181, in execute
    return_value = self.execute_callable()
  File "/home/gabi/Documentos/Gabi/Indicium/code-challenge-indicium/ind_env/lib/python3.10/site-packages/airflow/operators/python.py", line 198, in execute_callable
    return self.python_callable(*self.op_args, **self.op_kwargs)
  File "/home/gabi/Documentos/Gabi/Indicium/code-challenge-indicium/dags/LH_ED_GABRIELLEMUNIZ.py", line 98, in extract_write_local
    extract_write_csv(date)
  File "/home/gabi/Documentos/Gabi/Indicium/code-challenge-indicium/dags/LH_ED_GABRIELLEMUNIZ.py", line 22, in extract_write_csv
    for row in reader:
ValueError: I/O operation on closed file.
[2023-07-25T11:05:10.031-0300] {taskinstance.py:1345} INFO - Marking task as UP_FOR_RETRY. dag_id=LH_ED_GABRIELLEMUNIZ, task_id=extract_write_local, execution_date=20230725T124500, start_date=20230725T140509, end_date=20230725T140510
[2023-07-25T11:05:10.049-0300] {standard_task_runner.py:104} ERROR - Failed to execute job 57 for task extract_write_local (I/O operation on closed file.; 39321)
[2023-07-25T11:05:10.077-0300] {local_task_job_runner.py:225} INFO - Task exited with return code 1
[2023-07-25T11:05:10.094-0300] {taskinstance.py:2653} INFO - 0 downstream tasks scheduled from follow-on schedule check
