[2023-07-24T21:45:03.381-0300] {taskinstance.py:1103} INFO - Dependencies all met for dep_context=non-requeueable deps ti=<TaskInstance: LH_ED_GABRIELLEMUNIZ.extract_write_local scheduled__2023-07-24T23:45:00+00:00 [queued]>
[2023-07-24T21:45:03.388-0300] {taskinstance.py:1103} INFO - Dependencies all met for dep_context=requeueable deps ti=<TaskInstance: LH_ED_GABRIELLEMUNIZ.extract_write_local scheduled__2023-07-24T23:45:00+00:00 [queued]>
[2023-07-24T21:45:03.388-0300] {taskinstance.py:1308} INFO - Starting attempt 1 of 4
[2023-07-24T21:45:03.407-0300] {taskinstance.py:1327} INFO - Executing <Task(PythonOperator): extract_write_local> on 2023-07-24 23:45:00+00:00
[2023-07-24T21:45:03.411-0300] {standard_task_runner.py:57} INFO - Started process 31833 to run task
[2023-07-24T21:45:03.415-0300] {standard_task_runner.py:84} INFO - Running: ['airflow', 'tasks', 'run', 'LH_ED_GABRIELLEMUNIZ', 'extract_write_local', 'scheduled__2023-07-24T23:45:00+00:00', '--job-id', '53', '--raw', '--subdir', 'DAGS_FOLDER/LH_ED_GABRIELLEMUNIZ.py', '--cfg-path', '/tmp/tmpxkc1kakg']
[2023-07-24T21:45:03.416-0300] {standard_task_runner.py:85} INFO - Job 53: Subtask extract_write_local
[2023-07-24T21:45:03.472-0300] {task_command.py:410} INFO - Running <TaskInstance: LH_ED_GABRIELLEMUNIZ.extract_write_local scheduled__2023-07-24T23:45:00+00:00 [running]> on host ubuntu
[2023-07-24T21:45:03.573-0300] {taskinstance.py:1545} INFO - Exporting env vars: AIRFLOW_CTX_DAG_OWNER='gabi' AIRFLOW_CTX_DAG_ID='LH_ED_GABRIELLEMUNIZ' AIRFLOW_CTX_TASK_ID='extract_write_local' AIRFLOW_CTX_EXECUTION_DATE='2023-07-24T23:45:00+00:00' AIRFLOW_CTX_TRY_NUMBER='1' AIRFLOW_CTX_DAG_RUN_ID='scheduled__2023-07-24T23:45:00+00:00'
[2023-07-24T21:45:03.595-0300] {logging_mixin.py:150} INFO - table
[2023-07-24T21:45:03.606-0300] {logging_mixin.py:150} WARNING - /home/gabi/Documentos/Gabi/Indicium/code-challenge-indicium/ind_env/lib/python3.10/site-packages/airflow/utils/context.py:313 AirflowContextDeprecationWarning: Accessing 'execution_date' from the template is deprecated and will be removed in a future version. Please use 'data_interval_start' or 'logical_date' instead.
[2023-07-24T21:45:03.607-0300] {logging_mixin.py:150} INFO - table
[2023-07-24T21:45:03.615-0300] {logging_mixin.py:150} INFO - table
[2023-07-24T21:45:03.618-0300] {logging_mixin.py:150} INFO - table
[2023-07-24T21:45:03.620-0300] {logging_mixin.py:150} INFO - table
[2023-07-24T21:45:03.622-0300] {logging_mixin.py:150} INFO - table
[2023-07-24T21:45:03.625-0300] {logging_mixin.py:150} INFO - table
[2023-07-24T21:45:03.627-0300] {logging_mixin.py:150} INFO - table
[2023-07-24T21:45:03.630-0300] {logging_mixin.py:150} INFO - table
[2023-07-24T21:45:03.632-0300] {logging_mixin.py:150} INFO - table
[2023-07-24T21:45:03.635-0300] {logging_mixin.py:150} INFO - table
[2023-07-24T21:45:03.637-0300] {logging_mixin.py:150} INFO - table
[2023-07-24T21:45:03.641-0300] {logging_mixin.py:150} INFO - table
[2023-07-24T21:45:03.675-0300] {python.py:183} INFO - Done. Returned value was: None
[2023-07-24T21:45:03.680-0300] {taskinstance.py:1345} INFO - Marking task as SUCCESS. dag_id=LH_ED_GABRIELLEMUNIZ, task_id=extract_write_local, execution_date=20230724T234500, start_date=20230725T004503, end_date=20230725T004503
[2023-07-24T21:45:03.707-0300] {local_task_job_runner.py:225} INFO - Task exited with return code 0
[2023-07-24T21:45:03.732-0300] {taskinstance.py:2653} INFO - 0 downstream tasks scheduled from follow-on schedule check
