[2023-07-24T21:33:43.413-0300] {taskinstance.py:1103} INFO - Dependencies all met for dep_context=non-requeueable deps ti=<TaskInstance: LH_ED_GABRIELLEMUNIZ.extract_write_local scheduled__2023-07-24T22:45:00+00:00 [queued]>
[2023-07-24T21:33:43.419-0300] {taskinstance.py:1103} INFO - Dependencies all met for dep_context=requeueable deps ti=<TaskInstance: LH_ED_GABRIELLEMUNIZ.extract_write_local scheduled__2023-07-24T22:45:00+00:00 [queued]>
[2023-07-24T21:33:43.420-0300] {taskinstance.py:1308} INFO - Starting attempt 19 of 22
[2023-07-24T21:33:43.439-0300] {taskinstance.py:1327} INFO - Executing <Task(PythonOperator): extract_write_local> on 2023-07-24 22:45:00+00:00
[2023-07-24T21:33:43.443-0300] {standard_task_runner.py:57} INFO - Started process 29853 to run task
[2023-07-24T21:33:43.447-0300] {standard_task_runner.py:84} INFO - Running: ['airflow', 'tasks', 'run', 'LH_ED_GABRIELLEMUNIZ', 'extract_write_local', 'scheduled__2023-07-24T22:45:00+00:00', '--job-id', '52', '--raw', '--subdir', 'DAGS_FOLDER/LH_ED_GABRIELLEMUNIZ.py', '--cfg-path', '/tmp/tmp_ejugnf_']
[2023-07-24T21:33:43.448-0300] {standard_task_runner.py:85} INFO - Job 52: Subtask extract_write_local
[2023-07-24T21:33:43.493-0300] {task_command.py:410} INFO - Running <TaskInstance: LH_ED_GABRIELLEMUNIZ.extract_write_local scheduled__2023-07-24T22:45:00+00:00 [running]> on host ubuntu
[2023-07-24T21:33:43.612-0300] {taskinstance.py:1545} INFO - Exporting env vars: AIRFLOW_CTX_DAG_OWNER='gabi' AIRFLOW_CTX_DAG_ID='LH_ED_GABRIELLEMUNIZ' AIRFLOW_CTX_TASK_ID='extract_write_local' AIRFLOW_CTX_EXECUTION_DATE='2023-07-24T22:45:00+00:00' AIRFLOW_CTX_TRY_NUMBER='19' AIRFLOW_CTX_DAG_RUN_ID='scheduled__2023-07-24T22:45:00+00:00'
[2023-07-24T21:33:43.637-0300] {logging_mixin.py:150} INFO - table
[2023-07-24T21:33:43.647-0300] {logging_mixin.py:150} WARNING - /home/gabi/Documentos/Gabi/Indicium/code-challenge-indicium/ind_env/lib/python3.10/site-packages/airflow/utils/context.py:313 AirflowContextDeprecationWarning: Accessing 'execution_date' from the template is deprecated and will be removed in a future version. Please use 'data_interval_start' or 'logical_date' instead.
[2023-07-24T21:33:43.648-0300] {logging_mixin.py:150} INFO - table
[2023-07-24T21:33:43.651-0300] {logging_mixin.py:150} INFO - table
[2023-07-24T21:33:43.654-0300] {logging_mixin.py:150} INFO - table
[2023-07-24T21:33:43.657-0300] {logging_mixin.py:150} INFO - table
[2023-07-24T21:33:43.660-0300] {logging_mixin.py:150} INFO - table
[2023-07-24T21:33:43.663-0300] {logging_mixin.py:150} INFO - table
[2023-07-24T21:33:43.665-0300] {logging_mixin.py:150} INFO - table
[2023-07-24T21:33:43.668-0300] {logging_mixin.py:150} INFO - table
[2023-07-24T21:33:43.672-0300] {logging_mixin.py:150} INFO - table
[2023-07-24T21:33:43.676-0300] {logging_mixin.py:150} INFO - table
[2023-07-24T21:33:43.679-0300] {logging_mixin.py:150} INFO - table
[2023-07-24T21:33:43.685-0300] {logging_mixin.py:150} INFO - table
[2023-07-24T21:33:43.725-0300] {python.py:183} INFO - Done. Returned value was: None
[2023-07-24T21:33:43.731-0300] {taskinstance.py:1345} INFO - Marking task as SUCCESS. dag_id=LH_ED_GABRIELLEMUNIZ, task_id=extract_write_local, execution_date=20230724T224500, start_date=20230725T003343, end_date=20230725T003343
[2023-07-24T21:33:43.780-0300] {local_task_job_runner.py:225} INFO - Task exited with return code 0
[2023-07-24T21:33:43.815-0300] {taskinstance.py:2653} INFO - 0 downstream tasks scheduled from follow-on schedule check
