[2023-07-24T21:32:49.270-0300] {taskinstance.py:1103} INFO - Dependencies all met for dep_context=non-requeueable deps ti=<TaskInstance: LH_ED_GABRIELLEMUNIZ.extract_write_local scheduled__2023-07-24T22:45:00+00:00 [queued]>
[2023-07-24T21:32:49.277-0300] {taskinstance.py:1103} INFO - Dependencies all met for dep_context=requeueable deps ti=<TaskInstance: LH_ED_GABRIELLEMUNIZ.extract_write_local scheduled__2023-07-24T22:45:00+00:00 [queued]>
[2023-07-24T21:32:49.278-0300] {taskinstance.py:1308} INFO - Starting attempt 18 of 21
[2023-07-24T21:32:49.300-0300] {taskinstance.py:1327} INFO - Executing <Task(PythonOperator): extract_write_local> on 2023-07-24 22:45:00+00:00
[2023-07-24T21:32:49.304-0300] {standard_task_runner.py:57} INFO - Started process 29655 to run task
[2023-07-24T21:32:49.308-0300] {standard_task_runner.py:84} INFO - Running: ['airflow', 'tasks', 'run', 'LH_ED_GABRIELLEMUNIZ', 'extract_write_local', 'scheduled__2023-07-24T22:45:00+00:00', '--job-id', '51', '--raw', '--subdir', 'DAGS_FOLDER/LH_ED_GABRIELLEMUNIZ.py', '--cfg-path', '/tmp/tmpyuqwt652']
[2023-07-24T21:32:49.308-0300] {standard_task_runner.py:85} INFO - Job 51: Subtask extract_write_local
[2023-07-24T21:32:49.353-0300] {task_command.py:410} INFO - Running <TaskInstance: LH_ED_GABRIELLEMUNIZ.extract_write_local scheduled__2023-07-24T22:45:00+00:00 [running]> on host ubuntu
[2023-07-24T21:32:49.427-0300] {taskinstance.py:1545} INFO - Exporting env vars: AIRFLOW_CTX_DAG_OWNER='gabi' AIRFLOW_CTX_DAG_ID='LH_ED_GABRIELLEMUNIZ' AIRFLOW_CTX_TASK_ID='extract_write_local' AIRFLOW_CTX_EXECUTION_DATE='2023-07-24T22:45:00+00:00' AIRFLOW_CTX_TRY_NUMBER='18' AIRFLOW_CTX_DAG_RUN_ID='scheduled__2023-07-24T22:45:00+00:00'
[2023-07-24T21:32:49.447-0300] {logging_mixin.py:150} INFO - table
[2023-07-24T21:32:49.456-0300] {logging_mixin.py:150} WARNING - /home/gabi/Documentos/Gabi/Indicium/code-challenge-indicium/ind_env/lib/python3.10/site-packages/airflow/utils/context.py:313 AirflowContextDeprecationWarning: Accessing 'execution_date' from the template is deprecated and will be removed in a future version. Please use 'data_interval_start' or 'logical_date' instead.
[2023-07-24T21:32:49.457-0300] {logging_mixin.py:150} INFO - table
[2023-07-24T21:32:49.461-0300] {logging_mixin.py:150} INFO - table
[2023-07-24T21:32:49.463-0300] {logging_mixin.py:150} INFO - table
[2023-07-24T21:32:49.465-0300] {logging_mixin.py:150} INFO - table
[2023-07-24T21:32:49.468-0300] {logging_mixin.py:150} INFO - table
[2023-07-24T21:32:49.470-0300] {logging_mixin.py:150} INFO - table
[2023-07-24T21:32:49.472-0300] {logging_mixin.py:150} INFO - table
[2023-07-24T21:32:49.474-0300] {logging_mixin.py:150} INFO - table
[2023-07-24T21:32:49.478-0300] {logging_mixin.py:150} INFO - table
[2023-07-24T21:32:49.481-0300] {logging_mixin.py:150} INFO - table
[2023-07-24T21:32:49.483-0300] {logging_mixin.py:150} INFO - table
[2023-07-24T21:32:49.487-0300] {logging_mixin.py:150} INFO - table
[2023-07-24T21:32:49.505-0300] {taskinstance.py:1824} ERROR - Task failed with exception
Traceback (most recent call last):
  File "/home/gabi/Documentos/Gabi/Indicium/code-challenge-indicium/ind_env/lib/python3.10/site-packages/airflow/operators/python.py", line 181, in execute
    return_value = self.execute_callable()
  File "/home/gabi/Documentos/Gabi/Indicium/code-challenge-indicium/ind_env/lib/python3.10/site-packages/airflow/operators/python.py", line 198, in execute_callable
    return self.python_callable(*self.op_args, **self.op_kwargs)
  File "/home/gabi/Documentos/Gabi/Indicium/code-challenge-indicium/dags/LH_ED_GABRIELLEMUNIZ.py", line 94, in extract_write_local
    extract_write_csv(date)
NameError: name 'extract_write_csv' is not defined. Did you mean: 'extract_write_local'?
[2023-07-24T21:32:49.519-0300] {taskinstance.py:1345} INFO - Marking task as UP_FOR_RETRY. dag_id=LH_ED_GABRIELLEMUNIZ, task_id=extract_write_local, execution_date=20230724T224500, start_date=20230725T003249, end_date=20230725T003249
[2023-07-24T21:32:49.537-0300] {standard_task_runner.py:104} ERROR - Failed to execute job 51 for task extract_write_local (name 'extract_write_csv' is not defined; 29655)
[2023-07-24T21:32:49.561-0300] {local_task_job_runner.py:225} INFO - Task exited with return code 1
[2023-07-24T21:32:49.584-0300] {taskinstance.py:2653} INFO - 0 downstream tasks scheduled from follow-on schedule check
