[2023-07-24T21:32:35.572-0300] {taskinstance.py:1103} INFO - Dependencies all met for dep_context=non-requeueable deps ti=<TaskInstance: LH_ED_GABRIELLEMUNIZ.extract_write_local scheduled__2023-07-24T22:45:00+00:00 [queued]>
[2023-07-24T21:32:35.581-0300] {taskinstance.py:1103} INFO - Dependencies all met for dep_context=requeueable deps ti=<TaskInstance: LH_ED_GABRIELLEMUNIZ.extract_write_local scheduled__2023-07-24T22:45:00+00:00 [queued]>
[2023-07-24T21:32:35.581-0300] {taskinstance.py:1308} INFO - Starting attempt 17 of 18
[2023-07-24T21:32:35.603-0300] {taskinstance.py:1327} INFO - Executing <Task(PythonOperator): extract_write_local> on 2023-07-24 22:45:00+00:00
[2023-07-24T21:32:35.608-0300] {standard_task_runner.py:57} INFO - Started process 29598 to run task
[2023-07-24T21:32:35.613-0300] {standard_task_runner.py:84} INFO - Running: ['airflow', 'tasks', 'run', 'LH_ED_GABRIELLEMUNIZ', 'extract_write_local', 'scheduled__2023-07-24T22:45:00+00:00', '--job-id', '50', '--raw', '--subdir', 'DAGS_FOLDER/LH_ED_GABRIELLEMUNIZ.py', '--cfg-path', '/tmp/tmp3xp8j1mt']
[2023-07-24T21:32:35.614-0300] {standard_task_runner.py:85} INFO - Job 50: Subtask extract_write_local
[2023-07-24T21:32:35.659-0300] {task_command.py:410} INFO - Running <TaskInstance: LH_ED_GABRIELLEMUNIZ.extract_write_local scheduled__2023-07-24T22:45:00+00:00 [running]> on host ubuntu
[2023-07-24T21:32:35.738-0300] {taskinstance.py:1545} INFO - Exporting env vars: AIRFLOW_CTX_DAG_OWNER='gabi' AIRFLOW_CTX_DAG_ID='LH_ED_GABRIELLEMUNIZ' AIRFLOW_CTX_TASK_ID='extract_write_local' AIRFLOW_CTX_EXECUTION_DATE='2023-07-24T22:45:00+00:00' AIRFLOW_CTX_TRY_NUMBER='17' AIRFLOW_CTX_DAG_RUN_ID='scheduled__2023-07-24T22:45:00+00:00'
[2023-07-24T21:32:35.762-0300] {logging_mixin.py:150} INFO - table
[2023-07-24T21:32:35.772-0300] {logging_mixin.py:150} WARNING - /home/gabi/Documentos/Gabi/Indicium/code-challenge-indicium/ind_env/lib/python3.10/site-packages/airflow/utils/context.py:313 AirflowContextDeprecationWarning: Accessing 'execution_date' from the template is deprecated and will be removed in a future version. Please use 'data_interval_start' or 'logical_date' instead.
[2023-07-24T21:32:35.772-0300] {logging_mixin.py:150} INFO - table
[2023-07-24T21:32:35.775-0300] {logging_mixin.py:150} INFO - table
[2023-07-24T21:32:35.778-0300] {logging_mixin.py:150} INFO - table
[2023-07-24T21:32:35.780-0300] {logging_mixin.py:150} INFO - table
[2023-07-24T21:32:35.783-0300] {logging_mixin.py:150} INFO - table
[2023-07-24T21:32:35.785-0300] {logging_mixin.py:150} INFO - table
[2023-07-24T21:32:35.788-0300] {logging_mixin.py:150} INFO - table
[2023-07-24T21:32:35.790-0300] {logging_mixin.py:150} INFO - table
[2023-07-24T21:32:35.794-0300] {logging_mixin.py:150} INFO - table
[2023-07-24T21:32:35.796-0300] {logging_mixin.py:150} INFO - table
[2023-07-24T21:32:35.799-0300] {logging_mixin.py:150} INFO - table
[2023-07-24T21:32:35.803-0300] {logging_mixin.py:150} INFO - table
[2023-07-24T21:32:35.821-0300] {taskinstance.py:1824} ERROR - Task failed with exception
Traceback (most recent call last):
  File "/home/gabi/Documentos/Gabi/Indicium/code-challenge-indicium/ind_env/lib/python3.10/site-packages/airflow/operators/python.py", line 181, in execute
    return_value = self.execute_callable()
  File "/home/gabi/Documentos/Gabi/Indicium/code-challenge-indicium/ind_env/lib/python3.10/site-packages/airflow/operators/python.py", line 198, in execute_callable
    return self.python_callable(*self.op_args, **self.op_kwargs)
  File "/home/gabi/Documentos/Gabi/Indicium/code-challenge-indicium/dags/LH_ED_GABRIELLEMUNIZ.py", line 94, in extract_write_local
    extract_write_csv(date)
NameError: name 'extract_write_csv' is not defined. Did you mean: 'extract_write_local'?
[2023-07-24T21:32:35.832-0300] {taskinstance.py:1345} INFO - Marking task as UP_FOR_RETRY. dag_id=LH_ED_GABRIELLEMUNIZ, task_id=extract_write_local, execution_date=20230724T224500, start_date=20230725T003235, end_date=20230725T003235
[2023-07-24T21:32:35.848-0300] {standard_task_runner.py:104} ERROR - Failed to execute job 50 for task extract_write_local (name 'extract_write_csv' is not defined; 29598)
[2023-07-24T21:32:35.865-0300] {local_task_job_runner.py:225} INFO - Task exited with return code 1
[2023-07-24T21:32:35.884-0300] {taskinstance.py:2653} INFO - 0 downstream tasks scheduled from follow-on schedule check
