[2023-07-24T21:22:46.587-0300] {taskinstance.py:1103} INFO - Dependencies all met for dep_context=non-requeueable deps ti=<TaskInstance: LH_ED_GABRIELLEMUNIZ.extract_write_local scheduled__2023-07-24T22:45:00+00:00 [queued]>
[2023-07-24T21:22:46.594-0300] {taskinstance.py:1103} INFO - Dependencies all met for dep_context=requeueable deps ti=<TaskInstance: LH_ED_GABRIELLEMUNIZ.extract_write_local scheduled__2023-07-24T22:45:00+00:00 [queued]>
[2023-07-24T21:22:46.595-0300] {taskinstance.py:1308} INFO - Starting attempt 13 of 16
[2023-07-24T21:22:46.616-0300] {taskinstance.py:1327} INFO - Executing <Task(PythonOperator): extract_write_local> on 2023-07-24 22:45:00+00:00
[2023-07-24T21:22:46.621-0300] {standard_task_runner.py:57} INFO - Started process 27819 to run task
[2023-07-24T21:22:46.625-0300] {standard_task_runner.py:84} INFO - Running: ['airflow', 'tasks', 'run', 'LH_ED_GABRIELLEMUNIZ', 'extract_write_local', 'scheduled__2023-07-24T22:45:00+00:00', '--job-id', '46', '--raw', '--subdir', 'DAGS_FOLDER/LH_ED_GABRIELLEMUNIZ.py', '--cfg-path', '/tmp/tmp5xg6i16p']
[2023-07-24T21:22:46.625-0300] {standard_task_runner.py:85} INFO - Job 46: Subtask extract_write_local
[2023-07-24T21:22:46.674-0300] {task_command.py:410} INFO - Running <TaskInstance: LH_ED_GABRIELLEMUNIZ.extract_write_local scheduled__2023-07-24T22:45:00+00:00 [running]> on host ubuntu
[2023-07-24T21:22:46.755-0300] {taskinstance.py:1545} INFO - Exporting env vars: AIRFLOW_CTX_DAG_OWNER='gabi' AIRFLOW_CTX_DAG_ID='LH_ED_GABRIELLEMUNIZ' AIRFLOW_CTX_TASK_ID='extract_write_local' AIRFLOW_CTX_EXECUTION_DATE='2023-07-24T22:45:00+00:00' AIRFLOW_CTX_TRY_NUMBER='13' AIRFLOW_CTX_DAG_RUN_ID='scheduled__2023-07-24T22:45:00+00:00'
[2023-07-24T21:22:46.764-0300] {logging_mixin.py:150} WARNING - /home/gabi/Documentos/Gabi/Indicium/code-challenge-indicium/ind_env/lib/python3.10/site-packages/airflow/utils/context.py:313 AirflowContextDeprecationWarning: Accessing 'execution_date' from the template is deprecated and will be removed in a future version. Please use 'data_interval_start' or 'logical_date' instead.
[2023-07-24T21:22:46.802-0300] {logging_mixin.py:150} INFO - table
[2023-07-24T21:22:46.806-0300] {logging_mixin.py:150} INFO - table
[2023-07-24T21:22:46.810-0300] {logging_mixin.py:150} INFO - table
[2023-07-24T21:22:46.813-0300] {logging_mixin.py:150} INFO - table
[2023-07-24T21:22:46.816-0300] {logging_mixin.py:150} INFO - table
[2023-07-24T21:22:46.820-0300] {logging_mixin.py:150} INFO - table
[2023-07-24T21:22:46.823-0300] {logging_mixin.py:150} INFO - table
[2023-07-24T21:22:46.826-0300] {logging_mixin.py:150} INFO - table
[2023-07-24T21:22:46.829-0300] {logging_mixin.py:150} INFO - table
[2023-07-24T21:22:46.833-0300] {logging_mixin.py:150} INFO - table
[2023-07-24T21:22:46.839-0300] {logging_mixin.py:150} INFO - table
[2023-07-24T21:22:46.843-0300] {logging_mixin.py:150} INFO - table
[2023-07-24T21:22:46.848-0300] {logging_mixin.py:150} INFO - table
[2023-07-24T21:22:46.867-0300] {python.py:183} INFO - Done. Returned value was: None
[2023-07-24T21:22:46.875-0300] {taskinstance.py:1345} INFO - Marking task as SUCCESS. dag_id=LH_ED_GABRIELLEMUNIZ, task_id=extract_write_local, execution_date=20230724T224500, start_date=20230725T002246, end_date=20230725T002246
[2023-07-24T21:22:46.916-0300] {local_task_job_runner.py:225} INFO - Task exited with return code 0
[2023-07-24T21:22:46.941-0300] {taskinstance.py:2653} INFO - 0 downstream tasks scheduled from follow-on schedule check
