[2023-07-24T21:05:35.285-0300] {taskinstance.py:1103} INFO - Dependencies all met for dep_context=non-requeueable deps ti=<TaskInstance: LH_ED_GABRIELLEMUNIZ.extract_write_local scheduled__2023-07-24T22:45:00+00:00 [queued]>
[2023-07-24T21:05:35.292-0300] {taskinstance.py:1103} INFO - Dependencies all met for dep_context=requeueable deps ti=<TaskInstance: LH_ED_GABRIELLEMUNIZ.extract_write_local scheduled__2023-07-24T22:45:00+00:00 [queued]>
[2023-07-24T21:05:35.292-0300] {taskinstance.py:1308} INFO - Starting attempt 3 of 6
[2023-07-24T21:05:35.315-0300] {taskinstance.py:1327} INFO - Executing <Task(PythonOperator): extract_write_local> on 2023-07-24 22:45:00+00:00
[2023-07-24T21:05:35.319-0300] {standard_task_runner.py:57} INFO - Started process 24500 to run task
[2023-07-24T21:05:35.323-0300] {standard_task_runner.py:84} INFO - Running: ['airflow', 'tasks', 'run', 'LH_ED_GABRIELLEMUNIZ', 'extract_write_local', 'scheduled__2023-07-24T22:45:00+00:00', '--job-id', '32', '--raw', '--subdir', 'DAGS_FOLDER/LH_ED_GABRIELLEMUNIZ.py', '--cfg-path', '/tmp/tmpq5_az3wa']
[2023-07-24T21:05:35.324-0300] {standard_task_runner.py:85} INFO - Job 32: Subtask extract_write_local
[2023-07-24T21:05:35.377-0300] {task_command.py:410} INFO - Running <TaskInstance: LH_ED_GABRIELLEMUNIZ.extract_write_local scheduled__2023-07-24T22:45:00+00:00 [running]> on host ubuntu
[2023-07-24T21:05:35.452-0300] {taskinstance.py:1545} INFO - Exporting env vars: AIRFLOW_CTX_DAG_OWNER='gabi' AIRFLOW_CTX_DAG_ID='LH_ED_GABRIELLEMUNIZ' AIRFLOW_CTX_TASK_ID='extract_write_local' AIRFLOW_CTX_EXECUTION_DATE='2023-07-24T22:45:00+00:00' AIRFLOW_CTX_TRY_NUMBER='3' AIRFLOW_CTX_DAG_RUN_ID='scheduled__2023-07-24T22:45:00+00:00'
[2023-07-24T21:05:35.454-0300] {taskinstance.py:1824} ERROR - Task failed with exception
Traceback (most recent call last):
  File "/home/gabi/Documentos/Gabi/Indicium/code-challenge-indicium/ind_env/lib/python3.10/site-packages/airflow/operators/python.py", line 181, in execute
    return_value = self.execute_callable()
  File "/home/gabi/Documentos/Gabi/Indicium/code-challenge-indicium/ind_env/lib/python3.10/site-packages/airflow/operators/python.py", line 198, in execute_callable
    return self.python_callable(*self.op_args, **self.op_kwargs)
  File "/home/gabi/Documentos/Gabi/Indicium/code-challenge-indicium/dags/LH_ED_GABRIELLEMUNIZ.py", line 57, in extract_write_local
    extract_write_postgres()
  File "/home/gabi/Documentos/Gabi/Indicium/code-challenge-indicium/dags/LH_ED_GABRIELLEMUNIZ.py", line 27, in extract_write_postgres
    date = kwargs['execution_date']
KeyError: 'execution_date'
[2023-07-24T21:05:35.459-0300] {taskinstance.py:1345} INFO - Marking task as UP_FOR_RETRY. dag_id=LH_ED_GABRIELLEMUNIZ, task_id=extract_write_local, execution_date=20230724T224500, start_date=20230725T000535, end_date=20230725T000535
[2023-07-24T21:05:35.475-0300] {standard_task_runner.py:104} ERROR - Failed to execute job 32 for task extract_write_local ('execution_date'; 24500)
[2023-07-24T21:05:35.494-0300] {local_task_job_runner.py:225} INFO - Task exited with return code 1
[2023-07-24T21:05:35.513-0300] {taskinstance.py:2653} INFO - 0 downstream tasks scheduled from follow-on schedule check
